[2024-11-25T21:52:16.019+0000] {processor.py:186} INFO - Started process (PID=120) to work on /home/airflow/.local/lib/python3.12/site-packages/airflow/example_dags/example_dataset_alias_with_no_taskflow.py
[2024-11-25T21:52:16.019+0000] {processor.py:914} INFO - Processing file /home/airflow/.local/lib/python3.12/site-packages/airflow/example_dags/example_dataset_alias_with_no_taskflow.py for tasks to queue
[2024-11-25T21:52:16.022+0000] {logging_mixin.py:190} INFO - [2024-11-25T21:52:16.021+0000] {dagbag.py:588} INFO - Filling up the DagBag from /home/airflow/.local/lib/python3.12/site-packages/airflow/example_dags/example_dataset_alias_with_no_taskflow.py
[2024-11-25T21:52:16.491+0000] {processor.py:925} INFO - DAG(s) 'dataset_s3_bucket_consumer_with_no_taskflow', 'dataset_alias_example_alias_producer_with_no_taskflow', 'dataset_alias_example_alias_consumer_with_no_taskflow', 'dataset_s3_bucket_producer_with_no_taskflow' retrieved from /home/airflow/.local/lib/python3.12/site-packages/airflow/example_dags/example_dataset_alias_with_no_taskflow.py
[2024-11-25T21:52:16.551+0000] {logging_mixin.py:190} INFO - [2024-11-25T21:52:16.551+0000] {override.py:1911} INFO - Created Permission View: can edit on DAG:dataset_s3_bucket_consumer_with_no_taskflow
[2024-11-25T21:52:16.561+0000] {logging_mixin.py:190} INFO - [2024-11-25T21:52:16.560+0000] {override.py:1911} INFO - Created Permission View: can read on DAG:dataset_s3_bucket_consumer_with_no_taskflow
[2024-11-25T21:52:16.568+0000] {logging_mixin.py:190} INFO - [2024-11-25T21:52:16.568+0000] {override.py:1911} INFO - Created Permission View: can delete on DAG:dataset_s3_bucket_consumer_with_no_taskflow
[2024-11-25T21:52:16.576+0000] {logging_mixin.py:190} INFO - [2024-11-25T21:52:16.576+0000] {override.py:1911} INFO - Created Permission View: menu access on DAG Run:dataset_s3_bucket_consumer_with_no_taskflow
[2024-11-25T21:52:16.580+0000] {logging_mixin.py:190} INFO - [2024-11-25T21:52:16.580+0000] {override.py:1911} INFO - Created Permission View: can delete on DAG Run:dataset_s3_bucket_consumer_with_no_taskflow
[2024-11-25T21:52:16.585+0000] {logging_mixin.py:190} INFO - [2024-11-25T21:52:16.584+0000] {override.py:1911} INFO - Created Permission View: can create on DAG Run:dataset_s3_bucket_consumer_with_no_taskflow
[2024-11-25T21:52:16.589+0000] {logging_mixin.py:190} INFO - [2024-11-25T21:52:16.589+0000] {override.py:1911} INFO - Created Permission View: can read on DAG Run:dataset_s3_bucket_consumer_with_no_taskflow
[2024-11-25T21:52:16.598+0000] {logging_mixin.py:190} INFO - [2024-11-25T21:52:16.598+0000] {override.py:1911} INFO - Created Permission View: can edit on DAG:dataset_alias_example_alias_producer_with_no_taskflow
[2024-11-25T21:52:16.603+0000] {logging_mixin.py:190} INFO - [2024-11-25T21:52:16.603+0000] {override.py:1911} INFO - Created Permission View: can read on DAG:dataset_alias_example_alias_producer_with_no_taskflow
[2024-11-25T21:52:16.608+0000] {logging_mixin.py:190} INFO - [2024-11-25T21:52:16.608+0000] {override.py:1911} INFO - Created Permission View: can delete on DAG:dataset_alias_example_alias_producer_with_no_taskflow
[2024-11-25T21:52:16.613+0000] {logging_mixin.py:190} INFO - [2024-11-25T21:52:16.613+0000] {override.py:1911} INFO - Created Permission View: menu access on DAG Run:dataset_alias_example_alias_producer_with_no_taskflow
[2024-11-25T21:52:16.619+0000] {logging_mixin.py:190} INFO - [2024-11-25T21:52:16.618+0000] {override.py:1911} INFO - Created Permission View: can delete on DAG Run:dataset_alias_example_alias_producer_with_no_taskflow
[2024-11-25T21:52:16.623+0000] {logging_mixin.py:190} INFO - [2024-11-25T21:52:16.623+0000] {override.py:1911} INFO - Created Permission View: can create on DAG Run:dataset_alias_example_alias_producer_with_no_taskflow
[2024-11-25T21:52:16.628+0000] {logging_mixin.py:190} INFO - [2024-11-25T21:52:16.628+0000] {override.py:1911} INFO - Created Permission View: can read on DAG Run:dataset_alias_example_alias_producer_with_no_taskflow
[2024-11-25T21:52:16.640+0000] {logging_mixin.py:190} INFO - [2024-11-25T21:52:16.640+0000] {override.py:1911} INFO - Created Permission View: can edit on DAG:dataset_alias_example_alias_consumer_with_no_taskflow
[2024-11-25T21:52:16.646+0000] {logging_mixin.py:190} INFO - [2024-11-25T21:52:16.646+0000] {override.py:1911} INFO - Created Permission View: can read on DAG:dataset_alias_example_alias_consumer_with_no_taskflow
[2024-11-25T21:52:16.652+0000] {logging_mixin.py:190} INFO - [2024-11-25T21:52:16.652+0000] {override.py:1911} INFO - Created Permission View: can delete on DAG:dataset_alias_example_alias_consumer_with_no_taskflow
[2024-11-25T21:52:16.657+0000] {logging_mixin.py:190} INFO - [2024-11-25T21:52:16.657+0000] {override.py:1911} INFO - Created Permission View: menu access on DAG Run:dataset_alias_example_alias_consumer_with_no_taskflow
[2024-11-25T21:52:16.662+0000] {logging_mixin.py:190} INFO - [2024-11-25T21:52:16.662+0000] {override.py:1911} INFO - Created Permission View: can delete on DAG Run:dataset_alias_example_alias_consumer_with_no_taskflow
[2024-11-25T21:52:16.668+0000] {logging_mixin.py:190} INFO - [2024-11-25T21:52:16.668+0000] {override.py:1911} INFO - Created Permission View: can create on DAG Run:dataset_alias_example_alias_consumer_with_no_taskflow
[2024-11-25T21:52:16.673+0000] {logging_mixin.py:190} INFO - [2024-11-25T21:52:16.673+0000] {override.py:1911} INFO - Created Permission View: can read on DAG Run:dataset_alias_example_alias_consumer_with_no_taskflow
[2024-11-25T21:52:16.683+0000] {logging_mixin.py:190} INFO - [2024-11-25T21:52:16.683+0000] {override.py:1911} INFO - Created Permission View: can edit on DAG:dataset_s3_bucket_producer_with_no_taskflow
[2024-11-25T21:52:16.688+0000] {logging_mixin.py:190} INFO - [2024-11-25T21:52:16.688+0000] {override.py:1911} INFO - Created Permission View: can read on DAG:dataset_s3_bucket_producer_with_no_taskflow
[2024-11-25T21:52:16.693+0000] {logging_mixin.py:190} INFO - [2024-11-25T21:52:16.693+0000] {override.py:1911} INFO - Created Permission View: can delete on DAG:dataset_s3_bucket_producer_with_no_taskflow
[2024-11-25T21:52:16.698+0000] {logging_mixin.py:190} INFO - [2024-11-25T21:52:16.698+0000] {override.py:1911} INFO - Created Permission View: menu access on DAG Run:dataset_s3_bucket_producer_with_no_taskflow
[2024-11-25T21:52:16.703+0000] {logging_mixin.py:190} INFO - [2024-11-25T21:52:16.703+0000] {override.py:1911} INFO - Created Permission View: can delete on DAG Run:dataset_s3_bucket_producer_with_no_taskflow
[2024-11-25T21:52:16.707+0000] {logging_mixin.py:190} INFO - [2024-11-25T21:52:16.707+0000] {override.py:1911} INFO - Created Permission View: can create on DAG Run:dataset_s3_bucket_producer_with_no_taskflow
[2024-11-25T21:52:16.712+0000] {logging_mixin.py:190} INFO - [2024-11-25T21:52:16.712+0000] {override.py:1911} INFO - Created Permission View: can read on DAG Run:dataset_s3_bucket_producer_with_no_taskflow
[2024-11-25T21:52:16.713+0000] {logging_mixin.py:190} INFO - [2024-11-25T21:52:16.712+0000] {dag.py:3239} INFO - Sync 4 DAGs
[2024-11-25T21:52:16.725+0000] {logging_mixin.py:190} INFO - [2024-11-25T21:52:16.724+0000] {dag.py:3262} INFO - Creating ORM DAG for dataset_alias_example_alias_producer_with_no_taskflow
[2024-11-25T21:52:16.725+0000] {logging_mixin.py:190} INFO - [2024-11-25T21:52:16.725+0000] {dag.py:3262} INFO - Creating ORM DAG for dataset_s3_bucket_consumer_with_no_taskflow
[2024-11-25T21:52:16.726+0000] {logging_mixin.py:190} INFO - [2024-11-25T21:52:16.726+0000] {dag.py:3262} INFO - Creating ORM DAG for dataset_alias_example_alias_consumer_with_no_taskflow
[2024-11-25T21:52:16.727+0000] {logging_mixin.py:190} INFO - [2024-11-25T21:52:16.727+0000] {dag.py:3262} INFO - Creating ORM DAG for dataset_s3_bucket_producer_with_no_taskflow
[2024-11-25T21:52:16.735+0000] {logging_mixin.py:190} INFO - [2024-11-25T21:52:16.735+0000] {dag.py:4180} INFO - Setting next_dagrun for dataset_alias_example_alias_consumer_with_no_taskflow to None, run_after=None
[2024-11-25T21:52:16.736+0000] {logging_mixin.py:190} INFO - [2024-11-25T21:52:16.736+0000] {dag.py:4180} INFO - Setting next_dagrun for dataset_alias_example_alias_producer_with_no_taskflow to None, run_after=None
[2024-11-25T21:52:16.737+0000] {logging_mixin.py:190} INFO - [2024-11-25T21:52:16.737+0000] {dag.py:4180} INFO - Setting next_dagrun for dataset_s3_bucket_consumer_with_no_taskflow to None, run_after=None
[2024-11-25T21:52:16.738+0000] {logging_mixin.py:190} INFO - [2024-11-25T21:52:16.737+0000] {dag.py:4180} INFO - Setting next_dagrun for dataset_s3_bucket_producer_with_no_taskflow to None, run_after=None
[2024-11-25T21:52:16.761+0000] {processor.py:208} INFO - Processing /home/airflow/.local/lib/python3.12/site-packages/airflow/example_dags/example_dataset_alias_with_no_taskflow.py took 0.747 seconds
