[2024-11-25T21:52:15.780+0000] {processor.py:186} INFO - Started process (PID=119) to work on /home/airflow/.local/lib/python3.12/site-packages/airflow/example_dags/example_xcomargs.py
[2024-11-25T21:52:15.781+0000] {processor.py:914} INFO - Processing file /home/airflow/.local/lib/python3.12/site-packages/airflow/example_dags/example_xcomargs.py for tasks to queue
[2024-11-25T21:52:15.783+0000] {logging_mixin.py:190} INFO - [2024-11-25T21:52:15.783+0000] {dagbag.py:588} INFO - Filling up the DagBag from /home/airflow/.local/lib/python3.12/site-packages/airflow/example_dags/example_xcomargs.py
[2024-11-25T21:52:15.791+0000] {processor.py:925} INFO - DAG(s) 'example_xcom_args', 'example_xcom_args_with_operators' retrieved from /home/airflow/.local/lib/python3.12/site-packages/airflow/example_dags/example_xcomargs.py
[2024-11-25T21:52:15.869+0000] {logging_mixin.py:190} INFO - [2024-11-25T21:52:15.868+0000] {override.py:1911} INFO - Created Permission View: can edit on DAG:example_xcom_args
[2024-11-25T21:52:15.878+0000] {logging_mixin.py:190} INFO - [2024-11-25T21:52:15.878+0000] {override.py:1911} INFO - Created Permission View: can read on DAG:example_xcom_args
[2024-11-25T21:52:15.885+0000] {logging_mixin.py:190} INFO - [2024-11-25T21:52:15.885+0000] {override.py:1911} INFO - Created Permission View: can delete on DAG:example_xcom_args
[2024-11-25T21:52:15.890+0000] {logging_mixin.py:190} INFO - [2024-11-25T21:52:15.890+0000] {override.py:1911} INFO - Created Permission View: menu access on DAG Run:example_xcom_args
[2024-11-25T21:52:15.896+0000] {logging_mixin.py:190} INFO - [2024-11-25T21:52:15.896+0000] {override.py:1911} INFO - Created Permission View: can delete on DAG Run:example_xcom_args
[2024-11-25T21:52:15.902+0000] {logging_mixin.py:190} INFO - [2024-11-25T21:52:15.901+0000] {override.py:1911} INFO - Created Permission View: can create on DAG Run:example_xcom_args
[2024-11-25T21:52:15.907+0000] {logging_mixin.py:190} INFO - [2024-11-25T21:52:15.907+0000] {override.py:1911} INFO - Created Permission View: can read on DAG Run:example_xcom_args
[2024-11-25T21:52:15.919+0000] {logging_mixin.py:190} INFO - [2024-11-25T21:52:15.919+0000] {override.py:1911} INFO - Created Permission View: can edit on DAG:example_xcom_args_with_operators
[2024-11-25T21:52:15.924+0000] {logging_mixin.py:190} INFO - [2024-11-25T21:52:15.923+0000] {override.py:1911} INFO - Created Permission View: can read on DAG:example_xcom_args_with_operators
[2024-11-25T21:52:15.929+0000] {logging_mixin.py:190} INFO - [2024-11-25T21:52:15.929+0000] {override.py:1911} INFO - Created Permission View: can delete on DAG:example_xcom_args_with_operators
[2024-11-25T21:52:15.938+0000] {logging_mixin.py:190} INFO - [2024-11-25T21:52:15.938+0000] {override.py:1911} INFO - Created Permission View: menu access on DAG Run:example_xcom_args_with_operators
[2024-11-25T21:52:15.947+0000] {logging_mixin.py:190} INFO - [2024-11-25T21:52:15.946+0000] {override.py:1911} INFO - Created Permission View: can delete on DAG Run:example_xcom_args_with_operators
[2024-11-25T21:52:15.952+0000] {logging_mixin.py:190} INFO - [2024-11-25T21:52:15.952+0000] {override.py:1911} INFO - Created Permission View: can create on DAG Run:example_xcom_args_with_operators
[2024-11-25T21:52:15.957+0000] {logging_mixin.py:190} INFO - [2024-11-25T21:52:15.957+0000] {override.py:1911} INFO - Created Permission View: can read on DAG Run:example_xcom_args_with_operators
[2024-11-25T21:52:15.958+0000] {logging_mixin.py:190} INFO - [2024-11-25T21:52:15.957+0000] {dag.py:3239} INFO - Sync 2 DAGs
[2024-11-25T21:52:15.967+0000] {logging_mixin.py:190} INFO - [2024-11-25T21:52:15.967+0000] {dag.py:3262} INFO - Creating ORM DAG for example_xcom_args
[2024-11-25T21:52:15.968+0000] {logging_mixin.py:190} INFO - [2024-11-25T21:52:15.968+0000] {dag.py:3262} INFO - Creating ORM DAG for example_xcom_args_with_operators
[2024-11-25T21:52:15.968+0000] {logging_mixin.py:190} INFO - [2024-11-25T21:52:15.968+0000] {dag.py:4180} INFO - Setting next_dagrun for example_xcom_args to None, run_after=None
[2024-11-25T21:52:15.969+0000] {logging_mixin.py:190} INFO - [2024-11-25T21:52:15.969+0000] {dag.py:4180} INFO - Setting next_dagrun for example_xcom_args_with_operators to None, run_after=None
[2024-11-25T21:52:15.987+0000] {processor.py:208} INFO - Processing /home/airflow/.local/lib/python3.12/site-packages/airflow/example_dags/example_xcomargs.py took 0.211 seconds
