[2024-11-25T21:52:15.532+0000] {processor.py:186} INFO - Started process (PID=117) to work on /home/airflow/.local/lib/python3.12/site-packages/airflow/example_dags/example_dataset_alias.py
[2024-11-25T21:52:15.533+0000] {processor.py:914} INFO - Processing file /home/airflow/.local/lib/python3.12/site-packages/airflow/example_dags/example_dataset_alias.py for tasks to queue
[2024-11-25T21:52:15.536+0000] {logging_mixin.py:190} INFO - [2024-11-25T21:52:15.535+0000] {dagbag.py:588} INFO - Filling up the DagBag from /home/airflow/.local/lib/python3.12/site-packages/airflow/example_dags/example_dataset_alias.py
[2024-11-25T21:52:16.028+0000] {processor.py:925} INFO - DAG(s) 'dataset_s3_bucket_consumer', 'dataset_s3_bucket_producer', 'dataset_alias_example_alias_consumer', 'dataset_alias_example_alias_producer' retrieved from /home/airflow/.local/lib/python3.12/site-packages/airflow/example_dags/example_dataset_alias.py
[2024-11-25T21:52:16.107+0000] {logging_mixin.py:190} INFO - [2024-11-25T21:52:16.107+0000] {override.py:1911} INFO - Created Permission View: can edit on DAG:dataset_s3_bucket_consumer
[2024-11-25T21:52:16.115+0000] {logging_mixin.py:190} INFO - [2024-11-25T21:52:16.115+0000] {override.py:1911} INFO - Created Permission View: can read on DAG:dataset_s3_bucket_consumer
[2024-11-25T21:52:16.120+0000] {logging_mixin.py:190} INFO - [2024-11-25T21:52:16.120+0000] {override.py:1911} INFO - Created Permission View: can delete on DAG:dataset_s3_bucket_consumer
[2024-11-25T21:52:16.126+0000] {logging_mixin.py:190} INFO - [2024-11-25T21:52:16.126+0000] {override.py:1911} INFO - Created Permission View: menu access on DAG Run:dataset_s3_bucket_consumer
[2024-11-25T21:52:16.131+0000] {logging_mixin.py:190} INFO - [2024-11-25T21:52:16.131+0000] {override.py:1911} INFO - Created Permission View: can delete on DAG Run:dataset_s3_bucket_consumer
[2024-11-25T21:52:16.137+0000] {logging_mixin.py:190} INFO - [2024-11-25T21:52:16.137+0000] {override.py:1911} INFO - Created Permission View: can create on DAG Run:dataset_s3_bucket_consumer
[2024-11-25T21:52:16.142+0000] {logging_mixin.py:190} INFO - [2024-11-25T21:52:16.142+0000] {override.py:1911} INFO - Created Permission View: can read on DAG Run:dataset_s3_bucket_consumer
[2024-11-25T21:52:16.152+0000] {logging_mixin.py:190} INFO - [2024-11-25T21:52:16.152+0000] {override.py:1911} INFO - Created Permission View: can edit on DAG:dataset_s3_bucket_producer
[2024-11-25T21:52:16.156+0000] {logging_mixin.py:190} INFO - [2024-11-25T21:52:16.156+0000] {override.py:1911} INFO - Created Permission View: can read on DAG:dataset_s3_bucket_producer
[2024-11-25T21:52:16.161+0000] {logging_mixin.py:190} INFO - [2024-11-25T21:52:16.161+0000] {override.py:1911} INFO - Created Permission View: can delete on DAG:dataset_s3_bucket_producer
[2024-11-25T21:52:16.166+0000] {logging_mixin.py:190} INFO - [2024-11-25T21:52:16.166+0000] {override.py:1911} INFO - Created Permission View: menu access on DAG Run:dataset_s3_bucket_producer
[2024-11-25T21:52:16.170+0000] {logging_mixin.py:190} INFO - [2024-11-25T21:52:16.170+0000] {override.py:1911} INFO - Created Permission View: can delete on DAG Run:dataset_s3_bucket_producer
[2024-11-25T21:52:16.175+0000] {logging_mixin.py:190} INFO - [2024-11-25T21:52:16.175+0000] {override.py:1911} INFO - Created Permission View: can create on DAG Run:dataset_s3_bucket_producer
[2024-11-25T21:52:16.180+0000] {logging_mixin.py:190} INFO - [2024-11-25T21:52:16.179+0000] {override.py:1911} INFO - Created Permission View: can read on DAG Run:dataset_s3_bucket_producer
[2024-11-25T21:52:16.190+0000] {logging_mixin.py:190} INFO - [2024-11-25T21:52:16.190+0000] {override.py:1911} INFO - Created Permission View: can edit on DAG:dataset_alias_example_alias_consumer
[2024-11-25T21:52:16.195+0000] {logging_mixin.py:190} INFO - [2024-11-25T21:52:16.194+0000] {override.py:1911} INFO - Created Permission View: can read on DAG:dataset_alias_example_alias_consumer
[2024-11-25T21:52:16.199+0000] {logging_mixin.py:190} INFO - [2024-11-25T21:52:16.199+0000] {override.py:1911} INFO - Created Permission View: can delete on DAG:dataset_alias_example_alias_consumer
[2024-11-25T21:52:16.206+0000] {logging_mixin.py:190} INFO - [2024-11-25T21:52:16.206+0000] {override.py:1911} INFO - Created Permission View: menu access on DAG Run:dataset_alias_example_alias_consumer
[2024-11-25T21:52:16.211+0000] {logging_mixin.py:190} INFO - [2024-11-25T21:52:16.211+0000] {override.py:1911} INFO - Created Permission View: can delete on DAG Run:dataset_alias_example_alias_consumer
[2024-11-25T21:52:16.216+0000] {logging_mixin.py:190} INFO - [2024-11-25T21:52:16.216+0000] {override.py:1911} INFO - Created Permission View: can create on DAG Run:dataset_alias_example_alias_consumer
[2024-11-25T21:52:16.221+0000] {logging_mixin.py:190} INFO - [2024-11-25T21:52:16.221+0000] {override.py:1911} INFO - Created Permission View: can read on DAG Run:dataset_alias_example_alias_consumer
[2024-11-25T21:52:16.232+0000] {logging_mixin.py:190} INFO - [2024-11-25T21:52:16.232+0000] {override.py:1911} INFO - Created Permission View: can edit on DAG:dataset_alias_example_alias_producer
[2024-11-25T21:52:16.237+0000] {logging_mixin.py:190} INFO - [2024-11-25T21:52:16.237+0000] {override.py:1911} INFO - Created Permission View: can read on DAG:dataset_alias_example_alias_producer
[2024-11-25T21:52:16.244+0000] {logging_mixin.py:190} INFO - [2024-11-25T21:52:16.244+0000] {override.py:1911} INFO - Created Permission View: can delete on DAG:dataset_alias_example_alias_producer
[2024-11-25T21:52:16.252+0000] {logging_mixin.py:190} INFO - [2024-11-25T21:52:16.251+0000] {override.py:1911} INFO - Created Permission View: menu access on DAG Run:dataset_alias_example_alias_producer
[2024-11-25T21:52:16.257+0000] {logging_mixin.py:190} INFO - [2024-11-25T21:52:16.256+0000] {override.py:1911} INFO - Created Permission View: can delete on DAG Run:dataset_alias_example_alias_producer
[2024-11-25T21:52:16.262+0000] {logging_mixin.py:190} INFO - [2024-11-25T21:52:16.262+0000] {override.py:1911} INFO - Created Permission View: can create on DAG Run:dataset_alias_example_alias_producer
[2024-11-25T21:52:16.268+0000] {logging_mixin.py:190} INFO - [2024-11-25T21:52:16.267+0000] {override.py:1911} INFO - Created Permission View: can read on DAG Run:dataset_alias_example_alias_producer
[2024-11-25T21:52:16.269+0000] {logging_mixin.py:190} INFO - [2024-11-25T21:52:16.268+0000] {dag.py:3239} INFO - Sync 4 DAGs
[2024-11-25T21:52:16.280+0000] {logging_mixin.py:190} INFO - [2024-11-25T21:52:16.279+0000] {dag.py:3262} INFO - Creating ORM DAG for dataset_s3_bucket_producer
[2024-11-25T21:52:16.281+0000] {logging_mixin.py:190} INFO - [2024-11-25T21:52:16.281+0000] {dag.py:3262} INFO - Creating ORM DAG for dataset_s3_bucket_consumer
[2024-11-25T21:52:16.282+0000] {logging_mixin.py:190} INFO - [2024-11-25T21:52:16.281+0000] {dag.py:3262} INFO - Creating ORM DAG for dataset_alias_example_alias_consumer
[2024-11-25T21:52:16.282+0000] {logging_mixin.py:190} INFO - [2024-11-25T21:52:16.282+0000] {dag.py:3262} INFO - Creating ORM DAG for dataset_alias_example_alias_producer
[2024-11-25T21:52:16.289+0000] {logging_mixin.py:190} INFO - [2024-11-25T21:52:16.289+0000] {dag.py:4180} INFO - Setting next_dagrun for dataset_alias_example_alias_consumer to None, run_after=None
[2024-11-25T21:52:16.290+0000] {logging_mixin.py:190} INFO - [2024-11-25T21:52:16.290+0000] {dag.py:4180} INFO - Setting next_dagrun for dataset_alias_example_alias_producer to None, run_after=None
[2024-11-25T21:52:16.291+0000] {logging_mixin.py:190} INFO - [2024-11-25T21:52:16.291+0000] {dag.py:4180} INFO - Setting next_dagrun for dataset_s3_bucket_consumer to None, run_after=None
[2024-11-25T21:52:16.292+0000] {logging_mixin.py:190} INFO - [2024-11-25T21:52:16.291+0000] {dag.py:4180} INFO - Setting next_dagrun for dataset_s3_bucket_producer to None, run_after=None
[2024-11-25T21:52:16.312+0000] {processor.py:208} INFO - Processing /home/airflow/.local/lib/python3.12/site-packages/airflow/example_dags/example_dataset_alias.py took 0.784 seconds
