[2024-11-25T21:52:10.379+0000] {processor.py:186} INFO - Started process (PID=76) to work on /home/airflow/.local/lib/python3.12/site-packages/airflow/example_dags/example_external_task_marker_dag.py
[2024-11-25T21:52:10.381+0000] {processor.py:914} INFO - Processing file /home/airflow/.local/lib/python3.12/site-packages/airflow/example_dags/example_external_task_marker_dag.py for tasks to queue
[2024-11-25T21:52:10.383+0000] {logging_mixin.py:190} INFO - [2024-11-25T21:52:10.383+0000] {dagbag.py:588} INFO - Filling up the DagBag from /home/airflow/.local/lib/python3.12/site-packages/airflow/example_dags/example_external_task_marker_dag.py
[2024-11-25T21:52:10.391+0000] {processor.py:925} INFO - DAG(s) 'example_external_task_marker_parent', 'example_external_task_marker_child' retrieved from /home/airflow/.local/lib/python3.12/site-packages/airflow/example_dags/example_external_task_marker_dag.py
[2024-11-25T21:52:10.474+0000] {logging_mixin.py:190} INFO - [2024-11-25T21:52:10.474+0000] {override.py:1911} INFO - Created Permission View: can edit on DAG:example_external_task_marker_parent
[2024-11-25T21:52:10.483+0000] {logging_mixin.py:190} INFO - [2024-11-25T21:52:10.483+0000] {override.py:1911} INFO - Created Permission View: can read on DAG:example_external_task_marker_parent
[2024-11-25T21:52:10.490+0000] {logging_mixin.py:190} INFO - [2024-11-25T21:52:10.490+0000] {override.py:1911} INFO - Created Permission View: can delete on DAG:example_external_task_marker_parent
[2024-11-25T21:52:10.498+0000] {logging_mixin.py:190} INFO - [2024-11-25T21:52:10.498+0000] {override.py:1911} INFO - Created Permission View: menu access on DAG Run:example_external_task_marker_parent
[2024-11-25T21:52:10.505+0000] {logging_mixin.py:190} INFO - [2024-11-25T21:52:10.505+0000] {override.py:1911} INFO - Created Permission View: can delete on DAG Run:example_external_task_marker_parent
[2024-11-25T21:52:10.512+0000] {logging_mixin.py:190} INFO - [2024-11-25T21:52:10.511+0000] {override.py:1911} INFO - Created Permission View: can create on DAG Run:example_external_task_marker_parent
[2024-11-25T21:52:10.518+0000] {logging_mixin.py:190} INFO - [2024-11-25T21:52:10.518+0000] {override.py:1911} INFO - Created Permission View: can read on DAG Run:example_external_task_marker_parent
[2024-11-25T21:52:10.531+0000] {logging_mixin.py:190} INFO - [2024-11-25T21:52:10.531+0000] {override.py:1911} INFO - Created Permission View: can edit on DAG:example_external_task_marker_child
[2024-11-25T21:52:10.538+0000] {logging_mixin.py:190} INFO - [2024-11-25T21:52:10.537+0000] {override.py:1911} INFO - Created Permission View: can read on DAG:example_external_task_marker_child
[2024-11-25T21:52:10.545+0000] {logging_mixin.py:190} INFO - [2024-11-25T21:52:10.545+0000] {override.py:1911} INFO - Created Permission View: can delete on DAG:example_external_task_marker_child
[2024-11-25T21:52:10.553+0000] {logging_mixin.py:190} INFO - [2024-11-25T21:52:10.553+0000] {override.py:1911} INFO - Created Permission View: menu access on DAG Run:example_external_task_marker_child
[2024-11-25T21:52:10.560+0000] {logging_mixin.py:190} INFO - [2024-11-25T21:52:10.560+0000] {override.py:1911} INFO - Created Permission View: can delete on DAG Run:example_external_task_marker_child
[2024-11-25T21:52:10.567+0000] {logging_mixin.py:190} INFO - [2024-11-25T21:52:10.566+0000] {override.py:1911} INFO - Created Permission View: can create on DAG Run:example_external_task_marker_child
[2024-11-25T21:52:10.572+0000] {logging_mixin.py:190} INFO - [2024-11-25T21:52:10.572+0000] {override.py:1911} INFO - Created Permission View: can read on DAG Run:example_external_task_marker_child
[2024-11-25T21:52:10.573+0000] {logging_mixin.py:190} INFO - [2024-11-25T21:52:10.573+0000] {dag.py:3239} INFO - Sync 2 DAGs
[2024-11-25T21:52:10.584+0000] {logging_mixin.py:190} INFO - [2024-11-25T21:52:10.583+0000] {dag.py:3262} INFO - Creating ORM DAG for example_external_task_marker_parent
[2024-11-25T21:52:10.585+0000] {logging_mixin.py:190} INFO - [2024-11-25T21:52:10.585+0000] {dag.py:3262} INFO - Creating ORM DAG for example_external_task_marker_child
[2024-11-25T21:52:10.586+0000] {logging_mixin.py:190} INFO - [2024-11-25T21:52:10.586+0000] {dag.py:4180} INFO - Setting next_dagrun for example_external_task_marker_child to None, run_after=None
[2024-11-25T21:52:10.587+0000] {logging_mixin.py:190} INFO - [2024-11-25T21:52:10.587+0000] {dag.py:4180} INFO - Setting next_dagrun for example_external_task_marker_parent to None, run_after=None
[2024-11-25T21:52:10.603+0000] {processor.py:208} INFO - Processing /home/airflow/.local/lib/python3.12/site-packages/airflow/example_dags/example_external_task_marker_dag.py took 0.228 seconds
