[2024-11-25T21:52:14.962+0000] {processor.py:186} INFO - Started process (PID=113) to work on /home/airflow/.local/lib/python3.12/site-packages/airflow/example_dags/example_branch_datetime_operator.py
[2024-11-25T21:52:14.964+0000] {processor.py:914} INFO - Processing file /home/airflow/.local/lib/python3.12/site-packages/airflow/example_dags/example_branch_datetime_operator.py for tasks to queue
[2024-11-25T21:52:14.967+0000] {logging_mixin.py:190} INFO - [2024-11-25T21:52:14.967+0000] {dagbag.py:588} INFO - Filling up the DagBag from /home/airflow/.local/lib/python3.12/site-packages/airflow/example_dags/example_branch_datetime_operator.py
[2024-11-25T21:52:14.977+0000] {processor.py:925} INFO - DAG(s) 'example_branch_datetime_operator_2', 'example_branch_datetime_operator_3', 'example_branch_datetime_operator' retrieved from /home/airflow/.local/lib/python3.12/site-packages/airflow/example_dags/example_branch_datetime_operator.py
[2024-11-25T21:52:15.048+0000] {logging_mixin.py:190} INFO - [2024-11-25T21:52:15.048+0000] {override.py:1911} INFO - Created Permission View: can edit on DAG:example_branch_datetime_operator_2
[2024-11-25T21:52:15.056+0000] {logging_mixin.py:190} INFO - [2024-11-25T21:52:15.056+0000] {override.py:1911} INFO - Created Permission View: can read on DAG:example_branch_datetime_operator_2
[2024-11-25T21:52:15.060+0000] {logging_mixin.py:190} INFO - [2024-11-25T21:52:15.060+0000] {override.py:1911} INFO - Created Permission View: can delete on DAG:example_branch_datetime_operator_2
[2024-11-25T21:52:15.065+0000] {logging_mixin.py:190} INFO - [2024-11-25T21:52:15.065+0000] {override.py:1911} INFO - Created Permission View: menu access on DAG Run:example_branch_datetime_operator_2
[2024-11-25T21:52:15.070+0000] {logging_mixin.py:190} INFO - [2024-11-25T21:52:15.070+0000] {override.py:1911} INFO - Created Permission View: can delete on DAG Run:example_branch_datetime_operator_2
[2024-11-25T21:52:15.081+0000] {logging_mixin.py:190} INFO - [2024-11-25T21:52:15.081+0000] {override.py:1911} INFO - Created Permission View: can create on DAG Run:example_branch_datetime_operator_2
[2024-11-25T21:52:15.086+0000] {logging_mixin.py:190} INFO - [2024-11-25T21:52:15.086+0000] {override.py:1911} INFO - Created Permission View: can read on DAG Run:example_branch_datetime_operator_2
[2024-11-25T21:52:15.099+0000] {logging_mixin.py:190} INFO - [2024-11-25T21:52:15.098+0000] {override.py:1911} INFO - Created Permission View: can edit on DAG:example_branch_datetime_operator_3
[2024-11-25T21:52:15.108+0000] {logging_mixin.py:190} INFO - [2024-11-25T21:52:15.108+0000] {override.py:1911} INFO - Created Permission View: can read on DAG:example_branch_datetime_operator_3
[2024-11-25T21:52:15.120+0000] {logging_mixin.py:190} INFO - [2024-11-25T21:52:15.120+0000] {override.py:1911} INFO - Created Permission View: can delete on DAG:example_branch_datetime_operator_3
[2024-11-25T21:52:15.128+0000] {logging_mixin.py:190} INFO - [2024-11-25T21:52:15.128+0000] {override.py:1911} INFO - Created Permission View: menu access on DAG Run:example_branch_datetime_operator_3
[2024-11-25T21:52:15.133+0000] {logging_mixin.py:190} INFO - [2024-11-25T21:52:15.132+0000] {override.py:1911} INFO - Created Permission View: can delete on DAG Run:example_branch_datetime_operator_3
[2024-11-25T21:52:15.140+0000] {logging_mixin.py:190} INFO - [2024-11-25T21:52:15.140+0000] {override.py:1911} INFO - Created Permission View: can create on DAG Run:example_branch_datetime_operator_3
[2024-11-25T21:52:15.151+0000] {logging_mixin.py:190} INFO - [2024-11-25T21:52:15.151+0000] {override.py:1911} INFO - Created Permission View: can read on DAG Run:example_branch_datetime_operator_3
[2024-11-25T21:52:15.171+0000] {logging_mixin.py:190} INFO - [2024-11-25T21:52:15.171+0000] {override.py:1911} INFO - Created Permission View: can edit on DAG:example_branch_datetime_operator
[2024-11-25T21:52:15.179+0000] {logging_mixin.py:190} INFO - [2024-11-25T21:52:15.179+0000] {override.py:1911} INFO - Created Permission View: can read on DAG:example_branch_datetime_operator
[2024-11-25T21:52:15.186+0000] {logging_mixin.py:190} INFO - [2024-11-25T21:52:15.186+0000] {override.py:1911} INFO - Created Permission View: can delete on DAG:example_branch_datetime_operator
[2024-11-25T21:52:15.195+0000] {logging_mixin.py:190} INFO - [2024-11-25T21:52:15.195+0000] {override.py:1911} INFO - Created Permission View: menu access on DAG Run:example_branch_datetime_operator
[2024-11-25T21:52:15.202+0000] {logging_mixin.py:190} INFO - [2024-11-25T21:52:15.201+0000] {override.py:1911} INFO - Created Permission View: can delete on DAG Run:example_branch_datetime_operator
[2024-11-25T21:52:15.208+0000] {logging_mixin.py:190} INFO - [2024-11-25T21:52:15.208+0000] {override.py:1911} INFO - Created Permission View: can create on DAG Run:example_branch_datetime_operator
[2024-11-25T21:52:15.217+0000] {logging_mixin.py:190} INFO - [2024-11-25T21:52:15.216+0000] {override.py:1911} INFO - Created Permission View: can read on DAG Run:example_branch_datetime_operator
[2024-11-25T21:52:15.217+0000] {logging_mixin.py:190} INFO - [2024-11-25T21:52:15.217+0000] {dag.py:3239} INFO - Sync 3 DAGs
[2024-11-25T21:52:15.227+0000] {logging_mixin.py:190} INFO - [2024-11-25T21:52:15.227+0000] {dag.py:3262} INFO - Creating ORM DAG for example_branch_datetime_operator_2
[2024-11-25T21:52:15.229+0000] {logging_mixin.py:190} INFO - [2024-11-25T21:52:15.228+0000] {dag.py:3262} INFO - Creating ORM DAG for example_branch_datetime_operator_3
[2024-11-25T21:52:15.229+0000] {logging_mixin.py:190} INFO - [2024-11-25T21:52:15.229+0000] {dag.py:3262} INFO - Creating ORM DAG for example_branch_datetime_operator
[2024-11-25T21:52:15.241+0000] {logging_mixin.py:190} INFO - [2024-11-25T21:52:15.240+0000] {dag.py:4180} INFO - Setting next_dagrun for example_branch_datetime_operator to 2024-11-24 00:00:00+00:00, run_after=2024-11-25 00:00:00+00:00
[2024-11-25T21:52:15.243+0000] {logging_mixin.py:190} INFO - [2024-11-25T21:52:15.243+0000] {dag.py:4180} INFO - Setting next_dagrun for example_branch_datetime_operator_2 to 2024-11-24 00:00:00+00:00, run_after=2024-11-25 00:00:00+00:00
[2024-11-25T21:52:15.245+0000] {logging_mixin.py:190} INFO - [2024-11-25T21:52:15.245+0000] {dag.py:4180} INFO - Setting next_dagrun for example_branch_datetime_operator_3 to 2024-11-24 00:00:00+00:00, run_after=2024-11-25 00:00:00+00:00
[2024-11-25T21:52:15.262+0000] {processor.py:208} INFO - Processing /home/airflow/.local/lib/python3.12/site-packages/airflow/example_dags/example_branch_datetime_operator.py took 0.304 seconds
