[2024-11-25T21:52:13.619+0000] {processor.py:186} INFO - Started process (PID=106) to work on /home/airflow/.local/lib/python3.12/site-packages/airflow/example_dags/example_datasets.py
[2024-11-25T21:52:13.620+0000] {processor.py:914} INFO - Processing file /home/airflow/.local/lib/python3.12/site-packages/airflow/example_dags/example_datasets.py for tasks to queue
[2024-11-25T21:52:13.622+0000] {logging_mixin.py:190} INFO - [2024-11-25T21:52:13.621+0000] {dagbag.py:588} INFO - Filling up the DagBag from /home/airflow/.local/lib/python3.12/site-packages/airflow/example_dags/example_datasets.py
[2024-11-25T21:52:14.089+0000] {processor.py:925} INFO - DAG(s) 'dataset_consumes_1_never_scheduled', 'dataset_consumes_unknown_never_scheduled', 'consume_1_and_2_with_dataset_expressions', 'consume_1_or_2_with_dataset_expressions', 'dataset_consumes_1', 'dataset_produces_1', 'dataset_consumes_1_and_2', 'conditional_dataset_and_time_based_timetable', 'consume_1_or_both_2_and_3_with_dataset_expressions', 'dataset_produces_2' retrieved from /home/airflow/.local/lib/python3.12/site-packages/airflow/example_dags/example_datasets.py
[2024-11-25T21:52:14.170+0000] {logging_mixin.py:190} INFO - [2024-11-25T21:52:14.169+0000] {override.py:1911} INFO - Created Permission View: can edit on DAG:dataset_consumes_1_never_scheduled
[2024-11-25T21:52:14.182+0000] {logging_mixin.py:190} INFO - [2024-11-25T21:52:14.182+0000] {override.py:1911} INFO - Created Permission View: can read on DAG:dataset_consumes_1_never_scheduled
[2024-11-25T21:52:14.190+0000] {logging_mixin.py:190} INFO - [2024-11-25T21:52:14.190+0000] {override.py:1911} INFO - Created Permission View: can delete on DAG:dataset_consumes_1_never_scheduled
[2024-11-25T21:52:14.199+0000] {logging_mixin.py:190} INFO - [2024-11-25T21:52:14.198+0000] {override.py:1911} INFO - Created Permission View: menu access on DAG Run:dataset_consumes_1_never_scheduled
[2024-11-25T21:52:14.205+0000] {logging_mixin.py:190} INFO - [2024-11-25T21:52:14.205+0000] {override.py:1911} INFO - Created Permission View: can delete on DAG Run:dataset_consumes_1_never_scheduled
[2024-11-25T21:52:14.210+0000] {logging_mixin.py:190} INFO - [2024-11-25T21:52:14.210+0000] {override.py:1911} INFO - Created Permission View: can create on DAG Run:dataset_consumes_1_never_scheduled
[2024-11-25T21:52:14.216+0000] {logging_mixin.py:190} INFO - [2024-11-25T21:52:14.216+0000] {override.py:1911} INFO - Created Permission View: can read on DAG Run:dataset_consumes_1_never_scheduled
[2024-11-25T21:52:14.227+0000] {logging_mixin.py:190} INFO - [2024-11-25T21:52:14.227+0000] {override.py:1911} INFO - Created Permission View: can edit on DAG:dataset_consumes_unknown_never_scheduled
[2024-11-25T21:52:14.233+0000] {logging_mixin.py:190} INFO - [2024-11-25T21:52:14.232+0000] {override.py:1911} INFO - Created Permission View: can read on DAG:dataset_consumes_unknown_never_scheduled
[2024-11-25T21:52:14.238+0000] {logging_mixin.py:190} INFO - [2024-11-25T21:52:14.238+0000] {override.py:1911} INFO - Created Permission View: can delete on DAG:dataset_consumes_unknown_never_scheduled
[2024-11-25T21:52:14.244+0000] {logging_mixin.py:190} INFO - [2024-11-25T21:52:14.244+0000] {override.py:1911} INFO - Created Permission View: menu access on DAG Run:dataset_consumes_unknown_never_scheduled
[2024-11-25T21:52:14.250+0000] {logging_mixin.py:190} INFO - [2024-11-25T21:52:14.250+0000] {override.py:1911} INFO - Created Permission View: can delete on DAG Run:dataset_consumes_unknown_never_scheduled
[2024-11-25T21:52:14.259+0000] {logging_mixin.py:190} INFO - [2024-11-25T21:52:14.258+0000] {override.py:1911} INFO - Created Permission View: can create on DAG Run:dataset_consumes_unknown_never_scheduled
[2024-11-25T21:52:14.265+0000] {logging_mixin.py:190} INFO - [2024-11-25T21:52:14.265+0000] {override.py:1911} INFO - Created Permission View: can read on DAG Run:dataset_consumes_unknown_never_scheduled
[2024-11-25T21:52:14.277+0000] {logging_mixin.py:190} INFO - [2024-11-25T21:52:14.277+0000] {override.py:1911} INFO - Created Permission View: can edit on DAG:consume_1_and_2_with_dataset_expressions
[2024-11-25T21:52:14.287+0000] {logging_mixin.py:190} INFO - [2024-11-25T21:52:14.286+0000] {override.py:1911} INFO - Created Permission View: can read on DAG:consume_1_and_2_with_dataset_expressions
[2024-11-25T21:52:14.293+0000] {logging_mixin.py:190} INFO - [2024-11-25T21:52:14.293+0000] {override.py:1911} INFO - Created Permission View: can delete on DAG:consume_1_and_2_with_dataset_expressions
[2024-11-25T21:52:14.301+0000] {logging_mixin.py:190} INFO - [2024-11-25T21:52:14.300+0000] {override.py:1911} INFO - Created Permission View: menu access on DAG Run:consume_1_and_2_with_dataset_expressions
[2024-11-25T21:52:14.307+0000] {logging_mixin.py:190} INFO - [2024-11-25T21:52:14.307+0000] {override.py:1911} INFO - Created Permission View: can delete on DAG Run:consume_1_and_2_with_dataset_expressions
[2024-11-25T21:52:14.314+0000] {logging_mixin.py:190} INFO - [2024-11-25T21:52:14.314+0000] {override.py:1911} INFO - Created Permission View: can create on DAG Run:consume_1_and_2_with_dataset_expressions
[2024-11-25T21:52:14.320+0000] {logging_mixin.py:190} INFO - [2024-11-25T21:52:14.320+0000] {override.py:1911} INFO - Created Permission View: can read on DAG Run:consume_1_and_2_with_dataset_expressions
[2024-11-25T21:52:14.333+0000] {logging_mixin.py:190} INFO - [2024-11-25T21:52:14.332+0000] {override.py:1911} INFO - Created Permission View: can edit on DAG:consume_1_or_2_with_dataset_expressions
[2024-11-25T21:52:14.339+0000] {logging_mixin.py:190} INFO - [2024-11-25T21:52:14.339+0000] {override.py:1911} INFO - Created Permission View: can read on DAG:consume_1_or_2_with_dataset_expressions
[2024-11-25T21:52:14.346+0000] {logging_mixin.py:190} INFO - [2024-11-25T21:52:14.346+0000] {override.py:1911} INFO - Created Permission View: can delete on DAG:consume_1_or_2_with_dataset_expressions
[2024-11-25T21:52:14.355+0000] {logging_mixin.py:190} INFO - [2024-11-25T21:52:14.355+0000] {override.py:1911} INFO - Created Permission View: menu access on DAG Run:consume_1_or_2_with_dataset_expressions
[2024-11-25T21:52:14.363+0000] {logging_mixin.py:190} INFO - [2024-11-25T21:52:14.363+0000] {override.py:1911} INFO - Created Permission View: can delete on DAG Run:consume_1_or_2_with_dataset_expressions
[2024-11-25T21:52:14.369+0000] {logging_mixin.py:190} INFO - [2024-11-25T21:52:14.369+0000] {override.py:1911} INFO - Created Permission View: can create on DAG Run:consume_1_or_2_with_dataset_expressions
[2024-11-25T21:52:14.375+0000] {logging_mixin.py:190} INFO - [2024-11-25T21:52:14.375+0000] {override.py:1911} INFO - Created Permission View: can read on DAG Run:consume_1_or_2_with_dataset_expressions
[2024-11-25T21:52:14.385+0000] {logging_mixin.py:190} INFO - [2024-11-25T21:52:14.385+0000] {override.py:1911} INFO - Created Permission View: can edit on DAG:dataset_consumes_1
[2024-11-25T21:52:14.391+0000] {logging_mixin.py:190} INFO - [2024-11-25T21:52:14.391+0000] {override.py:1911} INFO - Created Permission View: can read on DAG:dataset_consumes_1
[2024-11-25T21:52:14.396+0000] {logging_mixin.py:190} INFO - [2024-11-25T21:52:14.395+0000] {override.py:1911} INFO - Created Permission View: can delete on DAG:dataset_consumes_1
[2024-11-25T21:52:14.401+0000] {logging_mixin.py:190} INFO - [2024-11-25T21:52:14.401+0000] {override.py:1911} INFO - Created Permission View: menu access on DAG Run:dataset_consumes_1
[2024-11-25T21:52:14.407+0000] {logging_mixin.py:190} INFO - [2024-11-25T21:52:14.406+0000] {override.py:1911} INFO - Created Permission View: can delete on DAG Run:dataset_consumes_1
[2024-11-25T21:52:14.412+0000] {logging_mixin.py:190} INFO - [2024-11-25T21:52:14.412+0000] {override.py:1911} INFO - Created Permission View: can create on DAG Run:dataset_consumes_1
[2024-11-25T21:52:14.417+0000] {logging_mixin.py:190} INFO - [2024-11-25T21:52:14.417+0000] {override.py:1911} INFO - Created Permission View: can read on DAG Run:dataset_consumes_1
[2024-11-25T21:52:14.426+0000] {logging_mixin.py:190} INFO - [2024-11-25T21:52:14.425+0000] {override.py:1911} INFO - Created Permission View: can edit on DAG:dataset_produces_1
[2024-11-25T21:52:14.431+0000] {logging_mixin.py:190} INFO - [2024-11-25T21:52:14.431+0000] {override.py:1911} INFO - Created Permission View: can read on DAG:dataset_produces_1
[2024-11-25T21:52:14.441+0000] {logging_mixin.py:190} INFO - [2024-11-25T21:52:14.441+0000] {override.py:1911} INFO - Created Permission View: can delete on DAG:dataset_produces_1
[2024-11-25T21:52:14.456+0000] {logging_mixin.py:190} INFO - [2024-11-25T21:52:14.456+0000] {override.py:1911} INFO - Created Permission View: menu access on DAG Run:dataset_produces_1
[2024-11-25T21:52:14.463+0000] {logging_mixin.py:190} INFO - [2024-11-25T21:52:14.463+0000] {override.py:1911} INFO - Created Permission View: can delete on DAG Run:dataset_produces_1
[2024-11-25T21:52:14.469+0000] {logging_mixin.py:190} INFO - [2024-11-25T21:52:14.469+0000] {override.py:1911} INFO - Created Permission View: can create on DAG Run:dataset_produces_1
[2024-11-25T21:52:14.474+0000] {logging_mixin.py:190} INFO - [2024-11-25T21:52:14.474+0000] {override.py:1911} INFO - Created Permission View: can read on DAG Run:dataset_produces_1
[2024-11-25T21:52:14.482+0000] {logging_mixin.py:190} INFO - [2024-11-25T21:52:14.482+0000] {override.py:1911} INFO - Created Permission View: can edit on DAG:dataset_consumes_1_and_2
[2024-11-25T21:52:14.486+0000] {logging_mixin.py:190} INFO - [2024-11-25T21:52:14.486+0000] {override.py:1911} INFO - Created Permission View: can read on DAG:dataset_consumes_1_and_2
[2024-11-25T21:52:14.490+0000] {logging_mixin.py:190} INFO - [2024-11-25T21:52:14.490+0000] {override.py:1911} INFO - Created Permission View: can delete on DAG:dataset_consumes_1_and_2
[2024-11-25T21:52:14.495+0000] {logging_mixin.py:190} INFO - [2024-11-25T21:52:14.495+0000] {override.py:1911} INFO - Created Permission View: menu access on DAG Run:dataset_consumes_1_and_2
[2024-11-25T21:52:14.499+0000] {logging_mixin.py:190} INFO - [2024-11-25T21:52:14.499+0000] {override.py:1911} INFO - Created Permission View: can delete on DAG Run:dataset_consumes_1_and_2
[2024-11-25T21:52:14.504+0000] {logging_mixin.py:190} INFO - [2024-11-25T21:52:14.503+0000] {override.py:1911} INFO - Created Permission View: can create on DAG Run:dataset_consumes_1_and_2
[2024-11-25T21:52:14.508+0000] {logging_mixin.py:190} INFO - [2024-11-25T21:52:14.508+0000] {override.py:1911} INFO - Created Permission View: can read on DAG Run:dataset_consumes_1_and_2
[2024-11-25T21:52:14.516+0000] {logging_mixin.py:190} INFO - [2024-11-25T21:52:14.516+0000] {override.py:1911} INFO - Created Permission View: can edit on DAG:conditional_dataset_and_time_based_timetable
[2024-11-25T21:52:14.521+0000] {logging_mixin.py:190} INFO - [2024-11-25T21:52:14.521+0000] {override.py:1911} INFO - Created Permission View: can read on DAG:conditional_dataset_and_time_based_timetable
[2024-11-25T21:52:14.526+0000] {logging_mixin.py:190} INFO - [2024-11-25T21:52:14.526+0000] {override.py:1911} INFO - Created Permission View: can delete on DAG:conditional_dataset_and_time_based_timetable
[2024-11-25T21:52:14.541+0000] {logging_mixin.py:190} INFO - [2024-11-25T21:52:14.540+0000] {override.py:1911} INFO - Created Permission View: menu access on DAG Run:conditional_dataset_and_time_based_timetable
[2024-11-25T21:52:14.546+0000] {logging_mixin.py:190} INFO - [2024-11-25T21:52:14.546+0000] {override.py:1911} INFO - Created Permission View: can delete on DAG Run:conditional_dataset_and_time_based_timetable
[2024-11-25T21:52:14.550+0000] {logging_mixin.py:190} INFO - [2024-11-25T21:52:14.550+0000] {override.py:1911} INFO - Created Permission View: can create on DAG Run:conditional_dataset_and_time_based_timetable
[2024-11-25T21:52:14.555+0000] {logging_mixin.py:190} INFO - [2024-11-25T21:52:14.555+0000] {override.py:1911} INFO - Created Permission View: can read on DAG Run:conditional_dataset_and_time_based_timetable
[2024-11-25T21:52:14.563+0000] {logging_mixin.py:190} INFO - [2024-11-25T21:52:14.563+0000] {override.py:1911} INFO - Created Permission View: can edit on DAG:consume_1_or_both_2_and_3_with_dataset_expressions
[2024-11-25T21:52:14.568+0000] {logging_mixin.py:190} INFO - [2024-11-25T21:52:14.567+0000] {override.py:1911} INFO - Created Permission View: can read on DAG:consume_1_or_both_2_and_3_with_dataset_expressions
[2024-11-25T21:52:14.572+0000] {logging_mixin.py:190} INFO - [2024-11-25T21:52:14.572+0000] {override.py:1911} INFO - Created Permission View: can delete on DAG:consume_1_or_both_2_and_3_with_dataset_expressions
[2024-11-25T21:52:14.577+0000] {logging_mixin.py:190} INFO - [2024-11-25T21:52:14.577+0000] {override.py:1911} INFO - Created Permission View: menu access on DAG Run:consume_1_or_both_2_and_3_with_dataset_expressions
[2024-11-25T21:52:14.582+0000] {logging_mixin.py:190} INFO - [2024-11-25T21:52:14.582+0000] {override.py:1911} INFO - Created Permission View: can delete on DAG Run:consume_1_or_both_2_and_3_with_dataset_expressions
[2024-11-25T21:52:14.589+0000] {logging_mixin.py:190} INFO - [2024-11-25T21:52:14.588+0000] {override.py:1911} INFO - Created Permission View: can create on DAG Run:consume_1_or_both_2_and_3_with_dataset_expressions
[2024-11-25T21:52:14.594+0000] {logging_mixin.py:190} INFO - [2024-11-25T21:52:14.594+0000] {override.py:1911} INFO - Created Permission View: can read on DAG Run:consume_1_or_both_2_and_3_with_dataset_expressions
[2024-11-25T21:52:14.603+0000] {logging_mixin.py:190} INFO - [2024-11-25T21:52:14.602+0000] {override.py:1911} INFO - Created Permission View: can edit on DAG:dataset_produces_2
[2024-11-25T21:52:14.608+0000] {logging_mixin.py:190} INFO - [2024-11-25T21:52:14.608+0000] {override.py:1911} INFO - Created Permission View: can read on DAG:dataset_produces_2
[2024-11-25T21:52:14.613+0000] {logging_mixin.py:190} INFO - [2024-11-25T21:52:14.613+0000] {override.py:1911} INFO - Created Permission View: can delete on DAG:dataset_produces_2
[2024-11-25T21:52:14.618+0000] {logging_mixin.py:190} INFO - [2024-11-25T21:52:14.617+0000] {override.py:1911} INFO - Created Permission View: menu access on DAG Run:dataset_produces_2
[2024-11-25T21:52:14.625+0000] {logging_mixin.py:190} INFO - [2024-11-25T21:52:14.625+0000] {override.py:1911} INFO - Created Permission View: can delete on DAG Run:dataset_produces_2
[2024-11-25T21:52:14.630+0000] {logging_mixin.py:190} INFO - [2024-11-25T21:52:14.630+0000] {override.py:1911} INFO - Created Permission View: can create on DAG Run:dataset_produces_2
[2024-11-25T21:52:14.638+0000] {logging_mixin.py:190} INFO - [2024-11-25T21:52:14.637+0000] {override.py:1911} INFO - Created Permission View: can read on DAG Run:dataset_produces_2
[2024-11-25T21:52:14.639+0000] {logging_mixin.py:190} INFO - [2024-11-25T21:52:14.639+0000] {dag.py:3239} INFO - Sync 10 DAGs
[2024-11-25T21:52:14.652+0000] {logging_mixin.py:190} INFO - [2024-11-25T21:52:14.652+0000] {dag.py:3262} INFO - Creating ORM DAG for dataset_consumes_unknown_never_scheduled
[2024-11-25T21:52:14.653+0000] {logging_mixin.py:190} INFO - [2024-11-25T21:52:14.653+0000] {dag.py:3262} INFO - Creating ORM DAG for dataset_consumes_1
[2024-11-25T21:52:14.655+0000] {logging_mixin.py:190} INFO - [2024-11-25T21:52:14.654+0000] {dag.py:3262} INFO - Creating ORM DAG for dataset_produces_1
[2024-11-25T21:52:14.655+0000] {logging_mixin.py:190} INFO - [2024-11-25T21:52:14.655+0000] {dag.py:3262} INFO - Creating ORM DAG for dataset_consumes_1_and_2
[2024-11-25T21:52:14.657+0000] {logging_mixin.py:190} INFO - [2024-11-25T21:52:14.656+0000] {dag.py:3262} INFO - Creating ORM DAG for dataset_consumes_1_never_scheduled
[2024-11-25T21:52:14.657+0000] {logging_mixin.py:190} INFO - [2024-11-25T21:52:14.657+0000] {dag.py:3262} INFO - Creating ORM DAG for consume_1_and_2_with_dataset_expressions
[2024-11-25T21:52:14.658+0000] {logging_mixin.py:190} INFO - [2024-11-25T21:52:14.658+0000] {dag.py:3262} INFO - Creating ORM DAG for consume_1_or_2_with_dataset_expressions
[2024-11-25T21:52:14.659+0000] {logging_mixin.py:190} INFO - [2024-11-25T21:52:14.659+0000] {dag.py:3262} INFO - Creating ORM DAG for dataset_produces_2
[2024-11-25T21:52:14.660+0000] {logging_mixin.py:190} INFO - [2024-11-25T21:52:14.660+0000] {dag.py:3262} INFO - Creating ORM DAG for consume_1_or_both_2_and_3_with_dataset_expressions
[2024-11-25T21:52:14.660+0000] {logging_mixin.py:190} INFO - [2024-11-25T21:52:14.660+0000] {dag.py:3262} INFO - Creating ORM DAG for conditional_dataset_and_time_based_timetable
[2024-11-25T21:52:14.668+0000] {logging_mixin.py:190} INFO - [2024-11-25T21:52:14.668+0000] {dag.py:4180} INFO - Setting next_dagrun for conditional_dataset_and_time_based_timetable to 2024-11-20 01:00:00+00:00, run_after=2024-11-20 01:00:00+00:00
[2024-11-25T21:52:14.669+0000] {logging_mixin.py:190} INFO - [2024-11-25T21:52:14.669+0000] {dag.py:4180} INFO - Setting next_dagrun for consume_1_and_2_with_dataset_expressions to None, run_after=None
[2024-11-25T21:52:14.669+0000] {logging_mixin.py:190} INFO - [2024-11-25T21:52:14.669+0000] {dag.py:4180} INFO - Setting next_dagrun for consume_1_or_2_with_dataset_expressions to None, run_after=None
[2024-11-25T21:52:14.670+0000] {logging_mixin.py:190} INFO - [2024-11-25T21:52:14.670+0000] {dag.py:4180} INFO - Setting next_dagrun for consume_1_or_both_2_and_3_with_dataset_expressions to None, run_after=None
[2024-11-25T21:52:14.671+0000] {logging_mixin.py:190} INFO - [2024-11-25T21:52:14.670+0000] {dag.py:4180} INFO - Setting next_dagrun for dataset_consumes_1 to None, run_after=None
[2024-11-25T21:52:14.672+0000] {logging_mixin.py:190} INFO - [2024-11-25T21:52:14.671+0000] {dag.py:4180} INFO - Setting next_dagrun for dataset_consumes_1_and_2 to None, run_after=None
[2024-11-25T21:52:14.673+0000] {logging_mixin.py:190} INFO - [2024-11-25T21:52:14.672+0000] {dag.py:4180} INFO - Setting next_dagrun for dataset_consumes_1_never_scheduled to None, run_after=None
[2024-11-25T21:52:14.674+0000] {logging_mixin.py:190} INFO - [2024-11-25T21:52:14.673+0000] {dag.py:4180} INFO - Setting next_dagrun for dataset_consumes_unknown_never_scheduled to None, run_after=None
[2024-11-25T21:52:14.677+0000] {logging_mixin.py:190} INFO - [2024-11-25T21:52:14.676+0000] {dag.py:4180} INFO - Setting next_dagrun for dataset_produces_1 to 2024-11-24 00:00:00+00:00, run_after=2024-11-25 00:00:00+00:00
[2024-11-25T21:52:14.677+0000] {logging_mixin.py:190} INFO - [2024-11-25T21:52:14.677+0000] {dag.py:4180} INFO - Setting next_dagrun for dataset_produces_2 to None, run_after=None
[2024-11-25T21:52:14.708+0000] {processor.py:208} INFO - Processing /home/airflow/.local/lib/python3.12/site-packages/airflow/example_dags/example_datasets.py took 1.096 seconds
