[2024-11-25T21:52:14.549+0000] {processor.py:186} INFO - Started process (PID=109) to work on /home/airflow/.local/lib/python3.12/site-packages/airflow/example_dags/example_subdag_operator.py
[2024-11-25T21:52:14.550+0000] {processor.py:914} INFO - Processing file /home/airflow/.local/lib/python3.12/site-packages/airflow/example_dags/example_subdag_operator.py for tasks to queue
[2024-11-25T21:52:14.552+0000] {logging_mixin.py:190} INFO - [2024-11-25T21:52:14.552+0000] {dagbag.py:588} INFO - Filling up the DagBag from /home/airflow/.local/lib/python3.12/site-packages/airflow/example_dags/example_subdag_operator.py
[2024-11-25T21:52:14.571+0000] {processor.py:925} INFO - DAG(s) 'example_subdag_operator.section-1', 'example_subdag_operator.section-2', 'example_subdag_operator' retrieved from /home/airflow/.local/lib/python3.12/site-packages/airflow/example_dags/example_subdag_operator.py
[2024-11-25T21:52:14.640+0000] {logging_mixin.py:190} INFO - [2024-11-25T21:52:14.639+0000] {override.py:1911} INFO - Created Permission View: can edit on DAG:example_subdag_operator
[2024-11-25T21:52:14.650+0000] {logging_mixin.py:190} INFO - [2024-11-25T21:52:14.649+0000] {override.py:1911} INFO - Created Permission View: can read on DAG:example_subdag_operator
[2024-11-25T21:52:14.657+0000] {logging_mixin.py:190} INFO - [2024-11-25T21:52:14.657+0000] {override.py:1911} INFO - Created Permission View: can delete on DAG:example_subdag_operator
[2024-11-25T21:52:14.663+0000] {logging_mixin.py:190} INFO - [2024-11-25T21:52:14.663+0000] {override.py:1911} INFO - Created Permission View: menu access on DAG Run:example_subdag_operator
[2024-11-25T21:52:14.669+0000] {logging_mixin.py:190} INFO - [2024-11-25T21:52:14.668+0000] {override.py:1911} INFO - Created Permission View: can delete on DAG Run:example_subdag_operator
[2024-11-25T21:52:14.676+0000] {logging_mixin.py:190} INFO - [2024-11-25T21:52:14.676+0000] {override.py:1911} INFO - Created Permission View: can create on DAG Run:example_subdag_operator
[2024-11-25T21:52:14.683+0000] {logging_mixin.py:190} INFO - [2024-11-25T21:52:14.683+0000] {override.py:1911} INFO - Created Permission View: can read on DAG Run:example_subdag_operator
[2024-11-25T21:52:14.684+0000] {logging_mixin.py:190} INFO - [2024-11-25T21:52:14.684+0000] {dag.py:3239} INFO - Sync 3 DAGs
[2024-11-25T21:52:14.694+0000] {logging_mixin.py:190} INFO - [2024-11-25T21:52:14.694+0000] {dag.py:3262} INFO - Creating ORM DAG for example_subdag_operator.section-1
[2024-11-25T21:52:14.695+0000] {logging_mixin.py:190} INFO - [2024-11-25T21:52:14.695+0000] {dag.py:3262} INFO - Creating ORM DAG for example_subdag_operator
[2024-11-25T21:52:14.696+0000] {logging_mixin.py:190} INFO - [2024-11-25T21:52:14.696+0000] {dag.py:3262} INFO - Creating ORM DAG for example_subdag_operator.section-2
[2024-11-25T21:52:14.702+0000] {logging_mixin.py:190} INFO - [2024-11-25T21:52:14.702+0000] {dag.py:4180} INFO - Setting next_dagrun for example_subdag_operator to 2022-01-01 00:00:00+00:00, run_after=2022-01-01 00:00:00+00:00
[2024-11-25T21:52:14.703+0000] {logging_mixin.py:190} INFO - [2024-11-25T21:52:14.703+0000] {dag.py:4180} INFO - Setting next_dagrun for example_subdag_operator.section-1 to None, run_after=None
[2024-11-25T21:52:14.703+0000] {logging_mixin.py:190} INFO - [2024-11-25T21:52:14.703+0000] {dag.py:4180} INFO - Setting next_dagrun for example_subdag_operator.section-2 to None, run_after=None
[2024-11-25T21:52:14.710+0000] {logging_mixin.py:190} INFO - [2024-11-25T21:52:14.710+0000] {dag.py:3239} INFO - Sync 2 DAGs
[2024-11-25T21:52:14.714+0000] {logging_mixin.py:190} INFO - [2024-11-25T21:52:14.714+0000] {dag.py:4180} INFO - Setting next_dagrun for example_subdag_operator.section-1 to None, run_after=None
[2024-11-25T21:52:14.716+0000] {logging_mixin.py:190} INFO - [2024-11-25T21:52:14.716+0000] {dag.py:4180} INFO - Setting next_dagrun for example_subdag_operator.section-2 to None, run_after=None
[2024-11-25T21:52:14.726+0000] {processor.py:208} INFO - Processing /home/airflow/.local/lib/python3.12/site-packages/airflow/example_dags/example_subdag_operator.py took 0.181 seconds
