[2024-12-04T12:11:35.974+0000] {local_task_job_runner.py:123} INFO - ::group::Pre task execution logs
[2024-12-04T12:11:35.989+0000] {taskinstance.py:2613} INFO - Dependencies all met for dep_context=non-requeueable deps ti=<TaskInstance: fetch_and_store_amazon_books.create_table manual__2024-12-04T12:06:18.419352+00:00 [queued]>
[2024-12-04T12:11:35.996+0000] {taskinstance.py:2613} INFO - Dependencies all met for dep_context=requeueable deps ti=<TaskInstance: fetch_and_store_amazon_books.create_table manual__2024-12-04T12:06:18.419352+00:00 [queued]>
[2024-12-04T12:11:35.997+0000] {taskinstance.py:2866} INFO - Starting attempt 2 of 2
[2024-12-04T12:11:36.008+0000] {taskinstance.py:2889} INFO - Executing <Task(PostgresOperator): create_table> on 2024-12-04 12:06:18.419352+00:00
[2024-12-04T12:11:36.017+0000] {warnings.py:112} WARNING - /home/***/.local/lib/python3.12/site-packages/***/task/task_runner/standard_task_runner.py:70: DeprecationWarning: This process (pid=685) is multi-threaded, use of fork() may lead to deadlocks in the child.
  pid = os.fork()

[2024-12-04T12:11:36.018+0000] {standard_task_runner.py:72} INFO - Started process 689 to run task
[2024-12-04T12:11:36.018+0000] {standard_task_runner.py:104} INFO - Running: ['***', 'tasks', 'run', 'fetch_and_store_amazon_books', 'create_table', 'manual__2024-12-04T12:06:18.419352+00:00', '--job-id', '65', '--raw', '--subdir', 'DAGS_FOLDER/dag.py', '--cfg-path', '/tmp/tmpisexsv35']
[2024-12-04T12:11:36.019+0000] {standard_task_runner.py:105} INFO - Job 65: Subtask create_table
[2024-12-04T12:11:36.063+0000] {task_command.py:467} INFO - Running <TaskInstance: fetch_and_store_amazon_books.create_table manual__2024-12-04T12:06:18.419352+00:00 [running]> on host 83967b2f303f
[2024-12-04T12:11:36.134+0000] {taskinstance.py:3132} INFO - Exporting env vars: AIRFLOW_CTX_DAG_OWNER='***' AIRFLOW_CTX_DAG_ID='fetch_and_store_amazon_books' AIRFLOW_CTX_TASK_ID='create_table' AIRFLOW_CTX_EXECUTION_DATE='2024-12-04T12:06:18.419352+00:00' AIRFLOW_CTX_TRY_NUMBER='2' AIRFLOW_CTX_DAG_RUN_ID='manual__2024-12-04T12:06:18.419352+00:00'
[2024-12-04T12:11:36.135+0000] {logging_mixin.py:190} INFO - Task instance is in running state
[2024-12-04T12:11:36.136+0000] {logging_mixin.py:190} INFO -  Previous state of the Task instance: queued
[2024-12-04T12:11:36.136+0000] {logging_mixin.py:190} INFO - Current task name:create_table state:running start_date:2024-12-04 12:11:35.990579+00:00
[2024-12-04T12:11:36.136+0000] {logging_mixin.py:190} INFO - Dag name:fetch_and_store_amazon_books and current dag run status:running
[2024-12-04T12:11:36.137+0000] {taskinstance.py:731} INFO - ::endgroup::
[2024-12-04T12:11:36.137+0000] {sql.py:278} INFO - Executing: 
    CREATE TABLE IF NOT EXISTS books (
        id SERIAL PRIMARY KEY,
        title TEXT NOT NULL,
        authors TEXT,
        price TEXT,
        rating TEXT
    );
    
[2024-12-04T12:11:36.145+0000] {base.py:84} INFO - Retrieving connection 'books_connection'
[2024-12-04T12:11:36.151+0000] {base.py:84} INFO - Retrieving connection 'books_connection'
[2024-12-04T12:11:36.154+0000] {sql.py:544} INFO - Running statement: 
    CREATE TABLE IF NOT EXISTS books (
        id SERIAL PRIMARY KEY,
        title TEXT NOT NULL,
        authors TEXT,
        price TEXT,
        rating TEXT
    );
    , parameters: None
[2024-12-04T12:11:36.194+0000] {taskinstance.py:340} INFO - ::group::Post task execution logs
[2024-12-04T12:11:36.194+0000] {taskinstance.py:352} INFO - Marking task as SUCCESS. dag_id=fetch_and_store_amazon_books, task_id=create_table, run_id=manual__2024-12-04T12:06:18.419352+00:00, execution_date=20241204T120618, start_date=20241204T121135, end_date=20241204T121136
[2024-12-04T12:11:36.218+0000] {logging_mixin.py:190} INFO - Task instance in success state
[2024-12-04T12:11:36.219+0000] {logging_mixin.py:190} INFO -  Previous state of the Task instance: running
[2024-12-04T12:11:36.219+0000] {logging_mixin.py:190} INFO - Dag name:fetch_and_store_amazon_books queued_at:2024-12-04 12:06:18.428218+00:00
[2024-12-04T12:11:36.219+0000] {logging_mixin.py:190} INFO - Task hostname:83967b2f303f operator:PostgresOperator
[2024-12-04T12:11:36.233+0000] {local_task_job_runner.py:266} INFO - Task exited with return code 0
[2024-12-04T12:11:36.252+0000] {taskinstance.py:3895} INFO - 1 downstream tasks scheduled from follow-on schedule check
[2024-12-04T12:11:36.254+0000] {local_task_job_runner.py:245} INFO - ::endgroup::
