[2024-11-26T11:25:46.513+0000] {processor.py:186} INFO - Started process (PID=60) to work on /home/airflow/.local/lib/python3.12/site-packages/airflow/example_dags/example_latest_only_with_trigger.py
[2024-11-26T11:25:46.514+0000] {processor.py:914} INFO - Processing file /home/airflow/.local/lib/python3.12/site-packages/airflow/example_dags/example_latest_only_with_trigger.py for tasks to queue
[2024-11-26T11:25:46.517+0000] {logging_mixin.py:190} INFO - [2024-11-26T11:25:46.516+0000] {dagbag.py:588} INFO - Filling up the DagBag from /home/airflow/.local/lib/python3.12/site-packages/airflow/example_dags/example_latest_only_with_trigger.py
[2024-11-26T11:25:46.528+0000] {processor.py:925} INFO - DAG(s) 'latest_only_with_trigger' retrieved from /home/airflow/.local/lib/python3.12/site-packages/airflow/example_dags/example_latest_only_with_trigger.py
[2024-11-26T11:25:46.553+0000] {logging_mixin.py:190} INFO - [2024-11-26T11:25:46.553+0000] {dag.py:3239} INFO - Sync 1 DAGs
[2024-11-26T11:25:46.577+0000] {logging_mixin.py:190} INFO - [2024-11-26T11:25:46.576+0000] {dag.py:4180} INFO - Setting next_dagrun for latest_only_with_trigger to 2024-11-26 04:00:00+00:00, run_after=2024-11-26 08:00:00+00:00
[2024-11-26T11:25:46.605+0000] {processor.py:208} INFO - Processing /home/airflow/.local/lib/python3.12/site-packages/airflow/example_dags/example_latest_only_with_trigger.py took 0.096 seconds
[2024-11-26T11:26:17.051+0000] {processor.py:186} INFO - Started process (PID=123) to work on /home/airflow/.local/lib/python3.12/site-packages/airflow/example_dags/example_latest_only_with_trigger.py
[2024-11-26T11:26:17.054+0000] {processor.py:914} INFO - Processing file /home/airflow/.local/lib/python3.12/site-packages/airflow/example_dags/example_latest_only_with_trigger.py for tasks to queue
[2024-11-26T11:26:17.057+0000] {logging_mixin.py:190} INFO - [2024-11-26T11:26:17.056+0000] {dagbag.py:588} INFO - Filling up the DagBag from /home/airflow/.local/lib/python3.12/site-packages/airflow/example_dags/example_latest_only_with_trigger.py
[2024-11-26T11:26:17.063+0000] {processor.py:925} INFO - DAG(s) 'latest_only_with_trigger' retrieved from /home/airflow/.local/lib/python3.12/site-packages/airflow/example_dags/example_latest_only_with_trigger.py
[2024-11-26T11:26:17.089+0000] {logging_mixin.py:190} INFO - [2024-11-26T11:26:17.089+0000] {dag.py:3239} INFO - Sync 1 DAGs
[2024-11-26T11:26:17.111+0000] {logging_mixin.py:190} INFO - [2024-11-26T11:26:17.110+0000] {dag.py:4180} INFO - Setting next_dagrun for latest_only_with_trigger to 2024-11-26 04:00:00+00:00, run_after=2024-11-26 08:00:00+00:00
[2024-11-26T11:26:17.127+0000] {processor.py:208} INFO - Processing /home/airflow/.local/lib/python3.12/site-packages/airflow/example_dags/example_latest_only_with_trigger.py took 0.081 seconds
[2024-11-26T11:26:48.046+0000] {processor.py:186} INFO - Started process (PID=192) to work on /home/airflow/.local/lib/python3.12/site-packages/airflow/example_dags/example_latest_only_with_trigger.py
[2024-11-26T11:26:48.047+0000] {processor.py:914} INFO - Processing file /home/airflow/.local/lib/python3.12/site-packages/airflow/example_dags/example_latest_only_with_trigger.py for tasks to queue
[2024-11-26T11:26:48.049+0000] {logging_mixin.py:190} INFO - [2024-11-26T11:26:48.049+0000] {dagbag.py:588} INFO - Filling up the DagBag from /home/airflow/.local/lib/python3.12/site-packages/airflow/example_dags/example_latest_only_with_trigger.py
[2024-11-26T11:26:48.056+0000] {processor.py:925} INFO - DAG(s) 'latest_only_with_trigger' retrieved from /home/airflow/.local/lib/python3.12/site-packages/airflow/example_dags/example_latest_only_with_trigger.py
[2024-11-26T11:26:48.073+0000] {logging_mixin.py:190} INFO - [2024-11-26T11:26:48.072+0000] {dag.py:3239} INFO - Sync 1 DAGs
[2024-11-26T11:26:48.092+0000] {logging_mixin.py:190} INFO - [2024-11-26T11:26:48.092+0000] {dag.py:4180} INFO - Setting next_dagrun for latest_only_with_trigger to 2024-11-26 04:00:00+00:00, run_after=2024-11-26 08:00:00+00:00
[2024-11-26T11:26:48.106+0000] {processor.py:208} INFO - Processing /home/airflow/.local/lib/python3.12/site-packages/airflow/example_dags/example_latest_only_with_trigger.py took 0.064 seconds
[2024-11-26T11:27:18.352+0000] {processor.py:186} INFO - Started process (PID=254) to work on /home/airflow/.local/lib/python3.12/site-packages/airflow/example_dags/example_latest_only_with_trigger.py
[2024-11-26T11:27:18.353+0000] {processor.py:914} INFO - Processing file /home/airflow/.local/lib/python3.12/site-packages/airflow/example_dags/example_latest_only_with_trigger.py for tasks to queue
[2024-11-26T11:27:18.355+0000] {logging_mixin.py:190} INFO - [2024-11-26T11:27:18.355+0000] {dagbag.py:588} INFO - Filling up the DagBag from /home/airflow/.local/lib/python3.12/site-packages/airflow/example_dags/example_latest_only_with_trigger.py
[2024-11-26T11:27:18.362+0000] {processor.py:925} INFO - DAG(s) 'latest_only_with_trigger' retrieved from /home/airflow/.local/lib/python3.12/site-packages/airflow/example_dags/example_latest_only_with_trigger.py
[2024-11-26T11:27:18.375+0000] {logging_mixin.py:190} INFO - [2024-11-26T11:27:18.375+0000] {dag.py:3239} INFO - Sync 1 DAGs
[2024-11-26T11:27:18.391+0000] {logging_mixin.py:190} INFO - [2024-11-26T11:27:18.391+0000] {dag.py:4180} INFO - Setting next_dagrun for latest_only_with_trigger to 2024-11-26 04:00:00+00:00, run_after=2024-11-26 08:00:00+00:00
[2024-11-26T11:27:18.403+0000] {processor.py:208} INFO - Processing /home/airflow/.local/lib/python3.12/site-packages/airflow/example_dags/example_latest_only_with_trigger.py took 0.055 seconds
[2024-11-26T11:27:49.054+0000] {processor.py:186} INFO - Started process (PID=317) to work on /home/airflow/.local/lib/python3.12/site-packages/airflow/example_dags/example_latest_only_with_trigger.py
[2024-11-26T11:27:49.055+0000] {processor.py:914} INFO - Processing file /home/airflow/.local/lib/python3.12/site-packages/airflow/example_dags/example_latest_only_with_trigger.py for tasks to queue
[2024-11-26T11:27:49.057+0000] {logging_mixin.py:190} INFO - [2024-11-26T11:27:49.057+0000] {dagbag.py:588} INFO - Filling up the DagBag from /home/airflow/.local/lib/python3.12/site-packages/airflow/example_dags/example_latest_only_with_trigger.py
[2024-11-26T11:27:49.062+0000] {processor.py:925} INFO - DAG(s) 'latest_only_with_trigger' retrieved from /home/airflow/.local/lib/python3.12/site-packages/airflow/example_dags/example_latest_only_with_trigger.py
[2024-11-26T11:27:49.076+0000] {logging_mixin.py:190} INFO - [2024-11-26T11:27:49.076+0000] {dag.py:3239} INFO - Sync 1 DAGs
[2024-11-26T11:27:49.095+0000] {logging_mixin.py:190} INFO - [2024-11-26T11:27:49.094+0000] {dag.py:4180} INFO - Setting next_dagrun for latest_only_with_trigger to 2024-11-26 04:00:00+00:00, run_after=2024-11-26 08:00:00+00:00
[2024-11-26T11:27:49.109+0000] {processor.py:208} INFO - Processing /home/airflow/.local/lib/python3.12/site-packages/airflow/example_dags/example_latest_only_with_trigger.py took 0.059 seconds
[2024-11-26T11:28:19.603+0000] {processor.py:186} INFO - Started process (PID=380) to work on /home/airflow/.local/lib/python3.12/site-packages/airflow/example_dags/example_latest_only_with_trigger.py
[2024-11-26T11:28:19.604+0000] {processor.py:914} INFO - Processing file /home/airflow/.local/lib/python3.12/site-packages/airflow/example_dags/example_latest_only_with_trigger.py for tasks to queue
[2024-11-26T11:28:19.606+0000] {logging_mixin.py:190} INFO - [2024-11-26T11:28:19.605+0000] {dagbag.py:588} INFO - Filling up the DagBag from /home/airflow/.local/lib/python3.12/site-packages/airflow/example_dags/example_latest_only_with_trigger.py
[2024-11-26T11:28:19.611+0000] {processor.py:925} INFO - DAG(s) 'latest_only_with_trigger' retrieved from /home/airflow/.local/lib/python3.12/site-packages/airflow/example_dags/example_latest_only_with_trigger.py
[2024-11-26T11:28:19.628+0000] {logging_mixin.py:190} INFO - [2024-11-26T11:28:19.628+0000] {dag.py:3239} INFO - Sync 1 DAGs
[2024-11-26T11:28:19.649+0000] {logging_mixin.py:190} INFO - [2024-11-26T11:28:19.649+0000] {dag.py:4180} INFO - Setting next_dagrun for latest_only_with_trigger to 2024-11-26 04:00:00+00:00, run_after=2024-11-26 08:00:00+00:00
[2024-11-26T11:28:19.662+0000] {processor.py:208} INFO - Processing /home/airflow/.local/lib/python3.12/site-packages/airflow/example_dags/example_latest_only_with_trigger.py took 0.063 seconds
[2024-11-26T11:28:49.850+0000] {processor.py:186} INFO - Started process (PID=443) to work on /home/airflow/.local/lib/python3.12/site-packages/airflow/example_dags/example_latest_only_with_trigger.py
[2024-11-26T11:28:49.851+0000] {processor.py:914} INFO - Processing file /home/airflow/.local/lib/python3.12/site-packages/airflow/example_dags/example_latest_only_with_trigger.py for tasks to queue
[2024-11-26T11:28:49.852+0000] {logging_mixin.py:190} INFO - [2024-11-26T11:28:49.852+0000] {dagbag.py:588} INFO - Filling up the DagBag from /home/airflow/.local/lib/python3.12/site-packages/airflow/example_dags/example_latest_only_with_trigger.py
[2024-11-26T11:28:49.857+0000] {processor.py:925} INFO - DAG(s) 'latest_only_with_trigger' retrieved from /home/airflow/.local/lib/python3.12/site-packages/airflow/example_dags/example_latest_only_with_trigger.py
[2024-11-26T11:28:49.878+0000] {logging_mixin.py:190} INFO - [2024-11-26T11:28:49.878+0000] {dag.py:3239} INFO - Sync 1 DAGs
[2024-11-26T11:28:49.914+0000] {logging_mixin.py:190} INFO - [2024-11-26T11:28:49.914+0000] {dag.py:4180} INFO - Setting next_dagrun for latest_only_with_trigger to 2024-11-26 04:00:00+00:00, run_after=2024-11-26 08:00:00+00:00
[2024-11-26T11:28:49.946+0000] {processor.py:208} INFO - Processing /home/airflow/.local/lib/python3.12/site-packages/airflow/example_dags/example_latest_only_with_trigger.py took 0.100 seconds
[2024-11-26T11:31:19.288+0000] {processor.py:186} INFO - Started process (PID=66) to work on /home/airflow/.local/lib/python3.12/site-packages/airflow/example_dags/example_latest_only_with_trigger.py
[2024-11-26T11:31:19.289+0000] {processor.py:914} INFO - Processing file /home/airflow/.local/lib/python3.12/site-packages/airflow/example_dags/example_latest_only_with_trigger.py for tasks to queue
[2024-11-26T11:31:19.291+0000] {logging_mixin.py:190} INFO - [2024-11-26T11:31:19.291+0000] {dagbag.py:588} INFO - Filling up the DagBag from /home/airflow/.local/lib/python3.12/site-packages/airflow/example_dags/example_latest_only_with_trigger.py
[2024-11-26T11:31:19.297+0000] {processor.py:925} INFO - DAG(s) 'latest_only_with_trigger' retrieved from /home/airflow/.local/lib/python3.12/site-packages/airflow/example_dags/example_latest_only_with_trigger.py
[2024-11-26T11:31:19.319+0000] {logging_mixin.py:190} INFO - [2024-11-26T11:31:19.319+0000] {dag.py:3239} INFO - Sync 1 DAGs
[2024-11-26T11:31:19.340+0000] {logging_mixin.py:190} INFO - [2024-11-26T11:31:19.340+0000] {dag.py:4180} INFO - Setting next_dagrun for latest_only_with_trigger to 2024-11-26 04:00:00+00:00, run_after=2024-11-26 08:00:00+00:00
[2024-11-26T11:31:19.362+0000] {processor.py:208} INFO - Processing /home/airflow/.local/lib/python3.12/site-packages/airflow/example_dags/example_latest_only_with_trigger.py took 0.079 seconds
[2024-11-26T11:31:50.155+0000] {processor.py:186} INFO - Started process (PID=129) to work on /home/airflow/.local/lib/python3.12/site-packages/airflow/example_dags/example_latest_only_with_trigger.py
[2024-11-26T11:31:50.156+0000] {processor.py:914} INFO - Processing file /home/airflow/.local/lib/python3.12/site-packages/airflow/example_dags/example_latest_only_with_trigger.py for tasks to queue
[2024-11-26T11:31:50.158+0000] {logging_mixin.py:190} INFO - [2024-11-26T11:31:50.158+0000] {dagbag.py:588} INFO - Filling up the DagBag from /home/airflow/.local/lib/python3.12/site-packages/airflow/example_dags/example_latest_only_with_trigger.py
[2024-11-26T11:31:50.164+0000] {processor.py:925} INFO - DAG(s) 'latest_only_with_trigger' retrieved from /home/airflow/.local/lib/python3.12/site-packages/airflow/example_dags/example_latest_only_with_trigger.py
[2024-11-26T11:31:50.183+0000] {logging_mixin.py:190} INFO - [2024-11-26T11:31:50.183+0000] {dag.py:3239} INFO - Sync 1 DAGs
[2024-11-26T11:31:50.200+0000] {logging_mixin.py:190} INFO - [2024-11-26T11:31:50.200+0000] {dag.py:4180} INFO - Setting next_dagrun for latest_only_with_trigger to 2024-11-26 04:00:00+00:00, run_after=2024-11-26 08:00:00+00:00
[2024-11-26T11:31:50.215+0000] {processor.py:208} INFO - Processing /home/airflow/.local/lib/python3.12/site-packages/airflow/example_dags/example_latest_only_with_trigger.py took 0.064 seconds
[2024-11-26T11:32:20.702+0000] {processor.py:186} INFO - Started process (PID=192) to work on /home/airflow/.local/lib/python3.12/site-packages/airflow/example_dags/example_latest_only_with_trigger.py
[2024-11-26T11:32:20.703+0000] {processor.py:914} INFO - Processing file /home/airflow/.local/lib/python3.12/site-packages/airflow/example_dags/example_latest_only_with_trigger.py for tasks to queue
[2024-11-26T11:32:20.706+0000] {logging_mixin.py:190} INFO - [2024-11-26T11:32:20.706+0000] {dagbag.py:588} INFO - Filling up the DagBag from /home/airflow/.local/lib/python3.12/site-packages/airflow/example_dags/example_latest_only_with_trigger.py
[2024-11-26T11:32:20.721+0000] {processor.py:925} INFO - DAG(s) 'latest_only_with_trigger' retrieved from /home/airflow/.local/lib/python3.12/site-packages/airflow/example_dags/example_latest_only_with_trigger.py
[2024-11-26T11:32:20.756+0000] {logging_mixin.py:190} INFO - [2024-11-26T11:32:20.756+0000] {dag.py:3239} INFO - Sync 1 DAGs
[2024-11-26T11:32:20.784+0000] {logging_mixin.py:190} INFO - [2024-11-26T11:32:20.784+0000] {dag.py:4180} INFO - Setting next_dagrun for latest_only_with_trigger to 2024-11-26 04:00:00+00:00, run_after=2024-11-26 08:00:00+00:00
[2024-11-26T11:32:20.808+0000] {processor.py:208} INFO - Processing /home/airflow/.local/lib/python3.12/site-packages/airflow/example_dags/example_latest_only_with_trigger.py took 0.109 seconds
[2024-11-26T11:32:50.986+0000] {processor.py:186} INFO - Started process (PID=255) to work on /home/airflow/.local/lib/python3.12/site-packages/airflow/example_dags/example_latest_only_with_trigger.py
[2024-11-26T11:32:50.988+0000] {processor.py:914} INFO - Processing file /home/airflow/.local/lib/python3.12/site-packages/airflow/example_dags/example_latest_only_with_trigger.py for tasks to queue
[2024-11-26T11:32:50.990+0000] {logging_mixin.py:190} INFO - [2024-11-26T11:32:50.989+0000] {dagbag.py:588} INFO - Filling up the DagBag from /home/airflow/.local/lib/python3.12/site-packages/airflow/example_dags/example_latest_only_with_trigger.py
[2024-11-26T11:32:50.998+0000] {processor.py:925} INFO - DAG(s) 'latest_only_with_trigger' retrieved from /home/airflow/.local/lib/python3.12/site-packages/airflow/example_dags/example_latest_only_with_trigger.py
[2024-11-26T11:32:51.018+0000] {logging_mixin.py:190} INFO - [2024-11-26T11:32:51.018+0000] {dag.py:3239} INFO - Sync 1 DAGs
[2024-11-26T11:32:51.036+0000] {logging_mixin.py:190} INFO - [2024-11-26T11:32:51.036+0000] {dag.py:4180} INFO - Setting next_dagrun for latest_only_with_trigger to 2024-11-26 04:00:00+00:00, run_after=2024-11-26 08:00:00+00:00
[2024-11-26T11:32:51.059+0000] {processor.py:208} INFO - Processing /home/airflow/.local/lib/python3.12/site-packages/airflow/example_dags/example_latest_only_with_trigger.py took 0.078 seconds
[2024-11-26T11:33:21.334+0000] {processor.py:186} INFO - Started process (PID=318) to work on /home/airflow/.local/lib/python3.12/site-packages/airflow/example_dags/example_latest_only_with_trigger.py
[2024-11-26T11:33:21.335+0000] {processor.py:914} INFO - Processing file /home/airflow/.local/lib/python3.12/site-packages/airflow/example_dags/example_latest_only_with_trigger.py for tasks to queue
[2024-11-26T11:33:21.337+0000] {logging_mixin.py:190} INFO - [2024-11-26T11:33:21.337+0000] {dagbag.py:588} INFO - Filling up the DagBag from /home/airflow/.local/lib/python3.12/site-packages/airflow/example_dags/example_latest_only_with_trigger.py
[2024-11-26T11:33:21.343+0000] {processor.py:925} INFO - DAG(s) 'latest_only_with_trigger' retrieved from /home/airflow/.local/lib/python3.12/site-packages/airflow/example_dags/example_latest_only_with_trigger.py
[2024-11-26T11:33:21.363+0000] {logging_mixin.py:190} INFO - [2024-11-26T11:33:21.363+0000] {dag.py:3239} INFO - Sync 1 DAGs
[2024-11-26T11:33:21.384+0000] {logging_mixin.py:190} INFO - [2024-11-26T11:33:21.384+0000] {dag.py:4180} INFO - Setting next_dagrun for latest_only_with_trigger to 2024-11-26 04:00:00+00:00, run_after=2024-11-26 08:00:00+00:00
[2024-11-26T11:33:21.398+0000] {processor.py:208} INFO - Processing /home/airflow/.local/lib/python3.12/site-packages/airflow/example_dags/example_latest_only_with_trigger.py took 0.069 seconds
[2024-11-26T11:33:51.758+0000] {processor.py:186} INFO - Started process (PID=381) to work on /home/airflow/.local/lib/python3.12/site-packages/airflow/example_dags/example_latest_only_with_trigger.py
[2024-11-26T11:33:51.759+0000] {processor.py:914} INFO - Processing file /home/airflow/.local/lib/python3.12/site-packages/airflow/example_dags/example_latest_only_with_trigger.py for tasks to queue
[2024-11-26T11:33:51.761+0000] {logging_mixin.py:190} INFO - [2024-11-26T11:33:51.761+0000] {dagbag.py:588} INFO - Filling up the DagBag from /home/airflow/.local/lib/python3.12/site-packages/airflow/example_dags/example_latest_only_with_trigger.py
[2024-11-26T11:33:51.768+0000] {processor.py:925} INFO - DAG(s) 'latest_only_with_trigger' retrieved from /home/airflow/.local/lib/python3.12/site-packages/airflow/example_dags/example_latest_only_with_trigger.py
[2024-11-26T11:33:51.789+0000] {logging_mixin.py:190} INFO - [2024-11-26T11:33:51.789+0000] {dag.py:3239} INFO - Sync 1 DAGs
[2024-11-26T11:33:51.807+0000] {logging_mixin.py:190} INFO - [2024-11-26T11:33:51.807+0000] {dag.py:4180} INFO - Setting next_dagrun for latest_only_with_trigger to 2024-11-26 04:00:00+00:00, run_after=2024-11-26 08:00:00+00:00
[2024-11-26T11:33:51.829+0000] {processor.py:208} INFO - Processing /home/airflow/.local/lib/python3.12/site-packages/airflow/example_dags/example_latest_only_with_trigger.py took 0.077 seconds
[2024-11-26T11:34:22.607+0000] {processor.py:186} INFO - Started process (PID=450) to work on /home/airflow/.local/lib/python3.12/site-packages/airflow/example_dags/example_latest_only_with_trigger.py
[2024-11-26T11:34:22.608+0000] {processor.py:914} INFO - Processing file /home/airflow/.local/lib/python3.12/site-packages/airflow/example_dags/example_latest_only_with_trigger.py for tasks to queue
[2024-11-26T11:34:22.613+0000] {logging_mixin.py:190} INFO - [2024-11-26T11:34:22.612+0000] {dagbag.py:588} INFO - Filling up the DagBag from /home/airflow/.local/lib/python3.12/site-packages/airflow/example_dags/example_latest_only_with_trigger.py
[2024-11-26T11:34:22.623+0000] {processor.py:925} INFO - DAG(s) 'latest_only_with_trigger' retrieved from /home/airflow/.local/lib/python3.12/site-packages/airflow/example_dags/example_latest_only_with_trigger.py
[2024-11-26T11:34:22.641+0000] {logging_mixin.py:190} INFO - [2024-11-26T11:34:22.641+0000] {dag.py:3239} INFO - Sync 1 DAGs
[2024-11-26T11:34:22.657+0000] {logging_mixin.py:190} INFO - [2024-11-26T11:34:22.657+0000] {dag.py:4180} INFO - Setting next_dagrun for latest_only_with_trigger to 2024-11-26 04:00:00+00:00, run_after=2024-11-26 08:00:00+00:00
[2024-11-26T11:34:22.675+0000] {processor.py:208} INFO - Processing /home/airflow/.local/lib/python3.12/site-packages/airflow/example_dags/example_latest_only_with_trigger.py took 0.072 seconds
[2024-11-26T11:39:47.904+0000] {processor.py:186} INFO - Started process (PID=507) to work on /home/airflow/.local/lib/python3.12/site-packages/airflow/example_dags/example_latest_only_with_trigger.py
[2024-11-26T11:39:47.908+0000] {processor.py:914} INFO - Processing file /home/airflow/.local/lib/python3.12/site-packages/airflow/example_dags/example_latest_only_with_trigger.py for tasks to queue
[2024-11-26T11:39:47.918+0000] {logging_mixin.py:190} INFO - [2024-11-26T11:39:47.918+0000] {dagbag.py:588} INFO - Filling up the DagBag from /home/airflow/.local/lib/python3.12/site-packages/airflow/example_dags/example_latest_only_with_trigger.py
[2024-11-26T11:39:47.972+0000] {processor.py:925} INFO - DAG(s) 'latest_only_with_trigger' retrieved from /home/airflow/.local/lib/python3.12/site-packages/airflow/example_dags/example_latest_only_with_trigger.py
[2024-11-26T11:39:48.025+0000] {logging_mixin.py:190} INFO - [2024-11-26T11:39:48.025+0000] {dag.py:3239} INFO - Sync 1 DAGs
[2024-11-26T11:39:48.056+0000] {logging_mixin.py:190} INFO - [2024-11-26T11:39:48.056+0000] {dag.py:4180} INFO - Setting next_dagrun for latest_only_with_trigger to 2024-11-26 04:00:00+00:00, run_after=2024-11-26 08:00:00+00:00
[2024-11-26T11:39:48.083+0000] {processor.py:208} INFO - Processing /home/airflow/.local/lib/python3.12/site-packages/airflow/example_dags/example_latest_only_with_trigger.py took 0.184 seconds
[2024-11-26T11:40:18.236+0000] {processor.py:186} INFO - Started process (PID=570) to work on /home/airflow/.local/lib/python3.12/site-packages/airflow/example_dags/example_latest_only_with_trigger.py
[2024-11-26T11:40:18.240+0000] {processor.py:914} INFO - Processing file /home/airflow/.local/lib/python3.12/site-packages/airflow/example_dags/example_latest_only_with_trigger.py for tasks to queue
[2024-11-26T11:40:18.243+0000] {logging_mixin.py:190} INFO - [2024-11-26T11:40:18.243+0000] {dagbag.py:588} INFO - Filling up the DagBag from /home/airflow/.local/lib/python3.12/site-packages/airflow/example_dags/example_latest_only_with_trigger.py
[2024-11-26T11:40:18.250+0000] {processor.py:925} INFO - DAG(s) 'latest_only_with_trigger' retrieved from /home/airflow/.local/lib/python3.12/site-packages/airflow/example_dags/example_latest_only_with_trigger.py
[2024-11-26T11:40:18.268+0000] {logging_mixin.py:190} INFO - [2024-11-26T11:40:18.267+0000] {dag.py:3239} INFO - Sync 1 DAGs
[2024-11-26T11:40:18.283+0000] {logging_mixin.py:190} INFO - [2024-11-26T11:40:18.283+0000] {dag.py:4180} INFO - Setting next_dagrun for latest_only_with_trigger to 2024-11-26 04:00:00+00:00, run_after=2024-11-26 08:00:00+00:00
[2024-11-26T11:40:18.299+0000] {processor.py:208} INFO - Processing /home/airflow/.local/lib/python3.12/site-packages/airflow/example_dags/example_latest_only_with_trigger.py took 0.068 seconds
