[2024-11-26T11:25:49.498+0000] {processor.py:186} INFO - Started process (PID=99) to work on /home/airflow/.local/lib/python3.12/site-packages/airflow/example_dags/example_datasets.py
[2024-11-26T11:25:49.499+0000] {processor.py:914} INFO - Processing file /home/airflow/.local/lib/python3.12/site-packages/airflow/example_dags/example_datasets.py for tasks to queue
[2024-11-26T11:25:49.501+0000] {logging_mixin.py:190} INFO - [2024-11-26T11:25:49.501+0000] {dagbag.py:588} INFO - Filling up the DagBag from /home/airflow/.local/lib/python3.12/site-packages/airflow/example_dags/example_datasets.py
[2024-11-26T11:25:50.027+0000] {processor.py:925} INFO - DAG(s) 'dataset_consumes_1_and_2', 'conditional_dataset_and_time_based_timetable', 'dataset_consumes_1_never_scheduled', 'consume_1_and_2_with_dataset_expressions', 'consume_1_or_both_2_and_3_with_dataset_expressions', 'consume_1_or_2_with_dataset_expressions', 'dataset_consumes_1', 'dataset_produces_2', 'dataset_produces_1', 'dataset_consumes_unknown_never_scheduled' retrieved from /home/airflow/.local/lib/python3.12/site-packages/airflow/example_dags/example_datasets.py
[2024-11-26T11:25:50.076+0000] {logging_mixin.py:190} INFO - [2024-11-26T11:25:50.076+0000] {dag.py:3239} INFO - Sync 10 DAGs
[2024-11-26T11:25:50.100+0000] {logging_mixin.py:190} INFO - [2024-11-26T11:25:50.100+0000] {dag.py:4180} INFO - Setting next_dagrun for conditional_dataset_and_time_based_timetable to 2024-11-20 01:00:00+00:00, run_after=2024-11-20 01:00:00+00:00
[2024-11-26T11:25:50.103+0000] {logging_mixin.py:190} INFO - [2024-11-26T11:25:50.103+0000] {dag.py:4180} INFO - Setting next_dagrun for consume_1_and_2_with_dataset_expressions to None, run_after=None
[2024-11-26T11:25:50.105+0000] {logging_mixin.py:190} INFO - [2024-11-26T11:25:50.104+0000] {dag.py:4180} INFO - Setting next_dagrun for consume_1_or_2_with_dataset_expressions to None, run_after=None
[2024-11-26T11:25:50.106+0000] {logging_mixin.py:190} INFO - [2024-11-26T11:25:50.106+0000] {dag.py:4180} INFO - Setting next_dagrun for consume_1_or_both_2_and_3_with_dataset_expressions to None, run_after=None
[2024-11-26T11:25:50.107+0000] {logging_mixin.py:190} INFO - [2024-11-26T11:25:50.107+0000] {dag.py:4180} INFO - Setting next_dagrun for dataset_consumes_1 to None, run_after=None
[2024-11-26T11:25:50.109+0000] {logging_mixin.py:190} INFO - [2024-11-26T11:25:50.108+0000] {dag.py:4180} INFO - Setting next_dagrun for dataset_consumes_1_and_2 to None, run_after=None
[2024-11-26T11:25:50.110+0000] {logging_mixin.py:190} INFO - [2024-11-26T11:25:50.110+0000] {dag.py:4180} INFO - Setting next_dagrun for dataset_consumes_1_never_scheduled to None, run_after=None
[2024-11-26T11:25:50.111+0000] {logging_mixin.py:190} INFO - [2024-11-26T11:25:50.111+0000] {dag.py:4180} INFO - Setting next_dagrun for dataset_consumes_unknown_never_scheduled to None, run_after=None
[2024-11-26T11:25:50.112+0000] {logging_mixin.py:190} INFO - [2024-11-26T11:25:50.112+0000] {dag.py:4180} INFO - Setting next_dagrun for dataset_produces_1 to 2024-11-25 00:00:00+00:00, run_after=2024-11-26 00:00:00+00:00
[2024-11-26T11:25:50.114+0000] {logging_mixin.py:190} INFO - [2024-11-26T11:25:50.113+0000] {dag.py:4180} INFO - Setting next_dagrun for dataset_produces_2 to None, run_after=None
[2024-11-26T11:25:50.141+0000] {processor.py:208} INFO - Processing /home/airflow/.local/lib/python3.12/site-packages/airflow/example_dags/example_datasets.py took 0.648 seconds
[2024-11-26T11:26:20.509+0000] {processor.py:186} INFO - Started process (PID=162) to work on /home/airflow/.local/lib/python3.12/site-packages/airflow/example_dags/example_datasets.py
[2024-11-26T11:26:20.510+0000] {processor.py:914} INFO - Processing file /home/airflow/.local/lib/python3.12/site-packages/airflow/example_dags/example_datasets.py for tasks to queue
[2024-11-26T11:26:20.513+0000] {logging_mixin.py:190} INFO - [2024-11-26T11:26:20.512+0000] {dagbag.py:588} INFO - Filling up the DagBag from /home/airflow/.local/lib/python3.12/site-packages/airflow/example_dags/example_datasets.py
[2024-11-26T11:26:21.033+0000] {processor.py:925} INFO - DAG(s) 'conditional_dataset_and_time_based_timetable', 'consume_1_and_2_with_dataset_expressions', 'dataset_consumes_1', 'consume_1_or_2_with_dataset_expressions', 'dataset_produces_1', 'consume_1_or_both_2_and_3_with_dataset_expressions', 'dataset_consumes_1_and_2', 'dataset_produces_2', 'dataset_consumes_1_never_scheduled', 'dataset_consumes_unknown_never_scheduled' retrieved from /home/airflow/.local/lib/python3.12/site-packages/airflow/example_dags/example_datasets.py
[2024-11-26T11:26:21.065+0000] {logging_mixin.py:190} INFO - [2024-11-26T11:26:21.065+0000] {dag.py:3239} INFO - Sync 10 DAGs
[2024-11-26T11:26:21.090+0000] {logging_mixin.py:190} INFO - [2024-11-26T11:26:21.090+0000] {dag.py:4180} INFO - Setting next_dagrun for conditional_dataset_and_time_based_timetable to 2024-11-20 01:00:00+00:00, run_after=2024-11-20 01:00:00+00:00
[2024-11-26T11:26:21.094+0000] {logging_mixin.py:190} INFO - [2024-11-26T11:26:21.094+0000] {dag.py:4180} INFO - Setting next_dagrun for consume_1_and_2_with_dataset_expressions to None, run_after=None
[2024-11-26T11:26:21.095+0000] {logging_mixin.py:190} INFO - [2024-11-26T11:26:21.095+0000] {dag.py:4180} INFO - Setting next_dagrun for consume_1_or_2_with_dataset_expressions to None, run_after=None
[2024-11-26T11:26:21.097+0000] {logging_mixin.py:190} INFO - [2024-11-26T11:26:21.097+0000] {dag.py:4180} INFO - Setting next_dagrun for consume_1_or_both_2_and_3_with_dataset_expressions to None, run_after=None
[2024-11-26T11:26:21.098+0000] {logging_mixin.py:190} INFO - [2024-11-26T11:26:21.098+0000] {dag.py:4180} INFO - Setting next_dagrun for dataset_consumes_1 to None, run_after=None
[2024-11-26T11:26:21.099+0000] {logging_mixin.py:190} INFO - [2024-11-26T11:26:21.099+0000] {dag.py:4180} INFO - Setting next_dagrun for dataset_consumes_1_and_2 to None, run_after=None
[2024-11-26T11:26:21.100+0000] {logging_mixin.py:190} INFO - [2024-11-26T11:26:21.100+0000] {dag.py:4180} INFO - Setting next_dagrun for dataset_consumes_1_never_scheduled to None, run_after=None
[2024-11-26T11:26:21.101+0000] {logging_mixin.py:190} INFO - [2024-11-26T11:26:21.101+0000] {dag.py:4180} INFO - Setting next_dagrun for dataset_consumes_unknown_never_scheduled to None, run_after=None
[2024-11-26T11:26:21.103+0000] {logging_mixin.py:190} INFO - [2024-11-26T11:26:21.103+0000] {dag.py:4180} INFO - Setting next_dagrun for dataset_produces_1 to 2024-11-25 00:00:00+00:00, run_after=2024-11-26 00:00:00+00:00
[2024-11-26T11:26:21.105+0000] {logging_mixin.py:190} INFO - [2024-11-26T11:26:21.105+0000] {dag.py:4180} INFO - Setting next_dagrun for dataset_produces_2 to None, run_after=None
[2024-11-26T11:26:21.140+0000] {processor.py:208} INFO - Processing /home/airflow/.local/lib/python3.12/site-packages/airflow/example_dags/example_datasets.py took 0.636 seconds
[2024-11-26T11:26:51.661+0000] {processor.py:186} INFO - Started process (PID=225) to work on /home/airflow/.local/lib/python3.12/site-packages/airflow/example_dags/example_datasets.py
[2024-11-26T11:26:51.663+0000] {processor.py:914} INFO - Processing file /home/airflow/.local/lib/python3.12/site-packages/airflow/example_dags/example_datasets.py for tasks to queue
[2024-11-26T11:26:51.665+0000] {logging_mixin.py:190} INFO - [2024-11-26T11:26:51.665+0000] {dagbag.py:588} INFO - Filling up the DagBag from /home/airflow/.local/lib/python3.12/site-packages/airflow/example_dags/example_datasets.py
[2024-11-26T11:26:52.139+0000] {processor.py:925} INFO - DAG(s) 'consume_1_or_2_with_dataset_expressions', 'dataset_consumes_unknown_never_scheduled', 'dataset_produces_2', 'conditional_dataset_and_time_based_timetable', 'consume_1_or_both_2_and_3_with_dataset_expressions', 'consume_1_and_2_with_dataset_expressions', 'dataset_consumes_1_never_scheduled', 'dataset_consumes_1_and_2', 'dataset_consumes_1', 'dataset_produces_1' retrieved from /home/airflow/.local/lib/python3.12/site-packages/airflow/example_dags/example_datasets.py
[2024-11-26T11:26:52.200+0000] {logging_mixin.py:190} INFO - [2024-11-26T11:26:52.199+0000] {dag.py:3239} INFO - Sync 10 DAGs
[2024-11-26T11:26:52.232+0000] {logging_mixin.py:190} INFO - [2024-11-26T11:26:52.231+0000] {dag.py:4180} INFO - Setting next_dagrun for conditional_dataset_and_time_based_timetable to 2024-11-20 01:00:00+00:00, run_after=2024-11-20 01:00:00+00:00
[2024-11-26T11:26:52.243+0000] {logging_mixin.py:190} INFO - [2024-11-26T11:26:52.241+0000] {dag.py:4180} INFO - Setting next_dagrun for consume_1_and_2_with_dataset_expressions to None, run_after=None
[2024-11-26T11:26:52.248+0000] {logging_mixin.py:190} INFO - [2024-11-26T11:26:52.248+0000] {dag.py:4180} INFO - Setting next_dagrun for consume_1_or_2_with_dataset_expressions to None, run_after=None
[2024-11-26T11:26:52.251+0000] {logging_mixin.py:190} INFO - [2024-11-26T11:26:52.250+0000] {dag.py:4180} INFO - Setting next_dagrun for consume_1_or_both_2_and_3_with_dataset_expressions to None, run_after=None
[2024-11-26T11:26:52.253+0000] {logging_mixin.py:190} INFO - [2024-11-26T11:26:52.253+0000] {dag.py:4180} INFO - Setting next_dagrun for dataset_consumes_1 to None, run_after=None
[2024-11-26T11:26:52.256+0000] {logging_mixin.py:190} INFO - [2024-11-26T11:26:52.255+0000] {dag.py:4180} INFO - Setting next_dagrun for dataset_consumes_1_and_2 to None, run_after=None
[2024-11-26T11:26:52.258+0000] {logging_mixin.py:190} INFO - [2024-11-26T11:26:52.258+0000] {dag.py:4180} INFO - Setting next_dagrun for dataset_consumes_1_never_scheduled to None, run_after=None
[2024-11-26T11:26:52.261+0000] {logging_mixin.py:190} INFO - [2024-11-26T11:26:52.261+0000] {dag.py:4180} INFO - Setting next_dagrun for dataset_consumes_unknown_never_scheduled to None, run_after=None
[2024-11-26T11:26:52.267+0000] {logging_mixin.py:190} INFO - [2024-11-26T11:26:52.267+0000] {dag.py:4180} INFO - Setting next_dagrun for dataset_produces_1 to 2024-11-25 00:00:00+00:00, run_after=2024-11-26 00:00:00+00:00
[2024-11-26T11:26:52.270+0000] {logging_mixin.py:190} INFO - [2024-11-26T11:26:52.269+0000] {dag.py:4180} INFO - Setting next_dagrun for dataset_produces_2 to None, run_after=None
[2024-11-26T11:26:52.339+0000] {processor.py:208} INFO - Processing /home/airflow/.local/lib/python3.12/site-packages/airflow/example_dags/example_datasets.py took 0.683 seconds
[2024-11-26T11:27:22.983+0000] {processor.py:186} INFO - Started process (PID=288) to work on /home/airflow/.local/lib/python3.12/site-packages/airflow/example_dags/example_datasets.py
[2024-11-26T11:27:22.984+0000] {processor.py:914} INFO - Processing file /home/airflow/.local/lib/python3.12/site-packages/airflow/example_dags/example_datasets.py for tasks to queue
[2024-11-26T11:27:22.986+0000] {logging_mixin.py:190} INFO - [2024-11-26T11:27:22.986+0000] {dagbag.py:588} INFO - Filling up the DagBag from /home/airflow/.local/lib/python3.12/site-packages/airflow/example_dags/example_datasets.py
[2024-11-26T11:27:23.508+0000] {processor.py:925} INFO - DAG(s) 'dataset_consumes_1_and_2', 'consume_1_and_2_with_dataset_expressions', 'dataset_produces_1', 'dataset_produces_2', 'consume_1_or_2_with_dataset_expressions', 'dataset_consumes_unknown_never_scheduled', 'conditional_dataset_and_time_based_timetable', 'consume_1_or_both_2_and_3_with_dataset_expressions', 'dataset_consumes_1', 'dataset_consumes_1_never_scheduled' retrieved from /home/airflow/.local/lib/python3.12/site-packages/airflow/example_dags/example_datasets.py
[2024-11-26T11:27:23.539+0000] {logging_mixin.py:190} INFO - [2024-11-26T11:27:23.539+0000] {dag.py:3239} INFO - Sync 10 DAGs
[2024-11-26T11:27:23.556+0000] {logging_mixin.py:190} INFO - [2024-11-26T11:27:23.556+0000] {dag.py:4180} INFO - Setting next_dagrun for conditional_dataset_and_time_based_timetable to 2024-11-20 01:00:00+00:00, run_after=2024-11-20 01:00:00+00:00
[2024-11-26T11:27:23.559+0000] {logging_mixin.py:190} INFO - [2024-11-26T11:27:23.559+0000] {dag.py:4180} INFO - Setting next_dagrun for consume_1_and_2_with_dataset_expressions to None, run_after=None
[2024-11-26T11:27:23.561+0000] {logging_mixin.py:190} INFO - [2024-11-26T11:27:23.560+0000] {dag.py:4180} INFO - Setting next_dagrun for consume_1_or_2_with_dataset_expressions to None, run_after=None
[2024-11-26T11:27:23.562+0000] {logging_mixin.py:190} INFO - [2024-11-26T11:27:23.562+0000] {dag.py:4180} INFO - Setting next_dagrun for consume_1_or_both_2_and_3_with_dataset_expressions to None, run_after=None
[2024-11-26T11:27:23.564+0000] {logging_mixin.py:190} INFO - [2024-11-26T11:27:23.564+0000] {dag.py:4180} INFO - Setting next_dagrun for dataset_consumes_1 to None, run_after=None
[2024-11-26T11:27:23.565+0000] {logging_mixin.py:190} INFO - [2024-11-26T11:27:23.565+0000] {dag.py:4180} INFO - Setting next_dagrun for dataset_consumes_1_and_2 to None, run_after=None
[2024-11-26T11:27:23.566+0000] {logging_mixin.py:190} INFO - [2024-11-26T11:27:23.566+0000] {dag.py:4180} INFO - Setting next_dagrun for dataset_consumes_1_never_scheduled to None, run_after=None
[2024-11-26T11:27:23.568+0000] {logging_mixin.py:190} INFO - [2024-11-26T11:27:23.568+0000] {dag.py:4180} INFO - Setting next_dagrun for dataset_consumes_unknown_never_scheduled to None, run_after=None
[2024-11-26T11:27:23.570+0000] {logging_mixin.py:190} INFO - [2024-11-26T11:27:23.570+0000] {dag.py:4180} INFO - Setting next_dagrun for dataset_produces_1 to 2024-11-25 00:00:00+00:00, run_after=2024-11-26 00:00:00+00:00
[2024-11-26T11:27:23.571+0000] {logging_mixin.py:190} INFO - [2024-11-26T11:27:23.571+0000] {dag.py:4180} INFO - Setting next_dagrun for dataset_produces_2 to None, run_after=None
[2024-11-26T11:27:23.597+0000] {processor.py:208} INFO - Processing /home/airflow/.local/lib/python3.12/site-packages/airflow/example_dags/example_datasets.py took 0.618 seconds
[2024-11-26T11:27:53.731+0000] {processor.py:186} INFO - Started process (PID=350) to work on /home/airflow/.local/lib/python3.12/site-packages/airflow/example_dags/example_datasets.py
[2024-11-26T11:27:53.733+0000] {processor.py:914} INFO - Processing file /home/airflow/.local/lib/python3.12/site-packages/airflow/example_dags/example_datasets.py for tasks to queue
[2024-11-26T11:27:53.735+0000] {logging_mixin.py:190} INFO - [2024-11-26T11:27:53.735+0000] {dagbag.py:588} INFO - Filling up the DagBag from /home/airflow/.local/lib/python3.12/site-packages/airflow/example_dags/example_datasets.py
[2024-11-26T11:27:54.227+0000] {processor.py:925} INFO - DAG(s) 'dataset_consumes_1_and_2', 'dataset_produces_2', 'dataset_produces_1', 'dataset_consumes_unknown_never_scheduled', 'dataset_consumes_1', 'consume_1_or_2_with_dataset_expressions', 'conditional_dataset_and_time_based_timetable', 'consume_1_and_2_with_dataset_expressions', 'consume_1_or_both_2_and_3_with_dataset_expressions', 'dataset_consumes_1_never_scheduled' retrieved from /home/airflow/.local/lib/python3.12/site-packages/airflow/example_dags/example_datasets.py
[2024-11-26T11:27:54.259+0000] {logging_mixin.py:190} INFO - [2024-11-26T11:27:54.259+0000] {dag.py:3239} INFO - Sync 10 DAGs
[2024-11-26T11:27:54.276+0000] {logging_mixin.py:190} INFO - [2024-11-26T11:27:54.276+0000] {dag.py:4180} INFO - Setting next_dagrun for conditional_dataset_and_time_based_timetable to 2024-11-20 01:00:00+00:00, run_after=2024-11-20 01:00:00+00:00
[2024-11-26T11:27:54.279+0000] {logging_mixin.py:190} INFO - [2024-11-26T11:27:54.278+0000] {dag.py:4180} INFO - Setting next_dagrun for consume_1_and_2_with_dataset_expressions to None, run_after=None
[2024-11-26T11:27:54.280+0000] {logging_mixin.py:190} INFO - [2024-11-26T11:27:54.280+0000] {dag.py:4180} INFO - Setting next_dagrun for consume_1_or_2_with_dataset_expressions to None, run_after=None
[2024-11-26T11:27:54.281+0000] {logging_mixin.py:190} INFO - [2024-11-26T11:27:54.281+0000] {dag.py:4180} INFO - Setting next_dagrun for consume_1_or_both_2_and_3_with_dataset_expressions to None, run_after=None
[2024-11-26T11:27:54.282+0000] {logging_mixin.py:190} INFO - [2024-11-26T11:27:54.282+0000] {dag.py:4180} INFO - Setting next_dagrun for dataset_consumes_1 to None, run_after=None
[2024-11-26T11:27:54.283+0000] {logging_mixin.py:190} INFO - [2024-11-26T11:27:54.283+0000] {dag.py:4180} INFO - Setting next_dagrun for dataset_consumes_1_and_2 to None, run_after=None
[2024-11-26T11:27:54.284+0000] {logging_mixin.py:190} INFO - [2024-11-26T11:27:54.284+0000] {dag.py:4180} INFO - Setting next_dagrun for dataset_consumes_1_never_scheduled to None, run_after=None
[2024-11-26T11:27:54.285+0000] {logging_mixin.py:190} INFO - [2024-11-26T11:27:54.285+0000] {dag.py:4180} INFO - Setting next_dagrun for dataset_consumes_unknown_never_scheduled to None, run_after=None
[2024-11-26T11:27:54.287+0000] {logging_mixin.py:190} INFO - [2024-11-26T11:27:54.286+0000] {dag.py:4180} INFO - Setting next_dagrun for dataset_produces_1 to 2024-11-25 00:00:00+00:00, run_after=2024-11-26 00:00:00+00:00
[2024-11-26T11:27:54.288+0000] {logging_mixin.py:190} INFO - [2024-11-26T11:27:54.287+0000] {dag.py:4180} INFO - Setting next_dagrun for dataset_produces_2 to None, run_after=None
[2024-11-26T11:27:54.314+0000] {processor.py:208} INFO - Processing /home/airflow/.local/lib/python3.12/site-packages/airflow/example_dags/example_datasets.py took 0.590 seconds
[2024-11-26T11:28:24.948+0000] {processor.py:186} INFO - Started process (PID=413) to work on /home/airflow/.local/lib/python3.12/site-packages/airflow/example_dags/example_datasets.py
[2024-11-26T11:28:24.949+0000] {processor.py:914} INFO - Processing file /home/airflow/.local/lib/python3.12/site-packages/airflow/example_dags/example_datasets.py for tasks to queue
[2024-11-26T11:28:24.951+0000] {logging_mixin.py:190} INFO - [2024-11-26T11:28:24.951+0000] {dagbag.py:588} INFO - Filling up the DagBag from /home/airflow/.local/lib/python3.12/site-packages/airflow/example_dags/example_datasets.py
[2024-11-26T11:28:25.468+0000] {processor.py:925} INFO - DAG(s) 'dataset_consumes_1_and_2', 'dataset_consumes_1', 'dataset_produces_2', 'dataset_consumes_unknown_never_scheduled', 'consume_1_and_2_with_dataset_expressions', 'consume_1_or_2_with_dataset_expressions', 'conditional_dataset_and_time_based_timetable', 'dataset_consumes_1_never_scheduled', 'dataset_produces_1', 'consume_1_or_both_2_and_3_with_dataset_expressions' retrieved from /home/airflow/.local/lib/python3.12/site-packages/airflow/example_dags/example_datasets.py
[2024-11-26T11:28:25.510+0000] {logging_mixin.py:190} INFO - [2024-11-26T11:28:25.509+0000] {dag.py:3239} INFO - Sync 10 DAGs
[2024-11-26T11:28:25.529+0000] {logging_mixin.py:190} INFO - [2024-11-26T11:28:25.529+0000] {dag.py:4180} INFO - Setting next_dagrun for conditional_dataset_and_time_based_timetable to 2024-11-20 01:00:00+00:00, run_after=2024-11-20 01:00:00+00:00
[2024-11-26T11:28:25.532+0000] {logging_mixin.py:190} INFO - [2024-11-26T11:28:25.531+0000] {dag.py:4180} INFO - Setting next_dagrun for consume_1_and_2_with_dataset_expressions to None, run_after=None
[2024-11-26T11:28:25.533+0000] {logging_mixin.py:190} INFO - [2024-11-26T11:28:25.533+0000] {dag.py:4180} INFO - Setting next_dagrun for consume_1_or_2_with_dataset_expressions to None, run_after=None
[2024-11-26T11:28:25.534+0000] {logging_mixin.py:190} INFO - [2024-11-26T11:28:25.534+0000] {dag.py:4180} INFO - Setting next_dagrun for consume_1_or_both_2_and_3_with_dataset_expressions to None, run_after=None
[2024-11-26T11:28:25.535+0000] {logging_mixin.py:190} INFO - [2024-11-26T11:28:25.535+0000] {dag.py:4180} INFO - Setting next_dagrun for dataset_consumes_1 to None, run_after=None
[2024-11-26T11:28:25.536+0000] {logging_mixin.py:190} INFO - [2024-11-26T11:28:25.536+0000] {dag.py:4180} INFO - Setting next_dagrun for dataset_consumes_1_and_2 to None, run_after=None
[2024-11-26T11:28:25.537+0000] {logging_mixin.py:190} INFO - [2024-11-26T11:28:25.537+0000] {dag.py:4180} INFO - Setting next_dagrun for dataset_consumes_1_never_scheduled to None, run_after=None
[2024-11-26T11:28:25.538+0000] {logging_mixin.py:190} INFO - [2024-11-26T11:28:25.538+0000] {dag.py:4180} INFO - Setting next_dagrun for dataset_consumes_unknown_never_scheduled to None, run_after=None
[2024-11-26T11:28:25.540+0000] {logging_mixin.py:190} INFO - [2024-11-26T11:28:25.540+0000] {dag.py:4180} INFO - Setting next_dagrun for dataset_produces_1 to 2024-11-25 00:00:00+00:00, run_after=2024-11-26 00:00:00+00:00
[2024-11-26T11:28:25.541+0000] {logging_mixin.py:190} INFO - [2024-11-26T11:28:25.540+0000] {dag.py:4180} INFO - Setting next_dagrun for dataset_produces_2 to None, run_after=None
[2024-11-26T11:28:25.568+0000] {processor.py:208} INFO - Processing /home/airflow/.local/lib/python3.12/site-packages/airflow/example_dags/example_datasets.py took 0.624 seconds
[2024-11-26T11:28:56.077+0000] {processor.py:186} INFO - Started process (PID=476) to work on /home/airflow/.local/lib/python3.12/site-packages/airflow/example_dags/example_datasets.py
[2024-11-26T11:28:56.078+0000] {processor.py:914} INFO - Processing file /home/airflow/.local/lib/python3.12/site-packages/airflow/example_dags/example_datasets.py for tasks to queue
[2024-11-26T11:28:56.080+0000] {logging_mixin.py:190} INFO - [2024-11-26T11:28:56.080+0000] {dagbag.py:588} INFO - Filling up the DagBag from /home/airflow/.local/lib/python3.12/site-packages/airflow/example_dags/example_datasets.py
[2024-11-26T11:28:56.567+0000] {processor.py:925} INFO - DAG(s) 'consume_1_or_2_with_dataset_expressions', 'consume_1_and_2_with_dataset_expressions', 'conditional_dataset_and_time_based_timetable', 'dataset_consumes_1_never_scheduled', 'dataset_produces_2', 'dataset_produces_1', 'dataset_consumes_1', 'dataset_consumes_unknown_never_scheduled', 'consume_1_or_both_2_and_3_with_dataset_expressions', 'dataset_consumes_1_and_2' retrieved from /home/airflow/.local/lib/python3.12/site-packages/airflow/example_dags/example_datasets.py
[2024-11-26T11:28:56.605+0000] {logging_mixin.py:190} INFO - [2024-11-26T11:28:56.605+0000] {dag.py:3239} INFO - Sync 10 DAGs
[2024-11-26T11:28:56.626+0000] {logging_mixin.py:190} INFO - [2024-11-26T11:28:56.626+0000] {dag.py:4180} INFO - Setting next_dagrun for conditional_dataset_and_time_based_timetable to 2024-11-20 01:00:00+00:00, run_after=2024-11-20 01:00:00+00:00
[2024-11-26T11:28:56.629+0000] {logging_mixin.py:190} INFO - [2024-11-26T11:28:56.629+0000] {dag.py:4180} INFO - Setting next_dagrun for consume_1_and_2_with_dataset_expressions to None, run_after=None
[2024-11-26T11:28:56.631+0000] {logging_mixin.py:190} INFO - [2024-11-26T11:28:56.631+0000] {dag.py:4180} INFO - Setting next_dagrun for consume_1_or_2_with_dataset_expressions to None, run_after=None
[2024-11-26T11:28:56.632+0000] {logging_mixin.py:190} INFO - [2024-11-26T11:28:56.632+0000] {dag.py:4180} INFO - Setting next_dagrun for consume_1_or_both_2_and_3_with_dataset_expressions to None, run_after=None
[2024-11-26T11:28:56.633+0000] {logging_mixin.py:190} INFO - [2024-11-26T11:28:56.633+0000] {dag.py:4180} INFO - Setting next_dagrun for dataset_consumes_1 to None, run_after=None
[2024-11-26T11:28:56.634+0000] {logging_mixin.py:190} INFO - [2024-11-26T11:28:56.634+0000] {dag.py:4180} INFO - Setting next_dagrun for dataset_consumes_1_and_2 to None, run_after=None
[2024-11-26T11:28:56.635+0000] {logging_mixin.py:190} INFO - [2024-11-26T11:28:56.635+0000] {dag.py:4180} INFO - Setting next_dagrun for dataset_consumes_1_never_scheduled to None, run_after=None
[2024-11-26T11:28:56.637+0000] {logging_mixin.py:190} INFO - [2024-11-26T11:28:56.636+0000] {dag.py:4180} INFO - Setting next_dagrun for dataset_consumes_unknown_never_scheduled to None, run_after=None
[2024-11-26T11:28:56.639+0000] {logging_mixin.py:190} INFO - [2024-11-26T11:28:56.639+0000] {dag.py:4180} INFO - Setting next_dagrun for dataset_produces_1 to 2024-11-25 00:00:00+00:00, run_after=2024-11-26 00:00:00+00:00
[2024-11-26T11:28:56.641+0000] {logging_mixin.py:190} INFO - [2024-11-26T11:28:56.641+0000] {dag.py:4180} INFO - Setting next_dagrun for dataset_produces_2 to None, run_after=None
[2024-11-26T11:28:56.670+0000] {processor.py:208} INFO - Processing /home/airflow/.local/lib/python3.12/site-packages/airflow/example_dags/example_datasets.py took 0.604 seconds
[2024-11-26T11:31:22.354+0000] {processor.py:186} INFO - Started process (PID=105) to work on /home/airflow/.local/lib/python3.12/site-packages/airflow/example_dags/example_datasets.py
[2024-11-26T11:31:22.355+0000] {processor.py:914} INFO - Processing file /home/airflow/.local/lib/python3.12/site-packages/airflow/example_dags/example_datasets.py for tasks to queue
[2024-11-26T11:31:22.357+0000] {logging_mixin.py:190} INFO - [2024-11-26T11:31:22.357+0000] {dagbag.py:588} INFO - Filling up the DagBag from /home/airflow/.local/lib/python3.12/site-packages/airflow/example_dags/example_datasets.py
[2024-11-26T11:31:22.839+0000] {processor.py:925} INFO - DAG(s) 'consume_1_or_both_2_and_3_with_dataset_expressions', 'consume_1_and_2_with_dataset_expressions', 'conditional_dataset_and_time_based_timetable', 'dataset_produces_1', 'consume_1_or_2_with_dataset_expressions', 'dataset_consumes_1_never_scheduled', 'dataset_consumes_1_and_2', 'dataset_consumes_unknown_never_scheduled', 'dataset_produces_2', 'dataset_consumes_1' retrieved from /home/airflow/.local/lib/python3.12/site-packages/airflow/example_dags/example_datasets.py
[2024-11-26T11:31:22.876+0000] {logging_mixin.py:190} INFO - [2024-11-26T11:31:22.875+0000] {dag.py:3239} INFO - Sync 10 DAGs
[2024-11-26T11:31:22.895+0000] {logging_mixin.py:190} INFO - [2024-11-26T11:31:22.894+0000] {dag.py:4180} INFO - Setting next_dagrun for conditional_dataset_and_time_based_timetable to 2024-11-20 01:00:00+00:00, run_after=2024-11-20 01:00:00+00:00
[2024-11-26T11:31:22.898+0000] {logging_mixin.py:190} INFO - [2024-11-26T11:31:22.898+0000] {dag.py:4180} INFO - Setting next_dagrun for consume_1_and_2_with_dataset_expressions to None, run_after=None
[2024-11-26T11:31:22.899+0000] {logging_mixin.py:190} INFO - [2024-11-26T11:31:22.899+0000] {dag.py:4180} INFO - Setting next_dagrun for consume_1_or_2_with_dataset_expressions to None, run_after=None
[2024-11-26T11:31:22.901+0000] {logging_mixin.py:190} INFO - [2024-11-26T11:31:22.901+0000] {dag.py:4180} INFO - Setting next_dagrun for consume_1_or_both_2_and_3_with_dataset_expressions to None, run_after=None
[2024-11-26T11:31:22.902+0000] {logging_mixin.py:190} INFO - [2024-11-26T11:31:22.902+0000] {dag.py:4180} INFO - Setting next_dagrun for dataset_consumes_1 to None, run_after=None
[2024-11-26T11:31:22.903+0000] {logging_mixin.py:190} INFO - [2024-11-26T11:31:22.903+0000] {dag.py:4180} INFO - Setting next_dagrun for dataset_consumes_1_and_2 to None, run_after=None
[2024-11-26T11:31:22.904+0000] {logging_mixin.py:190} INFO - [2024-11-26T11:31:22.904+0000] {dag.py:4180} INFO - Setting next_dagrun for dataset_consumes_1_never_scheduled to None, run_after=None
[2024-11-26T11:31:22.905+0000] {logging_mixin.py:190} INFO - [2024-11-26T11:31:22.905+0000] {dag.py:4180} INFO - Setting next_dagrun for dataset_consumes_unknown_never_scheduled to None, run_after=None
[2024-11-26T11:31:22.907+0000] {logging_mixin.py:190} INFO - [2024-11-26T11:31:22.907+0000] {dag.py:4180} INFO - Setting next_dagrun for dataset_produces_1 to 2024-11-25 00:00:00+00:00, run_after=2024-11-26 00:00:00+00:00
[2024-11-26T11:31:22.908+0000] {logging_mixin.py:190} INFO - [2024-11-26T11:31:22.908+0000] {dag.py:4180} INFO - Setting next_dagrun for dataset_produces_2 to None, run_after=None
[2024-11-26T11:31:22.935+0000] {processor.py:208} INFO - Processing /home/airflow/.local/lib/python3.12/site-packages/airflow/example_dags/example_datasets.py took 0.586 seconds
[2024-11-26T11:31:53.450+0000] {processor.py:186} INFO - Started process (PID=168) to work on /home/airflow/.local/lib/python3.12/site-packages/airflow/example_dags/example_datasets.py
[2024-11-26T11:31:53.451+0000] {processor.py:914} INFO - Processing file /home/airflow/.local/lib/python3.12/site-packages/airflow/example_dags/example_datasets.py for tasks to queue
[2024-11-26T11:31:53.453+0000] {logging_mixin.py:190} INFO - [2024-11-26T11:31:53.453+0000] {dagbag.py:588} INFO - Filling up the DagBag from /home/airflow/.local/lib/python3.12/site-packages/airflow/example_dags/example_datasets.py
[2024-11-26T11:31:54.060+0000] {processor.py:925} INFO - DAG(s) 'consume_1_or_both_2_and_3_with_dataset_expressions', 'consume_1_and_2_with_dataset_expressions', 'dataset_consumes_1_and_2', 'dataset_consumes_unknown_never_scheduled', 'conditional_dataset_and_time_based_timetable', 'dataset_produces_1', 'dataset_consumes_1', 'consume_1_or_2_with_dataset_expressions', 'dataset_consumes_1_never_scheduled', 'dataset_produces_2' retrieved from /home/airflow/.local/lib/python3.12/site-packages/airflow/example_dags/example_datasets.py
[2024-11-26T11:31:54.105+0000] {logging_mixin.py:190} INFO - [2024-11-26T11:31:54.105+0000] {dag.py:3239} INFO - Sync 10 DAGs
[2024-11-26T11:31:54.125+0000] {logging_mixin.py:190} INFO - [2024-11-26T11:31:54.125+0000] {dag.py:4180} INFO - Setting next_dagrun for conditional_dataset_and_time_based_timetable to 2024-11-20 01:00:00+00:00, run_after=2024-11-20 01:00:00+00:00
[2024-11-26T11:31:54.129+0000] {logging_mixin.py:190} INFO - [2024-11-26T11:31:54.129+0000] {dag.py:4180} INFO - Setting next_dagrun for consume_1_and_2_with_dataset_expressions to None, run_after=None
[2024-11-26T11:31:54.131+0000] {logging_mixin.py:190} INFO - [2024-11-26T11:31:54.130+0000] {dag.py:4180} INFO - Setting next_dagrun for consume_1_or_2_with_dataset_expressions to None, run_after=None
[2024-11-26T11:31:54.132+0000] {logging_mixin.py:190} INFO - [2024-11-26T11:31:54.132+0000] {dag.py:4180} INFO - Setting next_dagrun for consume_1_or_both_2_and_3_with_dataset_expressions to None, run_after=None
[2024-11-26T11:31:54.133+0000] {logging_mixin.py:190} INFO - [2024-11-26T11:31:54.133+0000] {dag.py:4180} INFO - Setting next_dagrun for dataset_consumes_1 to None, run_after=None
[2024-11-26T11:31:54.134+0000] {logging_mixin.py:190} INFO - [2024-11-26T11:31:54.134+0000] {dag.py:4180} INFO - Setting next_dagrun for dataset_consumes_1_and_2 to None, run_after=None
[2024-11-26T11:31:54.136+0000] {logging_mixin.py:190} INFO - [2024-11-26T11:31:54.136+0000] {dag.py:4180} INFO - Setting next_dagrun for dataset_consumes_1_never_scheduled to None, run_after=None
[2024-11-26T11:31:54.138+0000] {logging_mixin.py:190} INFO - [2024-11-26T11:31:54.138+0000] {dag.py:4180} INFO - Setting next_dagrun for dataset_consumes_unknown_never_scheduled to None, run_after=None
[2024-11-26T11:31:54.140+0000] {logging_mixin.py:190} INFO - [2024-11-26T11:31:54.140+0000] {dag.py:4180} INFO - Setting next_dagrun for dataset_produces_1 to 2024-11-25 00:00:00+00:00, run_after=2024-11-26 00:00:00+00:00
[2024-11-26T11:31:54.141+0000] {logging_mixin.py:190} INFO - [2024-11-26T11:31:54.141+0000] {dag.py:4180} INFO - Setting next_dagrun for dataset_produces_2 to None, run_after=None
[2024-11-26T11:31:54.165+0000] {processor.py:208} INFO - Processing /home/airflow/.local/lib/python3.12/site-packages/airflow/example_dags/example_datasets.py took 0.720 seconds
[2024-11-26T11:32:24.240+0000] {processor.py:186} INFO - Started process (PID=231) to work on /home/airflow/.local/lib/python3.12/site-packages/airflow/example_dags/example_datasets.py
[2024-11-26T11:32:24.241+0000] {processor.py:914} INFO - Processing file /home/airflow/.local/lib/python3.12/site-packages/airflow/example_dags/example_datasets.py for tasks to queue
[2024-11-26T11:32:24.243+0000] {logging_mixin.py:190} INFO - [2024-11-26T11:32:24.243+0000] {dagbag.py:588} INFO - Filling up the DagBag from /home/airflow/.local/lib/python3.12/site-packages/airflow/example_dags/example_datasets.py
[2024-11-26T11:32:24.743+0000] {processor.py:925} INFO - DAG(s) 'consume_1_and_2_with_dataset_expressions', 'dataset_consumes_1_never_scheduled', 'conditional_dataset_and_time_based_timetable', 'dataset_consumes_1', 'dataset_consumes_1_and_2', 'dataset_produces_2', 'dataset_consumes_unknown_never_scheduled', 'consume_1_or_both_2_and_3_with_dataset_expressions', 'dataset_produces_1', 'consume_1_or_2_with_dataset_expressions' retrieved from /home/airflow/.local/lib/python3.12/site-packages/airflow/example_dags/example_datasets.py
[2024-11-26T11:32:24.788+0000] {logging_mixin.py:190} INFO - [2024-11-26T11:32:24.788+0000] {dag.py:3239} INFO - Sync 10 DAGs
[2024-11-26T11:32:24.876+0000] {logging_mixin.py:190} INFO - [2024-11-26T11:32:24.876+0000] {dag.py:4180} INFO - Setting next_dagrun for conditional_dataset_and_time_based_timetable to 2024-11-20 01:00:00+00:00, run_after=2024-11-20 01:00:00+00:00
[2024-11-26T11:32:24.891+0000] {logging_mixin.py:190} INFO - [2024-11-26T11:32:24.890+0000] {dag.py:4180} INFO - Setting next_dagrun for consume_1_and_2_with_dataset_expressions to None, run_after=None
[2024-11-26T11:32:24.893+0000] {logging_mixin.py:190} INFO - [2024-11-26T11:32:24.893+0000] {dag.py:4180} INFO - Setting next_dagrun for consume_1_or_2_with_dataset_expressions to None, run_after=None
[2024-11-26T11:32:24.897+0000] {logging_mixin.py:190} INFO - [2024-11-26T11:32:24.896+0000] {dag.py:4180} INFO - Setting next_dagrun for consume_1_or_both_2_and_3_with_dataset_expressions to None, run_after=None
[2024-11-26T11:32:24.899+0000] {logging_mixin.py:190} INFO - [2024-11-26T11:32:24.898+0000] {dag.py:4180} INFO - Setting next_dagrun for dataset_consumes_1 to None, run_after=None
[2024-11-26T11:32:24.900+0000] {logging_mixin.py:190} INFO - [2024-11-26T11:32:24.900+0000] {dag.py:4180} INFO - Setting next_dagrun for dataset_consumes_1_and_2 to None, run_after=None
[2024-11-26T11:32:24.904+0000] {logging_mixin.py:190} INFO - [2024-11-26T11:32:24.903+0000] {dag.py:4180} INFO - Setting next_dagrun for dataset_consumes_1_never_scheduled to None, run_after=None
[2024-11-26T11:32:24.905+0000] {logging_mixin.py:190} INFO - [2024-11-26T11:32:24.905+0000] {dag.py:4180} INFO - Setting next_dagrun for dataset_consumes_unknown_never_scheduled to None, run_after=None
[2024-11-26T11:32:24.907+0000] {logging_mixin.py:190} INFO - [2024-11-26T11:32:24.907+0000] {dag.py:4180} INFO - Setting next_dagrun for dataset_produces_1 to 2024-11-25 00:00:00+00:00, run_after=2024-11-26 00:00:00+00:00
[2024-11-26T11:32:24.909+0000] {logging_mixin.py:190} INFO - [2024-11-26T11:32:24.909+0000] {dag.py:4180} INFO - Setting next_dagrun for dataset_produces_2 to None, run_after=None
[2024-11-26T11:32:24.947+0000] {processor.py:208} INFO - Processing /home/airflow/.local/lib/python3.12/site-packages/airflow/example_dags/example_datasets.py took 0.712 seconds
[2024-11-26T11:32:55.615+0000] {processor.py:186} INFO - Started process (PID=294) to work on /home/airflow/.local/lib/python3.12/site-packages/airflow/example_dags/example_datasets.py
[2024-11-26T11:32:55.622+0000] {processor.py:914} INFO - Processing file /home/airflow/.local/lib/python3.12/site-packages/airflow/example_dags/example_datasets.py for tasks to queue
[2024-11-26T11:32:55.624+0000] {logging_mixin.py:190} INFO - [2024-11-26T11:32:55.624+0000] {dagbag.py:588} INFO - Filling up the DagBag from /home/airflow/.local/lib/python3.12/site-packages/airflow/example_dags/example_datasets.py
[2024-11-26T11:32:56.132+0000] {processor.py:925} INFO - DAG(s) 'dataset_produces_1', 'dataset_consumes_1', 'dataset_consumes_unknown_never_scheduled', 'dataset_produces_2', 'consume_1_or_2_with_dataset_expressions', 'conditional_dataset_and_time_based_timetable', 'consume_1_or_both_2_and_3_with_dataset_expressions', 'dataset_consumes_1_never_scheduled', 'dataset_consumes_1_and_2', 'consume_1_and_2_with_dataset_expressions' retrieved from /home/airflow/.local/lib/python3.12/site-packages/airflow/example_dags/example_datasets.py
[2024-11-26T11:32:56.172+0000] {logging_mixin.py:190} INFO - [2024-11-26T11:32:56.172+0000] {dag.py:3239} INFO - Sync 10 DAGs
[2024-11-26T11:32:56.192+0000] {logging_mixin.py:190} INFO - [2024-11-26T11:32:56.192+0000] {dag.py:4180} INFO - Setting next_dagrun for conditional_dataset_and_time_based_timetable to 2024-11-20 01:00:00+00:00, run_after=2024-11-20 01:00:00+00:00
[2024-11-26T11:32:56.196+0000] {logging_mixin.py:190} INFO - [2024-11-26T11:32:56.195+0000] {dag.py:4180} INFO - Setting next_dagrun for consume_1_and_2_with_dataset_expressions to None, run_after=None
[2024-11-26T11:32:56.197+0000] {logging_mixin.py:190} INFO - [2024-11-26T11:32:56.197+0000] {dag.py:4180} INFO - Setting next_dagrun for consume_1_or_2_with_dataset_expressions to None, run_after=None
[2024-11-26T11:32:56.199+0000] {logging_mixin.py:190} INFO - [2024-11-26T11:32:56.199+0000] {dag.py:4180} INFO - Setting next_dagrun for consume_1_or_both_2_and_3_with_dataset_expressions to None, run_after=None
[2024-11-26T11:32:56.213+0000] {logging_mixin.py:190} INFO - [2024-11-26T11:32:56.213+0000] {dag.py:4180} INFO - Setting next_dagrun for dataset_consumes_1 to None, run_after=None
[2024-11-26T11:32:56.217+0000] {logging_mixin.py:190} INFO - [2024-11-26T11:32:56.217+0000] {dag.py:4180} INFO - Setting next_dagrun for dataset_consumes_1_and_2 to None, run_after=None
[2024-11-26T11:32:56.219+0000] {logging_mixin.py:190} INFO - [2024-11-26T11:32:56.219+0000] {dag.py:4180} INFO - Setting next_dagrun for dataset_consumes_1_never_scheduled to None, run_after=None
[2024-11-26T11:32:56.221+0000] {logging_mixin.py:190} INFO - [2024-11-26T11:32:56.221+0000] {dag.py:4180} INFO - Setting next_dagrun for dataset_consumes_unknown_never_scheduled to None, run_after=None
[2024-11-26T11:32:56.223+0000] {logging_mixin.py:190} INFO - [2024-11-26T11:32:56.222+0000] {dag.py:4180} INFO - Setting next_dagrun for dataset_produces_1 to 2024-11-25 00:00:00+00:00, run_after=2024-11-26 00:00:00+00:00
[2024-11-26T11:32:56.224+0000] {logging_mixin.py:190} INFO - [2024-11-26T11:32:56.224+0000] {dag.py:4180} INFO - Setting next_dagrun for dataset_produces_2 to None, run_after=None
[2024-11-26T11:32:56.261+0000] {processor.py:208} INFO - Processing /home/airflow/.local/lib/python3.12/site-packages/airflow/example_dags/example_datasets.py took 0.652 seconds
[2024-11-26T11:33:26.808+0000] {processor.py:186} INFO - Started process (PID=357) to work on /home/airflow/.local/lib/python3.12/site-packages/airflow/example_dags/example_datasets.py
[2024-11-26T11:33:26.810+0000] {processor.py:914} INFO - Processing file /home/airflow/.local/lib/python3.12/site-packages/airflow/example_dags/example_datasets.py for tasks to queue
[2024-11-26T11:33:26.812+0000] {logging_mixin.py:190} INFO - [2024-11-26T11:33:26.812+0000] {dagbag.py:588} INFO - Filling up the DagBag from /home/airflow/.local/lib/python3.12/site-packages/airflow/example_dags/example_datasets.py
[2024-11-26T11:33:27.309+0000] {processor.py:925} INFO - DAG(s) 'dataset_consumes_1_and_2', 'consume_1_or_both_2_and_3_with_dataset_expressions', 'dataset_produces_2', 'dataset_produces_1', 'consume_1_and_2_with_dataset_expressions', 'dataset_consumes_1', 'dataset_consumes_unknown_never_scheduled', 'conditional_dataset_and_time_based_timetable', 'dataset_consumes_1_never_scheduled', 'consume_1_or_2_with_dataset_expressions' retrieved from /home/airflow/.local/lib/python3.12/site-packages/airflow/example_dags/example_datasets.py
[2024-11-26T11:33:27.349+0000] {logging_mixin.py:190} INFO - [2024-11-26T11:33:27.348+0000] {dag.py:3239} INFO - Sync 10 DAGs
[2024-11-26T11:33:27.366+0000] {logging_mixin.py:190} INFO - [2024-11-26T11:33:27.366+0000] {dag.py:4180} INFO - Setting next_dagrun for conditional_dataset_and_time_based_timetable to 2024-11-20 01:00:00+00:00, run_after=2024-11-20 01:00:00+00:00
[2024-11-26T11:33:27.369+0000] {logging_mixin.py:190} INFO - [2024-11-26T11:33:27.369+0000] {dag.py:4180} INFO - Setting next_dagrun for consume_1_and_2_with_dataset_expressions to None, run_after=None
[2024-11-26T11:33:27.370+0000] {logging_mixin.py:190} INFO - [2024-11-26T11:33:27.370+0000] {dag.py:4180} INFO - Setting next_dagrun for consume_1_or_2_with_dataset_expressions to None, run_after=None
[2024-11-26T11:33:27.371+0000] {logging_mixin.py:190} INFO - [2024-11-26T11:33:27.371+0000] {dag.py:4180} INFO - Setting next_dagrun for consume_1_or_both_2_and_3_with_dataset_expressions to None, run_after=None
[2024-11-26T11:33:27.372+0000] {logging_mixin.py:190} INFO - [2024-11-26T11:33:27.372+0000] {dag.py:4180} INFO - Setting next_dagrun for dataset_consumes_1 to None, run_after=None
[2024-11-26T11:33:27.373+0000] {logging_mixin.py:190} INFO - [2024-11-26T11:33:27.373+0000] {dag.py:4180} INFO - Setting next_dagrun for dataset_consumes_1_and_2 to None, run_after=None
[2024-11-26T11:33:27.374+0000] {logging_mixin.py:190} INFO - [2024-11-26T11:33:27.374+0000] {dag.py:4180} INFO - Setting next_dagrun for dataset_consumes_1_never_scheduled to None, run_after=None
[2024-11-26T11:33:27.375+0000] {logging_mixin.py:190} INFO - [2024-11-26T11:33:27.375+0000] {dag.py:4180} INFO - Setting next_dagrun for dataset_consumes_unknown_never_scheduled to None, run_after=None
[2024-11-26T11:33:27.377+0000] {logging_mixin.py:190} INFO - [2024-11-26T11:33:27.376+0000] {dag.py:4180} INFO - Setting next_dagrun for dataset_produces_1 to 2024-11-25 00:00:00+00:00, run_after=2024-11-26 00:00:00+00:00
[2024-11-26T11:33:27.378+0000] {logging_mixin.py:190} INFO - [2024-11-26T11:33:27.378+0000] {dag.py:4180} INFO - Setting next_dagrun for dataset_produces_2 to None, run_after=None
[2024-11-26T11:33:27.405+0000] {processor.py:208} INFO - Processing /home/airflow/.local/lib/python3.12/site-packages/airflow/example_dags/example_datasets.py took 0.602 seconds
[2024-11-26T11:33:57.639+0000] {processor.py:186} INFO - Started process (PID=424) to work on /home/airflow/.local/lib/python3.12/site-packages/airflow/example_dags/example_datasets.py
[2024-11-26T11:33:57.640+0000] {processor.py:914} INFO - Processing file /home/airflow/.local/lib/python3.12/site-packages/airflow/example_dags/example_datasets.py for tasks to queue
[2024-11-26T11:33:57.642+0000] {logging_mixin.py:190} INFO - [2024-11-26T11:33:57.642+0000] {dagbag.py:588} INFO - Filling up the DagBag from /home/airflow/.local/lib/python3.12/site-packages/airflow/example_dags/example_datasets.py
[2024-11-26T11:33:58.186+0000] {processor.py:925} INFO - DAG(s) 'consume_1_or_2_with_dataset_expressions', 'dataset_consumes_1', 'dataset_consumes_1_and_2', 'consume_1_and_2_with_dataset_expressions', 'dataset_produces_1', 'conditional_dataset_and_time_based_timetable', 'dataset_consumes_1_never_scheduled', 'dataset_consumes_unknown_never_scheduled', 'dataset_produces_2', 'consume_1_or_both_2_and_3_with_dataset_expressions' retrieved from /home/airflow/.local/lib/python3.12/site-packages/airflow/example_dags/example_datasets.py
[2024-11-26T11:33:58.233+0000] {logging_mixin.py:190} INFO - [2024-11-26T11:33:58.232+0000] {dag.py:3239} INFO - Sync 10 DAGs
[2024-11-26T11:33:58.256+0000] {logging_mixin.py:190} INFO - [2024-11-26T11:33:58.256+0000] {dag.py:4180} INFO - Setting next_dagrun for conditional_dataset_and_time_based_timetable to 2024-11-20 01:00:00+00:00, run_after=2024-11-20 01:00:00+00:00
[2024-11-26T11:33:58.260+0000] {logging_mixin.py:190} INFO - [2024-11-26T11:33:58.260+0000] {dag.py:4180} INFO - Setting next_dagrun for consume_1_and_2_with_dataset_expressions to None, run_after=None
[2024-11-26T11:33:58.261+0000] {logging_mixin.py:190} INFO - [2024-11-26T11:33:58.261+0000] {dag.py:4180} INFO - Setting next_dagrun for consume_1_or_2_with_dataset_expressions to None, run_after=None
[2024-11-26T11:33:58.262+0000] {logging_mixin.py:190} INFO - [2024-11-26T11:33:58.262+0000] {dag.py:4180} INFO - Setting next_dagrun for consume_1_or_both_2_and_3_with_dataset_expressions to None, run_after=None
[2024-11-26T11:33:58.265+0000] {logging_mixin.py:190} INFO - [2024-11-26T11:33:58.264+0000] {dag.py:4180} INFO - Setting next_dagrun for dataset_consumes_1 to None, run_after=None
[2024-11-26T11:33:58.266+0000] {logging_mixin.py:190} INFO - [2024-11-26T11:33:58.265+0000] {dag.py:4180} INFO - Setting next_dagrun for dataset_consumes_1_and_2 to None, run_after=None
[2024-11-26T11:33:58.267+0000] {logging_mixin.py:190} INFO - [2024-11-26T11:33:58.267+0000] {dag.py:4180} INFO - Setting next_dagrun for dataset_consumes_1_never_scheduled to None, run_after=None
[2024-11-26T11:33:58.268+0000] {logging_mixin.py:190} INFO - [2024-11-26T11:33:58.268+0000] {dag.py:4180} INFO - Setting next_dagrun for dataset_consumes_unknown_never_scheduled to None, run_after=None
[2024-11-26T11:33:58.270+0000] {logging_mixin.py:190} INFO - [2024-11-26T11:33:58.270+0000] {dag.py:4180} INFO - Setting next_dagrun for dataset_produces_1 to 2024-11-25 00:00:00+00:00, run_after=2024-11-26 00:00:00+00:00
[2024-11-26T11:33:58.271+0000] {logging_mixin.py:190} INFO - [2024-11-26T11:33:58.271+0000] {dag.py:4180} INFO - Setting next_dagrun for dataset_produces_2 to None, run_after=None
[2024-11-26T11:33:58.304+0000] {processor.py:208} INFO - Processing /home/airflow/.local/lib/python3.12/site-packages/airflow/example_dags/example_datasets.py took 0.671 seconds
[2024-11-26T11:34:28.490+0000] {processor.py:186} INFO - Started process (PID=489) to work on /home/airflow/.local/lib/python3.12/site-packages/airflow/example_dags/example_datasets.py
[2024-11-26T11:34:28.495+0000] {processor.py:914} INFO - Processing file /home/airflow/.local/lib/python3.12/site-packages/airflow/example_dags/example_datasets.py for tasks to queue
[2024-11-26T11:34:28.497+0000] {logging_mixin.py:190} INFO - [2024-11-26T11:34:28.497+0000] {dagbag.py:588} INFO - Filling up the DagBag from /home/airflow/.local/lib/python3.12/site-packages/airflow/example_dags/example_datasets.py
[2024-11-26T11:34:29.022+0000] {processor.py:925} INFO - DAG(s) 'consume_1_or_2_with_dataset_expressions', 'dataset_produces_1', 'dataset_consumes_unknown_never_scheduled', 'dataset_consumes_1_and_2', 'consume_1_and_2_with_dataset_expressions', 'dataset_consumes_1', 'dataset_produces_2', 'consume_1_or_both_2_and_3_with_dataset_expressions', 'conditional_dataset_and_time_based_timetable', 'dataset_consumes_1_never_scheduled' retrieved from /home/airflow/.local/lib/python3.12/site-packages/airflow/example_dags/example_datasets.py
[2024-11-26T11:34:29.061+0000] {logging_mixin.py:190} INFO - [2024-11-26T11:34:29.061+0000] {dag.py:3239} INFO - Sync 10 DAGs
[2024-11-26T11:34:29.085+0000] {logging_mixin.py:190} INFO - [2024-11-26T11:34:29.084+0000] {dag.py:4180} INFO - Setting next_dagrun for conditional_dataset_and_time_based_timetable to 2024-11-20 01:00:00+00:00, run_after=2024-11-20 01:00:00+00:00
[2024-11-26T11:34:29.092+0000] {logging_mixin.py:190} INFO - [2024-11-26T11:34:29.091+0000] {dag.py:4180} INFO - Setting next_dagrun for consume_1_and_2_with_dataset_expressions to None, run_after=None
[2024-11-26T11:34:29.094+0000] {logging_mixin.py:190} INFO - [2024-11-26T11:34:29.093+0000] {dag.py:4180} INFO - Setting next_dagrun for consume_1_or_2_with_dataset_expressions to None, run_after=None
[2024-11-26T11:34:29.096+0000] {logging_mixin.py:190} INFO - [2024-11-26T11:34:29.095+0000] {dag.py:4180} INFO - Setting next_dagrun for consume_1_or_both_2_and_3_with_dataset_expressions to None, run_after=None
[2024-11-26T11:34:29.097+0000] {logging_mixin.py:190} INFO - [2024-11-26T11:34:29.097+0000] {dag.py:4180} INFO - Setting next_dagrun for dataset_consumes_1 to None, run_after=None
[2024-11-26T11:34:29.099+0000] {logging_mixin.py:190} INFO - [2024-11-26T11:34:29.098+0000] {dag.py:4180} INFO - Setting next_dagrun for dataset_consumes_1_and_2 to None, run_after=None
[2024-11-26T11:34:29.101+0000] {logging_mixin.py:190} INFO - [2024-11-26T11:34:29.100+0000] {dag.py:4180} INFO - Setting next_dagrun for dataset_consumes_1_never_scheduled to None, run_after=None
[2024-11-26T11:34:29.103+0000] {logging_mixin.py:190} INFO - [2024-11-26T11:34:29.103+0000] {dag.py:4180} INFO - Setting next_dagrun for dataset_consumes_unknown_never_scheduled to None, run_after=None
[2024-11-26T11:34:29.105+0000] {logging_mixin.py:190} INFO - [2024-11-26T11:34:29.105+0000] {dag.py:4180} INFO - Setting next_dagrun for dataset_produces_1 to 2024-11-25 00:00:00+00:00, run_after=2024-11-26 00:00:00+00:00
[2024-11-26T11:34:29.108+0000] {logging_mixin.py:190} INFO - [2024-11-26T11:34:29.108+0000] {dag.py:4180} INFO - Setting next_dagrun for dataset_produces_2 to None, run_after=None
[2024-11-26T11:34:29.147+0000] {processor.py:208} INFO - Processing /home/airflow/.local/lib/python3.12/site-packages/airflow/example_dags/example_datasets.py took 0.661 seconds
[2024-11-26T11:39:50.464+0000] {processor.py:186} INFO - Started process (PID=540) to work on /home/airflow/.local/lib/python3.12/site-packages/airflow/example_dags/example_datasets.py
[2024-11-26T11:39:50.465+0000] {processor.py:914} INFO - Processing file /home/airflow/.local/lib/python3.12/site-packages/airflow/example_dags/example_datasets.py for tasks to queue
[2024-11-26T11:39:50.467+0000] {logging_mixin.py:190} INFO - [2024-11-26T11:39:50.467+0000] {dagbag.py:588} INFO - Filling up the DagBag from /home/airflow/.local/lib/python3.12/site-packages/airflow/example_dags/example_datasets.py
[2024-11-26T11:39:50.997+0000] {processor.py:925} INFO - DAG(s) 'dataset_consumes_1_and_2', 'dataset_consumes_1', 'consume_1_or_2_with_dataset_expressions', 'consume_1_or_both_2_and_3_with_dataset_expressions', 'dataset_produces_2', 'dataset_consumes_unknown_never_scheduled', 'conditional_dataset_and_time_based_timetable', 'dataset_produces_1', 'dataset_consumes_1_never_scheduled', 'consume_1_and_2_with_dataset_expressions' retrieved from /home/airflow/.local/lib/python3.12/site-packages/airflow/example_dags/example_datasets.py
[2024-11-26T11:39:51.045+0000] {logging_mixin.py:190} INFO - [2024-11-26T11:39:51.045+0000] {dag.py:3239} INFO - Sync 10 DAGs
[2024-11-26T11:39:51.066+0000] {logging_mixin.py:190} INFO - [2024-11-26T11:39:51.066+0000] {dag.py:4180} INFO - Setting next_dagrun for conditional_dataset_and_time_based_timetable to 2024-11-20 01:00:00+00:00, run_after=2024-11-20 01:00:00+00:00
[2024-11-26T11:39:51.070+0000] {logging_mixin.py:190} INFO - [2024-11-26T11:39:51.070+0000] {dag.py:4180} INFO - Setting next_dagrun for consume_1_and_2_with_dataset_expressions to None, run_after=None
[2024-11-26T11:39:51.071+0000] {logging_mixin.py:190} INFO - [2024-11-26T11:39:51.071+0000] {dag.py:4180} INFO - Setting next_dagrun for consume_1_or_2_with_dataset_expressions to None, run_after=None
[2024-11-26T11:39:51.073+0000] {logging_mixin.py:190} INFO - [2024-11-26T11:39:51.073+0000] {dag.py:4180} INFO - Setting next_dagrun for consume_1_or_both_2_and_3_with_dataset_expressions to None, run_after=None
[2024-11-26T11:39:51.074+0000] {logging_mixin.py:190} INFO - [2024-11-26T11:39:51.074+0000] {dag.py:4180} INFO - Setting next_dagrun for dataset_consumes_1 to None, run_after=None
[2024-11-26T11:39:51.075+0000] {logging_mixin.py:190} INFO - [2024-11-26T11:39:51.075+0000] {dag.py:4180} INFO - Setting next_dagrun for dataset_consumes_1_and_2 to None, run_after=None
[2024-11-26T11:39:51.076+0000] {logging_mixin.py:190} INFO - [2024-11-26T11:39:51.076+0000] {dag.py:4180} INFO - Setting next_dagrun for dataset_consumes_1_never_scheduled to None, run_after=None
[2024-11-26T11:39:51.077+0000] {logging_mixin.py:190} INFO - [2024-11-26T11:39:51.077+0000] {dag.py:4180} INFO - Setting next_dagrun for dataset_consumes_unknown_never_scheduled to None, run_after=None
[2024-11-26T11:39:51.079+0000] {logging_mixin.py:190} INFO - [2024-11-26T11:39:51.079+0000] {dag.py:4180} INFO - Setting next_dagrun for dataset_produces_1 to 2024-11-25 00:00:00+00:00, run_after=2024-11-26 00:00:00+00:00
[2024-11-26T11:39:51.080+0000] {logging_mixin.py:190} INFO - [2024-11-26T11:39:51.080+0000] {dag.py:4180} INFO - Setting next_dagrun for dataset_produces_2 to None, run_after=None
[2024-11-26T11:39:51.108+0000] {processor.py:208} INFO - Processing /home/airflow/.local/lib/python3.12/site-packages/airflow/example_dags/example_datasets.py took 0.648 seconds
[2024-11-26T11:40:21.143+0000] {processor.py:186} INFO - Started process (PID=603) to work on /home/airflow/.local/lib/python3.12/site-packages/airflow/example_dags/example_datasets.py
[2024-11-26T11:40:21.144+0000] {processor.py:914} INFO - Processing file /home/airflow/.local/lib/python3.12/site-packages/airflow/example_dags/example_datasets.py for tasks to queue
[2024-11-26T11:40:21.147+0000] {logging_mixin.py:190} INFO - [2024-11-26T11:40:21.146+0000] {dagbag.py:588} INFO - Filling up the DagBag from /home/airflow/.local/lib/python3.12/site-packages/airflow/example_dags/example_datasets.py
[2024-11-26T11:40:21.594+0000] {processor.py:925} INFO - DAG(s) 'dataset_produces_1', 'dataset_consumes_1_never_scheduled', 'dataset_consumes_1', 'conditional_dataset_and_time_based_timetable', 'consume_1_and_2_with_dataset_expressions', 'consume_1_or_2_with_dataset_expressions', 'dataset_produces_2', 'consume_1_or_both_2_and_3_with_dataset_expressions', 'dataset_consumes_unknown_never_scheduled', 'dataset_consumes_1_and_2' retrieved from /home/airflow/.local/lib/python3.12/site-packages/airflow/example_dags/example_datasets.py
[2024-11-26T11:40:21.627+0000] {logging_mixin.py:190} INFO - [2024-11-26T11:40:21.626+0000] {dag.py:3239} INFO - Sync 10 DAGs
[2024-11-26T11:40:21.644+0000] {logging_mixin.py:190} INFO - [2024-11-26T11:40:21.644+0000] {dag.py:4180} INFO - Setting next_dagrun for conditional_dataset_and_time_based_timetable to 2024-11-20 01:00:00+00:00, run_after=2024-11-20 01:00:00+00:00
[2024-11-26T11:40:21.647+0000] {logging_mixin.py:190} INFO - [2024-11-26T11:40:21.647+0000] {dag.py:4180} INFO - Setting next_dagrun for consume_1_and_2_with_dataset_expressions to None, run_after=None
[2024-11-26T11:40:21.648+0000] {logging_mixin.py:190} INFO - [2024-11-26T11:40:21.648+0000] {dag.py:4180} INFO - Setting next_dagrun for consume_1_or_2_with_dataset_expressions to None, run_after=None
[2024-11-26T11:40:21.650+0000] {logging_mixin.py:190} INFO - [2024-11-26T11:40:21.649+0000] {dag.py:4180} INFO - Setting next_dagrun for consume_1_or_both_2_and_3_with_dataset_expressions to None, run_after=None
[2024-11-26T11:40:21.651+0000] {logging_mixin.py:190} INFO - [2024-11-26T11:40:21.650+0000] {dag.py:4180} INFO - Setting next_dagrun for dataset_consumes_1 to None, run_after=None
[2024-11-26T11:40:21.652+0000] {logging_mixin.py:190} INFO - [2024-11-26T11:40:21.651+0000] {dag.py:4180} INFO - Setting next_dagrun for dataset_consumes_1_and_2 to None, run_after=None
[2024-11-26T11:40:21.653+0000] {logging_mixin.py:190} INFO - [2024-11-26T11:40:21.652+0000] {dag.py:4180} INFO - Setting next_dagrun for dataset_consumes_1_never_scheduled to None, run_after=None
[2024-11-26T11:40:21.654+0000] {logging_mixin.py:190} INFO - [2024-11-26T11:40:21.654+0000] {dag.py:4180} INFO - Setting next_dagrun for dataset_consumes_unknown_never_scheduled to None, run_after=None
[2024-11-26T11:40:21.656+0000] {logging_mixin.py:190} INFO - [2024-11-26T11:40:21.656+0000] {dag.py:4180} INFO - Setting next_dagrun for dataset_produces_1 to 2024-11-25 00:00:00+00:00, run_after=2024-11-26 00:00:00+00:00
[2024-11-26T11:40:21.657+0000] {logging_mixin.py:190} INFO - [2024-11-26T11:40:21.657+0000] {dag.py:4180} INFO - Setting next_dagrun for dataset_produces_2 to None, run_after=None
[2024-11-26T11:40:21.679+0000] {processor.py:208} INFO - Processing /home/airflow/.local/lib/python3.12/site-packages/airflow/example_dags/example_datasets.py took 0.541 seconds
