[2024-11-26T11:25:48.719+0000] {processor.py:186} INFO - Started process (PID=92) to work on /home/airflow/.local/lib/python3.12/site-packages/airflow/example_dags/example_latest_only.py
[2024-11-26T11:25:48.720+0000] {processor.py:914} INFO - Processing file /home/airflow/.local/lib/python3.12/site-packages/airflow/example_dags/example_latest_only.py for tasks to queue
[2024-11-26T11:25:48.723+0000] {logging_mixin.py:190} INFO - [2024-11-26T11:25:48.722+0000] {dagbag.py:588} INFO - Filling up the DagBag from /home/airflow/.local/lib/python3.12/site-packages/airflow/example_dags/example_latest_only.py
[2024-11-26T11:25:48.729+0000] {processor.py:925} INFO - DAG(s) 'latest_only' retrieved from /home/airflow/.local/lib/python3.12/site-packages/airflow/example_dags/example_latest_only.py
[2024-11-26T11:25:48.748+0000] {logging_mixin.py:190} INFO - [2024-11-26T11:25:48.748+0000] {dag.py:3239} INFO - Sync 1 DAGs
[2024-11-26T11:25:48.767+0000] {logging_mixin.py:190} INFO - [2024-11-26T11:25:48.766+0000] {dag.py:4180} INFO - Setting next_dagrun for latest_only to 2024-11-26 04:00:00+00:00, run_after=2024-11-26 08:00:00+00:00
[2024-11-26T11:25:48.786+0000] {processor.py:208} INFO - Processing /home/airflow/.local/lib/python3.12/site-packages/airflow/example_dags/example_latest_only.py took 0.071 seconds
[2024-11-26T11:26:18.943+0000] {processor.py:186} INFO - Started process (PID=154) to work on /home/airflow/.local/lib/python3.12/site-packages/airflow/example_dags/example_latest_only.py
[2024-11-26T11:26:18.944+0000] {processor.py:914} INFO - Processing file /home/airflow/.local/lib/python3.12/site-packages/airflow/example_dags/example_latest_only.py for tasks to queue
[2024-11-26T11:26:18.946+0000] {logging_mixin.py:190} INFO - [2024-11-26T11:26:18.946+0000] {dagbag.py:588} INFO - Filling up the DagBag from /home/airflow/.local/lib/python3.12/site-packages/airflow/example_dags/example_latest_only.py
[2024-11-26T11:26:18.951+0000] {processor.py:925} INFO - DAG(s) 'latest_only' retrieved from /home/airflow/.local/lib/python3.12/site-packages/airflow/example_dags/example_latest_only.py
[2024-11-26T11:26:18.965+0000] {logging_mixin.py:190} INFO - [2024-11-26T11:26:18.965+0000] {dag.py:3239} INFO - Sync 1 DAGs
[2024-11-26T11:26:18.982+0000] {logging_mixin.py:190} INFO - [2024-11-26T11:26:18.982+0000] {dag.py:4180} INFO - Setting next_dagrun for latest_only to 2024-11-26 04:00:00+00:00, run_after=2024-11-26 08:00:00+00:00
[2024-11-26T11:26:18.998+0000] {processor.py:208} INFO - Processing /home/airflow/.local/lib/python3.12/site-packages/airflow/example_dags/example_latest_only.py took 0.059 seconds
[2024-11-26T11:26:49.430+0000] {processor.py:186} INFO - Started process (PID=217) to work on /home/airflow/.local/lib/python3.12/site-packages/airflow/example_dags/example_latest_only.py
[2024-11-26T11:26:49.431+0000] {processor.py:914} INFO - Processing file /home/airflow/.local/lib/python3.12/site-packages/airflow/example_dags/example_latest_only.py for tasks to queue
[2024-11-26T11:26:49.433+0000] {logging_mixin.py:190} INFO - [2024-11-26T11:26:49.433+0000] {dagbag.py:588} INFO - Filling up the DagBag from /home/airflow/.local/lib/python3.12/site-packages/airflow/example_dags/example_latest_only.py
[2024-11-26T11:26:49.440+0000] {processor.py:925} INFO - DAG(s) 'latest_only' retrieved from /home/airflow/.local/lib/python3.12/site-packages/airflow/example_dags/example_latest_only.py
[2024-11-26T11:26:49.458+0000] {logging_mixin.py:190} INFO - [2024-11-26T11:26:49.458+0000] {dag.py:3239} INFO - Sync 1 DAGs
[2024-11-26T11:26:49.475+0000] {logging_mixin.py:190} INFO - [2024-11-26T11:26:49.475+0000] {dag.py:4180} INFO - Setting next_dagrun for latest_only to 2024-11-26 04:00:00+00:00, run_after=2024-11-26 08:00:00+00:00
[2024-11-26T11:26:49.490+0000] {processor.py:208} INFO - Processing /home/airflow/.local/lib/python3.12/site-packages/airflow/example_dags/example_latest_only.py took 0.064 seconds
[2024-11-26T11:27:19.881+0000] {processor.py:186} INFO - Started process (PID=279) to work on /home/airflow/.local/lib/python3.12/site-packages/airflow/example_dags/example_latest_only.py
[2024-11-26T11:27:19.882+0000] {processor.py:914} INFO - Processing file /home/airflow/.local/lib/python3.12/site-packages/airflow/example_dags/example_latest_only.py for tasks to queue
[2024-11-26T11:27:19.884+0000] {logging_mixin.py:190} INFO - [2024-11-26T11:27:19.884+0000] {dagbag.py:588} INFO - Filling up the DagBag from /home/airflow/.local/lib/python3.12/site-packages/airflow/example_dags/example_latest_only.py
[2024-11-26T11:27:19.890+0000] {processor.py:925} INFO - DAG(s) 'latest_only' retrieved from /home/airflow/.local/lib/python3.12/site-packages/airflow/example_dags/example_latest_only.py
[2024-11-26T11:27:19.903+0000] {logging_mixin.py:190} INFO - [2024-11-26T11:27:19.903+0000] {dag.py:3239} INFO - Sync 1 DAGs
[2024-11-26T11:27:19.921+0000] {logging_mixin.py:190} INFO - [2024-11-26T11:27:19.921+0000] {dag.py:4180} INFO - Setting next_dagrun for latest_only to 2024-11-26 04:00:00+00:00, run_after=2024-11-26 08:00:00+00:00
[2024-11-26T11:27:19.935+0000] {processor.py:208} INFO - Processing /home/airflow/.local/lib/python3.12/site-packages/airflow/example_dags/example_latest_only.py took 0.058 seconds
[2024-11-26T11:27:50.331+0000] {processor.py:186} INFO - Started process (PID=342) to work on /home/airflow/.local/lib/python3.12/site-packages/airflow/example_dags/example_latest_only.py
[2024-11-26T11:27:50.332+0000] {processor.py:914} INFO - Processing file /home/airflow/.local/lib/python3.12/site-packages/airflow/example_dags/example_latest_only.py for tasks to queue
[2024-11-26T11:27:50.334+0000] {logging_mixin.py:190} INFO - [2024-11-26T11:27:50.334+0000] {dagbag.py:588} INFO - Filling up the DagBag from /home/airflow/.local/lib/python3.12/site-packages/airflow/example_dags/example_latest_only.py
[2024-11-26T11:27:50.341+0000] {processor.py:925} INFO - DAG(s) 'latest_only' retrieved from /home/airflow/.local/lib/python3.12/site-packages/airflow/example_dags/example_latest_only.py
[2024-11-26T11:27:50.357+0000] {logging_mixin.py:190} INFO - [2024-11-26T11:27:50.357+0000] {dag.py:3239} INFO - Sync 1 DAGs
[2024-11-26T11:27:50.377+0000] {logging_mixin.py:190} INFO - [2024-11-26T11:27:50.377+0000] {dag.py:4180} INFO - Setting next_dagrun for latest_only to 2024-11-26 04:00:00+00:00, run_after=2024-11-26 08:00:00+00:00
[2024-11-26T11:27:50.394+0000] {processor.py:208} INFO - Processing /home/airflow/.local/lib/python3.12/site-packages/airflow/example_dags/example_latest_only.py took 0.068 seconds
[2024-11-26T11:28:21.488+0000] {processor.py:186} INFO - Started process (PID=405) to work on /home/airflow/.local/lib/python3.12/site-packages/airflow/example_dags/example_latest_only.py
[2024-11-26T11:28:21.489+0000] {processor.py:914} INFO - Processing file /home/airflow/.local/lib/python3.12/site-packages/airflow/example_dags/example_latest_only.py for tasks to queue
[2024-11-26T11:28:21.490+0000] {logging_mixin.py:190} INFO - [2024-11-26T11:28:21.490+0000] {dagbag.py:588} INFO - Filling up the DagBag from /home/airflow/.local/lib/python3.12/site-packages/airflow/example_dags/example_latest_only.py
[2024-11-26T11:28:21.495+0000] {processor.py:925} INFO - DAG(s) 'latest_only' retrieved from /home/airflow/.local/lib/python3.12/site-packages/airflow/example_dags/example_latest_only.py
[2024-11-26T11:28:21.508+0000] {logging_mixin.py:190} INFO - [2024-11-26T11:28:21.508+0000] {dag.py:3239} INFO - Sync 1 DAGs
[2024-11-26T11:28:21.527+0000] {logging_mixin.py:190} INFO - [2024-11-26T11:28:21.526+0000] {dag.py:4180} INFO - Setting next_dagrun for latest_only to 2024-11-26 04:00:00+00:00, run_after=2024-11-26 08:00:00+00:00
[2024-11-26T11:28:21.544+0000] {processor.py:208} INFO - Processing /home/airflow/.local/lib/python3.12/site-packages/airflow/example_dags/example_latest_only.py took 0.061 seconds
[2024-11-26T11:28:52.588+0000] {processor.py:186} INFO - Started process (PID=468) to work on /home/airflow/.local/lib/python3.12/site-packages/airflow/example_dags/example_latest_only.py
[2024-11-26T11:28:52.589+0000] {processor.py:914} INFO - Processing file /home/airflow/.local/lib/python3.12/site-packages/airflow/example_dags/example_latest_only.py for tasks to queue
[2024-11-26T11:28:52.592+0000] {logging_mixin.py:190} INFO - [2024-11-26T11:28:52.592+0000] {dagbag.py:588} INFO - Filling up the DagBag from /home/airflow/.local/lib/python3.12/site-packages/airflow/example_dags/example_latest_only.py
[2024-11-26T11:28:52.598+0000] {processor.py:925} INFO - DAG(s) 'latest_only' retrieved from /home/airflow/.local/lib/python3.12/site-packages/airflow/example_dags/example_latest_only.py
[2024-11-26T11:28:52.614+0000] {logging_mixin.py:190} INFO - [2024-11-26T11:28:52.614+0000] {dag.py:3239} INFO - Sync 1 DAGs
[2024-11-26T11:28:52.632+0000] {logging_mixin.py:190} INFO - [2024-11-26T11:28:52.632+0000] {dag.py:4180} INFO - Setting next_dagrun for latest_only to 2024-11-26 04:00:00+00:00, run_after=2024-11-26 08:00:00+00:00
[2024-11-26T11:28:52.661+0000] {processor.py:208} INFO - Processing /home/airflow/.local/lib/python3.12/site-packages/airflow/example_dags/example_latest_only.py took 0.078 seconds
[2024-11-26T11:31:21.478+0000] {processor.py:186} INFO - Started process (PID=92) to work on /home/airflow/.local/lib/python3.12/site-packages/airflow/example_dags/example_latest_only.py
[2024-11-26T11:31:21.479+0000] {processor.py:914} INFO - Processing file /home/airflow/.local/lib/python3.12/site-packages/airflow/example_dags/example_latest_only.py for tasks to queue
[2024-11-26T11:31:21.481+0000] {logging_mixin.py:190} INFO - [2024-11-26T11:31:21.481+0000] {dagbag.py:588} INFO - Filling up the DagBag from /home/airflow/.local/lib/python3.12/site-packages/airflow/example_dags/example_latest_only.py
[2024-11-26T11:31:21.487+0000] {processor.py:925} INFO - DAG(s) 'latest_only' retrieved from /home/airflow/.local/lib/python3.12/site-packages/airflow/example_dags/example_latest_only.py
[2024-11-26T11:31:21.509+0000] {logging_mixin.py:190} INFO - [2024-11-26T11:31:21.508+0000] {dag.py:3239} INFO - Sync 1 DAGs
[2024-11-26T11:31:21.527+0000] {logging_mixin.py:190} INFO - [2024-11-26T11:31:21.526+0000] {dag.py:4180} INFO - Setting next_dagrun for latest_only to 2024-11-26 04:00:00+00:00, run_after=2024-11-26 08:00:00+00:00
[2024-11-26T11:31:21.541+0000] {processor.py:208} INFO - Processing /home/airflow/.local/lib/python3.12/site-packages/airflow/example_dags/example_latest_only.py took 0.068 seconds
[2024-11-26T11:31:52.095+0000] {processor.py:186} INFO - Started process (PID=154) to work on /home/airflow/.local/lib/python3.12/site-packages/airflow/example_dags/example_latest_only.py
[2024-11-26T11:31:52.096+0000] {processor.py:914} INFO - Processing file /home/airflow/.local/lib/python3.12/site-packages/airflow/example_dags/example_latest_only.py for tasks to queue
[2024-11-26T11:31:52.099+0000] {logging_mixin.py:190} INFO - [2024-11-26T11:31:52.099+0000] {dagbag.py:588} INFO - Filling up the DagBag from /home/airflow/.local/lib/python3.12/site-packages/airflow/example_dags/example_latest_only.py
[2024-11-26T11:31:52.108+0000] {processor.py:925} INFO - DAG(s) 'latest_only' retrieved from /home/airflow/.local/lib/python3.12/site-packages/airflow/example_dags/example_latest_only.py
[2024-11-26T11:31:52.128+0000] {logging_mixin.py:190} INFO - [2024-11-26T11:31:52.128+0000] {dag.py:3239} INFO - Sync 1 DAGs
[2024-11-26T11:31:52.148+0000] {logging_mixin.py:190} INFO - [2024-11-26T11:31:52.148+0000] {dag.py:4180} INFO - Setting next_dagrun for latest_only to 2024-11-26 04:00:00+00:00, run_after=2024-11-26 08:00:00+00:00
[2024-11-26T11:31:52.163+0000] {processor.py:208} INFO - Processing /home/airflow/.local/lib/python3.12/site-packages/airflow/example_dags/example_latest_only.py took 0.079 seconds
[2024-11-26T11:32:22.655+0000] {processor.py:186} INFO - Started process (PID=223) to work on /home/airflow/.local/lib/python3.12/site-packages/airflow/example_dags/example_latest_only.py
[2024-11-26T11:32:22.657+0000] {processor.py:914} INFO - Processing file /home/airflow/.local/lib/python3.12/site-packages/airflow/example_dags/example_latest_only.py for tasks to queue
[2024-11-26T11:32:22.658+0000] {logging_mixin.py:190} INFO - [2024-11-26T11:32:22.658+0000] {dagbag.py:588} INFO - Filling up the DagBag from /home/airflow/.local/lib/python3.12/site-packages/airflow/example_dags/example_latest_only.py
[2024-11-26T11:32:22.664+0000] {processor.py:925} INFO - DAG(s) 'latest_only' retrieved from /home/airflow/.local/lib/python3.12/site-packages/airflow/example_dags/example_latest_only.py
[2024-11-26T11:32:22.682+0000] {logging_mixin.py:190} INFO - [2024-11-26T11:32:22.681+0000] {dag.py:3239} INFO - Sync 1 DAGs
[2024-11-26T11:32:22.706+0000] {logging_mixin.py:190} INFO - [2024-11-26T11:32:22.706+0000] {dag.py:4180} INFO - Setting next_dagrun for latest_only to 2024-11-26 04:00:00+00:00, run_after=2024-11-26 08:00:00+00:00
[2024-11-26T11:32:22.735+0000] {processor.py:208} INFO - Processing /home/airflow/.local/lib/python3.12/site-packages/airflow/example_dags/example_latest_only.py took 0.084 seconds
[2024-11-26T11:32:53.245+0000] {processor.py:186} INFO - Started process (PID=286) to work on /home/airflow/.local/lib/python3.12/site-packages/airflow/example_dags/example_latest_only.py
[2024-11-26T11:32:53.247+0000] {processor.py:914} INFO - Processing file /home/airflow/.local/lib/python3.12/site-packages/airflow/example_dags/example_latest_only.py for tasks to queue
[2024-11-26T11:32:53.256+0000] {logging_mixin.py:190} INFO - [2024-11-26T11:32:53.256+0000] {dagbag.py:588} INFO - Filling up the DagBag from /home/airflow/.local/lib/python3.12/site-packages/airflow/example_dags/example_latest_only.py
[2024-11-26T11:32:53.274+0000] {processor.py:925} INFO - DAG(s) 'latest_only' retrieved from /home/airflow/.local/lib/python3.12/site-packages/airflow/example_dags/example_latest_only.py
[2024-11-26T11:32:53.296+0000] {logging_mixin.py:190} INFO - [2024-11-26T11:32:53.296+0000] {dag.py:3239} INFO - Sync 1 DAGs
[2024-11-26T11:32:53.315+0000] {logging_mixin.py:190} INFO - [2024-11-26T11:32:53.315+0000] {dag.py:4180} INFO - Setting next_dagrun for latest_only to 2024-11-26 04:00:00+00:00, run_after=2024-11-26 08:00:00+00:00
[2024-11-26T11:32:53.332+0000] {processor.py:208} INFO - Processing /home/airflow/.local/lib/python3.12/site-packages/airflow/example_dags/example_latest_only.py took 0.092 seconds
[2024-11-26T11:33:23.742+0000] {processor.py:186} INFO - Started process (PID=349) to work on /home/airflow/.local/lib/python3.12/site-packages/airflow/example_dags/example_latest_only.py
[2024-11-26T11:33:23.744+0000] {processor.py:914} INFO - Processing file /home/airflow/.local/lib/python3.12/site-packages/airflow/example_dags/example_latest_only.py for tasks to queue
[2024-11-26T11:33:23.746+0000] {logging_mixin.py:190} INFO - [2024-11-26T11:33:23.746+0000] {dagbag.py:588} INFO - Filling up the DagBag from /home/airflow/.local/lib/python3.12/site-packages/airflow/example_dags/example_latest_only.py
[2024-11-26T11:33:23.753+0000] {processor.py:925} INFO - DAG(s) 'latest_only' retrieved from /home/airflow/.local/lib/python3.12/site-packages/airflow/example_dags/example_latest_only.py
[2024-11-26T11:33:23.811+0000] {logging_mixin.py:190} INFO - [2024-11-26T11:33:23.811+0000] {dag.py:3239} INFO - Sync 1 DAGs
[2024-11-26T11:33:23.830+0000] {logging_mixin.py:190} INFO - [2024-11-26T11:33:23.830+0000] {dag.py:4180} INFO - Setting next_dagrun for latest_only to 2024-11-26 04:00:00+00:00, run_after=2024-11-26 08:00:00+00:00
[2024-11-26T11:33:23.854+0000] {processor.py:208} INFO - Processing /home/airflow/.local/lib/python3.12/site-packages/airflow/example_dags/example_latest_only.py took 0.117 seconds
[2024-11-26T11:33:55.269+0000] {processor.py:186} INFO - Started process (PID=412) to work on /home/airflow/.local/lib/python3.12/site-packages/airflow/example_dags/example_latest_only.py
[2024-11-26T11:33:55.270+0000] {processor.py:914} INFO - Processing file /home/airflow/.local/lib/python3.12/site-packages/airflow/example_dags/example_latest_only.py for tasks to queue
[2024-11-26T11:33:55.273+0000] {logging_mixin.py:190} INFO - [2024-11-26T11:33:55.273+0000] {dagbag.py:588} INFO - Filling up the DagBag from /home/airflow/.local/lib/python3.12/site-packages/airflow/example_dags/example_latest_only.py
[2024-11-26T11:33:55.285+0000] {processor.py:925} INFO - DAG(s) 'latest_only' retrieved from /home/airflow/.local/lib/python3.12/site-packages/airflow/example_dags/example_latest_only.py
[2024-11-26T11:33:55.310+0000] {logging_mixin.py:190} INFO - [2024-11-26T11:33:55.309+0000] {dag.py:3239} INFO - Sync 1 DAGs
[2024-11-26T11:33:55.331+0000] {logging_mixin.py:190} INFO - [2024-11-26T11:33:55.330+0000] {dag.py:4180} INFO - Setting next_dagrun for latest_only to 2024-11-26 04:00:00+00:00, run_after=2024-11-26 08:00:00+00:00
[2024-11-26T11:33:55.358+0000] {processor.py:208} INFO - Processing /home/airflow/.local/lib/python3.12/site-packages/airflow/example_dags/example_latest_only.py took 0.097 seconds
[2024-11-26T11:34:25.944+0000] {processor.py:186} INFO - Started process (PID=475) to work on /home/airflow/.local/lib/python3.12/site-packages/airflow/example_dags/example_latest_only.py
[2024-11-26T11:34:25.945+0000] {processor.py:914} INFO - Processing file /home/airflow/.local/lib/python3.12/site-packages/airflow/example_dags/example_latest_only.py for tasks to queue
[2024-11-26T11:34:25.948+0000] {logging_mixin.py:190} INFO - [2024-11-26T11:34:25.948+0000] {dagbag.py:588} INFO - Filling up the DagBag from /home/airflow/.local/lib/python3.12/site-packages/airflow/example_dags/example_latest_only.py
[2024-11-26T11:34:25.955+0000] {processor.py:925} INFO - DAG(s) 'latest_only' retrieved from /home/airflow/.local/lib/python3.12/site-packages/airflow/example_dags/example_latest_only.py
[2024-11-26T11:34:25.976+0000] {logging_mixin.py:190} INFO - [2024-11-26T11:34:25.975+0000] {dag.py:3239} INFO - Sync 1 DAGs
[2024-11-26T11:34:25.992+0000] {logging_mixin.py:190} INFO - [2024-11-26T11:34:25.992+0000] {dag.py:4180} INFO - Setting next_dagrun for latest_only to 2024-11-26 04:00:00+00:00, run_after=2024-11-26 08:00:00+00:00
[2024-11-26T11:34:26.010+0000] {processor.py:208} INFO - Processing /home/airflow/.local/lib/python3.12/site-packages/airflow/example_dags/example_latest_only.py took 0.072 seconds
[2024-11-26T11:39:49.821+0000] {processor.py:186} INFO - Started process (PID=533) to work on /home/airflow/.local/lib/python3.12/site-packages/airflow/example_dags/example_latest_only.py
[2024-11-26T11:39:49.827+0000] {processor.py:914} INFO - Processing file /home/airflow/.local/lib/python3.12/site-packages/airflow/example_dags/example_latest_only.py for tasks to queue
[2024-11-26T11:39:49.829+0000] {logging_mixin.py:190} INFO - [2024-11-26T11:39:49.829+0000] {dagbag.py:588} INFO - Filling up the DagBag from /home/airflow/.local/lib/python3.12/site-packages/airflow/example_dags/example_latest_only.py
[2024-11-26T11:39:49.836+0000] {processor.py:925} INFO - DAG(s) 'latest_only' retrieved from /home/airflow/.local/lib/python3.12/site-packages/airflow/example_dags/example_latest_only.py
[2024-11-26T11:39:49.852+0000] {logging_mixin.py:190} INFO - [2024-11-26T11:39:49.851+0000] {dag.py:3239} INFO - Sync 1 DAGs
[2024-11-26T11:39:49.868+0000] {logging_mixin.py:190} INFO - [2024-11-26T11:39:49.868+0000] {dag.py:4180} INFO - Setting next_dagrun for latest_only to 2024-11-26 04:00:00+00:00, run_after=2024-11-26 08:00:00+00:00
[2024-11-26T11:39:49.900+0000] {processor.py:208} INFO - Processing /home/airflow/.local/lib/python3.12/site-packages/airflow/example_dags/example_latest_only.py took 0.093 seconds
[2024-11-26T11:40:20.090+0000] {processor.py:186} INFO - Started process (PID=595) to work on /home/airflow/.local/lib/python3.12/site-packages/airflow/example_dags/example_latest_only.py
[2024-11-26T11:40:20.091+0000] {processor.py:914} INFO - Processing file /home/airflow/.local/lib/python3.12/site-packages/airflow/example_dags/example_latest_only.py for tasks to queue
[2024-11-26T11:40:20.094+0000] {logging_mixin.py:190} INFO - [2024-11-26T11:40:20.094+0000] {dagbag.py:588} INFO - Filling up the DagBag from /home/airflow/.local/lib/python3.12/site-packages/airflow/example_dags/example_latest_only.py
[2024-11-26T11:40:20.101+0000] {processor.py:925} INFO - DAG(s) 'latest_only' retrieved from /home/airflow/.local/lib/python3.12/site-packages/airflow/example_dags/example_latest_only.py
[2024-11-26T11:40:20.122+0000] {logging_mixin.py:190} INFO - [2024-11-26T11:40:20.122+0000] {dag.py:3239} INFO - Sync 1 DAGs
[2024-11-26T11:40:20.151+0000] {logging_mixin.py:190} INFO - [2024-11-26T11:40:20.151+0000] {dag.py:4180} INFO - Setting next_dagrun for latest_only to 2024-11-26 04:00:00+00:00, run_after=2024-11-26 08:00:00+00:00
[2024-11-26T11:40:20.169+0000] {processor.py:208} INFO - Processing /home/airflow/.local/lib/python3.12/site-packages/airflow/example_dags/example_latest_only.py took 0.089 seconds
