[2024-11-26T11:25:46.468+0000] {processor.py:186} INFO - Started process (PID=59) to work on /home/airflow/.local/lib/python3.12/site-packages/airflow/example_dags/example_bash_operator.py
[2024-11-26T11:25:46.470+0000] {processor.py:914} INFO - Processing file /home/airflow/.local/lib/python3.12/site-packages/airflow/example_dags/example_bash_operator.py for tasks to queue
[2024-11-26T11:25:46.472+0000] {logging_mixin.py:190} INFO - [2024-11-26T11:25:46.472+0000] {dagbag.py:588} INFO - Filling up the DagBag from /home/airflow/.local/lib/python3.12/site-packages/airflow/example_dags/example_bash_operator.py
[2024-11-26T11:25:46.491+0000] {processor.py:925} INFO - DAG(s) 'example_bash_operator' retrieved from /home/airflow/.local/lib/python3.12/site-packages/airflow/example_dags/example_bash_operator.py
[2024-11-26T11:25:46.522+0000] {logging_mixin.py:190} INFO - [2024-11-26T11:25:46.521+0000] {dag.py:3239} INFO - Sync 1 DAGs
[2024-11-26T11:25:46.547+0000] {logging_mixin.py:190} INFO - [2024-11-26T11:25:46.547+0000] {dag.py:4180} INFO - Setting next_dagrun for example_bash_operator to 2024-11-25 00:00:00+00:00, run_after=2024-11-26 00:00:00+00:00
[2024-11-26T11:25:46.570+0000] {processor.py:208} INFO - Processing /home/airflow/.local/lib/python3.12/site-packages/airflow/example_dags/example_bash_operator.py took 0.107 seconds
[2024-11-26T11:26:17.052+0000] {processor.py:186} INFO - Started process (PID=122) to work on /home/airflow/.local/lib/python3.12/site-packages/airflow/example_dags/example_bash_operator.py
[2024-11-26T11:26:17.053+0000] {processor.py:914} INFO - Processing file /home/airflow/.local/lib/python3.12/site-packages/airflow/example_dags/example_bash_operator.py for tasks to queue
[2024-11-26T11:26:17.055+0000] {logging_mixin.py:190} INFO - [2024-11-26T11:26:17.055+0000] {dagbag.py:588} INFO - Filling up the DagBag from /home/airflow/.local/lib/python3.12/site-packages/airflow/example_dags/example_bash_operator.py
[2024-11-26T11:26:17.066+0000] {processor.py:925} INFO - DAG(s) 'example_bash_operator' retrieved from /home/airflow/.local/lib/python3.12/site-packages/airflow/example_dags/example_bash_operator.py
[2024-11-26T11:26:17.094+0000] {logging_mixin.py:190} INFO - [2024-11-26T11:26:17.094+0000] {dag.py:3239} INFO - Sync 1 DAGs
[2024-11-26T11:26:17.111+0000] {logging_mixin.py:190} INFO - [2024-11-26T11:26:17.111+0000] {dag.py:4180} INFO - Setting next_dagrun for example_bash_operator to 2024-11-25 00:00:00+00:00, run_after=2024-11-26 00:00:00+00:00
[2024-11-26T11:26:17.131+0000] {processor.py:208} INFO - Processing /home/airflow/.local/lib/python3.12/site-packages/airflow/example_dags/example_bash_operator.py took 0.083 seconds
[2024-11-26T11:26:47.959+0000] {processor.py:186} INFO - Started process (PID=191) to work on /home/airflow/.local/lib/python3.12/site-packages/airflow/example_dags/example_bash_operator.py
[2024-11-26T11:26:47.960+0000] {processor.py:914} INFO - Processing file /home/airflow/.local/lib/python3.12/site-packages/airflow/example_dags/example_bash_operator.py for tasks to queue
[2024-11-26T11:26:47.962+0000] {logging_mixin.py:190} INFO - [2024-11-26T11:26:47.962+0000] {dagbag.py:588} INFO - Filling up the DagBag from /home/airflow/.local/lib/python3.12/site-packages/airflow/example_dags/example_bash_operator.py
[2024-11-26T11:26:47.972+0000] {processor.py:925} INFO - DAG(s) 'example_bash_operator' retrieved from /home/airflow/.local/lib/python3.12/site-packages/airflow/example_dags/example_bash_operator.py
[2024-11-26T11:26:47.993+0000] {logging_mixin.py:190} INFO - [2024-11-26T11:26:47.992+0000] {dag.py:3239} INFO - Sync 1 DAGs
[2024-11-26T11:26:48.009+0000] {logging_mixin.py:190} INFO - [2024-11-26T11:26:48.009+0000] {dag.py:4180} INFO - Setting next_dagrun for example_bash_operator to 2024-11-25 00:00:00+00:00, run_after=2024-11-26 00:00:00+00:00
[2024-11-26T11:26:48.026+0000] {processor.py:208} INFO - Processing /home/airflow/.local/lib/python3.12/site-packages/airflow/example_dags/example_bash_operator.py took 0.071 seconds
[2024-11-26T11:27:18.271+0000] {processor.py:186} INFO - Started process (PID=253) to work on /home/airflow/.local/lib/python3.12/site-packages/airflow/example_dags/example_bash_operator.py
[2024-11-26T11:27:18.272+0000] {processor.py:914} INFO - Processing file /home/airflow/.local/lib/python3.12/site-packages/airflow/example_dags/example_bash_operator.py for tasks to queue
[2024-11-26T11:27:18.277+0000] {logging_mixin.py:190} INFO - [2024-11-26T11:27:18.276+0000] {dagbag.py:588} INFO - Filling up the DagBag from /home/airflow/.local/lib/python3.12/site-packages/airflow/example_dags/example_bash_operator.py
[2024-11-26T11:27:18.289+0000] {processor.py:925} INFO - DAG(s) 'example_bash_operator' retrieved from /home/airflow/.local/lib/python3.12/site-packages/airflow/example_dags/example_bash_operator.py
[2024-11-26T11:27:18.308+0000] {logging_mixin.py:190} INFO - [2024-11-26T11:27:18.308+0000] {dag.py:3239} INFO - Sync 1 DAGs
[2024-11-26T11:27:18.325+0000] {logging_mixin.py:190} INFO - [2024-11-26T11:27:18.325+0000] {dag.py:4180} INFO - Setting next_dagrun for example_bash_operator to 2024-11-25 00:00:00+00:00, run_after=2024-11-26 00:00:00+00:00
[2024-11-26T11:27:18.340+0000] {processor.py:208} INFO - Processing /home/airflow/.local/lib/python3.12/site-packages/airflow/example_dags/example_bash_operator.py took 0.073 seconds
[2024-11-26T11:27:48.981+0000] {processor.py:186} INFO - Started process (PID=316) to work on /home/airflow/.local/lib/python3.12/site-packages/airflow/example_dags/example_bash_operator.py
[2024-11-26T11:27:48.982+0000] {processor.py:914} INFO - Processing file /home/airflow/.local/lib/python3.12/site-packages/airflow/example_dags/example_bash_operator.py for tasks to queue
[2024-11-26T11:27:48.984+0000] {logging_mixin.py:190} INFO - [2024-11-26T11:27:48.984+0000] {dagbag.py:588} INFO - Filling up the DagBag from /home/airflow/.local/lib/python3.12/site-packages/airflow/example_dags/example_bash_operator.py
[2024-11-26T11:27:48.994+0000] {processor.py:925} INFO - DAG(s) 'example_bash_operator' retrieved from /home/airflow/.local/lib/python3.12/site-packages/airflow/example_dags/example_bash_operator.py
[2024-11-26T11:27:49.012+0000] {logging_mixin.py:190} INFO - [2024-11-26T11:27:49.012+0000] {dag.py:3239} INFO - Sync 1 DAGs
[2024-11-26T11:27:49.028+0000] {logging_mixin.py:190} INFO - [2024-11-26T11:27:49.028+0000] {dag.py:4180} INFO - Setting next_dagrun for example_bash_operator to 2024-11-25 00:00:00+00:00, run_after=2024-11-26 00:00:00+00:00
[2024-11-26T11:27:49.042+0000] {processor.py:208} INFO - Processing /home/airflow/.local/lib/python3.12/site-packages/airflow/example_dags/example_bash_operator.py took 0.065 seconds
[2024-11-26T11:28:19.600+0000] {processor.py:186} INFO - Started process (PID=379) to work on /home/airflow/.local/lib/python3.12/site-packages/airflow/example_dags/example_bash_operator.py
[2024-11-26T11:28:19.601+0000] {processor.py:914} INFO - Processing file /home/airflow/.local/lib/python3.12/site-packages/airflow/example_dags/example_bash_operator.py for tasks to queue
[2024-11-26T11:28:19.603+0000] {logging_mixin.py:190} INFO - [2024-11-26T11:28:19.602+0000] {dagbag.py:588} INFO - Filling up the DagBag from /home/airflow/.local/lib/python3.12/site-packages/airflow/example_dags/example_bash_operator.py
[2024-11-26T11:28:19.612+0000] {processor.py:925} INFO - DAG(s) 'example_bash_operator' retrieved from /home/airflow/.local/lib/python3.12/site-packages/airflow/example_dags/example_bash_operator.py
[2024-11-26T11:28:19.634+0000] {logging_mixin.py:190} INFO - [2024-11-26T11:28:19.633+0000] {dag.py:3239} INFO - Sync 1 DAGs
[2024-11-26T11:28:19.654+0000] {logging_mixin.py:190} INFO - [2024-11-26T11:28:19.653+0000] {dag.py:4180} INFO - Setting next_dagrun for example_bash_operator to 2024-11-25 00:00:00+00:00, run_after=2024-11-26 00:00:00+00:00
[2024-11-26T11:28:19.669+0000] {processor.py:208} INFO - Processing /home/airflow/.local/lib/python3.12/site-packages/airflow/example_dags/example_bash_operator.py took 0.075 seconds
[2024-11-26T11:28:49.747+0000] {processor.py:186} INFO - Started process (PID=442) to work on /home/airflow/.local/lib/python3.12/site-packages/airflow/example_dags/example_bash_operator.py
[2024-11-26T11:28:49.748+0000] {processor.py:914} INFO - Processing file /home/airflow/.local/lib/python3.12/site-packages/airflow/example_dags/example_bash_operator.py for tasks to queue
[2024-11-26T11:28:49.751+0000] {logging_mixin.py:190} INFO - [2024-11-26T11:28:49.750+0000] {dagbag.py:588} INFO - Filling up the DagBag from /home/airflow/.local/lib/python3.12/site-packages/airflow/example_dags/example_bash_operator.py
[2024-11-26T11:28:49.761+0000] {processor.py:925} INFO - DAG(s) 'example_bash_operator' retrieved from /home/airflow/.local/lib/python3.12/site-packages/airflow/example_dags/example_bash_operator.py
[2024-11-26T11:28:49.780+0000] {logging_mixin.py:190} INFO - [2024-11-26T11:28:49.780+0000] {dag.py:3239} INFO - Sync 1 DAGs
[2024-11-26T11:28:49.796+0000] {logging_mixin.py:190} INFO - [2024-11-26T11:28:49.796+0000] {dag.py:4180} INFO - Setting next_dagrun for example_bash_operator to 2024-11-25 00:00:00+00:00, run_after=2024-11-26 00:00:00+00:00
[2024-11-26T11:28:49.810+0000] {processor.py:208} INFO - Processing /home/airflow/.local/lib/python3.12/site-packages/airflow/example_dags/example_bash_operator.py took 0.068 seconds
[2024-11-26T11:31:19.286+0000] {processor.py:186} INFO - Started process (PID=65) to work on /home/airflow/.local/lib/python3.12/site-packages/airflow/example_dags/example_bash_operator.py
[2024-11-26T11:31:19.287+0000] {processor.py:914} INFO - Processing file /home/airflow/.local/lib/python3.12/site-packages/airflow/example_dags/example_bash_operator.py for tasks to queue
[2024-11-26T11:31:19.289+0000] {logging_mixin.py:190} INFO - [2024-11-26T11:31:19.288+0000] {dagbag.py:588} INFO - Filling up the DagBag from /home/airflow/.local/lib/python3.12/site-packages/airflow/example_dags/example_bash_operator.py
[2024-11-26T11:31:19.299+0000] {processor.py:925} INFO - DAG(s) 'example_bash_operator' retrieved from /home/airflow/.local/lib/python3.12/site-packages/airflow/example_dags/example_bash_operator.py
[2024-11-26T11:31:19.326+0000] {logging_mixin.py:190} INFO - [2024-11-26T11:31:19.326+0000] {dag.py:3239} INFO - Sync 1 DAGs
[2024-11-26T11:31:19.346+0000] {logging_mixin.py:190} INFO - [2024-11-26T11:31:19.346+0000] {dag.py:4180} INFO - Setting next_dagrun for example_bash_operator to 2024-11-25 00:00:00+00:00, run_after=2024-11-26 00:00:00+00:00
[2024-11-26T11:31:19.373+0000] {processor.py:208} INFO - Processing /home/airflow/.local/lib/python3.12/site-packages/airflow/example_dags/example_bash_operator.py took 0.092 seconds
[2024-11-26T11:31:50.151+0000] {processor.py:186} INFO - Started process (PID=128) to work on /home/airflow/.local/lib/python3.12/site-packages/airflow/example_dags/example_bash_operator.py
[2024-11-26T11:31:50.152+0000] {processor.py:914} INFO - Processing file /home/airflow/.local/lib/python3.12/site-packages/airflow/example_dags/example_bash_operator.py for tasks to queue
[2024-11-26T11:31:50.154+0000] {logging_mixin.py:190} INFO - [2024-11-26T11:31:50.153+0000] {dagbag.py:588} INFO - Filling up the DagBag from /home/airflow/.local/lib/python3.12/site-packages/airflow/example_dags/example_bash_operator.py
[2024-11-26T11:31:50.164+0000] {processor.py:925} INFO - DAG(s) 'example_bash_operator' retrieved from /home/airflow/.local/lib/python3.12/site-packages/airflow/example_dags/example_bash_operator.py
[2024-11-26T11:31:50.187+0000] {logging_mixin.py:190} INFO - [2024-11-26T11:31:50.187+0000] {dag.py:3239} INFO - Sync 1 DAGs
[2024-11-26T11:31:50.204+0000] {logging_mixin.py:190} INFO - [2024-11-26T11:31:50.204+0000] {dag.py:4180} INFO - Setting next_dagrun for example_bash_operator to 2024-11-25 00:00:00+00:00, run_after=2024-11-26 00:00:00+00:00
[2024-11-26T11:31:50.228+0000] {processor.py:208} INFO - Processing /home/airflow/.local/lib/python3.12/site-packages/airflow/example_dags/example_bash_operator.py took 0.084 seconds
[2024-11-26T11:32:20.697+0000] {processor.py:186} INFO - Started process (PID=191) to work on /home/airflow/.local/lib/python3.12/site-packages/airflow/example_dags/example_bash_operator.py
[2024-11-26T11:32:20.698+0000] {processor.py:914} INFO - Processing file /home/airflow/.local/lib/python3.12/site-packages/airflow/example_dags/example_bash_operator.py for tasks to queue
[2024-11-26T11:32:20.704+0000] {logging_mixin.py:190} INFO - [2024-11-26T11:32:20.704+0000] {dagbag.py:588} INFO - Filling up the DagBag from /home/airflow/.local/lib/python3.12/site-packages/airflow/example_dags/example_bash_operator.py
[2024-11-26T11:32:20.720+0000] {processor.py:925} INFO - DAG(s) 'example_bash_operator' retrieved from /home/airflow/.local/lib/python3.12/site-packages/airflow/example_dags/example_bash_operator.py
[2024-11-26T11:32:20.757+0000] {logging_mixin.py:190} INFO - [2024-11-26T11:32:20.757+0000] {dag.py:3239} INFO - Sync 1 DAGs
[2024-11-26T11:32:20.779+0000] {logging_mixin.py:190} INFO - [2024-11-26T11:32:20.779+0000] {dag.py:4180} INFO - Setting next_dagrun for example_bash_operator to 2024-11-25 00:00:00+00:00, run_after=2024-11-26 00:00:00+00:00
[2024-11-26T11:32:20.798+0000] {processor.py:208} INFO - Processing /home/airflow/.local/lib/python3.12/site-packages/airflow/example_dags/example_bash_operator.py took 0.106 seconds
[2024-11-26T11:32:50.978+0000] {processor.py:186} INFO - Started process (PID=254) to work on /home/airflow/.local/lib/python3.12/site-packages/airflow/example_dags/example_bash_operator.py
[2024-11-26T11:32:50.978+0000] {processor.py:914} INFO - Processing file /home/airflow/.local/lib/python3.12/site-packages/airflow/example_dags/example_bash_operator.py for tasks to queue
[2024-11-26T11:32:50.980+0000] {logging_mixin.py:190} INFO - [2024-11-26T11:32:50.980+0000] {dagbag.py:588} INFO - Filling up the DagBag from /home/airflow/.local/lib/python3.12/site-packages/airflow/example_dags/example_bash_operator.py
[2024-11-26T11:32:50.991+0000] {processor.py:925} INFO - DAG(s) 'example_bash_operator' retrieved from /home/airflow/.local/lib/python3.12/site-packages/airflow/example_dags/example_bash_operator.py
[2024-11-26T11:32:51.015+0000] {logging_mixin.py:190} INFO - [2024-11-26T11:32:51.014+0000] {dag.py:3239} INFO - Sync 1 DAGs
[2024-11-26T11:32:51.036+0000] {logging_mixin.py:190} INFO - [2024-11-26T11:32:51.036+0000] {dag.py:4180} INFO - Setting next_dagrun for example_bash_operator to 2024-11-25 00:00:00+00:00, run_after=2024-11-26 00:00:00+00:00
[2024-11-26T11:32:51.057+0000] {processor.py:208} INFO - Processing /home/airflow/.local/lib/python3.12/site-packages/airflow/example_dags/example_bash_operator.py took 0.084 seconds
[2024-11-26T11:33:21.335+0000] {processor.py:186} INFO - Started process (PID=317) to work on /home/airflow/.local/lib/python3.12/site-packages/airflow/example_dags/example_bash_operator.py
[2024-11-26T11:33:21.336+0000] {processor.py:914} INFO - Processing file /home/airflow/.local/lib/python3.12/site-packages/airflow/example_dags/example_bash_operator.py for tasks to queue
[2024-11-26T11:33:21.338+0000] {logging_mixin.py:190} INFO - [2024-11-26T11:33:21.338+0000] {dagbag.py:588} INFO - Filling up the DagBag from /home/airflow/.local/lib/python3.12/site-packages/airflow/example_dags/example_bash_operator.py
[2024-11-26T11:33:21.348+0000] {processor.py:925} INFO - DAG(s) 'example_bash_operator' retrieved from /home/airflow/.local/lib/python3.12/site-packages/airflow/example_dags/example_bash_operator.py
[2024-11-26T11:33:21.371+0000] {logging_mixin.py:190} INFO - [2024-11-26T11:33:21.371+0000] {dag.py:3239} INFO - Sync 1 DAGs
[2024-11-26T11:33:21.387+0000] {logging_mixin.py:190} INFO - [2024-11-26T11:33:21.387+0000] {dag.py:4180} INFO - Setting next_dagrun for example_bash_operator to 2024-11-25 00:00:00+00:00, run_after=2024-11-26 00:00:00+00:00
[2024-11-26T11:33:21.414+0000] {processor.py:208} INFO - Processing /home/airflow/.local/lib/python3.12/site-packages/airflow/example_dags/example_bash_operator.py took 0.085 seconds
[2024-11-26T11:33:51.758+0000] {processor.py:186} INFO - Started process (PID=380) to work on /home/airflow/.local/lib/python3.12/site-packages/airflow/example_dags/example_bash_operator.py
[2024-11-26T11:33:51.759+0000] {processor.py:914} INFO - Processing file /home/airflow/.local/lib/python3.12/site-packages/airflow/example_dags/example_bash_operator.py for tasks to queue
[2024-11-26T11:33:51.761+0000] {logging_mixin.py:190} INFO - [2024-11-26T11:33:51.761+0000] {dagbag.py:588} INFO - Filling up the DagBag from /home/airflow/.local/lib/python3.12/site-packages/airflow/example_dags/example_bash_operator.py
[2024-11-26T11:33:51.771+0000] {processor.py:925} INFO - DAG(s) 'example_bash_operator' retrieved from /home/airflow/.local/lib/python3.12/site-packages/airflow/example_dags/example_bash_operator.py
[2024-11-26T11:33:51.797+0000] {logging_mixin.py:190} INFO - [2024-11-26T11:33:51.796+0000] {dag.py:3239} INFO - Sync 1 DAGs
[2024-11-26T11:33:51.815+0000] {logging_mixin.py:190} INFO - [2024-11-26T11:33:51.814+0000] {dag.py:4180} INFO - Setting next_dagrun for example_bash_operator to 2024-11-25 00:00:00+00:00, run_after=2024-11-26 00:00:00+00:00
[2024-11-26T11:33:51.829+0000] {processor.py:208} INFO - Processing /home/airflow/.local/lib/python3.12/site-packages/airflow/example_dags/example_bash_operator.py took 0.076 seconds
[2024-11-26T11:34:22.600+0000] {processor.py:186} INFO - Started process (PID=449) to work on /home/airflow/.local/lib/python3.12/site-packages/airflow/example_dags/example_bash_operator.py
[2024-11-26T11:34:22.601+0000] {processor.py:914} INFO - Processing file /home/airflow/.local/lib/python3.12/site-packages/airflow/example_dags/example_bash_operator.py for tasks to queue
[2024-11-26T11:34:22.603+0000] {logging_mixin.py:190} INFO - [2024-11-26T11:34:22.603+0000] {dagbag.py:588} INFO - Filling up the DagBag from /home/airflow/.local/lib/python3.12/site-packages/airflow/example_dags/example_bash_operator.py
[2024-11-26T11:34:22.617+0000] {processor.py:925} INFO - DAG(s) 'example_bash_operator' retrieved from /home/airflow/.local/lib/python3.12/site-packages/airflow/example_dags/example_bash_operator.py
[2024-11-26T11:34:22.648+0000] {logging_mixin.py:190} INFO - [2024-11-26T11:34:22.648+0000] {dag.py:3239} INFO - Sync 1 DAGs
[2024-11-26T11:34:22.671+0000] {logging_mixin.py:190} INFO - [2024-11-26T11:34:22.671+0000] {dag.py:4180} INFO - Setting next_dagrun for example_bash_operator to 2024-11-25 00:00:00+00:00, run_after=2024-11-26 00:00:00+00:00
[2024-11-26T11:34:22.690+0000] {processor.py:208} INFO - Processing /home/airflow/.local/lib/python3.12/site-packages/airflow/example_dags/example_bash_operator.py took 0.095 seconds
[2024-11-26T11:39:47.899+0000] {processor.py:186} INFO - Started process (PID=506) to work on /home/airflow/.local/lib/python3.12/site-packages/airflow/example_dags/example_bash_operator.py
[2024-11-26T11:39:47.908+0000] {processor.py:914} INFO - Processing file /home/airflow/.local/lib/python3.12/site-packages/airflow/example_dags/example_bash_operator.py for tasks to queue
[2024-11-26T11:39:47.917+0000] {logging_mixin.py:190} INFO - [2024-11-26T11:39:47.917+0000] {dagbag.py:588} INFO - Filling up the DagBag from /home/airflow/.local/lib/python3.12/site-packages/airflow/example_dags/example_bash_operator.py
[2024-11-26T11:39:47.934+0000] {processor.py:925} INFO - DAG(s) 'example_bash_operator' retrieved from /home/airflow/.local/lib/python3.12/site-packages/airflow/example_dags/example_bash_operator.py
[2024-11-26T11:39:47.982+0000] {logging_mixin.py:190} INFO - [2024-11-26T11:39:47.982+0000] {dag.py:3239} INFO - Sync 1 DAGs
[2024-11-26T11:39:48.036+0000] {logging_mixin.py:190} INFO - [2024-11-26T11:39:48.036+0000] {dag.py:4180} INFO - Setting next_dagrun for example_bash_operator to 2024-11-25 00:00:00+00:00, run_after=2024-11-26 00:00:00+00:00
[2024-11-26T11:39:48.058+0000] {processor.py:208} INFO - Processing /home/airflow/.local/lib/python3.12/site-packages/airflow/example_dags/example_bash_operator.py took 0.164 seconds
[2024-11-26T11:40:18.239+0000] {processor.py:186} INFO - Started process (PID=569) to work on /home/airflow/.local/lib/python3.12/site-packages/airflow/example_dags/example_bash_operator.py
[2024-11-26T11:40:18.240+0000] {processor.py:914} INFO - Processing file /home/airflow/.local/lib/python3.12/site-packages/airflow/example_dags/example_bash_operator.py for tasks to queue
[2024-11-26T11:40:18.243+0000] {logging_mixin.py:190} INFO - [2024-11-26T11:40:18.243+0000] {dagbag.py:588} INFO - Filling up the DagBag from /home/airflow/.local/lib/python3.12/site-packages/airflow/example_dags/example_bash_operator.py
[2024-11-26T11:40:18.261+0000] {processor.py:925} INFO - DAG(s) 'example_bash_operator' retrieved from /home/airflow/.local/lib/python3.12/site-packages/airflow/example_dags/example_bash_operator.py
[2024-11-26T11:40:18.281+0000] {logging_mixin.py:190} INFO - [2024-11-26T11:40:18.281+0000] {dag.py:3239} INFO - Sync 1 DAGs
[2024-11-26T11:40:18.299+0000] {logging_mixin.py:190} INFO - [2024-11-26T11:40:18.298+0000] {dag.py:4180} INFO - Setting next_dagrun for example_bash_operator to 2024-11-25 00:00:00+00:00, run_after=2024-11-26 00:00:00+00:00
[2024-11-26T11:40:18.315+0000] {processor.py:208} INFO - Processing /home/airflow/.local/lib/python3.12/site-packages/airflow/example_dags/example_bash_operator.py took 0.080 seconds
