[2024-11-26T11:25:50.321+0000] {processor.py:186} INFO - Started process (PID=104) to work on /home/airflow/.local/lib/python3.12/site-packages/airflow/example_dags/example_complex.py
[2024-11-26T11:25:50.322+0000] {processor.py:914} INFO - Processing file /home/airflow/.local/lib/python3.12/site-packages/airflow/example_dags/example_complex.py for tasks to queue
[2024-11-26T11:25:50.324+0000] {logging_mixin.py:190} INFO - [2024-11-26T11:25:50.324+0000] {dagbag.py:588} INFO - Filling up the DagBag from /home/airflow/.local/lib/python3.12/site-packages/airflow/example_dags/example_complex.py
[2024-11-26T11:25:50.334+0000] {processor.py:925} INFO - DAG(s) 'example_complex' retrieved from /home/airflow/.local/lib/python3.12/site-packages/airflow/example_dags/example_complex.py
[2024-11-26T11:25:50.363+0000] {logging_mixin.py:190} INFO - [2024-11-26T11:25:50.363+0000] {dag.py:3239} INFO - Sync 1 DAGs
[2024-11-26T11:25:50.377+0000] {logging_mixin.py:190} INFO - [2024-11-26T11:25:50.376+0000] {dag.py:4180} INFO - Setting next_dagrun for example_complex to None, run_after=None
[2024-11-26T11:25:50.391+0000] {processor.py:208} INFO - Processing /home/airflow/.local/lib/python3.12/site-packages/airflow/example_dags/example_complex.py took 0.075 seconds
[2024-11-26T11:26:21.423+0000] {processor.py:186} INFO - Started process (PID=167) to work on /home/airflow/.local/lib/python3.12/site-packages/airflow/example_dags/example_complex.py
[2024-11-26T11:26:21.424+0000] {processor.py:914} INFO - Processing file /home/airflow/.local/lib/python3.12/site-packages/airflow/example_dags/example_complex.py for tasks to queue
[2024-11-26T11:26:21.427+0000] {logging_mixin.py:190} INFO - [2024-11-26T11:26:21.427+0000] {dagbag.py:588} INFO - Filling up the DagBag from /home/airflow/.local/lib/python3.12/site-packages/airflow/example_dags/example_complex.py
[2024-11-26T11:26:21.437+0000] {processor.py:925} INFO - DAG(s) 'example_complex' retrieved from /home/airflow/.local/lib/python3.12/site-packages/airflow/example_dags/example_complex.py
[2024-11-26T11:26:21.469+0000] {logging_mixin.py:190} INFO - [2024-11-26T11:26:21.469+0000] {dag.py:3239} INFO - Sync 1 DAGs
[2024-11-26T11:26:21.480+0000] {logging_mixin.py:190} INFO - [2024-11-26T11:26:21.480+0000] {dag.py:4180} INFO - Setting next_dagrun for example_complex to None, run_after=None
[2024-11-26T11:26:21.494+0000] {processor.py:208} INFO - Processing /home/airflow/.local/lib/python3.12/site-packages/airflow/example_dags/example_complex.py took 0.076 seconds
[2024-11-26T11:26:52.574+0000] {processor.py:186} INFO - Started process (PID=230) to work on /home/airflow/.local/lib/python3.12/site-packages/airflow/example_dags/example_complex.py
[2024-11-26T11:26:52.577+0000] {processor.py:914} INFO - Processing file /home/airflow/.local/lib/python3.12/site-packages/airflow/example_dags/example_complex.py for tasks to queue
[2024-11-26T11:26:52.580+0000] {logging_mixin.py:190} INFO - [2024-11-26T11:26:52.580+0000] {dagbag.py:588} INFO - Filling up the DagBag from /home/airflow/.local/lib/python3.12/site-packages/airflow/example_dags/example_complex.py
[2024-11-26T11:26:52.590+0000] {processor.py:925} INFO - DAG(s) 'example_complex' retrieved from /home/airflow/.local/lib/python3.12/site-packages/airflow/example_dags/example_complex.py
[2024-11-26T11:26:52.614+0000] {logging_mixin.py:190} INFO - [2024-11-26T11:26:52.614+0000] {dag.py:3239} INFO - Sync 1 DAGs
[2024-11-26T11:26:52.627+0000] {logging_mixin.py:190} INFO - [2024-11-26T11:26:52.626+0000] {dag.py:4180} INFO - Setting next_dagrun for example_complex to None, run_after=None
[2024-11-26T11:26:52.641+0000] {processor.py:208} INFO - Processing /home/airflow/.local/lib/python3.12/site-packages/airflow/example_dags/example_complex.py took 0.072 seconds
[2024-11-26T11:27:23.336+0000] {processor.py:186} INFO - Started process (PID=292) to work on /home/airflow/.local/lib/python3.12/site-packages/airflow/example_dags/example_complex.py
[2024-11-26T11:27:23.337+0000] {processor.py:914} INFO - Processing file /home/airflow/.local/lib/python3.12/site-packages/airflow/example_dags/example_complex.py for tasks to queue
[2024-11-26T11:27:23.339+0000] {logging_mixin.py:190} INFO - [2024-11-26T11:27:23.339+0000] {dagbag.py:588} INFO - Filling up the DagBag from /home/airflow/.local/lib/python3.12/site-packages/airflow/example_dags/example_complex.py
[2024-11-26T11:27:23.350+0000] {processor.py:925} INFO - DAG(s) 'example_complex' retrieved from /home/airflow/.local/lib/python3.12/site-packages/airflow/example_dags/example_complex.py
[2024-11-26T11:27:23.379+0000] {logging_mixin.py:190} INFO - [2024-11-26T11:27:23.378+0000] {dag.py:3239} INFO - Sync 1 DAGs
[2024-11-26T11:27:23.390+0000] {logging_mixin.py:190} INFO - [2024-11-26T11:27:23.390+0000] {dag.py:4180} INFO - Setting next_dagrun for example_complex to None, run_after=None
[2024-11-26T11:27:23.409+0000] {processor.py:208} INFO - Processing /home/airflow/.local/lib/python3.12/site-packages/airflow/example_dags/example_complex.py took 0.077 seconds
[2024-11-26T11:27:54.665+0000] {processor.py:186} INFO - Started process (PID=355) to work on /home/airflow/.local/lib/python3.12/site-packages/airflow/example_dags/example_complex.py
[2024-11-26T11:27:54.665+0000] {processor.py:914} INFO - Processing file /home/airflow/.local/lib/python3.12/site-packages/airflow/example_dags/example_complex.py for tasks to queue
[2024-11-26T11:27:54.667+0000] {logging_mixin.py:190} INFO - [2024-11-26T11:27:54.667+0000] {dagbag.py:588} INFO - Filling up the DagBag from /home/airflow/.local/lib/python3.12/site-packages/airflow/example_dags/example_complex.py
[2024-11-26T11:27:54.675+0000] {processor.py:925} INFO - DAG(s) 'example_complex' retrieved from /home/airflow/.local/lib/python3.12/site-packages/airflow/example_dags/example_complex.py
[2024-11-26T11:27:54.709+0000] {logging_mixin.py:190} INFO - [2024-11-26T11:27:54.709+0000] {dag.py:3239} INFO - Sync 1 DAGs
[2024-11-26T11:27:54.727+0000] {logging_mixin.py:190} INFO - [2024-11-26T11:27:54.727+0000] {dag.py:4180} INFO - Setting next_dagrun for example_complex to None, run_after=None
[2024-11-26T11:27:54.755+0000] {processor.py:208} INFO - Processing /home/airflow/.local/lib/python3.12/site-packages/airflow/example_dags/example_complex.py took 0.096 seconds
[2024-11-26T11:28:26.047+0000] {processor.py:186} INFO - Started process (PID=418) to work on /home/airflow/.local/lib/python3.12/site-packages/airflow/example_dags/example_complex.py
[2024-11-26T11:28:26.048+0000] {processor.py:914} INFO - Processing file /home/airflow/.local/lib/python3.12/site-packages/airflow/example_dags/example_complex.py for tasks to queue
[2024-11-26T11:28:26.051+0000] {logging_mixin.py:190} INFO - [2024-11-26T11:28:26.050+0000] {dagbag.py:588} INFO - Filling up the DagBag from /home/airflow/.local/lib/python3.12/site-packages/airflow/example_dags/example_complex.py
[2024-11-26T11:28:26.059+0000] {processor.py:925} INFO - DAG(s) 'example_complex' retrieved from /home/airflow/.local/lib/python3.12/site-packages/airflow/example_dags/example_complex.py
[2024-11-26T11:28:26.092+0000] {logging_mixin.py:190} INFO - [2024-11-26T11:28:26.092+0000] {dag.py:3239} INFO - Sync 1 DAGs
[2024-11-26T11:28:26.108+0000] {logging_mixin.py:190} INFO - [2024-11-26T11:28:26.108+0000] {dag.py:4180} INFO - Setting next_dagrun for example_complex to None, run_after=None
[2024-11-26T11:28:26.122+0000] {processor.py:208} INFO - Processing /home/airflow/.local/lib/python3.12/site-packages/airflow/example_dags/example_complex.py took 0.081 seconds
[2024-11-26T11:28:56.898+0000] {processor.py:186} INFO - Started process (PID=481) to work on /home/airflow/.local/lib/python3.12/site-packages/airflow/example_dags/example_complex.py
[2024-11-26T11:28:56.899+0000] {processor.py:914} INFO - Processing file /home/airflow/.local/lib/python3.12/site-packages/airflow/example_dags/example_complex.py for tasks to queue
[2024-11-26T11:28:56.901+0000] {logging_mixin.py:190} INFO - [2024-11-26T11:28:56.901+0000] {dagbag.py:588} INFO - Filling up the DagBag from /home/airflow/.local/lib/python3.12/site-packages/airflow/example_dags/example_complex.py
[2024-11-26T11:28:56.910+0000] {processor.py:925} INFO - DAG(s) 'example_complex' retrieved from /home/airflow/.local/lib/python3.12/site-packages/airflow/example_dags/example_complex.py
[2024-11-26T11:28:56.935+0000] {logging_mixin.py:190} INFO - [2024-11-26T11:28:56.935+0000] {dag.py:3239} INFO - Sync 1 DAGs
[2024-11-26T11:28:56.948+0000] {logging_mixin.py:190} INFO - [2024-11-26T11:28:56.948+0000] {dag.py:4180} INFO - Setting next_dagrun for example_complex to None, run_after=None
[2024-11-26T11:28:56.965+0000] {processor.py:208} INFO - Processing /home/airflow/.local/lib/python3.12/site-packages/airflow/example_dags/example_complex.py took 0.072 seconds
[2024-11-26T11:31:23.304+0000] {processor.py:186} INFO - Started process (PID=110) to work on /home/airflow/.local/lib/python3.12/site-packages/airflow/example_dags/example_complex.py
[2024-11-26T11:31:23.306+0000] {processor.py:914} INFO - Processing file /home/airflow/.local/lib/python3.12/site-packages/airflow/example_dags/example_complex.py for tasks to queue
[2024-11-26T11:31:23.308+0000] {logging_mixin.py:190} INFO - [2024-11-26T11:31:23.307+0000] {dagbag.py:588} INFO - Filling up the DagBag from /home/airflow/.local/lib/python3.12/site-packages/airflow/example_dags/example_complex.py
[2024-11-26T11:31:23.317+0000] {processor.py:925} INFO - DAG(s) 'example_complex' retrieved from /home/airflow/.local/lib/python3.12/site-packages/airflow/example_dags/example_complex.py
[2024-11-26T11:31:23.343+0000] {logging_mixin.py:190} INFO - [2024-11-26T11:31:23.343+0000] {dag.py:3239} INFO - Sync 1 DAGs
[2024-11-26T11:31:23.356+0000] {logging_mixin.py:190} INFO - [2024-11-26T11:31:23.355+0000] {dag.py:4180} INFO - Setting next_dagrun for example_complex to None, run_after=None
[2024-11-26T11:31:23.370+0000] {processor.py:208} INFO - Processing /home/airflow/.local/lib/python3.12/site-packages/airflow/example_dags/example_complex.py took 0.070 seconds
[2024-11-26T11:31:54.600+0000] {processor.py:186} INFO - Started process (PID=173) to work on /home/airflow/.local/lib/python3.12/site-packages/airflow/example_dags/example_complex.py
[2024-11-26T11:31:54.607+0000] {processor.py:914} INFO - Processing file /home/airflow/.local/lib/python3.12/site-packages/airflow/example_dags/example_complex.py for tasks to queue
[2024-11-26T11:31:54.610+0000] {logging_mixin.py:190} INFO - [2024-11-26T11:31:54.610+0000] {dagbag.py:588} INFO - Filling up the DagBag from /home/airflow/.local/lib/python3.12/site-packages/airflow/example_dags/example_complex.py
[2024-11-26T11:31:54.620+0000] {processor.py:925} INFO - DAG(s) 'example_complex' retrieved from /home/airflow/.local/lib/python3.12/site-packages/airflow/example_dags/example_complex.py
[2024-11-26T11:31:54.646+0000] {logging_mixin.py:190} INFO - [2024-11-26T11:31:54.645+0000] {dag.py:3239} INFO - Sync 1 DAGs
[2024-11-26T11:31:54.659+0000] {logging_mixin.py:190} INFO - [2024-11-26T11:31:54.659+0000] {dag.py:4180} INFO - Setting next_dagrun for example_complex to None, run_after=None
[2024-11-26T11:31:54.676+0000] {processor.py:208} INFO - Processing /home/airflow/.local/lib/python3.12/site-packages/airflow/example_dags/example_complex.py took 0.084 seconds
[2024-11-26T11:32:25.314+0000] {processor.py:186} INFO - Started process (PID=236) to work on /home/airflow/.local/lib/python3.12/site-packages/airflow/example_dags/example_complex.py
[2024-11-26T11:32:25.315+0000] {processor.py:914} INFO - Processing file /home/airflow/.local/lib/python3.12/site-packages/airflow/example_dags/example_complex.py for tasks to queue
[2024-11-26T11:32:25.316+0000] {logging_mixin.py:190} INFO - [2024-11-26T11:32:25.316+0000] {dagbag.py:588} INFO - Filling up the DagBag from /home/airflow/.local/lib/python3.12/site-packages/airflow/example_dags/example_complex.py
[2024-11-26T11:32:25.329+0000] {processor.py:925} INFO - DAG(s) 'example_complex' retrieved from /home/airflow/.local/lib/python3.12/site-packages/airflow/example_dags/example_complex.py
[2024-11-26T11:32:25.351+0000] {logging_mixin.py:190} INFO - [2024-11-26T11:32:25.351+0000] {dag.py:3239} INFO - Sync 1 DAGs
[2024-11-26T11:32:25.362+0000] {logging_mixin.py:190} INFO - [2024-11-26T11:32:25.362+0000] {dag.py:4180} INFO - Setting next_dagrun for example_complex to None, run_after=None
[2024-11-26T11:32:25.377+0000] {processor.py:208} INFO - Processing /home/airflow/.local/lib/python3.12/site-packages/airflow/example_dags/example_complex.py took 0.069 seconds
[2024-11-26T11:32:56.664+0000] {processor.py:186} INFO - Started process (PID=299) to work on /home/airflow/.local/lib/python3.12/site-packages/airflow/example_dags/example_complex.py
[2024-11-26T11:32:56.665+0000] {processor.py:914} INFO - Processing file /home/airflow/.local/lib/python3.12/site-packages/airflow/example_dags/example_complex.py for tasks to queue
[2024-11-26T11:32:56.667+0000] {logging_mixin.py:190} INFO - [2024-11-26T11:32:56.667+0000] {dagbag.py:588} INFO - Filling up the DagBag from /home/airflow/.local/lib/python3.12/site-packages/airflow/example_dags/example_complex.py
[2024-11-26T11:32:56.676+0000] {processor.py:925} INFO - DAG(s) 'example_complex' retrieved from /home/airflow/.local/lib/python3.12/site-packages/airflow/example_dags/example_complex.py
[2024-11-26T11:32:56.701+0000] {logging_mixin.py:190} INFO - [2024-11-26T11:32:56.700+0000] {dag.py:3239} INFO - Sync 1 DAGs
[2024-11-26T11:32:56.712+0000] {logging_mixin.py:190} INFO - [2024-11-26T11:32:56.712+0000] {dag.py:4180} INFO - Setting next_dagrun for example_complex to None, run_after=None
[2024-11-26T11:32:56.725+0000] {processor.py:208} INFO - Processing /home/airflow/.local/lib/python3.12/site-packages/airflow/example_dags/example_complex.py took 0.067 seconds
[2024-11-26T11:33:27.149+0000] {processor.py:186} INFO - Started process (PID=361) to work on /home/airflow/.local/lib/python3.12/site-packages/airflow/example_dags/example_complex.py
[2024-11-26T11:33:27.150+0000] {processor.py:914} INFO - Processing file /home/airflow/.local/lib/python3.12/site-packages/airflow/example_dags/example_complex.py for tasks to queue
[2024-11-26T11:33:27.152+0000] {logging_mixin.py:190} INFO - [2024-11-26T11:33:27.152+0000] {dagbag.py:588} INFO - Filling up the DagBag from /home/airflow/.local/lib/python3.12/site-packages/airflow/example_dags/example_complex.py
[2024-11-26T11:33:27.162+0000] {processor.py:925} INFO - DAG(s) 'example_complex' retrieved from /home/airflow/.local/lib/python3.12/site-packages/airflow/example_dags/example_complex.py
[2024-11-26T11:33:27.185+0000] {logging_mixin.py:190} INFO - [2024-11-26T11:33:27.184+0000] {dag.py:3239} INFO - Sync 1 DAGs
[2024-11-26T11:33:27.195+0000] {logging_mixin.py:190} INFO - [2024-11-26T11:33:27.195+0000] {dag.py:4180} INFO - Setting next_dagrun for example_complex to None, run_after=None
[2024-11-26T11:33:27.213+0000] {processor.py:208} INFO - Processing /home/airflow/.local/lib/python3.12/site-packages/airflow/example_dags/example_complex.py took 0.069 seconds
[2024-11-26T11:33:57.523+0000] {processor.py:186} INFO - Started process (PID=423) to work on /home/airflow/.local/lib/python3.12/site-packages/airflow/example_dags/example_complex.py
[2024-11-26T11:33:57.527+0000] {processor.py:914} INFO - Processing file /home/airflow/.local/lib/python3.12/site-packages/airflow/example_dags/example_complex.py for tasks to queue
[2024-11-26T11:33:57.530+0000] {logging_mixin.py:190} INFO - [2024-11-26T11:33:57.529+0000] {dagbag.py:588} INFO - Filling up the DagBag from /home/airflow/.local/lib/python3.12/site-packages/airflow/example_dags/example_complex.py
[2024-11-26T11:33:57.544+0000] {processor.py:925} INFO - DAG(s) 'example_complex' retrieved from /home/airflow/.local/lib/python3.12/site-packages/airflow/example_dags/example_complex.py
[2024-11-26T11:33:57.570+0000] {logging_mixin.py:190} INFO - [2024-11-26T11:33:57.570+0000] {dag.py:3239} INFO - Sync 1 DAGs
[2024-11-26T11:33:57.582+0000] {logging_mixin.py:190} INFO - [2024-11-26T11:33:57.582+0000] {dag.py:4180} INFO - Setting next_dagrun for example_complex to None, run_after=None
[2024-11-26T11:33:57.605+0000] {processor.py:208} INFO - Processing /home/airflow/.local/lib/python3.12/site-packages/airflow/example_dags/example_complex.py took 0.089 seconds
[2024-11-26T11:34:27.885+0000] {processor.py:186} INFO - Started process (PID=486) to work on /home/airflow/.local/lib/python3.12/site-packages/airflow/example_dags/example_complex.py
[2024-11-26T11:34:27.885+0000] {processor.py:914} INFO - Processing file /home/airflow/.local/lib/python3.12/site-packages/airflow/example_dags/example_complex.py for tasks to queue
[2024-11-26T11:34:27.887+0000] {logging_mixin.py:190} INFO - [2024-11-26T11:34:27.887+0000] {dagbag.py:588} INFO - Filling up the DagBag from /home/airflow/.local/lib/python3.12/site-packages/airflow/example_dags/example_complex.py
[2024-11-26T11:34:27.896+0000] {processor.py:925} INFO - DAG(s) 'example_complex' retrieved from /home/airflow/.local/lib/python3.12/site-packages/airflow/example_dags/example_complex.py
[2024-11-26T11:34:27.919+0000] {logging_mixin.py:190} INFO - [2024-11-26T11:34:27.919+0000] {dag.py:3239} INFO - Sync 1 DAGs
[2024-11-26T11:34:27.929+0000] {logging_mixin.py:190} INFO - [2024-11-26T11:34:27.929+0000] {dag.py:4180} INFO - Setting next_dagrun for example_complex to None, run_after=None
[2024-11-26T11:34:27.944+0000] {processor.py:208} INFO - Processing /home/airflow/.local/lib/python3.12/site-packages/airflow/example_dags/example_complex.py took 0.064 seconds
[2024-11-26T11:39:51.282+0000] {processor.py:186} INFO - Started process (PID=545) to work on /home/airflow/.local/lib/python3.12/site-packages/airflow/example_dags/example_complex.py
[2024-11-26T11:39:51.283+0000] {processor.py:914} INFO - Processing file /home/airflow/.local/lib/python3.12/site-packages/airflow/example_dags/example_complex.py for tasks to queue
[2024-11-26T11:39:51.286+0000] {logging_mixin.py:190} INFO - [2024-11-26T11:39:51.285+0000] {dagbag.py:588} INFO - Filling up the DagBag from /home/airflow/.local/lib/python3.12/site-packages/airflow/example_dags/example_complex.py
[2024-11-26T11:39:51.295+0000] {processor.py:925} INFO - DAG(s) 'example_complex' retrieved from /home/airflow/.local/lib/python3.12/site-packages/airflow/example_dags/example_complex.py
[2024-11-26T11:39:51.320+0000] {logging_mixin.py:190} INFO - [2024-11-26T11:39:51.319+0000] {dag.py:3239} INFO - Sync 1 DAGs
[2024-11-26T11:39:51.339+0000] {logging_mixin.py:190} INFO - [2024-11-26T11:39:51.339+0000] {dag.py:4180} INFO - Setting next_dagrun for example_complex to None, run_after=None
[2024-11-26T11:39:51.363+0000] {processor.py:208} INFO - Processing /home/airflow/.local/lib/python3.12/site-packages/airflow/example_dags/example_complex.py took 0.085 seconds
[2024-11-26T11:40:22.019+0000] {processor.py:186} INFO - Started process (PID=608) to work on /home/airflow/.local/lib/python3.12/site-packages/airflow/example_dags/example_complex.py
[2024-11-26T11:40:22.021+0000] {processor.py:914} INFO - Processing file /home/airflow/.local/lib/python3.12/site-packages/airflow/example_dags/example_complex.py for tasks to queue
[2024-11-26T11:40:22.024+0000] {logging_mixin.py:190} INFO - [2024-11-26T11:40:22.024+0000] {dagbag.py:588} INFO - Filling up the DagBag from /home/airflow/.local/lib/python3.12/site-packages/airflow/example_dags/example_complex.py
[2024-11-26T11:40:22.034+0000] {processor.py:925} INFO - DAG(s) 'example_complex' retrieved from /home/airflow/.local/lib/python3.12/site-packages/airflow/example_dags/example_complex.py
[2024-11-26T11:40:22.058+0000] {logging_mixin.py:190} INFO - [2024-11-26T11:40:22.058+0000] {dag.py:3239} INFO - Sync 1 DAGs
[2024-11-26T11:40:22.089+0000] {logging_mixin.py:190} INFO - [2024-11-26T11:40:22.089+0000] {dag.py:4180} INFO - Setting next_dagrun for example_complex to None, run_after=None
[2024-11-26T11:40:22.126+0000] {processor.py:208} INFO - Processing /home/airflow/.local/lib/python3.12/site-packages/airflow/example_dags/example_complex.py took 0.112 seconds
