[2024-11-26T11:25:49.178+0000] {processor.py:186} INFO - Started process (PID=96) to work on /home/airflow/.local/lib/python3.12/site-packages/airflow/example_dags/example_bash_decorator.py
[2024-11-26T11:25:49.179+0000] {processor.py:914} INFO - Processing file /home/airflow/.local/lib/python3.12/site-packages/airflow/example_dags/example_bash_decorator.py for tasks to queue
[2024-11-26T11:25:49.181+0000] {logging_mixin.py:190} INFO - [2024-11-26T11:25:49.181+0000] {dagbag.py:588} INFO - Filling up the DagBag from /home/airflow/.local/lib/python3.12/site-packages/airflow/example_dags/example_bash_decorator.py
[2024-11-26T11:25:49.195+0000] {processor.py:925} INFO - DAG(s) 'example_bash_decorator' retrieved from /home/airflow/.local/lib/python3.12/site-packages/airflow/example_dags/example_bash_decorator.py
[2024-11-26T11:25:49.331+0000] {logging_mixin.py:190} INFO - [2024-11-26T11:25:49.331+0000] {dag.py:3239} INFO - Sync 1 DAGs
[2024-11-26T11:25:49.344+0000] {logging_mixin.py:190} INFO - [2024-11-26T11:25:49.343+0000] {dag.py:4180} INFO - Setting next_dagrun for example_bash_decorator to None, run_after=None
[2024-11-26T11:25:49.360+0000] {processor.py:208} INFO - Processing /home/airflow/.local/lib/python3.12/site-packages/airflow/example_dags/example_bash_decorator.py took 0.187 seconds
[2024-11-26T11:26:20.210+0000] {processor.py:186} INFO - Started process (PID=159) to work on /home/airflow/.local/lib/python3.12/site-packages/airflow/example_dags/example_bash_decorator.py
[2024-11-26T11:26:20.211+0000] {processor.py:914} INFO - Processing file /home/airflow/.local/lib/python3.12/site-packages/airflow/example_dags/example_bash_decorator.py for tasks to queue
[2024-11-26T11:26:20.213+0000] {logging_mixin.py:190} INFO - [2024-11-26T11:26:20.213+0000] {dagbag.py:588} INFO - Filling up the DagBag from /home/airflow/.local/lib/python3.12/site-packages/airflow/example_dags/example_bash_decorator.py
[2024-11-26T11:26:20.226+0000] {processor.py:925} INFO - DAG(s) 'example_bash_decorator' retrieved from /home/airflow/.local/lib/python3.12/site-packages/airflow/example_dags/example_bash_decorator.py
[2024-11-26T11:26:20.247+0000] {logging_mixin.py:190} INFO - [2024-11-26T11:26:20.247+0000] {dag.py:3239} INFO - Sync 1 DAGs
[2024-11-26T11:26:20.259+0000] {logging_mixin.py:190} INFO - [2024-11-26T11:26:20.259+0000] {dag.py:4180} INFO - Setting next_dagrun for example_bash_decorator to None, run_after=None
[2024-11-26T11:26:20.286+0000] {processor.py:208} INFO - Processing /home/airflow/.local/lib/python3.12/site-packages/airflow/example_dags/example_bash_decorator.py took 0.080 seconds
[2024-11-26T11:26:50.604+0000] {processor.py:186} INFO - Started process (PID=221) to work on /home/airflow/.local/lib/python3.12/site-packages/airflow/example_dags/example_bash_decorator.py
[2024-11-26T11:26:50.605+0000] {processor.py:914} INFO - Processing file /home/airflow/.local/lib/python3.12/site-packages/airflow/example_dags/example_bash_decorator.py for tasks to queue
[2024-11-26T11:26:50.608+0000] {logging_mixin.py:190} INFO - [2024-11-26T11:26:50.607+0000] {dagbag.py:588} INFO - Filling up the DagBag from /home/airflow/.local/lib/python3.12/site-packages/airflow/example_dags/example_bash_decorator.py
[2024-11-26T11:26:50.621+0000] {processor.py:925} INFO - DAG(s) 'example_bash_decorator' retrieved from /home/airflow/.local/lib/python3.12/site-packages/airflow/example_dags/example_bash_decorator.py
[2024-11-26T11:26:50.647+0000] {logging_mixin.py:190} INFO - [2024-11-26T11:26:50.647+0000] {dag.py:3239} INFO - Sync 1 DAGs
[2024-11-26T11:26:50.659+0000] {logging_mixin.py:190} INFO - [2024-11-26T11:26:50.659+0000] {dag.py:4180} INFO - Setting next_dagrun for example_bash_decorator to None, run_after=None
[2024-11-26T11:26:50.678+0000] {processor.py:208} INFO - Processing /home/airflow/.local/lib/python3.12/site-packages/airflow/example_dags/example_bash_decorator.py took 0.079 seconds
[2024-11-26T11:27:21.046+0000] {processor.py:186} INFO - Started process (PID=283) to work on /home/airflow/.local/lib/python3.12/site-packages/airflow/example_dags/example_bash_decorator.py
[2024-11-26T11:27:21.049+0000] {processor.py:914} INFO - Processing file /home/airflow/.local/lib/python3.12/site-packages/airflow/example_dags/example_bash_decorator.py for tasks to queue
[2024-11-26T11:27:21.052+0000] {logging_mixin.py:190} INFO - [2024-11-26T11:27:21.052+0000] {dagbag.py:588} INFO - Filling up the DagBag from /home/airflow/.local/lib/python3.12/site-packages/airflow/example_dags/example_bash_decorator.py
[2024-11-26T11:27:21.070+0000] {processor.py:925} INFO - DAG(s) 'example_bash_decorator' retrieved from /home/airflow/.local/lib/python3.12/site-packages/airflow/example_dags/example_bash_decorator.py
[2024-11-26T11:27:21.091+0000] {logging_mixin.py:190} INFO - [2024-11-26T11:27:21.091+0000] {dag.py:3239} INFO - Sync 1 DAGs
[2024-11-26T11:27:21.104+0000] {logging_mixin.py:190} INFO - [2024-11-26T11:27:21.104+0000] {dag.py:4180} INFO - Setting next_dagrun for example_bash_decorator to None, run_after=None
[2024-11-26T11:27:21.122+0000] {processor.py:208} INFO - Processing /home/airflow/.local/lib/python3.12/site-packages/airflow/example_dags/example_bash_decorator.py took 0.080 seconds
[2024-11-26T11:27:51.495+0000] {processor.py:186} INFO - Started process (PID=346) to work on /home/airflow/.local/lib/python3.12/site-packages/airflow/example_dags/example_bash_decorator.py
[2024-11-26T11:27:51.497+0000] {processor.py:914} INFO - Processing file /home/airflow/.local/lib/python3.12/site-packages/airflow/example_dags/example_bash_decorator.py for tasks to queue
[2024-11-26T11:27:51.500+0000] {logging_mixin.py:190} INFO - [2024-11-26T11:27:51.500+0000] {dagbag.py:588} INFO - Filling up the DagBag from /home/airflow/.local/lib/python3.12/site-packages/airflow/example_dags/example_bash_decorator.py
[2024-11-26T11:27:51.511+0000] {processor.py:925} INFO - DAG(s) 'example_bash_decorator' retrieved from /home/airflow/.local/lib/python3.12/site-packages/airflow/example_dags/example_bash_decorator.py
[2024-11-26T11:27:51.540+0000] {logging_mixin.py:190} INFO - [2024-11-26T11:27:51.539+0000] {dag.py:3239} INFO - Sync 1 DAGs
[2024-11-26T11:27:51.550+0000] {logging_mixin.py:190} INFO - [2024-11-26T11:27:51.550+0000] {dag.py:4180} INFO - Setting next_dagrun for example_bash_decorator to None, run_after=None
[2024-11-26T11:27:51.563+0000] {processor.py:208} INFO - Processing /home/airflow/.local/lib/python3.12/site-packages/airflow/example_dags/example_bash_decorator.py took 0.073 seconds
[2024-11-26T11:28:21.798+0000] {processor.py:186} INFO - Started process (PID=409) to work on /home/airflow/.local/lib/python3.12/site-packages/airflow/example_dags/example_bash_decorator.py
[2024-11-26T11:28:21.798+0000] {processor.py:914} INFO - Processing file /home/airflow/.local/lib/python3.12/site-packages/airflow/example_dags/example_bash_decorator.py for tasks to queue
[2024-11-26T11:28:21.800+0000] {logging_mixin.py:190} INFO - [2024-11-26T11:28:21.800+0000] {dagbag.py:588} INFO - Filling up the DagBag from /home/airflow/.local/lib/python3.12/site-packages/airflow/example_dags/example_bash_decorator.py
[2024-11-26T11:28:21.811+0000] {processor.py:925} INFO - DAG(s) 'example_bash_decorator' retrieved from /home/airflow/.local/lib/python3.12/site-packages/airflow/example_dags/example_bash_decorator.py
[2024-11-26T11:28:21.833+0000] {logging_mixin.py:190} INFO - [2024-11-26T11:28:21.832+0000] {dag.py:3239} INFO - Sync 1 DAGs
[2024-11-26T11:28:21.846+0000] {logging_mixin.py:190} INFO - [2024-11-26T11:28:21.846+0000] {dag.py:4180} INFO - Setting next_dagrun for example_bash_decorator to None, run_after=None
[2024-11-26T11:28:21.862+0000] {processor.py:208} INFO - Processing /home/airflow/.local/lib/python3.12/site-packages/airflow/example_dags/example_bash_decorator.py took 0.069 seconds
[2024-11-26T11:28:52.823+0000] {processor.py:186} INFO - Started process (PID=472) to work on /home/airflow/.local/lib/python3.12/site-packages/airflow/example_dags/example_bash_decorator.py
[2024-11-26T11:28:52.824+0000] {processor.py:914} INFO - Processing file /home/airflow/.local/lib/python3.12/site-packages/airflow/example_dags/example_bash_decorator.py for tasks to queue
[2024-11-26T11:28:52.826+0000] {logging_mixin.py:190} INFO - [2024-11-26T11:28:52.826+0000] {dagbag.py:588} INFO - Filling up the DagBag from /home/airflow/.local/lib/python3.12/site-packages/airflow/example_dags/example_bash_decorator.py
[2024-11-26T11:28:52.838+0000] {processor.py:925} INFO - DAG(s) 'example_bash_decorator' retrieved from /home/airflow/.local/lib/python3.12/site-packages/airflow/example_dags/example_bash_decorator.py
[2024-11-26T11:28:52.854+0000] {logging_mixin.py:190} INFO - [2024-11-26T11:28:52.854+0000] {dag.py:3239} INFO - Sync 1 DAGs
[2024-11-26T11:28:52.865+0000] {logging_mixin.py:190} INFO - [2024-11-26T11:28:52.865+0000] {dag.py:4180} INFO - Setting next_dagrun for example_bash_decorator to None, run_after=None
[2024-11-26T11:28:52.882+0000] {processor.py:208} INFO - Processing /home/airflow/.local/lib/python3.12/site-packages/airflow/example_dags/example_bash_decorator.py took 0.064 seconds
[2024-11-26T11:31:21.975+0000] {processor.py:186} INFO - Started process (PID=96) to work on /home/airflow/.local/lib/python3.12/site-packages/airflow/example_dags/example_bash_decorator.py
[2024-11-26T11:31:21.976+0000] {processor.py:914} INFO - Processing file /home/airflow/.local/lib/python3.12/site-packages/airflow/example_dags/example_bash_decorator.py for tasks to queue
[2024-11-26T11:31:21.979+0000] {logging_mixin.py:190} INFO - [2024-11-26T11:31:21.979+0000] {dagbag.py:588} INFO - Filling up the DagBag from /home/airflow/.local/lib/python3.12/site-packages/airflow/example_dags/example_bash_decorator.py
[2024-11-26T11:31:21.992+0000] {processor.py:925} INFO - DAG(s) 'example_bash_decorator' retrieved from /home/airflow/.local/lib/python3.12/site-packages/airflow/example_dags/example_bash_decorator.py
[2024-11-26T11:31:22.079+0000] {logging_mixin.py:190} INFO - [2024-11-26T11:31:22.078+0000] {dag.py:3239} INFO - Sync 1 DAGs
[2024-11-26T11:31:22.089+0000] {logging_mixin.py:190} INFO - [2024-11-26T11:31:22.089+0000] {dag.py:4180} INFO - Setting next_dagrun for example_bash_decorator to None, run_after=None
[2024-11-26T11:31:22.106+0000] {processor.py:208} INFO - Processing /home/airflow/.local/lib/python3.12/site-packages/airflow/example_dags/example_bash_decorator.py took 0.136 seconds
[2024-11-26T11:31:52.302+0000] {processor.py:186} INFO - Started process (PID=164) to work on /home/airflow/.local/lib/python3.12/site-packages/airflow/example_dags/example_bash_decorator.py
[2024-11-26T11:31:52.303+0000] {processor.py:914} INFO - Processing file /home/airflow/.local/lib/python3.12/site-packages/airflow/example_dags/example_bash_decorator.py for tasks to queue
[2024-11-26T11:31:52.305+0000] {logging_mixin.py:190} INFO - [2024-11-26T11:31:52.305+0000] {dagbag.py:588} INFO - Filling up the DagBag from /home/airflow/.local/lib/python3.12/site-packages/airflow/example_dags/example_bash_decorator.py
[2024-11-26T11:31:52.317+0000] {processor.py:925} INFO - DAG(s) 'example_bash_decorator' retrieved from /home/airflow/.local/lib/python3.12/site-packages/airflow/example_dags/example_bash_decorator.py
[2024-11-26T11:31:52.333+0000] {logging_mixin.py:190} INFO - [2024-11-26T11:31:52.333+0000] {dag.py:3239} INFO - Sync 1 DAGs
[2024-11-26T11:31:52.344+0000] {logging_mixin.py:190} INFO - [2024-11-26T11:31:52.343+0000] {dag.py:4180} INFO - Setting next_dagrun for example_bash_decorator to None, run_after=None
[2024-11-26T11:31:52.357+0000] {processor.py:208} INFO - Processing /home/airflow/.local/lib/python3.12/site-packages/airflow/example_dags/example_bash_decorator.py took 0.060 seconds
[2024-11-26T11:32:22.981+0000] {processor.py:186} INFO - Started process (PID=227) to work on /home/airflow/.local/lib/python3.12/site-packages/airflow/example_dags/example_bash_decorator.py
[2024-11-26T11:32:22.982+0000] {processor.py:914} INFO - Processing file /home/airflow/.local/lib/python3.12/site-packages/airflow/example_dags/example_bash_decorator.py for tasks to queue
[2024-11-26T11:32:22.985+0000] {logging_mixin.py:190} INFO - [2024-11-26T11:32:22.985+0000] {dagbag.py:588} INFO - Filling up the DagBag from /home/airflow/.local/lib/python3.12/site-packages/airflow/example_dags/example_bash_decorator.py
[2024-11-26T11:32:22.999+0000] {processor.py:925} INFO - DAG(s) 'example_bash_decorator' retrieved from /home/airflow/.local/lib/python3.12/site-packages/airflow/example_dags/example_bash_decorator.py
[2024-11-26T11:32:23.023+0000] {logging_mixin.py:190} INFO - [2024-11-26T11:32:23.023+0000] {dag.py:3239} INFO - Sync 1 DAGs
[2024-11-26T11:32:23.039+0000] {logging_mixin.py:190} INFO - [2024-11-26T11:32:23.038+0000] {dag.py:4180} INFO - Setting next_dagrun for example_bash_decorator to None, run_after=None
[2024-11-26T11:32:23.064+0000] {processor.py:208} INFO - Processing /home/airflow/.local/lib/python3.12/site-packages/airflow/example_dags/example_bash_decorator.py took 0.089 seconds
[2024-11-26T11:32:53.448+0000] {processor.py:186} INFO - Started process (PID=290) to work on /home/airflow/.local/lib/python3.12/site-packages/airflow/example_dags/example_bash_decorator.py
[2024-11-26T11:32:53.449+0000] {processor.py:914} INFO - Processing file /home/airflow/.local/lib/python3.12/site-packages/airflow/example_dags/example_bash_decorator.py for tasks to queue
[2024-11-26T11:32:53.451+0000] {logging_mixin.py:190} INFO - [2024-11-26T11:32:53.451+0000] {dagbag.py:588} INFO - Filling up the DagBag from /home/airflow/.local/lib/python3.12/site-packages/airflow/example_dags/example_bash_decorator.py
[2024-11-26T11:32:53.462+0000] {processor.py:925} INFO - DAG(s) 'example_bash_decorator' retrieved from /home/airflow/.local/lib/python3.12/site-packages/airflow/example_dags/example_bash_decorator.py
[2024-11-26T11:32:53.480+0000] {logging_mixin.py:190} INFO - [2024-11-26T11:32:53.480+0000] {dag.py:3239} INFO - Sync 1 DAGs
[2024-11-26T11:32:53.491+0000] {logging_mixin.py:190} INFO - [2024-11-26T11:32:53.491+0000] {dag.py:4180} INFO - Setting next_dagrun for example_bash_decorator to None, run_after=None
[2024-11-26T11:32:53.505+0000] {processor.py:208} INFO - Processing /home/airflow/.local/lib/python3.12/site-packages/airflow/example_dags/example_bash_decorator.py took 0.063 seconds
[2024-11-26T11:33:24.046+0000] {processor.py:186} INFO - Started process (PID=353) to work on /home/airflow/.local/lib/python3.12/site-packages/airflow/example_dags/example_bash_decorator.py
[2024-11-26T11:33:24.047+0000] {processor.py:914} INFO - Processing file /home/airflow/.local/lib/python3.12/site-packages/airflow/example_dags/example_bash_decorator.py for tasks to queue
[2024-11-26T11:33:24.051+0000] {logging_mixin.py:190} INFO - [2024-11-26T11:33:24.050+0000] {dagbag.py:588} INFO - Filling up the DagBag from /home/airflow/.local/lib/python3.12/site-packages/airflow/example_dags/example_bash_decorator.py
[2024-11-26T11:33:24.063+0000] {processor.py:925} INFO - DAG(s) 'example_bash_decorator' retrieved from /home/airflow/.local/lib/python3.12/site-packages/airflow/example_dags/example_bash_decorator.py
[2024-11-26T11:33:24.081+0000] {logging_mixin.py:190} INFO - [2024-11-26T11:33:24.081+0000] {dag.py:3239} INFO - Sync 1 DAGs
[2024-11-26T11:33:24.093+0000] {logging_mixin.py:190} INFO - [2024-11-26T11:33:24.093+0000] {dag.py:4180} INFO - Setting next_dagrun for example_bash_decorator to None, run_after=None
[2024-11-26T11:33:24.115+0000] {processor.py:208} INFO - Processing /home/airflow/.local/lib/python3.12/site-packages/airflow/example_dags/example_bash_decorator.py took 0.073 seconds
[2024-11-26T11:33:55.707+0000] {processor.py:186} INFO - Started process (PID=416) to work on /home/airflow/.local/lib/python3.12/site-packages/airflow/example_dags/example_bash_decorator.py
[2024-11-26T11:33:55.710+0000] {processor.py:914} INFO - Processing file /home/airflow/.local/lib/python3.12/site-packages/airflow/example_dags/example_bash_decorator.py for tasks to queue
[2024-11-26T11:33:55.713+0000] {logging_mixin.py:190} INFO - [2024-11-26T11:33:55.713+0000] {dagbag.py:588} INFO - Filling up the DagBag from /home/airflow/.local/lib/python3.12/site-packages/airflow/example_dags/example_bash_decorator.py
[2024-11-26T11:33:55.732+0000] {processor.py:925} INFO - DAG(s) 'example_bash_decorator' retrieved from /home/airflow/.local/lib/python3.12/site-packages/airflow/example_dags/example_bash_decorator.py
[2024-11-26T11:33:55.763+0000] {logging_mixin.py:190} INFO - [2024-11-26T11:33:55.762+0000] {dag.py:3239} INFO - Sync 1 DAGs
[2024-11-26T11:33:55.774+0000] {logging_mixin.py:190} INFO - [2024-11-26T11:33:55.773+0000] {dag.py:4180} INFO - Setting next_dagrun for example_bash_decorator to None, run_after=None
[2024-11-26T11:33:55.791+0000] {processor.py:208} INFO - Processing /home/airflow/.local/lib/python3.12/site-packages/airflow/example_dags/example_bash_decorator.py took 0.088 seconds
[2024-11-26T11:34:26.276+0000] {processor.py:186} INFO - Started process (PID=479) to work on /home/airflow/.local/lib/python3.12/site-packages/airflow/example_dags/example_bash_decorator.py
[2024-11-26T11:34:26.277+0000] {processor.py:914} INFO - Processing file /home/airflow/.local/lib/python3.12/site-packages/airflow/example_dags/example_bash_decorator.py for tasks to queue
[2024-11-26T11:34:26.279+0000] {logging_mixin.py:190} INFO - [2024-11-26T11:34:26.279+0000] {dagbag.py:588} INFO - Filling up the DagBag from /home/airflow/.local/lib/python3.12/site-packages/airflow/example_dags/example_bash_decorator.py
[2024-11-26T11:34:26.291+0000] {processor.py:925} INFO - DAG(s) 'example_bash_decorator' retrieved from /home/airflow/.local/lib/python3.12/site-packages/airflow/example_dags/example_bash_decorator.py
[2024-11-26T11:34:26.323+0000] {logging_mixin.py:190} INFO - [2024-11-26T11:34:26.323+0000] {dag.py:3239} INFO - Sync 1 DAGs
[2024-11-26T11:34:26.355+0000] {logging_mixin.py:190} INFO - [2024-11-26T11:34:26.354+0000] {dag.py:4180} INFO - Setting next_dagrun for example_bash_decorator to None, run_after=None
[2024-11-26T11:34:26.430+0000] {processor.py:208} INFO - Processing /home/airflow/.local/lib/python3.12/site-packages/airflow/example_dags/example_bash_decorator.py took 0.159 seconds
[2024-11-26T11:39:50.274+0000] {processor.py:186} INFO - Started process (PID=537) to work on /home/airflow/.local/lib/python3.12/site-packages/airflow/example_dags/example_bash_decorator.py
[2024-11-26T11:39:50.275+0000] {processor.py:914} INFO - Processing file /home/airflow/.local/lib/python3.12/site-packages/airflow/example_dags/example_bash_decorator.py for tasks to queue
[2024-11-26T11:39:50.277+0000] {logging_mixin.py:190} INFO - [2024-11-26T11:39:50.277+0000] {dagbag.py:588} INFO - Filling up the DagBag from /home/airflow/.local/lib/python3.12/site-packages/airflow/example_dags/example_bash_decorator.py
[2024-11-26T11:39:50.291+0000] {processor.py:925} INFO - DAG(s) 'example_bash_decorator' retrieved from /home/airflow/.local/lib/python3.12/site-packages/airflow/example_dags/example_bash_decorator.py
[2024-11-26T11:39:50.314+0000] {logging_mixin.py:190} INFO - [2024-11-26T11:39:50.314+0000] {dag.py:3239} INFO - Sync 1 DAGs
[2024-11-26T11:39:50.339+0000] {logging_mixin.py:190} INFO - [2024-11-26T11:39:50.339+0000] {dag.py:4180} INFO - Setting next_dagrun for example_bash_decorator to None, run_after=None
[2024-11-26T11:39:50.358+0000] {processor.py:208} INFO - Processing /home/airflow/.local/lib/python3.12/site-packages/airflow/example_dags/example_bash_decorator.py took 0.090 seconds
[2024-11-26T11:40:20.504+0000] {processor.py:186} INFO - Started process (PID=600) to work on /home/airflow/.local/lib/python3.12/site-packages/airflow/example_dags/example_bash_decorator.py
[2024-11-26T11:40:20.506+0000] {processor.py:914} INFO - Processing file /home/airflow/.local/lib/python3.12/site-packages/airflow/example_dags/example_bash_decorator.py for tasks to queue
[2024-11-26T11:40:20.509+0000] {logging_mixin.py:190} INFO - [2024-11-26T11:40:20.509+0000] {dagbag.py:588} INFO - Filling up the DagBag from /home/airflow/.local/lib/python3.12/site-packages/airflow/example_dags/example_bash_decorator.py
[2024-11-26T11:40:20.527+0000] {processor.py:925} INFO - DAG(s) 'example_bash_decorator' retrieved from /home/airflow/.local/lib/python3.12/site-packages/airflow/example_dags/example_bash_decorator.py
[2024-11-26T11:40:20.562+0000] {logging_mixin.py:190} INFO - [2024-11-26T11:40:20.562+0000] {dag.py:3239} INFO - Sync 1 DAGs
[2024-11-26T11:40:20.573+0000] {logging_mixin.py:190} INFO - [2024-11-26T11:40:20.573+0000] {dag.py:4180} INFO - Setting next_dagrun for example_bash_decorator to None, run_after=None
[2024-11-26T11:40:20.589+0000] {processor.py:208} INFO - Processing /home/airflow/.local/lib/python3.12/site-packages/airflow/example_dags/example_bash_decorator.py took 0.093 seconds
