[2024-11-26T11:25:50.608+0000] {processor.py:186} INFO - Started process (PID=110) to work on /home/airflow/.local/lib/python3.12/site-packages/airflow/example_dags/example_dataset_alias.py
[2024-11-26T11:25:50.609+0000] {processor.py:914} INFO - Processing file /home/airflow/.local/lib/python3.12/site-packages/airflow/example_dags/example_dataset_alias.py for tasks to queue
[2024-11-26T11:25:50.612+0000] {logging_mixin.py:190} INFO - [2024-11-26T11:25:50.611+0000] {dagbag.py:588} INFO - Filling up the DagBag from /home/airflow/.local/lib/python3.12/site-packages/airflow/example_dags/example_dataset_alias.py
[2024-11-26T11:25:51.163+0000] {processor.py:925} INFO - DAG(s) 'dataset_s3_bucket_producer', 'dataset_alias_example_alias_producer', 'dataset_alias_example_alias_consumer', 'dataset_s3_bucket_consumer' retrieved from /home/airflow/.local/lib/python3.12/site-packages/airflow/example_dags/example_dataset_alias.py
[2024-11-26T11:25:51.180+0000] {logging_mixin.py:190} INFO - [2024-11-26T11:25:51.180+0000] {dag.py:3239} INFO - Sync 4 DAGs
[2024-11-26T11:25:51.204+0000] {logging_mixin.py:190} INFO - [2024-11-26T11:25:51.204+0000] {dag.py:4180} INFO - Setting next_dagrun for dataset_alias_example_alias_consumer to None, run_after=None
[2024-11-26T11:25:51.211+0000] {logging_mixin.py:190} INFO - [2024-11-26T11:25:51.210+0000] {dag.py:4180} INFO - Setting next_dagrun for dataset_alias_example_alias_producer to None, run_after=None
[2024-11-26T11:25:51.212+0000] {logging_mixin.py:190} INFO - [2024-11-26T11:25:51.212+0000] {dag.py:4180} INFO - Setting next_dagrun for dataset_s3_bucket_consumer to None, run_after=None
[2024-11-26T11:25:51.215+0000] {logging_mixin.py:190} INFO - [2024-11-26T11:25:51.214+0000] {dag.py:4180} INFO - Setting next_dagrun for dataset_s3_bucket_producer to None, run_after=None
[2024-11-26T11:25:51.240+0000] {processor.py:208} INFO - Processing /home/airflow/.local/lib/python3.12/site-packages/airflow/example_dags/example_dataset_alias.py took 0.637 seconds
[2024-11-26T11:26:21.705+0000] {processor.py:186} INFO - Started process (PID=173) to work on /home/airflow/.local/lib/python3.12/site-packages/airflow/example_dags/example_dataset_alias.py
[2024-11-26T11:26:21.706+0000] {processor.py:914} INFO - Processing file /home/airflow/.local/lib/python3.12/site-packages/airflow/example_dags/example_dataset_alias.py for tasks to queue
[2024-11-26T11:26:21.708+0000] {logging_mixin.py:190} INFO - [2024-11-26T11:26:21.707+0000] {dagbag.py:588} INFO - Filling up the DagBag from /home/airflow/.local/lib/python3.12/site-packages/airflow/example_dags/example_dataset_alias.py
[2024-11-26T11:26:22.229+0000] {processor.py:925} INFO - DAG(s) 'dataset_s3_bucket_consumer', 'dataset_alias_example_alias_producer', 'dataset_alias_example_alias_consumer', 'dataset_s3_bucket_producer' retrieved from /home/airflow/.local/lib/python3.12/site-packages/airflow/example_dags/example_dataset_alias.py
[2024-11-26T11:26:22.248+0000] {logging_mixin.py:190} INFO - [2024-11-26T11:26:22.247+0000] {dag.py:3239} INFO - Sync 4 DAGs
[2024-11-26T11:26:22.267+0000] {logging_mixin.py:190} INFO - [2024-11-26T11:26:22.266+0000] {dag.py:4180} INFO - Setting next_dagrun for dataset_alias_example_alias_consumer to None, run_after=None
[2024-11-26T11:26:22.270+0000] {logging_mixin.py:190} INFO - [2024-11-26T11:26:22.270+0000] {dag.py:4180} INFO - Setting next_dagrun for dataset_alias_example_alias_producer to None, run_after=None
[2024-11-26T11:26:22.273+0000] {logging_mixin.py:190} INFO - [2024-11-26T11:26:22.273+0000] {dag.py:4180} INFO - Setting next_dagrun for dataset_s3_bucket_consumer to None, run_after=None
[2024-11-26T11:26:22.277+0000] {logging_mixin.py:190} INFO - [2024-11-26T11:26:22.277+0000] {dag.py:4180} INFO - Setting next_dagrun for dataset_s3_bucket_producer to None, run_after=None
[2024-11-26T11:26:22.308+0000] {processor.py:208} INFO - Processing /home/airflow/.local/lib/python3.12/site-packages/airflow/example_dags/example_dataset_alias.py took 0.607 seconds
[2024-11-26T11:26:52.988+0000] {processor.py:186} INFO - Started process (PID=236) to work on /home/airflow/.local/lib/python3.12/site-packages/airflow/example_dags/example_dataset_alias.py
[2024-11-26T11:26:52.989+0000] {processor.py:914} INFO - Processing file /home/airflow/.local/lib/python3.12/site-packages/airflow/example_dags/example_dataset_alias.py for tasks to queue
[2024-11-26T11:26:52.991+0000] {logging_mixin.py:190} INFO - [2024-11-26T11:26:52.991+0000] {dagbag.py:588} INFO - Filling up the DagBag from /home/airflow/.local/lib/python3.12/site-packages/airflow/example_dags/example_dataset_alias.py
[2024-11-26T11:26:53.520+0000] {processor.py:925} INFO - DAG(s) 'dataset_alias_example_alias_consumer', 'dataset_s3_bucket_consumer', 'dataset_s3_bucket_producer', 'dataset_alias_example_alias_producer' retrieved from /home/airflow/.local/lib/python3.12/site-packages/airflow/example_dags/example_dataset_alias.py
[2024-11-26T11:26:53.540+0000] {logging_mixin.py:190} INFO - [2024-11-26T11:26:53.539+0000] {dag.py:3239} INFO - Sync 4 DAGs
[2024-11-26T11:26:53.567+0000] {logging_mixin.py:190} INFO - [2024-11-26T11:26:53.566+0000] {dag.py:4180} INFO - Setting next_dagrun for dataset_alias_example_alias_consumer to None, run_after=None
[2024-11-26T11:26:53.570+0000] {logging_mixin.py:190} INFO - [2024-11-26T11:26:53.569+0000] {dag.py:4180} INFO - Setting next_dagrun for dataset_alias_example_alias_producer to None, run_after=None
[2024-11-26T11:26:53.571+0000] {logging_mixin.py:190} INFO - [2024-11-26T11:26:53.571+0000] {dag.py:4180} INFO - Setting next_dagrun for dataset_s3_bucket_consumer to None, run_after=None
[2024-11-26T11:26:53.573+0000] {logging_mixin.py:190} INFO - [2024-11-26T11:26:53.572+0000] {dag.py:4180} INFO - Setting next_dagrun for dataset_s3_bucket_producer to None, run_after=None
[2024-11-26T11:26:53.602+0000] {processor.py:208} INFO - Processing /home/airflow/.local/lib/python3.12/site-packages/airflow/example_dags/example_dataset_alias.py took 0.619 seconds
[2024-11-26T11:27:23.831+0000] {processor.py:186} INFO - Started process (PID=299) to work on /home/airflow/.local/lib/python3.12/site-packages/airflow/example_dags/example_dataset_alias.py
[2024-11-26T11:27:23.836+0000] {processor.py:914} INFO - Processing file /home/airflow/.local/lib/python3.12/site-packages/airflow/example_dags/example_dataset_alias.py for tasks to queue
[2024-11-26T11:27:23.838+0000] {logging_mixin.py:190} INFO - [2024-11-26T11:27:23.837+0000] {dagbag.py:588} INFO - Filling up the DagBag from /home/airflow/.local/lib/python3.12/site-packages/airflow/example_dags/example_dataset_alias.py
[2024-11-26T11:27:24.307+0000] {processor.py:925} INFO - DAG(s) 'dataset_s3_bucket_consumer', 'dataset_alias_example_alias_consumer', 'dataset_s3_bucket_producer', 'dataset_alias_example_alias_producer' retrieved from /home/airflow/.local/lib/python3.12/site-packages/airflow/example_dags/example_dataset_alias.py
[2024-11-26T11:27:24.323+0000] {logging_mixin.py:190} INFO - [2024-11-26T11:27:24.322+0000] {dag.py:3239} INFO - Sync 4 DAGs
[2024-11-26T11:27:24.340+0000] {logging_mixin.py:190} INFO - [2024-11-26T11:27:24.339+0000] {dag.py:4180} INFO - Setting next_dagrun for dataset_alias_example_alias_consumer to None, run_after=None
[2024-11-26T11:27:24.342+0000] {logging_mixin.py:190} INFO - [2024-11-26T11:27:24.342+0000] {dag.py:4180} INFO - Setting next_dagrun for dataset_alias_example_alias_producer to None, run_after=None
[2024-11-26T11:27:24.346+0000] {logging_mixin.py:190} INFO - [2024-11-26T11:27:24.345+0000] {dag.py:4180} INFO - Setting next_dagrun for dataset_s3_bucket_consumer to None, run_after=None
[2024-11-26T11:27:24.347+0000] {logging_mixin.py:190} INFO - [2024-11-26T11:27:24.347+0000] {dag.py:4180} INFO - Setting next_dagrun for dataset_s3_bucket_producer to None, run_after=None
[2024-11-26T11:27:24.366+0000] {processor.py:208} INFO - Processing /home/airflow/.local/lib/python3.12/site-packages/airflow/example_dags/example_dataset_alias.py took 0.539 seconds
[2024-11-26T11:27:55.160+0000] {processor.py:186} INFO - Started process (PID=361) to work on /home/airflow/.local/lib/python3.12/site-packages/airflow/example_dags/example_dataset_alias.py
[2024-11-26T11:27:55.161+0000] {processor.py:914} INFO - Processing file /home/airflow/.local/lib/python3.12/site-packages/airflow/example_dags/example_dataset_alias.py for tasks to queue
[2024-11-26T11:27:55.163+0000] {logging_mixin.py:190} INFO - [2024-11-26T11:27:55.163+0000] {dagbag.py:588} INFO - Filling up the DagBag from /home/airflow/.local/lib/python3.12/site-packages/airflow/example_dags/example_dataset_alias.py
[2024-11-26T11:27:55.662+0000] {processor.py:925} INFO - DAG(s) 'dataset_s3_bucket_producer', 'dataset_s3_bucket_consumer', 'dataset_alias_example_alias_consumer', 'dataset_alias_example_alias_producer' retrieved from /home/airflow/.local/lib/python3.12/site-packages/airflow/example_dags/example_dataset_alias.py
[2024-11-26T11:27:55.676+0000] {logging_mixin.py:190} INFO - [2024-11-26T11:27:55.676+0000] {dag.py:3239} INFO - Sync 4 DAGs
[2024-11-26T11:27:55.692+0000] {logging_mixin.py:190} INFO - [2024-11-26T11:27:55.692+0000] {dag.py:4180} INFO - Setting next_dagrun for dataset_alias_example_alias_consumer to None, run_after=None
[2024-11-26T11:27:55.694+0000] {logging_mixin.py:190} INFO - [2024-11-26T11:27:55.694+0000] {dag.py:4180} INFO - Setting next_dagrun for dataset_alias_example_alias_producer to None, run_after=None
[2024-11-26T11:27:55.696+0000] {logging_mixin.py:190} INFO - [2024-11-26T11:27:55.695+0000] {dag.py:4180} INFO - Setting next_dagrun for dataset_s3_bucket_consumer to None, run_after=None
[2024-11-26T11:27:55.697+0000] {logging_mixin.py:190} INFO - [2024-11-26T11:27:55.697+0000] {dag.py:4180} INFO - Setting next_dagrun for dataset_s3_bucket_producer to None, run_after=None
[2024-11-26T11:27:55.738+0000] {processor.py:208} INFO - Processing /home/airflow/.local/lib/python3.12/site-packages/airflow/example_dags/example_dataset_alias.py took 0.582 seconds
[2024-11-26T11:28:26.469+0000] {processor.py:186} INFO - Started process (PID=424) to work on /home/airflow/.local/lib/python3.12/site-packages/airflow/example_dags/example_dataset_alias.py
[2024-11-26T11:28:26.470+0000] {processor.py:914} INFO - Processing file /home/airflow/.local/lib/python3.12/site-packages/airflow/example_dags/example_dataset_alias.py for tasks to queue
[2024-11-26T11:28:26.472+0000] {logging_mixin.py:190} INFO - [2024-11-26T11:28:26.472+0000] {dagbag.py:588} INFO - Filling up the DagBag from /home/airflow/.local/lib/python3.12/site-packages/airflow/example_dags/example_dataset_alias.py
[2024-11-26T11:28:26.985+0000] {processor.py:925} INFO - DAG(s) 'dataset_alias_example_alias_producer', 'dataset_s3_bucket_producer', 'dataset_alias_example_alias_consumer', 'dataset_s3_bucket_consumer' retrieved from /home/airflow/.local/lib/python3.12/site-packages/airflow/example_dags/example_dataset_alias.py
[2024-11-26T11:28:27.003+0000] {logging_mixin.py:190} INFO - [2024-11-26T11:28:27.003+0000] {dag.py:3239} INFO - Sync 4 DAGs
[2024-11-26T11:28:27.019+0000] {logging_mixin.py:190} INFO - [2024-11-26T11:28:27.019+0000] {dag.py:4180} INFO - Setting next_dagrun for dataset_alias_example_alias_consumer to None, run_after=None
[2024-11-26T11:28:27.022+0000] {logging_mixin.py:190} INFO - [2024-11-26T11:28:27.021+0000] {dag.py:4180} INFO - Setting next_dagrun for dataset_alias_example_alias_producer to None, run_after=None
[2024-11-26T11:28:27.023+0000] {logging_mixin.py:190} INFO - [2024-11-26T11:28:27.023+0000] {dag.py:4180} INFO - Setting next_dagrun for dataset_s3_bucket_consumer to None, run_after=None
[2024-11-26T11:28:27.024+0000] {logging_mixin.py:190} INFO - [2024-11-26T11:28:27.024+0000] {dag.py:4180} INFO - Setting next_dagrun for dataset_s3_bucket_producer to None, run_after=None
[2024-11-26T11:28:27.039+0000] {processor.py:208} INFO - Processing /home/airflow/.local/lib/python3.12/site-packages/airflow/example_dags/example_dataset_alias.py took 0.574 seconds
[2024-11-26T11:28:57.537+0000] {processor.py:186} INFO - Started process (PID=489) to work on /home/airflow/.local/lib/python3.12/site-packages/airflow/example_dags/example_dataset_alias.py
[2024-11-26T11:28:57.539+0000] {processor.py:914} INFO - Processing file /home/airflow/.local/lib/python3.12/site-packages/airflow/example_dags/example_dataset_alias.py for tasks to queue
[2024-11-26T11:28:57.547+0000] {logging_mixin.py:190} INFO - [2024-11-26T11:28:57.547+0000] {dagbag.py:588} INFO - Filling up the DagBag from /home/airflow/.local/lib/python3.12/site-packages/airflow/example_dags/example_dataset_alias.py
[2024-11-26T11:28:58.089+0000] {processor.py:925} INFO - DAG(s) 'dataset_s3_bucket_consumer', 'dataset_alias_example_alias_consumer', 'dataset_alias_example_alias_producer', 'dataset_s3_bucket_producer' retrieved from /home/airflow/.local/lib/python3.12/site-packages/airflow/example_dags/example_dataset_alias.py
[2024-11-26T11:28:58.107+0000] {logging_mixin.py:190} INFO - [2024-11-26T11:28:58.107+0000] {dag.py:3239} INFO - Sync 4 DAGs
[2024-11-26T11:28:58.126+0000] {logging_mixin.py:190} INFO - [2024-11-26T11:28:58.125+0000] {dag.py:4180} INFO - Setting next_dagrun for dataset_alias_example_alias_consumer to None, run_after=None
[2024-11-26T11:28:58.128+0000] {logging_mixin.py:190} INFO - [2024-11-26T11:28:58.128+0000] {dag.py:4180} INFO - Setting next_dagrun for dataset_alias_example_alias_producer to None, run_after=None
[2024-11-26T11:28:58.130+0000] {logging_mixin.py:190} INFO - [2024-11-26T11:28:58.130+0000] {dag.py:4180} INFO - Setting next_dagrun for dataset_s3_bucket_consumer to None, run_after=None
[2024-11-26T11:28:58.131+0000] {logging_mixin.py:190} INFO - [2024-11-26T11:28:58.131+0000] {dag.py:4180} INFO - Setting next_dagrun for dataset_s3_bucket_producer to None, run_after=None
[2024-11-26T11:28:58.147+0000] {processor.py:208} INFO - Processing /home/airflow/.local/lib/python3.12/site-packages/airflow/example_dags/example_dataset_alias.py took 0.615 seconds
[2024-11-26T11:31:23.734+0000] {processor.py:186} INFO - Started process (PID=116) to work on /home/airflow/.local/lib/python3.12/site-packages/airflow/example_dags/example_dataset_alias.py
[2024-11-26T11:31:23.735+0000] {processor.py:914} INFO - Processing file /home/airflow/.local/lib/python3.12/site-packages/airflow/example_dags/example_dataset_alias.py for tasks to queue
[2024-11-26T11:31:23.739+0000] {logging_mixin.py:190} INFO - [2024-11-26T11:31:23.739+0000] {dagbag.py:588} INFO - Filling up the DagBag from /home/airflow/.local/lib/python3.12/site-packages/airflow/example_dags/example_dataset_alias.py
[2024-11-26T11:31:24.250+0000] {processor.py:925} INFO - DAG(s) 'dataset_s3_bucket_producer', 'dataset_s3_bucket_consumer', 'dataset_alias_example_alias_producer', 'dataset_alias_example_alias_consumer' retrieved from /home/airflow/.local/lib/python3.12/site-packages/airflow/example_dags/example_dataset_alias.py
[2024-11-26T11:31:24.267+0000] {logging_mixin.py:190} INFO - [2024-11-26T11:31:24.266+0000] {dag.py:3239} INFO - Sync 4 DAGs
[2024-11-26T11:31:24.284+0000] {logging_mixin.py:190} INFO - [2024-11-26T11:31:24.284+0000] {dag.py:4180} INFO - Setting next_dagrun for dataset_alias_example_alias_consumer to None, run_after=None
[2024-11-26T11:31:24.286+0000] {logging_mixin.py:190} INFO - [2024-11-26T11:31:24.286+0000] {dag.py:4180} INFO - Setting next_dagrun for dataset_alias_example_alias_producer to None, run_after=None
[2024-11-26T11:31:24.287+0000] {logging_mixin.py:190} INFO - [2024-11-26T11:31:24.287+0000] {dag.py:4180} INFO - Setting next_dagrun for dataset_s3_bucket_consumer to None, run_after=None
[2024-11-26T11:31:24.288+0000] {logging_mixin.py:190} INFO - [2024-11-26T11:31:24.288+0000] {dag.py:4180} INFO - Setting next_dagrun for dataset_s3_bucket_producer to None, run_after=None
[2024-11-26T11:31:24.301+0000] {processor.py:208} INFO - Processing /home/airflow/.local/lib/python3.12/site-packages/airflow/example_dags/example_dataset_alias.py took 0.572 seconds
[2024-11-26T11:31:55.011+0000] {processor.py:186} INFO - Started process (PID=179) to work on /home/airflow/.local/lib/python3.12/site-packages/airflow/example_dags/example_dataset_alias.py
[2024-11-26T11:31:55.012+0000] {processor.py:914} INFO - Processing file /home/airflow/.local/lib/python3.12/site-packages/airflow/example_dags/example_dataset_alias.py for tasks to queue
[2024-11-26T11:31:55.014+0000] {logging_mixin.py:190} INFO - [2024-11-26T11:31:55.014+0000] {dagbag.py:588} INFO - Filling up the DagBag from /home/airflow/.local/lib/python3.12/site-packages/airflow/example_dags/example_dataset_alias.py
[2024-11-26T11:31:55.547+0000] {processor.py:925} INFO - DAG(s) 'dataset_alias_example_alias_consumer', 'dataset_s3_bucket_producer', 'dataset_alias_example_alias_producer', 'dataset_s3_bucket_consumer' retrieved from /home/airflow/.local/lib/python3.12/site-packages/airflow/example_dags/example_dataset_alias.py
[2024-11-26T11:31:55.569+0000] {logging_mixin.py:190} INFO - [2024-11-26T11:31:55.569+0000] {dag.py:3239} INFO - Sync 4 DAGs
[2024-11-26T11:31:55.595+0000] {logging_mixin.py:190} INFO - [2024-11-26T11:31:55.594+0000] {dag.py:4180} INFO - Setting next_dagrun for dataset_alias_example_alias_consumer to None, run_after=None
[2024-11-26T11:31:55.598+0000] {logging_mixin.py:190} INFO - [2024-11-26T11:31:55.598+0000] {dag.py:4180} INFO - Setting next_dagrun for dataset_alias_example_alias_producer to None, run_after=None
[2024-11-26T11:31:55.600+0000] {logging_mixin.py:190} INFO - [2024-11-26T11:31:55.600+0000] {dag.py:4180} INFO - Setting next_dagrun for dataset_s3_bucket_consumer to None, run_after=None
[2024-11-26T11:31:55.602+0000] {logging_mixin.py:190} INFO - [2024-11-26T11:31:55.602+0000] {dag.py:4180} INFO - Setting next_dagrun for dataset_s3_bucket_producer to None, run_after=None
[2024-11-26T11:31:55.642+0000] {processor.py:208} INFO - Processing /home/airflow/.local/lib/python3.12/site-packages/airflow/example_dags/example_dataset_alias.py took 0.635 seconds
[2024-11-26T11:32:26.118+0000] {processor.py:186} INFO - Started process (PID=249) to work on /home/airflow/.local/lib/python3.12/site-packages/airflow/example_dags/example_dataset_alias.py
[2024-11-26T11:32:26.119+0000] {processor.py:914} INFO - Processing file /home/airflow/.local/lib/python3.12/site-packages/airflow/example_dags/example_dataset_alias.py for tasks to queue
[2024-11-26T11:32:26.121+0000] {logging_mixin.py:190} INFO - [2024-11-26T11:32:26.121+0000] {dagbag.py:588} INFO - Filling up the DagBag from /home/airflow/.local/lib/python3.12/site-packages/airflow/example_dags/example_dataset_alias.py
[2024-11-26T11:32:26.659+0000] {processor.py:925} INFO - DAG(s) 'dataset_alias_example_alias_producer', 'dataset_s3_bucket_producer', 'dataset_alias_example_alias_consumer', 'dataset_s3_bucket_consumer' retrieved from /home/airflow/.local/lib/python3.12/site-packages/airflow/example_dags/example_dataset_alias.py
[2024-11-26T11:32:26.675+0000] {logging_mixin.py:190} INFO - [2024-11-26T11:32:26.675+0000] {dag.py:3239} INFO - Sync 4 DAGs
[2024-11-26T11:32:26.696+0000] {logging_mixin.py:190} INFO - [2024-11-26T11:32:26.695+0000] {dag.py:4180} INFO - Setting next_dagrun for dataset_alias_example_alias_consumer to None, run_after=None
[2024-11-26T11:32:26.698+0000] {logging_mixin.py:190} INFO - [2024-11-26T11:32:26.697+0000] {dag.py:4180} INFO - Setting next_dagrun for dataset_alias_example_alias_producer to None, run_after=None
[2024-11-26T11:32:26.699+0000] {logging_mixin.py:190} INFO - [2024-11-26T11:32:26.699+0000] {dag.py:4180} INFO - Setting next_dagrun for dataset_s3_bucket_consumer to None, run_after=None
[2024-11-26T11:32:26.700+0000] {logging_mixin.py:190} INFO - [2024-11-26T11:32:26.700+0000] {dag.py:4180} INFO - Setting next_dagrun for dataset_s3_bucket_producer to None, run_after=None
[2024-11-26T11:32:26.716+0000] {processor.py:208} INFO - Processing /home/airflow/.local/lib/python3.12/site-packages/airflow/example_dags/example_dataset_alias.py took 0.603 seconds
[2024-11-26T11:32:57.156+0000] {processor.py:186} INFO - Started process (PID=305) to work on /home/airflow/.local/lib/python3.12/site-packages/airflow/example_dags/example_dataset_alias.py
[2024-11-26T11:32:57.157+0000] {processor.py:914} INFO - Processing file /home/airflow/.local/lib/python3.12/site-packages/airflow/example_dags/example_dataset_alias.py for tasks to queue
[2024-11-26T11:32:57.158+0000] {logging_mixin.py:190} INFO - [2024-11-26T11:32:57.158+0000] {dagbag.py:588} INFO - Filling up the DagBag from /home/airflow/.local/lib/python3.12/site-packages/airflow/example_dags/example_dataset_alias.py
[2024-11-26T11:32:57.665+0000] {processor.py:925} INFO - DAG(s) 'dataset_alias_example_alias_producer', 'dataset_s3_bucket_consumer', 'dataset_s3_bucket_producer', 'dataset_alias_example_alias_consumer' retrieved from /home/airflow/.local/lib/python3.12/site-packages/airflow/example_dags/example_dataset_alias.py
[2024-11-26T11:32:57.681+0000] {logging_mixin.py:190} INFO - [2024-11-26T11:32:57.680+0000] {dag.py:3239} INFO - Sync 4 DAGs
[2024-11-26T11:32:57.699+0000] {logging_mixin.py:190} INFO - [2024-11-26T11:32:57.699+0000] {dag.py:4180} INFO - Setting next_dagrun for dataset_alias_example_alias_consumer to None, run_after=None
[2024-11-26T11:32:57.702+0000] {logging_mixin.py:190} INFO - [2024-11-26T11:32:57.702+0000] {dag.py:4180} INFO - Setting next_dagrun for dataset_alias_example_alias_producer to None, run_after=None
[2024-11-26T11:32:57.705+0000] {logging_mixin.py:190} INFO - [2024-11-26T11:32:57.704+0000] {dag.py:4180} INFO - Setting next_dagrun for dataset_s3_bucket_consumer to None, run_after=None
[2024-11-26T11:32:57.706+0000] {logging_mixin.py:190} INFO - [2024-11-26T11:32:57.706+0000] {dag.py:4180} INFO - Setting next_dagrun for dataset_s3_bucket_producer to None, run_after=None
[2024-11-26T11:32:57.729+0000] {processor.py:208} INFO - Processing /home/airflow/.local/lib/python3.12/site-packages/airflow/example_dags/example_dataset_alias.py took 0.578 seconds
[2024-11-26T11:33:27.996+0000] {processor.py:186} INFO - Started process (PID=368) to work on /home/airflow/.local/lib/python3.12/site-packages/airflow/example_dags/example_dataset_alias.py
[2024-11-26T11:33:27.997+0000] {processor.py:914} INFO - Processing file /home/airflow/.local/lib/python3.12/site-packages/airflow/example_dags/example_dataset_alias.py for tasks to queue
[2024-11-26T11:33:27.999+0000] {logging_mixin.py:190} INFO - [2024-11-26T11:33:27.999+0000] {dagbag.py:588} INFO - Filling up the DagBag from /home/airflow/.local/lib/python3.12/site-packages/airflow/example_dags/example_dataset_alias.py
[2024-11-26T11:33:28.535+0000] {processor.py:925} INFO - DAG(s) 'dataset_s3_bucket_producer', 'dataset_alias_example_alias_consumer', 'dataset_s3_bucket_consumer', 'dataset_alias_example_alias_producer' retrieved from /home/airflow/.local/lib/python3.12/site-packages/airflow/example_dags/example_dataset_alias.py
[2024-11-26T11:33:28.556+0000] {logging_mixin.py:190} INFO - [2024-11-26T11:33:28.555+0000] {dag.py:3239} INFO - Sync 4 DAGs
[2024-11-26T11:33:28.577+0000] {logging_mixin.py:190} INFO - [2024-11-26T11:33:28.577+0000] {dag.py:4180} INFO - Setting next_dagrun for dataset_alias_example_alias_consumer to None, run_after=None
[2024-11-26T11:33:28.675+0000] {logging_mixin.py:190} INFO - [2024-11-26T11:33:28.675+0000] {dag.py:4180} INFO - Setting next_dagrun for dataset_alias_example_alias_producer to None, run_after=None
[2024-11-26T11:33:28.683+0000] {logging_mixin.py:190} INFO - [2024-11-26T11:33:28.682+0000] {dag.py:4180} INFO - Setting next_dagrun for dataset_s3_bucket_consumer to None, run_after=None
[2024-11-26T11:33:28.696+0000] {logging_mixin.py:190} INFO - [2024-11-26T11:33:28.696+0000] {dag.py:4180} INFO - Setting next_dagrun for dataset_s3_bucket_producer to None, run_after=None
[2024-11-26T11:33:28.734+0000] {processor.py:208} INFO - Processing /home/airflow/.local/lib/python3.12/site-packages/airflow/example_dags/example_dataset_alias.py took 0.747 seconds
[2024-11-26T11:33:58.990+0000] {processor.py:186} INFO - Started process (PID=438) to work on /home/airflow/.local/lib/python3.12/site-packages/airflow/example_dags/example_dataset_alias.py
[2024-11-26T11:33:58.991+0000] {processor.py:914} INFO - Processing file /home/airflow/.local/lib/python3.12/site-packages/airflow/example_dags/example_dataset_alias.py for tasks to queue
[2024-11-26T11:33:58.993+0000] {logging_mixin.py:190} INFO - [2024-11-26T11:33:58.993+0000] {dagbag.py:588} INFO - Filling up the DagBag from /home/airflow/.local/lib/python3.12/site-packages/airflow/example_dags/example_dataset_alias.py
[2024-11-26T11:33:59.538+0000] {processor.py:925} INFO - DAG(s) 'dataset_alias_example_alias_consumer', 'dataset_s3_bucket_producer', 'dataset_alias_example_alias_producer', 'dataset_s3_bucket_consumer' retrieved from /home/airflow/.local/lib/python3.12/site-packages/airflow/example_dags/example_dataset_alias.py
[2024-11-26T11:33:59.556+0000] {logging_mixin.py:190} INFO - [2024-11-26T11:33:59.556+0000] {dag.py:3239} INFO - Sync 4 DAGs
[2024-11-26T11:33:59.574+0000] {logging_mixin.py:190} INFO - [2024-11-26T11:33:59.574+0000] {dag.py:4180} INFO - Setting next_dagrun for dataset_alias_example_alias_consumer to None, run_after=None
[2024-11-26T11:33:59.577+0000] {logging_mixin.py:190} INFO - [2024-11-26T11:33:59.576+0000] {dag.py:4180} INFO - Setting next_dagrun for dataset_alias_example_alias_producer to None, run_after=None
[2024-11-26T11:33:59.579+0000] {logging_mixin.py:190} INFO - [2024-11-26T11:33:59.579+0000] {dag.py:4180} INFO - Setting next_dagrun for dataset_s3_bucket_consumer to None, run_after=None
[2024-11-26T11:33:59.581+0000] {logging_mixin.py:190} INFO - [2024-11-26T11:33:59.580+0000] {dag.py:4180} INFO - Setting next_dagrun for dataset_s3_bucket_producer to None, run_after=None
[2024-11-26T11:33:59.598+0000] {processor.py:208} INFO - Processing /home/airflow/.local/lib/python3.12/site-packages/airflow/example_dags/example_dataset_alias.py took 0.613 seconds
[2024-11-26T11:34:30.533+0000] {processor.py:186} INFO - Started process (PID=501) to work on /home/airflow/.local/lib/python3.12/site-packages/airflow/example_dags/example_dataset_alias.py
[2024-11-26T11:34:30.534+0000] {processor.py:914} INFO - Processing file /home/airflow/.local/lib/python3.12/site-packages/airflow/example_dags/example_dataset_alias.py for tasks to queue
[2024-11-26T11:34:30.536+0000] {logging_mixin.py:190} INFO - [2024-11-26T11:34:30.536+0000] {dagbag.py:588} INFO - Filling up the DagBag from /home/airflow/.local/lib/python3.12/site-packages/airflow/example_dags/example_dataset_alias.py
[2024-11-26T11:34:31.041+0000] {processor.py:925} INFO - DAG(s) 'dataset_s3_bucket_consumer', 'dataset_alias_example_alias_producer', 'dataset_alias_example_alias_consumer', 'dataset_s3_bucket_producer' retrieved from /home/airflow/.local/lib/python3.12/site-packages/airflow/example_dags/example_dataset_alias.py
[2024-11-26T11:34:31.056+0000] {logging_mixin.py:190} INFO - [2024-11-26T11:34:31.056+0000] {dag.py:3239} INFO - Sync 4 DAGs
[2024-11-26T11:34:31.071+0000] {logging_mixin.py:190} INFO - [2024-11-26T11:34:31.070+0000] {dag.py:4180} INFO - Setting next_dagrun for dataset_alias_example_alias_consumer to None, run_after=None
[2024-11-26T11:34:31.073+0000] {logging_mixin.py:190} INFO - [2024-11-26T11:34:31.073+0000] {dag.py:4180} INFO - Setting next_dagrun for dataset_alias_example_alias_producer to None, run_after=None
[2024-11-26T11:34:31.075+0000] {logging_mixin.py:190} INFO - [2024-11-26T11:34:31.075+0000] {dag.py:4180} INFO - Setting next_dagrun for dataset_s3_bucket_consumer to None, run_after=None
[2024-11-26T11:34:31.076+0000] {logging_mixin.py:190} INFO - [2024-11-26T11:34:31.076+0000] {dag.py:4180} INFO - Setting next_dagrun for dataset_s3_bucket_producer to None, run_after=None
[2024-11-26T11:34:31.089+0000] {processor.py:208} INFO - Processing /home/airflow/.local/lib/python3.12/site-packages/airflow/example_dags/example_dataset_alias.py took 0.562 seconds
[2024-11-26T11:39:51.613+0000] {processor.py:186} INFO - Started process (PID=551) to work on /home/airflow/.local/lib/python3.12/site-packages/airflow/example_dags/example_dataset_alias.py
[2024-11-26T11:39:51.614+0000] {processor.py:914} INFO - Processing file /home/airflow/.local/lib/python3.12/site-packages/airflow/example_dags/example_dataset_alias.py for tasks to queue
[2024-11-26T11:39:51.616+0000] {logging_mixin.py:190} INFO - [2024-11-26T11:39:51.616+0000] {dagbag.py:588} INFO - Filling up the DagBag from /home/airflow/.local/lib/python3.12/site-packages/airflow/example_dags/example_dataset_alias.py
[2024-11-26T11:39:52.156+0000] {processor.py:925} INFO - DAG(s) 'dataset_s3_bucket_consumer', 'dataset_s3_bucket_producer', 'dataset_alias_example_alias_producer', 'dataset_alias_example_alias_consumer' retrieved from /home/airflow/.local/lib/python3.12/site-packages/airflow/example_dags/example_dataset_alias.py
[2024-11-26T11:39:52.181+0000] {logging_mixin.py:190} INFO - [2024-11-26T11:39:52.180+0000] {dag.py:3239} INFO - Sync 4 DAGs
[2024-11-26T11:39:52.198+0000] {logging_mixin.py:190} INFO - [2024-11-26T11:39:52.198+0000] {dag.py:4180} INFO - Setting next_dagrun for dataset_alias_example_alias_consumer to None, run_after=None
[2024-11-26T11:39:52.201+0000] {logging_mixin.py:190} INFO - [2024-11-26T11:39:52.201+0000] {dag.py:4180} INFO - Setting next_dagrun for dataset_alias_example_alias_producer to None, run_after=None
[2024-11-26T11:39:52.203+0000] {logging_mixin.py:190} INFO - [2024-11-26T11:39:52.202+0000] {dag.py:4180} INFO - Setting next_dagrun for dataset_s3_bucket_consumer to None, run_after=None
[2024-11-26T11:39:52.204+0000] {logging_mixin.py:190} INFO - [2024-11-26T11:39:52.204+0000] {dag.py:4180} INFO - Setting next_dagrun for dataset_s3_bucket_producer to None, run_after=None
[2024-11-26T11:39:52.223+0000] {processor.py:208} INFO - Processing /home/airflow/.local/lib/python3.12/site-packages/airflow/example_dags/example_dataset_alias.py took 0.616 seconds
[2024-11-26T11:40:22.708+0000] {processor.py:186} INFO - Started process (PID=615) to work on /home/airflow/.local/lib/python3.12/site-packages/airflow/example_dags/example_dataset_alias.py
[2024-11-26T11:40:22.709+0000] {processor.py:914} INFO - Processing file /home/airflow/.local/lib/python3.12/site-packages/airflow/example_dags/example_dataset_alias.py for tasks to queue
[2024-11-26T11:40:22.711+0000] {logging_mixin.py:190} INFO - [2024-11-26T11:40:22.711+0000] {dagbag.py:588} INFO - Filling up the DagBag from /home/airflow/.local/lib/python3.12/site-packages/airflow/example_dags/example_dataset_alias.py
[2024-11-26T11:40:23.244+0000] {processor.py:925} INFO - DAG(s) 'dataset_s3_bucket_producer', 'dataset_alias_example_alias_consumer', 'dataset_s3_bucket_consumer', 'dataset_alias_example_alias_producer' retrieved from /home/airflow/.local/lib/python3.12/site-packages/airflow/example_dags/example_dataset_alias.py
[2024-11-26T11:40:23.270+0000] {logging_mixin.py:190} INFO - [2024-11-26T11:40:23.270+0000] {dag.py:3239} INFO - Sync 4 DAGs
[2024-11-26T11:40:23.288+0000] {logging_mixin.py:190} INFO - [2024-11-26T11:40:23.288+0000] {dag.py:4180} INFO - Setting next_dagrun for dataset_alias_example_alias_consumer to None, run_after=None
[2024-11-26T11:40:23.290+0000] {logging_mixin.py:190} INFO - [2024-11-26T11:40:23.290+0000] {dag.py:4180} INFO - Setting next_dagrun for dataset_alias_example_alias_producer to None, run_after=None
[2024-11-26T11:40:23.292+0000] {logging_mixin.py:190} INFO - [2024-11-26T11:40:23.292+0000] {dag.py:4180} INFO - Setting next_dagrun for dataset_s3_bucket_consumer to None, run_after=None
[2024-11-26T11:40:23.293+0000] {logging_mixin.py:190} INFO - [2024-11-26T11:40:23.293+0000] {dag.py:4180} INFO - Setting next_dagrun for dataset_s3_bucket_producer to None, run_after=None
[2024-11-26T11:40:23.309+0000] {processor.py:208} INFO - Processing /home/airflow/.local/lib/python3.12/site-packages/airflow/example_dags/example_dataset_alias.py took 0.606 seconds
