[2024-11-26T11:25:50.179+0000] {processor.py:186} INFO - Started process (PID=101) to work on /home/airflow/.local/lib/python3.12/site-packages/airflow/example_dags/example_sla_dag.py
[2024-11-26T11:25:50.180+0000] {processor.py:914} INFO - Processing file /home/airflow/.local/lib/python3.12/site-packages/airflow/example_dags/example_sla_dag.py for tasks to queue
[2024-11-26T11:25:50.182+0000] {logging_mixin.py:190} INFO - [2024-11-26T11:25:50.181+0000] {dagbag.py:588} INFO - Filling up the DagBag from /home/airflow/.local/lib/python3.12/site-packages/airflow/example_dags/example_sla_dag.py
[2024-11-26T11:25:50.190+0000] {processor.py:925} INFO - DAG(s) 'example_sla_dag' retrieved from /home/airflow/.local/lib/python3.12/site-packages/airflow/example_dags/example_sla_dag.py
[2024-11-26T11:25:50.205+0000] {logging_mixin.py:190} INFO - [2024-11-26T11:25:50.204+0000] {dag.py:3239} INFO - Sync 1 DAGs
[2024-11-26T11:25:50.224+0000] {logging_mixin.py:190} INFO - [2024-11-26T11:25:50.224+0000] {dag.py:4180} INFO - Setting next_dagrun for example_sla_dag to 2024-11-26 11:22:00+00:00, run_after=2024-11-26 11:24:00+00:00
[2024-11-26T11:25:50.239+0000] {processor.py:208} INFO - Processing /home/airflow/.local/lib/python3.12/site-packages/airflow/example_dags/example_sla_dag.py took 0.064 seconds
[2024-11-26T11:26:21.183+0000] {processor.py:186} INFO - Started process (PID=164) to work on /home/airflow/.local/lib/python3.12/site-packages/airflow/example_dags/example_sla_dag.py
[2024-11-26T11:26:21.184+0000] {processor.py:914} INFO - Processing file /home/airflow/.local/lib/python3.12/site-packages/airflow/example_dags/example_sla_dag.py for tasks to queue
[2024-11-26T11:26:21.187+0000] {logging_mixin.py:190} INFO - [2024-11-26T11:26:21.187+0000] {dagbag.py:588} INFO - Filling up the DagBag from /home/airflow/.local/lib/python3.12/site-packages/airflow/example_dags/example_sla_dag.py
[2024-11-26T11:26:21.195+0000] {processor.py:925} INFO - DAG(s) 'example_sla_dag' retrieved from /home/airflow/.local/lib/python3.12/site-packages/airflow/example_dags/example_sla_dag.py
[2024-11-26T11:26:21.215+0000] {logging_mixin.py:190} INFO - [2024-11-26T11:26:21.215+0000] {dag.py:3239} INFO - Sync 1 DAGs
[2024-11-26T11:26:21.248+0000] {logging_mixin.py:190} INFO - [2024-11-26T11:26:21.248+0000] {dag.py:4180} INFO - Setting next_dagrun for example_sla_dag to 2024-11-26 11:24:00+00:00, run_after=2024-11-26 11:26:00+00:00
[2024-11-26T11:26:21.266+0000] {processor.py:208} INFO - Processing /home/airflow/.local/lib/python3.12/site-packages/airflow/example_dags/example_sla_dag.py took 0.089 seconds
[2024-11-26T11:26:52.304+0000] {processor.py:186} INFO - Started process (PID=227) to work on /home/airflow/.local/lib/python3.12/site-packages/airflow/example_dags/example_sla_dag.py
[2024-11-26T11:26:52.313+0000] {processor.py:914} INFO - Processing file /home/airflow/.local/lib/python3.12/site-packages/airflow/example_dags/example_sla_dag.py for tasks to queue
[2024-11-26T11:26:52.318+0000] {logging_mixin.py:190} INFO - [2024-11-26T11:26:52.318+0000] {dagbag.py:588} INFO - Filling up the DagBag from /home/airflow/.local/lib/python3.12/site-packages/airflow/example_dags/example_sla_dag.py
[2024-11-26T11:26:52.348+0000] {processor.py:925} INFO - DAG(s) 'example_sla_dag' retrieved from /home/airflow/.local/lib/python3.12/site-packages/airflow/example_dags/example_sla_dag.py
[2024-11-26T11:26:52.372+0000] {logging_mixin.py:190} INFO - [2024-11-26T11:26:52.372+0000] {dag.py:3239} INFO - Sync 1 DAGs
[2024-11-26T11:26:52.402+0000] {logging_mixin.py:190} INFO - [2024-11-26T11:26:52.402+0000] {dag.py:4180} INFO - Setting next_dagrun for example_sla_dag to 2024-11-26 11:24:00+00:00, run_after=2024-11-26 11:26:00+00:00
[2024-11-26T11:26:52.422+0000] {processor.py:208} INFO - Processing /home/airflow/.local/lib/python3.12/site-packages/airflow/example_dags/example_sla_dag.py took 0.127 seconds
[2024-11-26T11:27:22.987+0000] {processor.py:186} INFO - Started process (PID=289) to work on /home/airflow/.local/lib/python3.12/site-packages/airflow/example_dags/example_sla_dag.py
[2024-11-26T11:27:22.988+0000] {processor.py:914} INFO - Processing file /home/airflow/.local/lib/python3.12/site-packages/airflow/example_dags/example_sla_dag.py for tasks to queue
[2024-11-26T11:27:22.990+0000] {logging_mixin.py:190} INFO - [2024-11-26T11:27:22.990+0000] {dagbag.py:588} INFO - Filling up the DagBag from /home/airflow/.local/lib/python3.12/site-packages/airflow/example_dags/example_sla_dag.py
[2024-11-26T11:27:22.998+0000] {processor.py:925} INFO - DAG(s) 'example_sla_dag' retrieved from /home/airflow/.local/lib/python3.12/site-packages/airflow/example_dags/example_sla_dag.py
[2024-11-26T11:27:23.012+0000] {logging_mixin.py:190} INFO - [2024-11-26T11:27:23.012+0000] {dag.py:3239} INFO - Sync 1 DAGs
[2024-11-26T11:27:23.029+0000] {logging_mixin.py:190} INFO - [2024-11-26T11:27:23.029+0000] {dag.py:4180} INFO - Setting next_dagrun for example_sla_dag to 2024-11-26 11:24:00+00:00, run_after=2024-11-26 11:26:00+00:00
[2024-11-26T11:27:23.042+0000] {processor.py:208} INFO - Processing /home/airflow/.local/lib/python3.12/site-packages/airflow/example_dags/example_sla_dag.py took 0.059 seconds
[2024-11-26T11:27:54.347+0000] {processor.py:186} INFO - Started process (PID=352) to work on /home/airflow/.local/lib/python3.12/site-packages/airflow/example_dags/example_sla_dag.py
[2024-11-26T11:27:54.347+0000] {processor.py:914} INFO - Processing file /home/airflow/.local/lib/python3.12/site-packages/airflow/example_dags/example_sla_dag.py for tasks to queue
[2024-11-26T11:27:54.349+0000] {logging_mixin.py:190} INFO - [2024-11-26T11:27:54.349+0000] {dagbag.py:588} INFO - Filling up the DagBag from /home/airflow/.local/lib/python3.12/site-packages/airflow/example_dags/example_sla_dag.py
[2024-11-26T11:27:54.359+0000] {processor.py:925} INFO - DAG(s) 'example_sla_dag' retrieved from /home/airflow/.local/lib/python3.12/site-packages/airflow/example_dags/example_sla_dag.py
[2024-11-26T11:27:54.373+0000] {logging_mixin.py:190} INFO - [2024-11-26T11:27:54.373+0000] {dag.py:3239} INFO - Sync 1 DAGs
[2024-11-26T11:27:54.391+0000] {logging_mixin.py:190} INFO - [2024-11-26T11:27:54.391+0000] {dag.py:4180} INFO - Setting next_dagrun for example_sla_dag to 2024-11-26 11:24:00+00:00, run_after=2024-11-26 11:26:00+00:00
[2024-11-26T11:27:54.405+0000] {processor.py:208} INFO - Processing /home/airflow/.local/lib/python3.12/site-packages/airflow/example_dags/example_sla_dag.py took 0.062 seconds
[2024-11-26T11:28:25.622+0000] {processor.py:186} INFO - Started process (PID=415) to work on /home/airflow/.local/lib/python3.12/site-packages/airflow/example_dags/example_sla_dag.py
[2024-11-26T11:28:25.623+0000] {processor.py:914} INFO - Processing file /home/airflow/.local/lib/python3.12/site-packages/airflow/example_dags/example_sla_dag.py for tasks to queue
[2024-11-26T11:28:25.625+0000] {logging_mixin.py:190} INFO - [2024-11-26T11:28:25.625+0000] {dagbag.py:588} INFO - Filling up the DagBag from /home/airflow/.local/lib/python3.12/site-packages/airflow/example_dags/example_sla_dag.py
[2024-11-26T11:28:25.635+0000] {processor.py:925} INFO - DAG(s) 'example_sla_dag' retrieved from /home/airflow/.local/lib/python3.12/site-packages/airflow/example_dags/example_sla_dag.py
[2024-11-26T11:28:25.650+0000] {logging_mixin.py:190} INFO - [2024-11-26T11:28:25.650+0000] {dag.py:3239} INFO - Sync 1 DAGs
[2024-11-26T11:28:25.669+0000] {logging_mixin.py:190} INFO - [2024-11-26T11:28:25.668+0000] {dag.py:4180} INFO - Setting next_dagrun for example_sla_dag to 2024-11-26 11:26:00+00:00, run_after=2024-11-26 11:28:00+00:00
[2024-11-26T11:28:25.688+0000] {processor.py:208} INFO - Processing /home/airflow/.local/lib/python3.12/site-packages/airflow/example_dags/example_sla_dag.py took 0.071 seconds
[2024-11-26T11:28:56.696+0000] {processor.py:186} INFO - Started process (PID=477) to work on /home/airflow/.local/lib/python3.12/site-packages/airflow/example_dags/example_sla_dag.py
[2024-11-26T11:28:56.697+0000] {processor.py:914} INFO - Processing file /home/airflow/.local/lib/python3.12/site-packages/airflow/example_dags/example_sla_dag.py for tasks to queue
[2024-11-26T11:28:56.699+0000] {logging_mixin.py:190} INFO - [2024-11-26T11:28:56.699+0000] {dagbag.py:588} INFO - Filling up the DagBag from /home/airflow/.local/lib/python3.12/site-packages/airflow/example_dags/example_sla_dag.py
[2024-11-26T11:28:56.708+0000] {processor.py:925} INFO - DAG(s) 'example_sla_dag' retrieved from /home/airflow/.local/lib/python3.12/site-packages/airflow/example_dags/example_sla_dag.py
[2024-11-26T11:28:56.722+0000] {logging_mixin.py:190} INFO - [2024-11-26T11:28:56.722+0000] {dag.py:3239} INFO - Sync 1 DAGs
[2024-11-26T11:28:56.742+0000] {logging_mixin.py:190} INFO - [2024-11-26T11:28:56.742+0000] {dag.py:4180} INFO - Setting next_dagrun for example_sla_dag to 2024-11-26 11:26:00+00:00, run_after=2024-11-26 11:28:00+00:00
[2024-11-26T11:28:56.758+0000] {processor.py:208} INFO - Processing /home/airflow/.local/lib/python3.12/site-packages/airflow/example_dags/example_sla_dag.py took 0.067 seconds
[2024-11-26T11:31:22.969+0000] {processor.py:186} INFO - Started process (PID=107) to work on /home/airflow/.local/lib/python3.12/site-packages/airflow/example_dags/example_sla_dag.py
[2024-11-26T11:31:22.971+0000] {processor.py:914} INFO - Processing file /home/airflow/.local/lib/python3.12/site-packages/airflow/example_dags/example_sla_dag.py for tasks to queue
[2024-11-26T11:31:22.973+0000] {logging_mixin.py:190} INFO - [2024-11-26T11:31:22.973+0000] {dagbag.py:588} INFO - Filling up the DagBag from /home/airflow/.local/lib/python3.12/site-packages/airflow/example_dags/example_sla_dag.py
[2024-11-26T11:31:22.982+0000] {processor.py:925} INFO - DAG(s) 'example_sla_dag' retrieved from /home/airflow/.local/lib/python3.12/site-packages/airflow/example_dags/example_sla_dag.py
[2024-11-26T11:31:23.001+0000] {logging_mixin.py:190} INFO - [2024-11-26T11:31:23.001+0000] {dag.py:3239} INFO - Sync 1 DAGs
[2024-11-26T11:31:23.024+0000] {logging_mixin.py:190} INFO - [2024-11-26T11:31:23.024+0000] {dag.py:4180} INFO - Setting next_dagrun for example_sla_dag to 2024-11-26 11:28:00+00:00, run_after=2024-11-26 11:30:00+00:00
[2024-11-26T11:31:23.040+0000] {processor.py:208} INFO - Processing /home/airflow/.local/lib/python3.12/site-packages/airflow/example_dags/example_sla_dag.py took 0.075 seconds
[2024-11-26T11:31:54.199+0000] {processor.py:186} INFO - Started process (PID=170) to work on /home/airflow/.local/lib/python3.12/site-packages/airflow/example_dags/example_sla_dag.py
[2024-11-26T11:31:54.200+0000] {processor.py:914} INFO - Processing file /home/airflow/.local/lib/python3.12/site-packages/airflow/example_dags/example_sla_dag.py for tasks to queue
[2024-11-26T11:31:54.202+0000] {logging_mixin.py:190} INFO - [2024-11-26T11:31:54.202+0000] {dagbag.py:588} INFO - Filling up the DagBag from /home/airflow/.local/lib/python3.12/site-packages/airflow/example_dags/example_sla_dag.py
[2024-11-26T11:31:54.210+0000] {processor.py:925} INFO - DAG(s) 'example_sla_dag' retrieved from /home/airflow/.local/lib/python3.12/site-packages/airflow/example_dags/example_sla_dag.py
[2024-11-26T11:31:54.224+0000] {logging_mixin.py:190} INFO - [2024-11-26T11:31:54.224+0000] {dag.py:3239} INFO - Sync 1 DAGs
[2024-11-26T11:31:54.250+0000] {logging_mixin.py:190} INFO - [2024-11-26T11:31:54.250+0000] {dag.py:4180} INFO - Setting next_dagrun for example_sla_dag to 2024-11-26 11:28:00+00:00, run_after=2024-11-26 11:30:00+00:00
[2024-11-26T11:31:54.263+0000] {processor.py:208} INFO - Processing /home/airflow/.local/lib/python3.12/site-packages/airflow/example_dags/example_sla_dag.py took 0.068 seconds
[2024-11-26T11:32:24.983+0000] {processor.py:186} INFO - Started process (PID=233) to work on /home/airflow/.local/lib/python3.12/site-packages/airflow/example_dags/example_sla_dag.py
[2024-11-26T11:32:24.984+0000] {processor.py:914} INFO - Processing file /home/airflow/.local/lib/python3.12/site-packages/airflow/example_dags/example_sla_dag.py for tasks to queue
[2024-11-26T11:32:24.985+0000] {logging_mixin.py:190} INFO - [2024-11-26T11:32:24.985+0000] {dagbag.py:588} INFO - Filling up the DagBag from /home/airflow/.local/lib/python3.12/site-packages/airflow/example_dags/example_sla_dag.py
[2024-11-26T11:32:24.994+0000] {processor.py:925} INFO - DAG(s) 'example_sla_dag' retrieved from /home/airflow/.local/lib/python3.12/site-packages/airflow/example_dags/example_sla_dag.py
[2024-11-26T11:32:25.011+0000] {logging_mixin.py:190} INFO - [2024-11-26T11:32:25.011+0000] {dag.py:3239} INFO - Sync 1 DAGs
[2024-11-26T11:32:25.031+0000] {logging_mixin.py:190} INFO - [2024-11-26T11:32:25.030+0000] {dag.py:4180} INFO - Setting next_dagrun for example_sla_dag to 2024-11-26 11:30:00+00:00, run_after=2024-11-26 11:32:00+00:00
[2024-11-26T11:32:25.043+0000] {processor.py:208} INFO - Processing /home/airflow/.local/lib/python3.12/site-packages/airflow/example_dags/example_sla_dag.py took 0.065 seconds
[2024-11-26T11:32:56.310+0000] {processor.py:186} INFO - Started process (PID=296) to work on /home/airflow/.local/lib/python3.12/site-packages/airflow/example_dags/example_sla_dag.py
[2024-11-26T11:32:56.312+0000] {processor.py:914} INFO - Processing file /home/airflow/.local/lib/python3.12/site-packages/airflow/example_dags/example_sla_dag.py for tasks to queue
[2024-11-26T11:32:56.314+0000] {logging_mixin.py:190} INFO - [2024-11-26T11:32:56.314+0000] {dagbag.py:588} INFO - Filling up the DagBag from /home/airflow/.local/lib/python3.12/site-packages/airflow/example_dags/example_sla_dag.py
[2024-11-26T11:32:56.325+0000] {processor.py:925} INFO - DAG(s) 'example_sla_dag' retrieved from /home/airflow/.local/lib/python3.12/site-packages/airflow/example_dags/example_sla_dag.py
[2024-11-26T11:32:56.341+0000] {logging_mixin.py:190} INFO - [2024-11-26T11:32:56.341+0000] {dag.py:3239} INFO - Sync 1 DAGs
[2024-11-26T11:32:56.359+0000] {logging_mixin.py:190} INFO - [2024-11-26T11:32:56.359+0000] {dag.py:4180} INFO - Setting next_dagrun for example_sla_dag to 2024-11-26 11:30:00+00:00, run_after=2024-11-26 11:32:00+00:00
[2024-11-26T11:32:56.379+0000] {processor.py:208} INFO - Processing /home/airflow/.local/lib/python3.12/site-packages/airflow/example_dags/example_sla_dag.py took 0.074 seconds
[2024-11-26T11:33:26.808+0000] {processor.py:186} INFO - Started process (PID=358) to work on /home/airflow/.local/lib/python3.12/site-packages/airflow/example_dags/example_sla_dag.py
[2024-11-26T11:33:26.810+0000] {processor.py:914} INFO - Processing file /home/airflow/.local/lib/python3.12/site-packages/airflow/example_dags/example_sla_dag.py for tasks to queue
[2024-11-26T11:33:26.812+0000] {logging_mixin.py:190} INFO - [2024-11-26T11:33:26.812+0000] {dagbag.py:588} INFO - Filling up the DagBag from /home/airflow/.local/lib/python3.12/site-packages/airflow/example_dags/example_sla_dag.py
[2024-11-26T11:33:26.819+0000] {processor.py:925} INFO - DAG(s) 'example_sla_dag' retrieved from /home/airflow/.local/lib/python3.12/site-packages/airflow/example_dags/example_sla_dag.py
[2024-11-26T11:33:26.835+0000] {logging_mixin.py:190} INFO - [2024-11-26T11:33:26.834+0000] {dag.py:3239} INFO - Sync 1 DAGs
[2024-11-26T11:33:26.857+0000] {logging_mixin.py:190} INFO - [2024-11-26T11:33:26.856+0000] {dag.py:4180} INFO - Setting next_dagrun for example_sla_dag to 2024-11-26 11:30:00+00:00, run_after=2024-11-26 11:32:00+00:00
[2024-11-26T11:33:26.885+0000] {processor.py:208} INFO - Processing /home/airflow/.local/lib/python3.12/site-packages/airflow/example_dags/example_sla_dag.py took 0.082 seconds
[2024-11-26T11:33:57.085+0000] {processor.py:186} INFO - Started process (PID=420) to work on /home/airflow/.local/lib/python3.12/site-packages/airflow/example_dags/example_sla_dag.py
[2024-11-26T11:33:57.088+0000] {processor.py:914} INFO - Processing file /home/airflow/.local/lib/python3.12/site-packages/airflow/example_dags/example_sla_dag.py for tasks to queue
[2024-11-26T11:33:57.090+0000] {logging_mixin.py:190} INFO - [2024-11-26T11:33:57.090+0000] {dagbag.py:588} INFO - Filling up the DagBag from /home/airflow/.local/lib/python3.12/site-packages/airflow/example_dags/example_sla_dag.py
[2024-11-26T11:33:57.103+0000] {processor.py:925} INFO - DAG(s) 'example_sla_dag' retrieved from /home/airflow/.local/lib/python3.12/site-packages/airflow/example_dags/example_sla_dag.py
[2024-11-26T11:33:57.135+0000] {logging_mixin.py:190} INFO - [2024-11-26T11:33:57.135+0000] {dag.py:3239} INFO - Sync 1 DAGs
[2024-11-26T11:33:57.165+0000] {logging_mixin.py:190} INFO - [2024-11-26T11:33:57.165+0000] {dag.py:4180} INFO - Setting next_dagrun for example_sla_dag to 2024-11-26 11:30:00+00:00, run_after=2024-11-26 11:32:00+00:00
[2024-11-26T11:33:57.186+0000] {processor.py:208} INFO - Processing /home/airflow/.local/lib/python3.12/site-packages/airflow/example_dags/example_sla_dag.py took 0.105 seconds
[2024-11-26T11:34:27.675+0000] {processor.py:186} INFO - Started process (PID=482) to work on /home/airflow/.local/lib/python3.12/site-packages/airflow/example_dags/example_sla_dag.py
[2024-11-26T11:34:27.689+0000] {processor.py:914} INFO - Processing file /home/airflow/.local/lib/python3.12/site-packages/airflow/example_dags/example_sla_dag.py for tasks to queue
[2024-11-26T11:34:27.693+0000] {logging_mixin.py:190} INFO - [2024-11-26T11:34:27.692+0000] {dagbag.py:588} INFO - Filling up the DagBag from /home/airflow/.local/lib/python3.12/site-packages/airflow/example_dags/example_sla_dag.py
[2024-11-26T11:34:27.705+0000] {processor.py:925} INFO - DAG(s) 'example_sla_dag' retrieved from /home/airflow/.local/lib/python3.12/site-packages/airflow/example_dags/example_sla_dag.py
[2024-11-26T11:34:27.725+0000] {logging_mixin.py:190} INFO - [2024-11-26T11:34:27.724+0000] {dag.py:3239} INFO - Sync 1 DAGs
[2024-11-26T11:34:27.746+0000] {logging_mixin.py:190} INFO - [2024-11-26T11:34:27.746+0000] {dag.py:4180} INFO - Setting next_dagrun for example_sla_dag to 2024-11-26 11:32:00+00:00, run_after=2024-11-26 11:34:00+00:00
[2024-11-26T11:34:27.768+0000] {processor.py:208} INFO - Processing /home/airflow/.local/lib/python3.12/site-packages/airflow/example_dags/example_sla_dag.py took 0.113 seconds
[2024-11-26T11:39:51.100+0000] {processor.py:186} INFO - Started process (PID=542) to work on /home/airflow/.local/lib/python3.12/site-packages/airflow/example_dags/example_sla_dag.py
[2024-11-26T11:39:51.101+0000] {processor.py:914} INFO - Processing file /home/airflow/.local/lib/python3.12/site-packages/airflow/example_dags/example_sla_dag.py for tasks to queue
[2024-11-26T11:39:51.103+0000] {logging_mixin.py:190} INFO - [2024-11-26T11:39:51.103+0000] {dagbag.py:588} INFO - Filling up the DagBag from /home/airflow/.local/lib/python3.12/site-packages/airflow/example_dags/example_sla_dag.py
[2024-11-26T11:39:51.112+0000] {processor.py:925} INFO - DAG(s) 'example_sla_dag' retrieved from /home/airflow/.local/lib/python3.12/site-packages/airflow/example_dags/example_sla_dag.py
[2024-11-26T11:39:51.128+0000] {logging_mixin.py:190} INFO - [2024-11-26T11:39:51.128+0000] {dag.py:3239} INFO - Sync 1 DAGs
[2024-11-26T11:39:51.149+0000] {logging_mixin.py:190} INFO - [2024-11-26T11:39:51.148+0000] {dag.py:4180} INFO - Setting next_dagrun for example_sla_dag to 2024-11-26 11:36:00+00:00, run_after=2024-11-26 11:38:00+00:00
[2024-11-26T11:39:51.164+0000] {processor.py:208} INFO - Processing /home/airflow/.local/lib/python3.12/site-packages/airflow/example_dags/example_sla_dag.py took 0.069 seconds
[2024-11-26T11:40:21.743+0000] {processor.py:186} INFO - Started process (PID=605) to work on /home/airflow/.local/lib/python3.12/site-packages/airflow/example_dags/example_sla_dag.py
[2024-11-26T11:40:21.745+0000] {processor.py:914} INFO - Processing file /home/airflow/.local/lib/python3.12/site-packages/airflow/example_dags/example_sla_dag.py for tasks to queue
[2024-11-26T11:40:21.747+0000] {logging_mixin.py:190} INFO - [2024-11-26T11:40:21.747+0000] {dagbag.py:588} INFO - Filling up the DagBag from /home/airflow/.local/lib/python3.12/site-packages/airflow/example_dags/example_sla_dag.py
[2024-11-26T11:40:21.755+0000] {processor.py:925} INFO - DAG(s) 'example_sla_dag' retrieved from /home/airflow/.local/lib/python3.12/site-packages/airflow/example_dags/example_sla_dag.py
[2024-11-26T11:40:21.770+0000] {logging_mixin.py:190} INFO - [2024-11-26T11:40:21.770+0000] {dag.py:3239} INFO - Sync 1 DAGs
[2024-11-26T11:40:21.788+0000] {logging_mixin.py:190} INFO - [2024-11-26T11:40:21.788+0000] {dag.py:4180} INFO - Setting next_dagrun for example_sla_dag to 2024-11-26 11:38:00+00:00, run_after=2024-11-26 11:40:00+00:00
[2024-11-26T11:40:21.803+0000] {processor.py:208} INFO - Processing /home/airflow/.local/lib/python3.12/site-packages/airflow/example_dags/example_sla_dag.py took 0.066 seconds
