[2024-11-26T11:25:49.582+0000] {processor.py:186} INFO - Started process (PID=100) to work on /home/airflow/.local/lib/python3.12/site-packages/airflow/example_dags/example_inlet_event_extra.py
[2024-11-26T11:25:49.583+0000] {processor.py:914} INFO - Processing file /home/airflow/.local/lib/python3.12/site-packages/airflow/example_dags/example_inlet_event_extra.py for tasks to queue
[2024-11-26T11:25:49.585+0000] {logging_mixin.py:190} INFO - [2024-11-26T11:25:49.585+0000] {dagbag.py:588} INFO - Filling up the DagBag from /home/airflow/.local/lib/python3.12/site-packages/airflow/example_dags/example_inlet_event_extra.py
[2024-11-26T11:25:50.106+0000] {processor.py:925} INFO - DAG(s) 'read_dataset_event_from_classic', 'read_dataset_event' retrieved from /home/airflow/.local/lib/python3.12/site-packages/airflow/example_dags/example_inlet_event_extra.py
[2024-11-26T11:25:50.122+0000] {logging_mixin.py:190} INFO - [2024-11-26T11:25:50.121+0000] {dag.py:3239} INFO - Sync 2 DAGs
[2024-11-26T11:25:50.142+0000] {logging_mixin.py:190} INFO - [2024-11-26T11:25:50.142+0000] {dag.py:4180} INFO - Setting next_dagrun for read_dataset_event to 2024-11-25 00:00:00+00:00, run_after=2024-11-26 00:00:00+00:00
[2024-11-26T11:25:50.146+0000] {logging_mixin.py:190} INFO - [2024-11-26T11:25:50.146+0000] {dag.py:4180} INFO - Setting next_dagrun for read_dataset_event_from_classic to 2024-11-25 00:00:00+00:00, run_after=2024-11-26 00:00:00+00:00
[2024-11-26T11:25:50.162+0000] {processor.py:208} INFO - Processing /home/airflow/.local/lib/python3.12/site-packages/airflow/example_dags/example_inlet_event_extra.py took 0.584 seconds
[2024-11-26T11:26:20.732+0000] {processor.py:186} INFO - Started process (PID=163) to work on /home/airflow/.local/lib/python3.12/site-packages/airflow/example_dags/example_inlet_event_extra.py
[2024-11-26T11:26:20.732+0000] {processor.py:914} INFO - Processing file /home/airflow/.local/lib/python3.12/site-packages/airflow/example_dags/example_inlet_event_extra.py for tasks to queue
[2024-11-26T11:26:20.735+0000] {logging_mixin.py:190} INFO - [2024-11-26T11:26:20.734+0000] {dagbag.py:588} INFO - Filling up the DagBag from /home/airflow/.local/lib/python3.12/site-packages/airflow/example_dags/example_inlet_event_extra.py
[2024-11-26T11:26:21.272+0000] {processor.py:925} INFO - DAG(s) 'read_dataset_event_from_classic', 'read_dataset_event' retrieved from /home/airflow/.local/lib/python3.12/site-packages/airflow/example_dags/example_inlet_event_extra.py
[2024-11-26T11:26:21.292+0000] {logging_mixin.py:190} INFO - [2024-11-26T11:26:21.292+0000] {dag.py:3239} INFO - Sync 2 DAGs
[2024-11-26T11:26:21.313+0000] {logging_mixin.py:190} INFO - [2024-11-26T11:26:21.312+0000] {dag.py:4180} INFO - Setting next_dagrun for read_dataset_event to 2024-11-25 00:00:00+00:00, run_after=2024-11-26 00:00:00+00:00
[2024-11-26T11:26:21.316+0000] {logging_mixin.py:190} INFO - [2024-11-26T11:26:21.316+0000] {dag.py:4180} INFO - Setting next_dagrun for read_dataset_event_from_classic to 2024-11-25 00:00:00+00:00, run_after=2024-11-26 00:00:00+00:00
[2024-11-26T11:26:21.331+0000] {processor.py:208} INFO - Processing /home/airflow/.local/lib/python3.12/site-packages/airflow/example_dags/example_inlet_event_extra.py took 0.604 seconds
[2024-11-26T11:26:51.669+0000] {processor.py:186} INFO - Started process (PID=226) to work on /home/airflow/.local/lib/python3.12/site-packages/airflow/example_dags/example_inlet_event_extra.py
[2024-11-26T11:26:51.670+0000] {processor.py:914} INFO - Processing file /home/airflow/.local/lib/python3.12/site-packages/airflow/example_dags/example_inlet_event_extra.py for tasks to queue
[2024-11-26T11:26:51.672+0000] {logging_mixin.py:190} INFO - [2024-11-26T11:26:51.671+0000] {dagbag.py:588} INFO - Filling up the DagBag from /home/airflow/.local/lib/python3.12/site-packages/airflow/example_dags/example_inlet_event_extra.py
[2024-11-26T11:26:52.147+0000] {processor.py:925} INFO - DAG(s) 'read_dataset_event_from_classic', 'read_dataset_event' retrieved from /home/airflow/.local/lib/python3.12/site-packages/airflow/example_dags/example_inlet_event_extra.py
[2024-11-26T11:26:52.181+0000] {logging_mixin.py:190} INFO - [2024-11-26T11:26:52.181+0000] {dag.py:3239} INFO - Sync 2 DAGs
[2024-11-26T11:26:52.204+0000] {logging_mixin.py:190} INFO - [2024-11-26T11:26:52.204+0000] {dag.py:4180} INFO - Setting next_dagrun for read_dataset_event to 2024-11-25 00:00:00+00:00, run_after=2024-11-26 00:00:00+00:00
[2024-11-26T11:26:52.215+0000] {logging_mixin.py:190} INFO - [2024-11-26T11:26:52.215+0000] {dag.py:4180} INFO - Setting next_dagrun for read_dataset_event_from_classic to 2024-11-25 00:00:00+00:00, run_after=2024-11-26 00:00:00+00:00
[2024-11-26T11:26:52.244+0000] {processor.py:208} INFO - Processing /home/airflow/.local/lib/python3.12/site-packages/airflow/example_dags/example_inlet_event_extra.py took 0.580 seconds
[2024-11-26T11:27:22.360+0000] {processor.py:186} INFO - Started process (PID=287) to work on /home/airflow/.local/lib/python3.12/site-packages/airflow/example_dags/example_inlet_event_extra.py
[2024-11-26T11:27:22.361+0000] {processor.py:914} INFO - Processing file /home/airflow/.local/lib/python3.12/site-packages/airflow/example_dags/example_inlet_event_extra.py for tasks to queue
[2024-11-26T11:27:22.378+0000] {logging_mixin.py:190} INFO - [2024-11-26T11:27:22.377+0000] {dagbag.py:588} INFO - Filling up the DagBag from /home/airflow/.local/lib/python3.12/site-packages/airflow/example_dags/example_inlet_event_extra.py
[2024-11-26T11:27:22.883+0000] {processor.py:925} INFO - DAG(s) 'read_dataset_event', 'read_dataset_event_from_classic' retrieved from /home/airflow/.local/lib/python3.12/site-packages/airflow/example_dags/example_inlet_event_extra.py
[2024-11-26T11:27:22.900+0000] {logging_mixin.py:190} INFO - [2024-11-26T11:27:22.899+0000] {dag.py:3239} INFO - Sync 2 DAGs
[2024-11-26T11:27:22.918+0000] {logging_mixin.py:190} INFO - [2024-11-26T11:27:22.918+0000] {dag.py:4180} INFO - Setting next_dagrun for read_dataset_event to 2024-11-25 00:00:00+00:00, run_after=2024-11-26 00:00:00+00:00
[2024-11-26T11:27:22.921+0000] {logging_mixin.py:190} INFO - [2024-11-26T11:27:22.921+0000] {dag.py:4180} INFO - Setting next_dagrun for read_dataset_event_from_classic to 2024-11-25 00:00:00+00:00, run_after=2024-11-26 00:00:00+00:00
[2024-11-26T11:27:22.939+0000] {processor.py:208} INFO - Processing /home/airflow/.local/lib/python3.12/site-packages/airflow/example_dags/example_inlet_event_extra.py took 0.584 seconds
[2024-11-26T11:27:54.313+0000] {processor.py:186} INFO - Started process (PID=351) to work on /home/airflow/.local/lib/python3.12/site-packages/airflow/example_dags/example_inlet_event_extra.py
[2024-11-26T11:27:54.314+0000] {processor.py:914} INFO - Processing file /home/airflow/.local/lib/python3.12/site-packages/airflow/example_dags/example_inlet_event_extra.py for tasks to queue
[2024-11-26T11:27:54.316+0000] {logging_mixin.py:190} INFO - [2024-11-26T11:27:54.316+0000] {dagbag.py:588} INFO - Filling up the DagBag from /home/airflow/.local/lib/python3.12/site-packages/airflow/example_dags/example_inlet_event_extra.py
[2024-11-26T11:27:54.828+0000] {processor.py:925} INFO - DAG(s) 'read_dataset_event_from_classic', 'read_dataset_event' retrieved from /home/airflow/.local/lib/python3.12/site-packages/airflow/example_dags/example_inlet_event_extra.py
[2024-11-26T11:27:54.844+0000] {logging_mixin.py:190} INFO - [2024-11-26T11:27:54.843+0000] {dag.py:3239} INFO - Sync 2 DAGs
[2024-11-26T11:27:54.863+0000] {logging_mixin.py:190} INFO - [2024-11-26T11:27:54.863+0000] {dag.py:4180} INFO - Setting next_dagrun for read_dataset_event to 2024-11-25 00:00:00+00:00, run_after=2024-11-26 00:00:00+00:00
[2024-11-26T11:27:54.868+0000] {logging_mixin.py:190} INFO - [2024-11-26T11:27:54.868+0000] {dag.py:4180} INFO - Setting next_dagrun for read_dataset_event_from_classic to 2024-11-25 00:00:00+00:00, run_after=2024-11-26 00:00:00+00:00
[2024-11-26T11:27:54.887+0000] {processor.py:208} INFO - Processing /home/airflow/.local/lib/python3.12/site-packages/airflow/example_dags/example_inlet_event_extra.py took 0.578 seconds
[2024-11-26T11:28:25.610+0000] {processor.py:186} INFO - Started process (PID=414) to work on /home/airflow/.local/lib/python3.12/site-packages/airflow/example_dags/example_inlet_event_extra.py
[2024-11-26T11:28:25.612+0000] {processor.py:914} INFO - Processing file /home/airflow/.local/lib/python3.12/site-packages/airflow/example_dags/example_inlet_event_extra.py for tasks to queue
[2024-11-26T11:28:25.614+0000] {logging_mixin.py:190} INFO - [2024-11-26T11:28:25.614+0000] {dagbag.py:588} INFO - Filling up the DagBag from /home/airflow/.local/lib/python3.12/site-packages/airflow/example_dags/example_inlet_event_extra.py
[2024-11-26T11:28:26.149+0000] {processor.py:925} INFO - DAG(s) 'read_dataset_event_from_classic', 'read_dataset_event' retrieved from /home/airflow/.local/lib/python3.12/site-packages/airflow/example_dags/example_inlet_event_extra.py
[2024-11-26T11:28:26.164+0000] {logging_mixin.py:190} INFO - [2024-11-26T11:28:26.164+0000] {dag.py:3239} INFO - Sync 2 DAGs
[2024-11-26T11:28:26.181+0000] {logging_mixin.py:190} INFO - [2024-11-26T11:28:26.181+0000] {dag.py:4180} INFO - Setting next_dagrun for read_dataset_event to 2024-11-25 00:00:00+00:00, run_after=2024-11-26 00:00:00+00:00
[2024-11-26T11:28:26.185+0000] {logging_mixin.py:190} INFO - [2024-11-26T11:28:26.185+0000] {dag.py:4180} INFO - Setting next_dagrun for read_dataset_event_from_classic to 2024-11-25 00:00:00+00:00, run_after=2024-11-26 00:00:00+00:00
[2024-11-26T11:28:26.197+0000] {processor.py:208} INFO - Processing /home/airflow/.local/lib/python3.12/site-packages/airflow/example_dags/example_inlet_event_extra.py took 0.592 seconds
[2024-11-26T11:28:56.826+0000] {processor.py:186} INFO - Started process (PID=480) to work on /home/airflow/.local/lib/python3.12/site-packages/airflow/example_dags/example_inlet_event_extra.py
[2024-11-26T11:28:56.827+0000] {processor.py:914} INFO - Processing file /home/airflow/.local/lib/python3.12/site-packages/airflow/example_dags/example_inlet_event_extra.py for tasks to queue
[2024-11-26T11:28:56.829+0000] {logging_mixin.py:190} INFO - [2024-11-26T11:28:56.829+0000] {dagbag.py:588} INFO - Filling up the DagBag from /home/airflow/.local/lib/python3.12/site-packages/airflow/example_dags/example_inlet_event_extra.py
[2024-11-26T11:28:57.341+0000] {processor.py:925} INFO - DAG(s) 'read_dataset_event', 'read_dataset_event_from_classic' retrieved from /home/airflow/.local/lib/python3.12/site-packages/airflow/example_dags/example_inlet_event_extra.py
[2024-11-26T11:28:57.357+0000] {logging_mixin.py:190} INFO - [2024-11-26T11:28:57.357+0000] {dag.py:3239} INFO - Sync 2 DAGs
[2024-11-26T11:28:57.381+0000] {logging_mixin.py:190} INFO - [2024-11-26T11:28:57.380+0000] {dag.py:4180} INFO - Setting next_dagrun for read_dataset_event to 2024-11-25 00:00:00+00:00, run_after=2024-11-26 00:00:00+00:00
[2024-11-26T11:28:57.386+0000] {logging_mixin.py:190} INFO - [2024-11-26T11:28:57.386+0000] {dag.py:4180} INFO - Setting next_dagrun for read_dataset_event_from_classic to 2024-11-25 00:00:00+00:00, run_after=2024-11-26 00:00:00+00:00
[2024-11-26T11:28:57.404+0000] {processor.py:208} INFO - Processing /home/airflow/.local/lib/python3.12/site-packages/airflow/example_dags/example_inlet_event_extra.py took 0.582 seconds
[2024-11-26T11:31:22.750+0000] {processor.py:186} INFO - Started process (PID=106) to work on /home/airflow/.local/lib/python3.12/site-packages/airflow/example_dags/example_inlet_event_extra.py
[2024-11-26T11:31:22.751+0000] {processor.py:914} INFO - Processing file /home/airflow/.local/lib/python3.12/site-packages/airflow/example_dags/example_inlet_event_extra.py for tasks to queue
[2024-11-26T11:31:22.753+0000] {logging_mixin.py:190} INFO - [2024-11-26T11:31:22.752+0000] {dagbag.py:588} INFO - Filling up the DagBag from /home/airflow/.local/lib/python3.12/site-packages/airflow/example_dags/example_inlet_event_extra.py
[2024-11-26T11:31:23.206+0000] {processor.py:925} INFO - DAG(s) 'read_dataset_event_from_classic', 'read_dataset_event' retrieved from /home/airflow/.local/lib/python3.12/site-packages/airflow/example_dags/example_inlet_event_extra.py
[2024-11-26T11:31:23.231+0000] {logging_mixin.py:190} INFO - [2024-11-26T11:31:23.231+0000] {dag.py:3239} INFO - Sync 2 DAGs
[2024-11-26T11:31:23.256+0000] {logging_mixin.py:190} INFO - [2024-11-26T11:31:23.256+0000] {dag.py:4180} INFO - Setting next_dagrun for read_dataset_event to 2024-11-25 00:00:00+00:00, run_after=2024-11-26 00:00:00+00:00
[2024-11-26T11:31:23.260+0000] {logging_mixin.py:190} INFO - [2024-11-26T11:31:23.260+0000] {dag.py:4180} INFO - Setting next_dagrun for read_dataset_event_from_classic to 2024-11-25 00:00:00+00:00, run_after=2024-11-26 00:00:00+00:00
[2024-11-26T11:31:23.272+0000] {processor.py:208} INFO - Processing /home/airflow/.local/lib/python3.12/site-packages/airflow/example_dags/example_inlet_event_extra.py took 0.528 seconds
[2024-11-26T11:31:54.117+0000] {processor.py:186} INFO - Started process (PID=169) to work on /home/airflow/.local/lib/python3.12/site-packages/airflow/example_dags/example_inlet_event_extra.py
[2024-11-26T11:31:54.118+0000] {processor.py:914} INFO - Processing file /home/airflow/.local/lib/python3.12/site-packages/airflow/example_dags/example_inlet_event_extra.py for tasks to queue
[2024-11-26T11:31:54.122+0000] {logging_mixin.py:190} INFO - [2024-11-26T11:31:54.121+0000] {dagbag.py:588} INFO - Filling up the DagBag from /home/airflow/.local/lib/python3.12/site-packages/airflow/example_dags/example_inlet_event_extra.py
[2024-11-26T11:31:54.604+0000] {processor.py:925} INFO - DAG(s) 'read_dataset_event_from_classic', 'read_dataset_event' retrieved from /home/airflow/.local/lib/python3.12/site-packages/airflow/example_dags/example_inlet_event_extra.py
[2024-11-26T11:31:54.621+0000] {logging_mixin.py:190} INFO - [2024-11-26T11:31:54.621+0000] {dag.py:3239} INFO - Sync 2 DAGs
[2024-11-26T11:31:54.641+0000] {logging_mixin.py:190} INFO - [2024-11-26T11:31:54.641+0000] {dag.py:4180} INFO - Setting next_dagrun for read_dataset_event to 2024-11-25 00:00:00+00:00, run_after=2024-11-26 00:00:00+00:00
[2024-11-26T11:31:54.646+0000] {logging_mixin.py:190} INFO - [2024-11-26T11:31:54.646+0000] {dag.py:4180} INFO - Setting next_dagrun for read_dataset_event_from_classic to 2024-11-25 00:00:00+00:00, run_after=2024-11-26 00:00:00+00:00
[2024-11-26T11:31:54.668+0000] {processor.py:208} INFO - Processing /home/airflow/.local/lib/python3.12/site-packages/airflow/example_dags/example_inlet_event_extra.py took 0.556 seconds
[2024-11-26T11:32:24.905+0000] {processor.py:186} INFO - Started process (PID=232) to work on /home/airflow/.local/lib/python3.12/site-packages/airflow/example_dags/example_inlet_event_extra.py
[2024-11-26T11:32:24.906+0000] {processor.py:914} INFO - Processing file /home/airflow/.local/lib/python3.12/site-packages/airflow/example_dags/example_inlet_event_extra.py for tasks to queue
[2024-11-26T11:32:24.909+0000] {logging_mixin.py:190} INFO - [2024-11-26T11:32:24.909+0000] {dagbag.py:588} INFO - Filling up the DagBag from /home/airflow/.local/lib/python3.12/site-packages/airflow/example_dags/example_inlet_event_extra.py
[2024-11-26T11:32:25.399+0000] {processor.py:925} INFO - DAG(s) 'read_dataset_event_from_classic', 'read_dataset_event' retrieved from /home/airflow/.local/lib/python3.12/site-packages/airflow/example_dags/example_inlet_event_extra.py
[2024-11-26T11:32:25.423+0000] {logging_mixin.py:190} INFO - [2024-11-26T11:32:25.423+0000] {dag.py:3239} INFO - Sync 2 DAGs
[2024-11-26T11:32:25.442+0000] {logging_mixin.py:190} INFO - [2024-11-26T11:32:25.442+0000] {dag.py:4180} INFO - Setting next_dagrun for read_dataset_event to 2024-11-25 00:00:00+00:00, run_after=2024-11-26 00:00:00+00:00
[2024-11-26T11:32:25.448+0000] {logging_mixin.py:190} INFO - [2024-11-26T11:32:25.448+0000] {dag.py:4180} INFO - Setting next_dagrun for read_dataset_event_from_classic to 2024-11-25 00:00:00+00:00, run_after=2024-11-26 00:00:00+00:00
[2024-11-26T11:32:25.461+0000] {processor.py:208} INFO - Processing /home/airflow/.local/lib/python3.12/site-packages/airflow/example_dags/example_inlet_event_extra.py took 0.566 seconds
[2024-11-26T11:32:56.232+0000] {processor.py:186} INFO - Started process (PID=295) to work on /home/airflow/.local/lib/python3.12/site-packages/airflow/example_dags/example_inlet_event_extra.py
[2024-11-26T11:32:56.233+0000] {processor.py:914} INFO - Processing file /home/airflow/.local/lib/python3.12/site-packages/airflow/example_dags/example_inlet_event_extra.py for tasks to queue
[2024-11-26T11:32:56.237+0000] {logging_mixin.py:190} INFO - [2024-11-26T11:32:56.236+0000] {dagbag.py:588} INFO - Filling up the DagBag from /home/airflow/.local/lib/python3.12/site-packages/airflow/example_dags/example_inlet_event_extra.py
[2024-11-26T11:32:56.732+0000] {processor.py:925} INFO - DAG(s) 'read_dataset_event', 'read_dataset_event_from_classic' retrieved from /home/airflow/.local/lib/python3.12/site-packages/airflow/example_dags/example_inlet_event_extra.py
[2024-11-26T11:32:56.762+0000] {logging_mixin.py:190} INFO - [2024-11-26T11:32:56.762+0000] {dag.py:3239} INFO - Sync 2 DAGs
[2024-11-26T11:32:56.781+0000] {logging_mixin.py:190} INFO - [2024-11-26T11:32:56.781+0000] {dag.py:4180} INFO - Setting next_dagrun for read_dataset_event to 2024-11-25 00:00:00+00:00, run_after=2024-11-26 00:00:00+00:00
[2024-11-26T11:32:56.785+0000] {logging_mixin.py:190} INFO - [2024-11-26T11:32:56.785+0000] {dag.py:4180} INFO - Setting next_dagrun for read_dataset_event_from_classic to 2024-11-25 00:00:00+00:00, run_after=2024-11-26 00:00:00+00:00
[2024-11-26T11:32:56.798+0000] {processor.py:208} INFO - Processing /home/airflow/.local/lib/python3.12/site-packages/airflow/example_dags/example_inlet_event_extra.py took 0.570 seconds
[2024-11-26T11:33:27.246+0000] {processor.py:186} INFO - Started process (PID=362) to work on /home/airflow/.local/lib/python3.12/site-packages/airflow/example_dags/example_inlet_event_extra.py
[2024-11-26T11:33:27.247+0000] {processor.py:914} INFO - Processing file /home/airflow/.local/lib/python3.12/site-packages/airflow/example_dags/example_inlet_event_extra.py for tasks to queue
[2024-11-26T11:33:27.249+0000] {logging_mixin.py:190} INFO - [2024-11-26T11:33:27.249+0000] {dagbag.py:588} INFO - Filling up the DagBag from /home/airflow/.local/lib/python3.12/site-packages/airflow/example_dags/example_inlet_event_extra.py
[2024-11-26T11:33:27.705+0000] {processor.py:925} INFO - DAG(s) 'read_dataset_event', 'read_dataset_event_from_classic' retrieved from /home/airflow/.local/lib/python3.12/site-packages/airflow/example_dags/example_inlet_event_extra.py
[2024-11-26T11:33:27.724+0000] {logging_mixin.py:190} INFO - [2024-11-26T11:33:27.724+0000] {dag.py:3239} INFO - Sync 2 DAGs
[2024-11-26T11:33:27.743+0000] {logging_mixin.py:190} INFO - [2024-11-26T11:33:27.743+0000] {dag.py:4180} INFO - Setting next_dagrun for read_dataset_event to 2024-11-25 00:00:00+00:00, run_after=2024-11-26 00:00:00+00:00
[2024-11-26T11:33:27.748+0000] {logging_mixin.py:190} INFO - [2024-11-26T11:33:27.748+0000] {dag.py:4180} INFO - Setting next_dagrun for read_dataset_event_from_classic to 2024-11-25 00:00:00+00:00, run_after=2024-11-26 00:00:00+00:00
[2024-11-26T11:33:27.764+0000] {processor.py:208} INFO - Processing /home/airflow/.local/lib/python3.12/site-packages/airflow/example_dags/example_inlet_event_extra.py took 0.523 seconds
[2024-11-26T11:33:58.059+0000] {processor.py:186} INFO - Started process (PID=427) to work on /home/airflow/.local/lib/python3.12/site-packages/airflow/example_dags/example_inlet_event_extra.py
[2024-11-26T11:33:58.060+0000] {processor.py:914} INFO - Processing file /home/airflow/.local/lib/python3.12/site-packages/airflow/example_dags/example_inlet_event_extra.py for tasks to queue
[2024-11-26T11:33:58.062+0000] {logging_mixin.py:190} INFO - [2024-11-26T11:33:58.062+0000] {dagbag.py:588} INFO - Filling up the DagBag from /home/airflow/.local/lib/python3.12/site-packages/airflow/example_dags/example_inlet_event_extra.py
[2024-11-26T11:33:58.579+0000] {processor.py:925} INFO - DAG(s) 'read_dataset_event_from_classic', 'read_dataset_event' retrieved from /home/airflow/.local/lib/python3.12/site-packages/airflow/example_dags/example_inlet_event_extra.py
[2024-11-26T11:33:58.596+0000] {logging_mixin.py:190} INFO - [2024-11-26T11:33:58.596+0000] {dag.py:3239} INFO - Sync 2 DAGs
[2024-11-26T11:33:58.625+0000] {logging_mixin.py:190} INFO - [2024-11-26T11:33:58.625+0000] {dag.py:4180} INFO - Setting next_dagrun for read_dataset_event to 2024-11-25 00:00:00+00:00, run_after=2024-11-26 00:00:00+00:00
[2024-11-26T11:33:58.632+0000] {logging_mixin.py:190} INFO - [2024-11-26T11:33:58.631+0000] {dag.py:4180} INFO - Setting next_dagrun for read_dataset_event_from_classic to 2024-11-25 00:00:00+00:00, run_after=2024-11-26 00:00:00+00:00
[2024-11-26T11:33:58.647+0000] {processor.py:208} INFO - Processing /home/airflow/.local/lib/python3.12/site-packages/airflow/example_dags/example_inlet_event_extra.py took 0.593 seconds
[2024-11-26T11:34:28.738+0000] {processor.py:186} INFO - Started process (PID=492) to work on /home/airflow/.local/lib/python3.12/site-packages/airflow/example_dags/example_inlet_event_extra.py
[2024-11-26T11:34:28.739+0000] {processor.py:914} INFO - Processing file /home/airflow/.local/lib/python3.12/site-packages/airflow/example_dags/example_inlet_event_extra.py for tasks to queue
[2024-11-26T11:34:28.741+0000] {logging_mixin.py:190} INFO - [2024-11-26T11:34:28.740+0000] {dagbag.py:588} INFO - Filling up the DagBag from /home/airflow/.local/lib/python3.12/site-packages/airflow/example_dags/example_inlet_event_extra.py
[2024-11-26T11:34:29.224+0000] {processor.py:925} INFO - DAG(s) 'read_dataset_event_from_classic', 'read_dataset_event' retrieved from /home/airflow/.local/lib/python3.12/site-packages/airflow/example_dags/example_inlet_event_extra.py
[2024-11-26T11:34:29.239+0000] {logging_mixin.py:190} INFO - [2024-11-26T11:34:29.239+0000] {dag.py:3239} INFO - Sync 2 DAGs
[2024-11-26T11:34:29.260+0000] {logging_mixin.py:190} INFO - [2024-11-26T11:34:29.260+0000] {dag.py:4180} INFO - Setting next_dagrun for read_dataset_event to 2024-11-25 00:00:00+00:00, run_after=2024-11-26 00:00:00+00:00
[2024-11-26T11:34:29.263+0000] {logging_mixin.py:190} INFO - [2024-11-26T11:34:29.263+0000] {dag.py:4180} INFO - Setting next_dagrun for read_dataset_event_from_classic to 2024-11-25 00:00:00+00:00, run_after=2024-11-26 00:00:00+00:00
[2024-11-26T11:34:29.274+0000] {processor.py:208} INFO - Processing /home/airflow/.local/lib/python3.12/site-packages/airflow/example_dags/example_inlet_event_extra.py took 0.542 seconds
[2024-11-26T11:39:50.477+0000] {processor.py:186} INFO - Started process (PID=541) to work on /home/airflow/.local/lib/python3.12/site-packages/airflow/example_dags/example_inlet_event_extra.py
[2024-11-26T11:39:50.478+0000] {processor.py:914} INFO - Processing file /home/airflow/.local/lib/python3.12/site-packages/airflow/example_dags/example_inlet_event_extra.py for tasks to queue
[2024-11-26T11:39:50.480+0000] {logging_mixin.py:190} INFO - [2024-11-26T11:39:50.479+0000] {dagbag.py:588} INFO - Filling up the DagBag from /home/airflow/.local/lib/python3.12/site-packages/airflow/example_dags/example_inlet_event_extra.py
[2024-11-26T11:39:50.996+0000] {processor.py:925} INFO - DAG(s) 'read_dataset_event', 'read_dataset_event_from_classic' retrieved from /home/airflow/.local/lib/python3.12/site-packages/airflow/example_dags/example_inlet_event_extra.py
[2024-11-26T11:39:51.023+0000] {logging_mixin.py:190} INFO - [2024-11-26T11:39:51.023+0000] {dag.py:3239} INFO - Sync 2 DAGs
[2024-11-26T11:39:51.051+0000] {logging_mixin.py:190} INFO - [2024-11-26T11:39:51.051+0000] {dag.py:4180} INFO - Setting next_dagrun for read_dataset_event to 2024-11-25 00:00:00+00:00, run_after=2024-11-26 00:00:00+00:00
[2024-11-26T11:39:51.056+0000] {logging_mixin.py:190} INFO - [2024-11-26T11:39:51.055+0000] {dag.py:4180} INFO - Setting next_dagrun for read_dataset_event_from_classic to 2024-11-25 00:00:00+00:00, run_after=2024-11-26 00:00:00+00:00
[2024-11-26T11:39:51.070+0000] {processor.py:208} INFO - Processing /home/airflow/.local/lib/python3.12/site-packages/airflow/example_dags/example_inlet_event_extra.py took 0.598 seconds
[2024-11-26T11:40:21.155+0000] {processor.py:186} INFO - Started process (PID=604) to work on /home/airflow/.local/lib/python3.12/site-packages/airflow/example_dags/example_inlet_event_extra.py
[2024-11-26T11:40:21.156+0000] {processor.py:914} INFO - Processing file /home/airflow/.local/lib/python3.12/site-packages/airflow/example_dags/example_inlet_event_extra.py for tasks to queue
[2024-11-26T11:40:21.158+0000] {logging_mixin.py:190} INFO - [2024-11-26T11:40:21.158+0000] {dagbag.py:588} INFO - Filling up the DagBag from /home/airflow/.local/lib/python3.12/site-packages/airflow/example_dags/example_inlet_event_extra.py
[2024-11-26T11:40:21.632+0000] {processor.py:925} INFO - DAG(s) 'read_dataset_event', 'read_dataset_event_from_classic' retrieved from /home/airflow/.local/lib/python3.12/site-packages/airflow/example_dags/example_inlet_event_extra.py
[2024-11-26T11:40:21.648+0000] {logging_mixin.py:190} INFO - [2024-11-26T11:40:21.648+0000] {dag.py:3239} INFO - Sync 2 DAGs
[2024-11-26T11:40:21.665+0000] {logging_mixin.py:190} INFO - [2024-11-26T11:40:21.665+0000] {dag.py:4180} INFO - Setting next_dagrun for read_dataset_event to 2024-11-25 00:00:00+00:00, run_after=2024-11-26 00:00:00+00:00
[2024-11-26T11:40:21.670+0000] {logging_mixin.py:190} INFO - [2024-11-26T11:40:21.670+0000] {dag.py:4180} INFO - Setting next_dagrun for read_dataset_event_from_classic to 2024-11-25 00:00:00+00:00, run_after=2024-11-26 00:00:00+00:00
[2024-11-26T11:40:21.680+0000] {processor.py:208} INFO - Processing /home/airflow/.local/lib/python3.12/site-packages/airflow/example_dags/example_inlet_event_extra.py took 0.532 seconds
