[2024-11-26T11:25:46.609+0000] {processor.py:186} INFO - Started process (PID=61) to work on /home/airflow/.local/lib/python3.12/site-packages/airflow/example_dags/example_branch_operator.py
[2024-11-26T11:25:46.611+0000] {processor.py:914} INFO - Processing file /home/airflow/.local/lib/python3.12/site-packages/airflow/example_dags/example_branch_operator.py for tasks to queue
[2024-11-26T11:25:46.613+0000] {logging_mixin.py:190} INFO - [2024-11-26T11:25:46.613+0000] {dagbag.py:588} INFO - Filling up the DagBag from /home/airflow/.local/lib/python3.12/site-packages/airflow/example_dags/example_branch_operator.py
[2024-11-26T11:25:46.631+0000] {processor.py:925} INFO - DAG(s) 'example_branch_operator' retrieved from /home/airflow/.local/lib/python3.12/site-packages/airflow/example_dags/example_branch_operator.py
[2024-11-26T11:25:46.762+0000] {logging_mixin.py:190} INFO - [2024-11-26T11:25:46.762+0000] {dag.py:3239} INFO - Sync 1 DAGs
[2024-11-26T11:25:46.797+0000] {logging_mixin.py:190} INFO - [2024-11-26T11:25:46.797+0000] {dag.py:4180} INFO - Setting next_dagrun for example_branch_operator to 2024-11-25 00:00:00+00:00, run_after=2024-11-26 00:00:00+00:00
[2024-11-26T11:25:46.829+0000] {processor.py:208} INFO - Processing /home/airflow/.local/lib/python3.12/site-packages/airflow/example_dags/example_branch_operator.py took 0.224 seconds
[2024-11-26T11:26:17.177+0000] {processor.py:186} INFO - Started process (PID=124) to work on /home/airflow/.local/lib/python3.12/site-packages/airflow/example_dags/example_branch_operator.py
[2024-11-26T11:26:17.182+0000] {processor.py:914} INFO - Processing file /home/airflow/.local/lib/python3.12/site-packages/airflow/example_dags/example_branch_operator.py for tasks to queue
[2024-11-26T11:26:17.185+0000] {logging_mixin.py:190} INFO - [2024-11-26T11:26:17.185+0000] {dagbag.py:588} INFO - Filling up the DagBag from /home/airflow/.local/lib/python3.12/site-packages/airflow/example_dags/example_branch_operator.py
[2024-11-26T11:26:17.204+0000] {processor.py:925} INFO - DAG(s) 'example_branch_operator' retrieved from /home/airflow/.local/lib/python3.12/site-packages/airflow/example_dags/example_branch_operator.py
[2024-11-26T11:26:17.230+0000] {logging_mixin.py:190} INFO - [2024-11-26T11:26:17.229+0000] {dag.py:3239} INFO - Sync 1 DAGs
[2024-11-26T11:26:17.247+0000] {logging_mixin.py:190} INFO - [2024-11-26T11:26:17.247+0000] {dag.py:4180} INFO - Setting next_dagrun for example_branch_operator to 2024-11-25 00:00:00+00:00, run_after=2024-11-26 00:00:00+00:00
[2024-11-26T11:26:17.268+0000] {processor.py:208} INFO - Processing /home/airflow/.local/lib/python3.12/site-packages/airflow/example_dags/example_branch_operator.py took 0.097 seconds
[2024-11-26T11:26:48.056+0000] {processor.py:186} INFO - Started process (PID=193) to work on /home/airflow/.local/lib/python3.12/site-packages/airflow/example_dags/example_branch_operator.py
[2024-11-26T11:26:48.057+0000] {processor.py:914} INFO - Processing file /home/airflow/.local/lib/python3.12/site-packages/airflow/example_dags/example_branch_operator.py for tasks to queue
[2024-11-26T11:26:48.059+0000] {logging_mixin.py:190} INFO - [2024-11-26T11:26:48.059+0000] {dagbag.py:588} INFO - Filling up the DagBag from /home/airflow/.local/lib/python3.12/site-packages/airflow/example_dags/example_branch_operator.py
[2024-11-26T11:26:48.073+0000] {processor.py:925} INFO - DAG(s) 'example_branch_operator' retrieved from /home/airflow/.local/lib/python3.12/site-packages/airflow/example_dags/example_branch_operator.py
[2024-11-26T11:26:48.095+0000] {logging_mixin.py:190} INFO - [2024-11-26T11:26:48.094+0000] {dag.py:3239} INFO - Sync 1 DAGs
[2024-11-26T11:26:48.112+0000] {logging_mixin.py:190} INFO - [2024-11-26T11:26:48.111+0000] {dag.py:4180} INFO - Setting next_dagrun for example_branch_operator to 2024-11-25 00:00:00+00:00, run_after=2024-11-26 00:00:00+00:00
[2024-11-26T11:26:48.129+0000] {processor.py:208} INFO - Processing /home/airflow/.local/lib/python3.12/site-packages/airflow/example_dags/example_branch_operator.py took 0.077 seconds
[2024-11-26T11:27:18.368+0000] {processor.py:186} INFO - Started process (PID=255) to work on /home/airflow/.local/lib/python3.12/site-packages/airflow/example_dags/example_branch_operator.py
[2024-11-26T11:27:18.369+0000] {processor.py:914} INFO - Processing file /home/airflow/.local/lib/python3.12/site-packages/airflow/example_dags/example_branch_operator.py for tasks to queue
[2024-11-26T11:27:18.371+0000] {logging_mixin.py:190} INFO - [2024-11-26T11:27:18.371+0000] {dagbag.py:588} INFO - Filling up the DagBag from /home/airflow/.local/lib/python3.12/site-packages/airflow/example_dags/example_branch_operator.py
[2024-11-26T11:27:18.384+0000] {processor.py:925} INFO - DAG(s) 'example_branch_operator' retrieved from /home/airflow/.local/lib/python3.12/site-packages/airflow/example_dags/example_branch_operator.py
[2024-11-26T11:27:18.403+0000] {logging_mixin.py:190} INFO - [2024-11-26T11:27:18.403+0000] {dag.py:3239} INFO - Sync 1 DAGs
[2024-11-26T11:27:18.421+0000] {logging_mixin.py:190} INFO - [2024-11-26T11:27:18.420+0000] {dag.py:4180} INFO - Setting next_dagrun for example_branch_operator to 2024-11-25 00:00:00+00:00, run_after=2024-11-26 00:00:00+00:00
[2024-11-26T11:27:18.433+0000] {processor.py:208} INFO - Processing /home/airflow/.local/lib/python3.12/site-packages/airflow/example_dags/example_branch_operator.py took 0.069 seconds
[2024-11-26T11:27:49.071+0000] {processor.py:186} INFO - Started process (PID=318) to work on /home/airflow/.local/lib/python3.12/site-packages/airflow/example_dags/example_branch_operator.py
[2024-11-26T11:27:49.072+0000] {processor.py:914} INFO - Processing file /home/airflow/.local/lib/python3.12/site-packages/airflow/example_dags/example_branch_operator.py for tasks to queue
[2024-11-26T11:27:49.074+0000] {logging_mixin.py:190} INFO - [2024-11-26T11:27:49.074+0000] {dagbag.py:588} INFO - Filling up the DagBag from /home/airflow/.local/lib/python3.12/site-packages/airflow/example_dags/example_branch_operator.py
[2024-11-26T11:27:49.088+0000] {processor.py:925} INFO - DAG(s) 'example_branch_operator' retrieved from /home/airflow/.local/lib/python3.12/site-packages/airflow/example_dags/example_branch_operator.py
[2024-11-26T11:27:49.111+0000] {logging_mixin.py:190} INFO - [2024-11-26T11:27:49.111+0000] {dag.py:3239} INFO - Sync 1 DAGs
[2024-11-26T11:27:49.133+0000] {logging_mixin.py:190} INFO - [2024-11-26T11:27:49.132+0000] {dag.py:4180} INFO - Setting next_dagrun for example_branch_operator to 2024-11-25 00:00:00+00:00, run_after=2024-11-26 00:00:00+00:00
[2024-11-26T11:27:49.145+0000] {processor.py:208} INFO - Processing /home/airflow/.local/lib/python3.12/site-packages/airflow/example_dags/example_branch_operator.py took 0.079 seconds
[2024-11-26T11:28:19.709+0000] {processor.py:186} INFO - Started process (PID=381) to work on /home/airflow/.local/lib/python3.12/site-packages/airflow/example_dags/example_branch_operator.py
[2024-11-26T11:28:19.710+0000] {processor.py:914} INFO - Processing file /home/airflow/.local/lib/python3.12/site-packages/airflow/example_dags/example_branch_operator.py for tasks to queue
[2024-11-26T11:28:19.713+0000] {logging_mixin.py:190} INFO - [2024-11-26T11:28:19.712+0000] {dagbag.py:588} INFO - Filling up the DagBag from /home/airflow/.local/lib/python3.12/site-packages/airflow/example_dags/example_branch_operator.py
[2024-11-26T11:28:19.728+0000] {processor.py:925} INFO - DAG(s) 'example_branch_operator' retrieved from /home/airflow/.local/lib/python3.12/site-packages/airflow/example_dags/example_branch_operator.py
[2024-11-26T11:28:19.750+0000] {logging_mixin.py:190} INFO - [2024-11-26T11:28:19.750+0000] {dag.py:3239} INFO - Sync 1 DAGs
[2024-11-26T11:28:19.768+0000] {logging_mixin.py:190} INFO - [2024-11-26T11:28:19.768+0000] {dag.py:4180} INFO - Setting next_dagrun for example_branch_operator to 2024-11-25 00:00:00+00:00, run_after=2024-11-26 00:00:00+00:00
[2024-11-26T11:28:19.807+0000] {processor.py:208} INFO - Processing /home/airflow/.local/lib/python3.12/site-packages/airflow/example_dags/example_branch_operator.py took 0.104 seconds
[2024-11-26T11:28:49.989+0000] {processor.py:186} INFO - Started process (PID=444) to work on /home/airflow/.local/lib/python3.12/site-packages/airflow/example_dags/example_branch_operator.py
[2024-11-26T11:28:49.990+0000] {processor.py:914} INFO - Processing file /home/airflow/.local/lib/python3.12/site-packages/airflow/example_dags/example_branch_operator.py for tasks to queue
[2024-11-26T11:28:49.992+0000] {logging_mixin.py:190} INFO - [2024-11-26T11:28:49.992+0000] {dagbag.py:588} INFO - Filling up the DagBag from /home/airflow/.local/lib/python3.12/site-packages/airflow/example_dags/example_branch_operator.py
[2024-11-26T11:28:50.004+0000] {processor.py:925} INFO - DAG(s) 'example_branch_operator' retrieved from /home/airflow/.local/lib/python3.12/site-packages/airflow/example_dags/example_branch_operator.py
[2024-11-26T11:28:50.037+0000] {logging_mixin.py:190} INFO - [2024-11-26T11:28:50.037+0000] {dag.py:3239} INFO - Sync 1 DAGs
[2024-11-26T11:28:50.056+0000] {logging_mixin.py:190} INFO - [2024-11-26T11:28:50.056+0000] {dag.py:4180} INFO - Setting next_dagrun for example_branch_operator to 2024-11-25 00:00:00+00:00, run_after=2024-11-26 00:00:00+00:00
[2024-11-26T11:28:50.070+0000] {processor.py:208} INFO - Processing /home/airflow/.local/lib/python3.12/site-packages/airflow/example_dags/example_branch_operator.py took 0.085 seconds
[2024-11-26T11:31:19.413+0000] {processor.py:186} INFO - Started process (PID=67) to work on /home/airflow/.local/lib/python3.12/site-packages/airflow/example_dags/example_branch_operator.py
[2024-11-26T11:31:19.415+0000] {processor.py:914} INFO - Processing file /home/airflow/.local/lib/python3.12/site-packages/airflow/example_dags/example_branch_operator.py for tasks to queue
[2024-11-26T11:31:19.417+0000] {logging_mixin.py:190} INFO - [2024-11-26T11:31:19.417+0000] {dagbag.py:588} INFO - Filling up the DagBag from /home/airflow/.local/lib/python3.12/site-packages/airflow/example_dags/example_branch_operator.py
[2024-11-26T11:31:19.443+0000] {processor.py:925} INFO - DAG(s) 'example_branch_operator' retrieved from /home/airflow/.local/lib/python3.12/site-packages/airflow/example_dags/example_branch_operator.py
[2024-11-26T11:31:19.641+0000] {logging_mixin.py:190} INFO - [2024-11-26T11:31:19.640+0000] {dag.py:3239} INFO - Sync 1 DAGs
[2024-11-26T11:31:19.672+0000] {logging_mixin.py:190} INFO - [2024-11-26T11:31:19.672+0000] {dag.py:4180} INFO - Setting next_dagrun for example_branch_operator to 2024-11-25 00:00:00+00:00, run_after=2024-11-26 00:00:00+00:00
[2024-11-26T11:31:19.695+0000] {processor.py:208} INFO - Processing /home/airflow/.local/lib/python3.12/site-packages/airflow/example_dags/example_branch_operator.py took 0.286 seconds
[2024-11-26T11:31:50.267+0000] {processor.py:186} INFO - Started process (PID=130) to work on /home/airflow/.local/lib/python3.12/site-packages/airflow/example_dags/example_branch_operator.py
[2024-11-26T11:31:50.268+0000] {processor.py:914} INFO - Processing file /home/airflow/.local/lib/python3.12/site-packages/airflow/example_dags/example_branch_operator.py for tasks to queue
[2024-11-26T11:31:50.269+0000] {logging_mixin.py:190} INFO - [2024-11-26T11:31:50.269+0000] {dagbag.py:588} INFO - Filling up the DagBag from /home/airflow/.local/lib/python3.12/site-packages/airflow/example_dags/example_branch_operator.py
[2024-11-26T11:31:50.283+0000] {processor.py:925} INFO - DAG(s) 'example_branch_operator' retrieved from /home/airflow/.local/lib/python3.12/site-packages/airflow/example_dags/example_branch_operator.py
[2024-11-26T11:31:50.305+0000] {logging_mixin.py:190} INFO - [2024-11-26T11:31:50.305+0000] {dag.py:3239} INFO - Sync 1 DAGs
[2024-11-26T11:31:50.324+0000] {logging_mixin.py:190} INFO - [2024-11-26T11:31:50.324+0000] {dag.py:4180} INFO - Setting next_dagrun for example_branch_operator to 2024-11-25 00:00:00+00:00, run_after=2024-11-26 00:00:00+00:00
[2024-11-26T11:31:50.340+0000] {processor.py:208} INFO - Processing /home/airflow/.local/lib/python3.12/site-packages/airflow/example_dags/example_branch_operator.py took 0.078 seconds
[2024-11-26T11:32:20.848+0000] {processor.py:186} INFO - Started process (PID=193) to work on /home/airflow/.local/lib/python3.12/site-packages/airflow/example_dags/example_branch_operator.py
[2024-11-26T11:32:20.849+0000] {processor.py:914} INFO - Processing file /home/airflow/.local/lib/python3.12/site-packages/airflow/example_dags/example_branch_operator.py for tasks to queue
[2024-11-26T11:32:20.851+0000] {logging_mixin.py:190} INFO - [2024-11-26T11:32:20.851+0000] {dagbag.py:588} INFO - Filling up the DagBag from /home/airflow/.local/lib/python3.12/site-packages/airflow/example_dags/example_branch_operator.py
[2024-11-26T11:32:20.864+0000] {processor.py:925} INFO - DAG(s) 'example_branch_operator' retrieved from /home/airflow/.local/lib/python3.12/site-packages/airflow/example_dags/example_branch_operator.py
[2024-11-26T11:32:20.884+0000] {logging_mixin.py:190} INFO - [2024-11-26T11:32:20.884+0000] {dag.py:3239} INFO - Sync 1 DAGs
[2024-11-26T11:32:20.901+0000] {logging_mixin.py:190} INFO - [2024-11-26T11:32:20.900+0000] {dag.py:4180} INFO - Setting next_dagrun for example_branch_operator to 2024-11-25 00:00:00+00:00, run_after=2024-11-26 00:00:00+00:00
[2024-11-26T11:32:20.919+0000] {processor.py:208} INFO - Processing /home/airflow/.local/lib/python3.12/site-packages/airflow/example_dags/example_branch_operator.py took 0.075 seconds
[2024-11-26T11:32:51.117+0000] {processor.py:186} INFO - Started process (PID=256) to work on /home/airflow/.local/lib/python3.12/site-packages/airflow/example_dags/example_branch_operator.py
[2024-11-26T11:32:51.118+0000] {processor.py:914} INFO - Processing file /home/airflow/.local/lib/python3.12/site-packages/airflow/example_dags/example_branch_operator.py for tasks to queue
[2024-11-26T11:32:51.122+0000] {logging_mixin.py:190} INFO - [2024-11-26T11:32:51.122+0000] {dagbag.py:588} INFO - Filling up the DagBag from /home/airflow/.local/lib/python3.12/site-packages/airflow/example_dags/example_branch_operator.py
[2024-11-26T11:32:51.146+0000] {processor.py:925} INFO - DAG(s) 'example_branch_operator' retrieved from /home/airflow/.local/lib/python3.12/site-packages/airflow/example_dags/example_branch_operator.py
[2024-11-26T11:32:51.173+0000] {logging_mixin.py:190} INFO - [2024-11-26T11:32:51.172+0000] {dag.py:3239} INFO - Sync 1 DAGs
[2024-11-26T11:32:51.194+0000] {logging_mixin.py:190} INFO - [2024-11-26T11:32:51.194+0000] {dag.py:4180} INFO - Setting next_dagrun for example_branch_operator to 2024-11-25 00:00:00+00:00, run_after=2024-11-26 00:00:00+00:00
[2024-11-26T11:32:51.218+0000] {processor.py:208} INFO - Processing /home/airflow/.local/lib/python3.12/site-packages/airflow/example_dags/example_branch_operator.py took 0.106 seconds
[2024-11-26T11:33:21.466+0000] {processor.py:186} INFO - Started process (PID=319) to work on /home/airflow/.local/lib/python3.12/site-packages/airflow/example_dags/example_branch_operator.py
[2024-11-26T11:33:21.469+0000] {processor.py:914} INFO - Processing file /home/airflow/.local/lib/python3.12/site-packages/airflow/example_dags/example_branch_operator.py for tasks to queue
[2024-11-26T11:33:21.473+0000] {logging_mixin.py:190} INFO - [2024-11-26T11:33:21.473+0000] {dagbag.py:588} INFO - Filling up the DagBag from /home/airflow/.local/lib/python3.12/site-packages/airflow/example_dags/example_branch_operator.py
[2024-11-26T11:33:21.488+0000] {processor.py:925} INFO - DAG(s) 'example_branch_operator' retrieved from /home/airflow/.local/lib/python3.12/site-packages/airflow/example_dags/example_branch_operator.py
[2024-11-26T11:33:21.510+0000] {logging_mixin.py:190} INFO - [2024-11-26T11:33:21.509+0000] {dag.py:3239} INFO - Sync 1 DAGs
[2024-11-26T11:33:21.525+0000] {logging_mixin.py:190} INFO - [2024-11-26T11:33:21.525+0000] {dag.py:4180} INFO - Setting next_dagrun for example_branch_operator to 2024-11-25 00:00:00+00:00, run_after=2024-11-26 00:00:00+00:00
[2024-11-26T11:33:21.537+0000] {processor.py:208} INFO - Processing /home/airflow/.local/lib/python3.12/site-packages/airflow/example_dags/example_branch_operator.py took 0.078 seconds
[2024-11-26T11:33:51.938+0000] {processor.py:186} INFO - Started process (PID=382) to work on /home/airflow/.local/lib/python3.12/site-packages/airflow/example_dags/example_branch_operator.py
[2024-11-26T11:33:51.940+0000] {processor.py:914} INFO - Processing file /home/airflow/.local/lib/python3.12/site-packages/airflow/example_dags/example_branch_operator.py for tasks to queue
[2024-11-26T11:33:51.944+0000] {logging_mixin.py:190} INFO - [2024-11-26T11:33:51.943+0000] {dagbag.py:588} INFO - Filling up the DagBag from /home/airflow/.local/lib/python3.12/site-packages/airflow/example_dags/example_branch_operator.py
[2024-11-26T11:33:51.959+0000] {processor.py:925} INFO - DAG(s) 'example_branch_operator' retrieved from /home/airflow/.local/lib/python3.12/site-packages/airflow/example_dags/example_branch_operator.py
[2024-11-26T11:33:51.982+0000] {logging_mixin.py:190} INFO - [2024-11-26T11:33:51.982+0000] {dag.py:3239} INFO - Sync 1 DAGs
[2024-11-26T11:33:52.003+0000] {logging_mixin.py:190} INFO - [2024-11-26T11:33:52.002+0000] {dag.py:4180} INFO - Setting next_dagrun for example_branch_operator to 2024-11-25 00:00:00+00:00, run_after=2024-11-26 00:00:00+00:00
[2024-11-26T11:33:52.022+0000] {processor.py:208} INFO - Processing /home/airflow/.local/lib/python3.12/site-packages/airflow/example_dags/example_branch_operator.py took 0.096 seconds
[2024-11-26T11:34:22.715+0000] {processor.py:186} INFO - Started process (PID=451) to work on /home/airflow/.local/lib/python3.12/site-packages/airflow/example_dags/example_branch_operator.py
[2024-11-26T11:34:22.716+0000] {processor.py:914} INFO - Processing file /home/airflow/.local/lib/python3.12/site-packages/airflow/example_dags/example_branch_operator.py for tasks to queue
[2024-11-26T11:34:22.718+0000] {logging_mixin.py:190} INFO - [2024-11-26T11:34:22.718+0000] {dagbag.py:588} INFO - Filling up the DagBag from /home/airflow/.local/lib/python3.12/site-packages/airflow/example_dags/example_branch_operator.py
[2024-11-26T11:34:22.732+0000] {processor.py:925} INFO - DAG(s) 'example_branch_operator' retrieved from /home/airflow/.local/lib/python3.12/site-packages/airflow/example_dags/example_branch_operator.py
[2024-11-26T11:34:22.753+0000] {logging_mixin.py:190} INFO - [2024-11-26T11:34:22.753+0000] {dag.py:3239} INFO - Sync 1 DAGs
[2024-11-26T11:34:22.771+0000] {logging_mixin.py:190} INFO - [2024-11-26T11:34:22.770+0000] {dag.py:4180} INFO - Setting next_dagrun for example_branch_operator to 2024-11-25 00:00:00+00:00, run_after=2024-11-26 00:00:00+00:00
[2024-11-26T11:34:22.785+0000] {processor.py:208} INFO - Processing /home/airflow/.local/lib/python3.12/site-packages/airflow/example_dags/example_branch_operator.py took 0.077 seconds
[2024-11-26T11:39:48.125+0000] {processor.py:186} INFO - Started process (PID=508) to work on /home/airflow/.local/lib/python3.12/site-packages/airflow/example_dags/example_branch_operator.py
[2024-11-26T11:39:48.126+0000] {processor.py:914} INFO - Processing file /home/airflow/.local/lib/python3.12/site-packages/airflow/example_dags/example_branch_operator.py for tasks to queue
[2024-11-26T11:39:48.128+0000] {logging_mixin.py:190} INFO - [2024-11-26T11:39:48.128+0000] {dagbag.py:588} INFO - Filling up the DagBag from /home/airflow/.local/lib/python3.12/site-packages/airflow/example_dags/example_branch_operator.py
[2024-11-26T11:39:48.143+0000] {processor.py:925} INFO - DAG(s) 'example_branch_operator' retrieved from /home/airflow/.local/lib/python3.12/site-packages/airflow/example_dags/example_branch_operator.py
[2024-11-26T11:39:48.165+0000] {logging_mixin.py:190} INFO - [2024-11-26T11:39:48.164+0000] {dag.py:3239} INFO - Sync 1 DAGs
[2024-11-26T11:39:48.182+0000] {logging_mixin.py:190} INFO - [2024-11-26T11:39:48.182+0000] {dag.py:4180} INFO - Setting next_dagrun for example_branch_operator to 2024-11-25 00:00:00+00:00, run_after=2024-11-26 00:00:00+00:00
[2024-11-26T11:39:48.198+0000] {processor.py:208} INFO - Processing /home/airflow/.local/lib/python3.12/site-packages/airflow/example_dags/example_branch_operator.py took 0.078 seconds
[2024-11-26T11:40:18.326+0000] {processor.py:186} INFO - Started process (PID=571) to work on /home/airflow/.local/lib/python3.12/site-packages/airflow/example_dags/example_branch_operator.py
[2024-11-26T11:40:18.327+0000] {processor.py:914} INFO - Processing file /home/airflow/.local/lib/python3.12/site-packages/airflow/example_dags/example_branch_operator.py for tasks to queue
[2024-11-26T11:40:18.329+0000] {logging_mixin.py:190} INFO - [2024-11-26T11:40:18.329+0000] {dagbag.py:588} INFO - Filling up the DagBag from /home/airflow/.local/lib/python3.12/site-packages/airflow/example_dags/example_branch_operator.py
[2024-11-26T11:40:18.343+0000] {processor.py:925} INFO - DAG(s) 'example_branch_operator' retrieved from /home/airflow/.local/lib/python3.12/site-packages/airflow/example_dags/example_branch_operator.py
[2024-11-26T11:40:18.364+0000] {logging_mixin.py:190} INFO - [2024-11-26T11:40:18.364+0000] {dag.py:3239} INFO - Sync 1 DAGs
[2024-11-26T11:40:18.386+0000] {logging_mixin.py:190} INFO - [2024-11-26T11:40:18.386+0000] {dag.py:4180} INFO - Setting next_dagrun for example_branch_operator to 2024-11-25 00:00:00+00:00, run_after=2024-11-26 00:00:00+00:00
[2024-11-26T11:40:18.404+0000] {processor.py:208} INFO - Processing /home/airflow/.local/lib/python3.12/site-packages/airflow/example_dags/example_branch_operator.py took 0.082 seconds
