[2024-11-26T11:25:50.456+0000] {processor.py:186} INFO - Started process (PID=107) to work on /home/airflow/.local/lib/python3.12/site-packages/airflow/example_dags/example_branch_python_dop_operator_3.py
[2024-11-26T11:25:50.457+0000] {processor.py:914} INFO - Processing file /home/airflow/.local/lib/python3.12/site-packages/airflow/example_dags/example_branch_python_dop_operator_3.py for tasks to queue
[2024-11-26T11:25:50.460+0000] {logging_mixin.py:190} INFO - [2024-11-26T11:25:50.459+0000] {dagbag.py:588} INFO - Filling up the DagBag from /home/airflow/.local/lib/python3.12/site-packages/airflow/example_dags/example_branch_python_dop_operator_3.py
[2024-11-26T11:25:50.468+0000] {processor.py:925} INFO - DAG(s) 'example_branch_dop_operator_v3' retrieved from /home/airflow/.local/lib/python3.12/site-packages/airflow/example_dags/example_branch_python_dop_operator_3.py
[2024-11-26T11:25:50.485+0000] {logging_mixin.py:190} INFO - [2024-11-26T11:25:50.485+0000] {dag.py:3239} INFO - Sync 1 DAGs
[2024-11-26T11:25:50.507+0000] {logging_mixin.py:190} INFO - [2024-11-26T11:25:50.507+0000] {dag.py:4180} INFO - Setting next_dagrun for example_branch_dop_operator_v3 to 2024-11-26 11:24:00+00:00, run_after=2024-11-26 11:25:00+00:00
[2024-11-26T11:25:50.524+0000] {processor.py:208} INFO - Processing /home/airflow/.local/lib/python3.12/site-packages/airflow/example_dags/example_branch_python_dop_operator_3.py took 0.072 seconds
[2024-11-26T11:26:21.556+0000] {processor.py:186} INFO - Started process (PID=170) to work on /home/airflow/.local/lib/python3.12/site-packages/airflow/example_dags/example_branch_python_dop_operator_3.py
[2024-11-26T11:26:21.557+0000] {processor.py:914} INFO - Processing file /home/airflow/.local/lib/python3.12/site-packages/airflow/example_dags/example_branch_python_dop_operator_3.py for tasks to queue
[2024-11-26T11:26:21.559+0000] {logging_mixin.py:190} INFO - [2024-11-26T11:26:21.559+0000] {dagbag.py:588} INFO - Filling up the DagBag from /home/airflow/.local/lib/python3.12/site-packages/airflow/example_dags/example_branch_python_dop_operator_3.py
[2024-11-26T11:26:21.568+0000] {processor.py:925} INFO - DAG(s) 'example_branch_dop_operator_v3' retrieved from /home/airflow/.local/lib/python3.12/site-packages/airflow/example_dags/example_branch_python_dop_operator_3.py
[2024-11-26T11:26:21.582+0000] {logging_mixin.py:190} INFO - [2024-11-26T11:26:21.582+0000] {dag.py:3239} INFO - Sync 1 DAGs
[2024-11-26T11:26:21.601+0000] {logging_mixin.py:190} INFO - [2024-11-26T11:26:21.601+0000] {dag.py:4180} INFO - Setting next_dagrun for example_branch_dop_operator_v3 to 2024-11-26 11:25:00+00:00, run_after=2024-11-26 11:26:00+00:00
[2024-11-26T11:26:21.617+0000] {processor.py:208} INFO - Processing /home/airflow/.local/lib/python3.12/site-packages/airflow/example_dags/example_branch_python_dop_operator_3.py took 0.065 seconds
[2024-11-26T11:26:52.808+0000] {processor.py:186} INFO - Started process (PID=233) to work on /home/airflow/.local/lib/python3.12/site-packages/airflow/example_dags/example_branch_python_dop_operator_3.py
[2024-11-26T11:26:52.809+0000] {processor.py:914} INFO - Processing file /home/airflow/.local/lib/python3.12/site-packages/airflow/example_dags/example_branch_python_dop_operator_3.py for tasks to queue
[2024-11-26T11:26:52.812+0000] {logging_mixin.py:190} INFO - [2024-11-26T11:26:52.812+0000] {dagbag.py:588} INFO - Filling up the DagBag from /home/airflow/.local/lib/python3.12/site-packages/airflow/example_dags/example_branch_python_dop_operator_3.py
[2024-11-26T11:26:52.822+0000] {processor.py:925} INFO - DAG(s) 'example_branch_dop_operator_v3' retrieved from /home/airflow/.local/lib/python3.12/site-packages/airflow/example_dags/example_branch_python_dop_operator_3.py
[2024-11-26T11:26:52.839+0000] {logging_mixin.py:190} INFO - [2024-11-26T11:26:52.839+0000] {dag.py:3239} INFO - Sync 1 DAGs
[2024-11-26T11:26:52.859+0000] {logging_mixin.py:190} INFO - [2024-11-26T11:26:52.859+0000] {dag.py:4180} INFO - Setting next_dagrun for example_branch_dop_operator_v3 to 2024-11-26 11:25:00+00:00, run_after=2024-11-26 11:26:00+00:00
[2024-11-26T11:26:52.875+0000] {processor.py:208} INFO - Processing /home/airflow/.local/lib/python3.12/site-packages/airflow/example_dags/example_branch_python_dop_operator_3.py took 0.072 seconds
[2024-11-26T11:27:23.626+0000] {processor.py:186} INFO - Started process (PID=295) to work on /home/airflow/.local/lib/python3.12/site-packages/airflow/example_dags/example_branch_python_dop_operator_3.py
[2024-11-26T11:27:23.627+0000] {processor.py:914} INFO - Processing file /home/airflow/.local/lib/python3.12/site-packages/airflow/example_dags/example_branch_python_dop_operator_3.py for tasks to queue
[2024-11-26T11:27:23.629+0000] {logging_mixin.py:190} INFO - [2024-11-26T11:27:23.629+0000] {dagbag.py:588} INFO - Filling up the DagBag from /home/airflow/.local/lib/python3.12/site-packages/airflow/example_dags/example_branch_python_dop_operator_3.py
[2024-11-26T11:27:23.637+0000] {processor.py:925} INFO - DAG(s) 'example_branch_dop_operator_v3' retrieved from /home/airflow/.local/lib/python3.12/site-packages/airflow/example_dags/example_branch_python_dop_operator_3.py
[2024-11-26T11:27:23.651+0000] {logging_mixin.py:190} INFO - [2024-11-26T11:27:23.650+0000] {dag.py:3239} INFO - Sync 1 DAGs
[2024-11-26T11:27:23.668+0000] {logging_mixin.py:190} INFO - [2024-11-26T11:27:23.668+0000] {dag.py:4180} INFO - Setting next_dagrun for example_branch_dop_operator_v3 to 2024-11-26 11:26:00+00:00, run_after=2024-11-26 11:27:00+00:00
[2024-11-26T11:27:23.682+0000] {processor.py:208} INFO - Processing /home/airflow/.local/lib/python3.12/site-packages/airflow/example_dags/example_branch_python_dop_operator_3.py took 0.060 seconds
[2024-11-26T11:27:54.932+0000] {processor.py:186} INFO - Started process (PID=358) to work on /home/airflow/.local/lib/python3.12/site-packages/airflow/example_dags/example_branch_python_dop_operator_3.py
[2024-11-26T11:27:54.933+0000] {processor.py:914} INFO - Processing file /home/airflow/.local/lib/python3.12/site-packages/airflow/example_dags/example_branch_python_dop_operator_3.py for tasks to queue
[2024-11-26T11:27:54.937+0000] {logging_mixin.py:190} INFO - [2024-11-26T11:27:54.936+0000] {dagbag.py:588} INFO - Filling up the DagBag from /home/airflow/.local/lib/python3.12/site-packages/airflow/example_dags/example_branch_python_dop_operator_3.py
[2024-11-26T11:27:54.949+0000] {processor.py:925} INFO - DAG(s) 'example_branch_dop_operator_v3' retrieved from /home/airflow/.local/lib/python3.12/site-packages/airflow/example_dags/example_branch_python_dop_operator_3.py
[2024-11-26T11:27:54.973+0000] {logging_mixin.py:190} INFO - [2024-11-26T11:27:54.972+0000] {dag.py:3239} INFO - Sync 1 DAGs
[2024-11-26T11:27:54.998+0000] {logging_mixin.py:190} INFO - [2024-11-26T11:27:54.998+0000] {dag.py:4180} INFO - Setting next_dagrun for example_branch_dop_operator_v3 to 2024-11-26 11:26:00+00:00, run_after=2024-11-26 11:27:00+00:00
[2024-11-26T11:27:55.016+0000] {processor.py:208} INFO - Processing /home/airflow/.local/lib/python3.12/site-packages/airflow/example_dags/example_branch_python_dop_operator_3.py took 0.091 seconds
[2024-11-26T11:28:26.379+0000] {processor.py:186} INFO - Started process (PID=421) to work on /home/airflow/.local/lib/python3.12/site-packages/airflow/example_dags/example_branch_python_dop_operator_3.py
[2024-11-26T11:28:26.380+0000] {processor.py:914} INFO - Processing file /home/airflow/.local/lib/python3.12/site-packages/airflow/example_dags/example_branch_python_dop_operator_3.py for tasks to queue
[2024-11-26T11:28:26.381+0000] {logging_mixin.py:190} INFO - [2024-11-26T11:28:26.381+0000] {dagbag.py:588} INFO - Filling up the DagBag from /home/airflow/.local/lib/python3.12/site-packages/airflow/example_dags/example_branch_python_dop_operator_3.py
[2024-11-26T11:28:26.389+0000] {processor.py:925} INFO - DAG(s) 'example_branch_dop_operator_v3' retrieved from /home/airflow/.local/lib/python3.12/site-packages/airflow/example_dags/example_branch_python_dop_operator_3.py
[2024-11-26T11:28:26.404+0000] {logging_mixin.py:190} INFO - [2024-11-26T11:28:26.404+0000] {dag.py:3239} INFO - Sync 1 DAGs
[2024-11-26T11:28:26.424+0000] {logging_mixin.py:190} INFO - [2024-11-26T11:28:26.423+0000] {dag.py:4180} INFO - Setting next_dagrun for example_branch_dop_operator_v3 to 2024-11-26 11:27:00+00:00, run_after=2024-11-26 11:28:00+00:00
[2024-11-26T11:28:26.440+0000] {processor.py:208} INFO - Processing /home/airflow/.local/lib/python3.12/site-packages/airflow/example_dags/example_branch_python_dop_operator_3.py took 0.066 seconds
[2024-11-26T11:28:57.199+0000] {processor.py:186} INFO - Started process (PID=484) to work on /home/airflow/.local/lib/python3.12/site-packages/airflow/example_dags/example_branch_python_dop_operator_3.py
[2024-11-26T11:28:57.200+0000] {processor.py:914} INFO - Processing file /home/airflow/.local/lib/python3.12/site-packages/airflow/example_dags/example_branch_python_dop_operator_3.py for tasks to queue
[2024-11-26T11:28:57.203+0000] {logging_mixin.py:190} INFO - [2024-11-26T11:28:57.202+0000] {dagbag.py:588} INFO - Filling up the DagBag from /home/airflow/.local/lib/python3.12/site-packages/airflow/example_dags/example_branch_python_dop_operator_3.py
[2024-11-26T11:28:57.214+0000] {processor.py:925} INFO - DAG(s) 'example_branch_dop_operator_v3' retrieved from /home/airflow/.local/lib/python3.12/site-packages/airflow/example_dags/example_branch_python_dop_operator_3.py
[2024-11-26T11:28:57.233+0000] {logging_mixin.py:190} INFO - [2024-11-26T11:28:57.233+0000] {dag.py:3239} INFO - Sync 1 DAGs
[2024-11-26T11:28:57.260+0000] {logging_mixin.py:190} INFO - [2024-11-26T11:28:57.260+0000] {dag.py:4180} INFO - Setting next_dagrun for example_branch_dop_operator_v3 to 2024-11-26 11:27:00+00:00, run_after=2024-11-26 11:28:00+00:00
[2024-11-26T11:28:57.285+0000] {processor.py:208} INFO - Processing /home/airflow/.local/lib/python3.12/site-packages/airflow/example_dags/example_branch_python_dop_operator_3.py took 0.091 seconds
[2024-11-26T11:31:23.532+0000] {processor.py:186} INFO - Started process (PID=113) to work on /home/airflow/.local/lib/python3.12/site-packages/airflow/example_dags/example_branch_python_dop_operator_3.py
[2024-11-26T11:31:23.534+0000] {processor.py:914} INFO - Processing file /home/airflow/.local/lib/python3.12/site-packages/airflow/example_dags/example_branch_python_dop_operator_3.py for tasks to queue
[2024-11-26T11:31:23.536+0000] {logging_mixin.py:190} INFO - [2024-11-26T11:31:23.536+0000] {dagbag.py:588} INFO - Filling up the DagBag from /home/airflow/.local/lib/python3.12/site-packages/airflow/example_dags/example_branch_python_dop_operator_3.py
[2024-11-26T11:31:23.545+0000] {processor.py:925} INFO - DAG(s) 'example_branch_dop_operator_v3' retrieved from /home/airflow/.local/lib/python3.12/site-packages/airflow/example_dags/example_branch_python_dop_operator_3.py
[2024-11-26T11:31:23.563+0000] {logging_mixin.py:190} INFO - [2024-11-26T11:31:23.563+0000] {dag.py:3239} INFO - Sync 1 DAGs
[2024-11-26T11:31:23.584+0000] {logging_mixin.py:190} INFO - [2024-11-26T11:31:23.583+0000] {dag.py:4180} INFO - Setting next_dagrun for example_branch_dop_operator_v3 to 2024-11-26 11:30:00+00:00, run_after=2024-11-26 11:31:00+00:00
[2024-11-26T11:31:23.597+0000] {processor.py:208} INFO - Processing /home/airflow/.local/lib/python3.12/site-packages/airflow/example_dags/example_branch_python_dop_operator_3.py took 0.069 seconds
[2024-11-26T11:31:54.808+0000] {processor.py:186} INFO - Started process (PID=176) to work on /home/airflow/.local/lib/python3.12/site-packages/airflow/example_dags/example_branch_python_dop_operator_3.py
[2024-11-26T11:31:54.809+0000] {processor.py:914} INFO - Processing file /home/airflow/.local/lib/python3.12/site-packages/airflow/example_dags/example_branch_python_dop_operator_3.py for tasks to queue
[2024-11-26T11:31:54.811+0000] {logging_mixin.py:190} INFO - [2024-11-26T11:31:54.810+0000] {dagbag.py:588} INFO - Filling up the DagBag from /home/airflow/.local/lib/python3.12/site-packages/airflow/example_dags/example_branch_python_dop_operator_3.py
[2024-11-26T11:31:54.818+0000] {processor.py:925} INFO - DAG(s) 'example_branch_dop_operator_v3' retrieved from /home/airflow/.local/lib/python3.12/site-packages/airflow/example_dags/example_branch_python_dop_operator_3.py
[2024-11-26T11:31:54.835+0000] {logging_mixin.py:190} INFO - [2024-11-26T11:31:54.834+0000] {dag.py:3239} INFO - Sync 1 DAGs
[2024-11-26T11:31:54.854+0000] {logging_mixin.py:190} INFO - [2024-11-26T11:31:54.854+0000] {dag.py:4180} INFO - Setting next_dagrun for example_branch_dop_operator_v3 to 2024-11-26 11:30:00+00:00, run_after=2024-11-26 11:31:00+00:00
[2024-11-26T11:31:54.868+0000] {processor.py:208} INFO - Processing /home/airflow/.local/lib/python3.12/site-packages/airflow/example_dags/example_branch_python_dop_operator_3.py took 0.064 seconds
[2024-11-26T11:32:25.593+0000] {processor.py:186} INFO - Started process (PID=239) to work on /home/airflow/.local/lib/python3.12/site-packages/airflow/example_dags/example_branch_python_dop_operator_3.py
[2024-11-26T11:32:25.594+0000] {processor.py:914} INFO - Processing file /home/airflow/.local/lib/python3.12/site-packages/airflow/example_dags/example_branch_python_dop_operator_3.py for tasks to queue
[2024-11-26T11:32:25.599+0000] {logging_mixin.py:190} INFO - [2024-11-26T11:32:25.599+0000] {dagbag.py:588} INFO - Filling up the DagBag from /home/airflow/.local/lib/python3.12/site-packages/airflow/example_dags/example_branch_python_dop_operator_3.py
[2024-11-26T11:32:25.613+0000] {processor.py:925} INFO - DAG(s) 'example_branch_dop_operator_v3' retrieved from /home/airflow/.local/lib/python3.12/site-packages/airflow/example_dags/example_branch_python_dop_operator_3.py
[2024-11-26T11:32:25.646+0000] {logging_mixin.py:190} INFO - [2024-11-26T11:32:25.645+0000] {dag.py:3239} INFO - Sync 1 DAGs
[2024-11-26T11:32:25.720+0000] {logging_mixin.py:190} INFO - [2024-11-26T11:32:25.720+0000] {dag.py:4180} INFO - Setting next_dagrun for example_branch_dop_operator_v3 to 2024-11-26 11:31:00+00:00, run_after=2024-11-26 11:32:00+00:00
[2024-11-26T11:32:25.743+0000] {processor.py:208} INFO - Processing /home/airflow/.local/lib/python3.12/site-packages/airflow/example_dags/example_branch_python_dop_operator_3.py took 0.156 seconds
[2024-11-26T11:32:56.882+0000] {processor.py:186} INFO - Started process (PID=302) to work on /home/airflow/.local/lib/python3.12/site-packages/airflow/example_dags/example_branch_python_dop_operator_3.py
[2024-11-26T11:32:56.883+0000] {processor.py:914} INFO - Processing file /home/airflow/.local/lib/python3.12/site-packages/airflow/example_dags/example_branch_python_dop_operator_3.py for tasks to queue
[2024-11-26T11:32:56.885+0000] {logging_mixin.py:190} INFO - [2024-11-26T11:32:56.885+0000] {dagbag.py:588} INFO - Filling up the DagBag from /home/airflow/.local/lib/python3.12/site-packages/airflow/example_dags/example_branch_python_dop_operator_3.py
[2024-11-26T11:32:56.893+0000] {processor.py:925} INFO - DAG(s) 'example_branch_dop_operator_v3' retrieved from /home/airflow/.local/lib/python3.12/site-packages/airflow/example_dags/example_branch_python_dop_operator_3.py
[2024-11-26T11:32:56.916+0000] {logging_mixin.py:190} INFO - [2024-11-26T11:32:56.916+0000] {dag.py:3239} INFO - Sync 1 DAGs
[2024-11-26T11:32:56.956+0000] {logging_mixin.py:190} INFO - [2024-11-26T11:32:56.956+0000] {dag.py:4180} INFO - Setting next_dagrun for example_branch_dop_operator_v3 to 2024-11-26 11:31:00+00:00, run_after=2024-11-26 11:32:00+00:00
[2024-11-26T11:32:56.987+0000] {processor.py:208} INFO - Processing /home/airflow/.local/lib/python3.12/site-packages/airflow/example_dags/example_branch_python_dop_operator_3.py took 0.110 seconds
[2024-11-26T11:33:27.636+0000] {processor.py:186} INFO - Started process (PID=365) to work on /home/airflow/.local/lib/python3.12/site-packages/airflow/example_dags/example_branch_python_dop_operator_3.py
[2024-11-26T11:33:27.637+0000] {processor.py:914} INFO - Processing file /home/airflow/.local/lib/python3.12/site-packages/airflow/example_dags/example_branch_python_dop_operator_3.py for tasks to queue
[2024-11-26T11:33:27.639+0000] {logging_mixin.py:190} INFO - [2024-11-26T11:33:27.639+0000] {dagbag.py:588} INFO - Filling up the DagBag from /home/airflow/.local/lib/python3.12/site-packages/airflow/example_dags/example_branch_python_dop_operator_3.py
[2024-11-26T11:33:27.648+0000] {processor.py:925} INFO - DAG(s) 'example_branch_dop_operator_v3' retrieved from /home/airflow/.local/lib/python3.12/site-packages/airflow/example_dags/example_branch_python_dop_operator_3.py
[2024-11-26T11:33:27.661+0000] {logging_mixin.py:190} INFO - [2024-11-26T11:33:27.661+0000] {dag.py:3239} INFO - Sync 1 DAGs
[2024-11-26T11:33:27.680+0000] {logging_mixin.py:190} INFO - [2024-11-26T11:33:27.680+0000] {dag.py:4180} INFO - Setting next_dagrun for example_branch_dop_operator_v3 to 2024-11-26 11:32:00+00:00, run_after=2024-11-26 11:33:00+00:00
[2024-11-26T11:33:27.694+0000] {processor.py:208} INFO - Processing /home/airflow/.local/lib/python3.12/site-packages/airflow/example_dags/example_branch_python_dop_operator_3.py took 0.063 seconds
[2024-11-26T11:33:58.342+0000] {processor.py:186} INFO - Started process (PID=428) to work on /home/airflow/.local/lib/python3.12/site-packages/airflow/example_dags/example_branch_python_dop_operator_3.py
[2024-11-26T11:33:58.343+0000] {processor.py:914} INFO - Processing file /home/airflow/.local/lib/python3.12/site-packages/airflow/example_dags/example_branch_python_dop_operator_3.py for tasks to queue
[2024-11-26T11:33:58.346+0000] {logging_mixin.py:190} INFO - [2024-11-26T11:33:58.345+0000] {dagbag.py:588} INFO - Filling up the DagBag from /home/airflow/.local/lib/python3.12/site-packages/airflow/example_dags/example_branch_python_dop_operator_3.py
[2024-11-26T11:33:58.354+0000] {processor.py:925} INFO - DAG(s) 'example_branch_dop_operator_v3' retrieved from /home/airflow/.local/lib/python3.12/site-packages/airflow/example_dags/example_branch_python_dop_operator_3.py
[2024-11-26T11:33:58.370+0000] {logging_mixin.py:190} INFO - [2024-11-26T11:33:58.370+0000] {dag.py:3239} INFO - Sync 1 DAGs
[2024-11-26T11:33:58.390+0000] {logging_mixin.py:190} INFO - [2024-11-26T11:33:58.390+0000] {dag.py:4180} INFO - Setting next_dagrun for example_branch_dop_operator_v3 to 2024-11-26 11:32:00+00:00, run_after=2024-11-26 11:33:00+00:00
[2024-11-26T11:33:58.407+0000] {processor.py:208} INFO - Processing /home/airflow/.local/lib/python3.12/site-packages/airflow/example_dags/example_branch_python_dop_operator_3.py took 0.070 seconds
[2024-11-26T11:34:28.497+0000] {processor.py:186} INFO - Started process (PID=490) to work on /home/airflow/.local/lib/python3.12/site-packages/airflow/example_dags/example_branch_python_dop_operator_3.py
[2024-11-26T11:34:28.498+0000] {processor.py:914} INFO - Processing file /home/airflow/.local/lib/python3.12/site-packages/airflow/example_dags/example_branch_python_dop_operator_3.py for tasks to queue
[2024-11-26T11:34:28.500+0000] {logging_mixin.py:190} INFO - [2024-11-26T11:34:28.500+0000] {dagbag.py:588} INFO - Filling up the DagBag from /home/airflow/.local/lib/python3.12/site-packages/airflow/example_dags/example_branch_python_dop_operator_3.py
[2024-11-26T11:34:28.511+0000] {processor.py:925} INFO - DAG(s) 'example_branch_dop_operator_v3' retrieved from /home/airflow/.local/lib/python3.12/site-packages/airflow/example_dags/example_branch_python_dop_operator_3.py
[2024-11-26T11:34:28.532+0000] {logging_mixin.py:190} INFO - [2024-11-26T11:34:28.532+0000] {dag.py:3239} INFO - Sync 1 DAGs
[2024-11-26T11:34:28.552+0000] {logging_mixin.py:190} INFO - [2024-11-26T11:34:28.552+0000] {dag.py:4180} INFO - Setting next_dagrun for example_branch_dop_operator_v3 to 2024-11-26 11:33:00+00:00, run_after=2024-11-26 11:34:00+00:00
[2024-11-26T11:34:28.579+0000] {processor.py:208} INFO - Processing /home/airflow/.local/lib/python3.12/site-packages/airflow/example_dags/example_branch_python_dop_operator_3.py took 0.088 seconds
[2024-11-26T11:39:51.445+0000] {processor.py:186} INFO - Started process (PID=548) to work on /home/airflow/.local/lib/python3.12/site-packages/airflow/example_dags/example_branch_python_dop_operator_3.py
[2024-11-26T11:39:51.447+0000] {processor.py:914} INFO - Processing file /home/airflow/.local/lib/python3.12/site-packages/airflow/example_dags/example_branch_python_dop_operator_3.py for tasks to queue
[2024-11-26T11:39:51.449+0000] {logging_mixin.py:190} INFO - [2024-11-26T11:39:51.449+0000] {dagbag.py:588} INFO - Filling up the DagBag from /home/airflow/.local/lib/python3.12/site-packages/airflow/example_dags/example_branch_python_dop_operator_3.py
[2024-11-26T11:39:51.460+0000] {processor.py:925} INFO - DAG(s) 'example_branch_dop_operator_v3' retrieved from /home/airflow/.local/lib/python3.12/site-packages/airflow/example_dags/example_branch_python_dop_operator_3.py
[2024-11-26T11:39:51.477+0000] {logging_mixin.py:190} INFO - [2024-11-26T11:39:51.476+0000] {dag.py:3239} INFO - Sync 1 DAGs
[2024-11-26T11:39:51.495+0000] {logging_mixin.py:190} INFO - [2024-11-26T11:39:51.495+0000] {dag.py:4180} INFO - Setting next_dagrun for example_branch_dop_operator_v3 to 2024-11-26 11:38:00+00:00, run_after=2024-11-26 11:39:00+00:00
[2024-11-26T11:39:51.511+0000] {processor.py:208} INFO - Processing /home/airflow/.local/lib/python3.12/site-packages/airflow/example_dags/example_branch_python_dop_operator_3.py took 0.070 seconds
[2024-11-26T11:40:22.359+0000] {processor.py:186} INFO - Started process (PID=611) to work on /home/airflow/.local/lib/python3.12/site-packages/airflow/example_dags/example_branch_python_dop_operator_3.py
[2024-11-26T11:40:22.396+0000] {processor.py:914} INFO - Processing file /home/airflow/.local/lib/python3.12/site-packages/airflow/example_dags/example_branch_python_dop_operator_3.py for tasks to queue
[2024-11-26T11:40:22.401+0000] {logging_mixin.py:190} INFO - [2024-11-26T11:40:22.401+0000] {dagbag.py:588} INFO - Filling up the DagBag from /home/airflow/.local/lib/python3.12/site-packages/airflow/example_dags/example_branch_python_dop_operator_3.py
[2024-11-26T11:40:22.419+0000] {processor.py:925} INFO - DAG(s) 'example_branch_dop_operator_v3' retrieved from /home/airflow/.local/lib/python3.12/site-packages/airflow/example_dags/example_branch_python_dop_operator_3.py
[2024-11-26T11:40:22.467+0000] {logging_mixin.py:190} INFO - [2024-11-26T11:40:22.467+0000] {dag.py:3239} INFO - Sync 1 DAGs
[2024-11-26T11:40:22.503+0000] {logging_mixin.py:190} INFO - [2024-11-26T11:40:22.503+0000] {dag.py:4180} INFO - Setting next_dagrun for example_branch_dop_operator_v3 to 2024-11-26 11:39:00+00:00, run_after=2024-11-26 11:40:00+00:00
[2024-11-26T11:40:22.535+0000] {processor.py:208} INFO - Processing /home/airflow/.local/lib/python3.12/site-packages/airflow/example_dags/example_branch_python_dop_operator_3.py took 0.186 seconds
