[2024-11-26T11:25:50.722+0000] {processor.py:186} INFO - Started process (PID=112) to work on /home/airflow/.local/lib/python3.12/site-packages/airflow/example_dags/example_xcomargs.py
[2024-11-26T11:25:50.723+0000] {processor.py:914} INFO - Processing file /home/airflow/.local/lib/python3.12/site-packages/airflow/example_dags/example_xcomargs.py for tasks to queue
[2024-11-26T11:25:50.726+0000] {logging_mixin.py:190} INFO - [2024-11-26T11:25:50.725+0000] {dagbag.py:588} INFO - Filling up the DagBag from /home/airflow/.local/lib/python3.12/site-packages/airflow/example_dags/example_xcomargs.py
[2024-11-26T11:25:50.734+0000] {processor.py:925} INFO - DAG(s) 'example_xcom_args_with_operators', 'example_xcom_args' retrieved from /home/airflow/.local/lib/python3.12/site-packages/airflow/example_dags/example_xcomargs.py
[2024-11-26T11:25:50.752+0000] {logging_mixin.py:190} INFO - [2024-11-26T11:25:50.752+0000] {dag.py:3239} INFO - Sync 2 DAGs
[2024-11-26T11:25:50.767+0000] {logging_mixin.py:190} INFO - [2024-11-26T11:25:50.767+0000] {dag.py:4180} INFO - Setting next_dagrun for example_xcom_args to None, run_after=None
[2024-11-26T11:25:50.771+0000] {logging_mixin.py:190} INFO - [2024-11-26T11:25:50.770+0000] {dag.py:4180} INFO - Setting next_dagrun for example_xcom_args_with_operators to None, run_after=None
[2024-11-26T11:25:50.783+0000] {processor.py:208} INFO - Processing /home/airflow/.local/lib/python3.12/site-packages/airflow/example_dags/example_xcomargs.py took 0.065 seconds
[2024-11-26T11:26:21.827+0000] {processor.py:186} INFO - Started process (PID=175) to work on /home/airflow/.local/lib/python3.12/site-packages/airflow/example_dags/example_xcomargs.py
[2024-11-26T11:26:21.829+0000] {processor.py:914} INFO - Processing file /home/airflow/.local/lib/python3.12/site-packages/airflow/example_dags/example_xcomargs.py for tasks to queue
[2024-11-26T11:26:21.831+0000] {logging_mixin.py:190} INFO - [2024-11-26T11:26:21.831+0000] {dagbag.py:588} INFO - Filling up the DagBag from /home/airflow/.local/lib/python3.12/site-packages/airflow/example_dags/example_xcomargs.py
[2024-11-26T11:26:21.838+0000] {processor.py:925} INFO - DAG(s) 'example_xcom_args_with_operators', 'example_xcom_args' retrieved from /home/airflow/.local/lib/python3.12/site-packages/airflow/example_dags/example_xcomargs.py
[2024-11-26T11:26:21.868+0000] {logging_mixin.py:190} INFO - [2024-11-26T11:26:21.867+0000] {dag.py:3239} INFO - Sync 2 DAGs
[2024-11-26T11:26:21.880+0000] {logging_mixin.py:190} INFO - [2024-11-26T11:26:21.880+0000] {dag.py:4180} INFO - Setting next_dagrun for example_xcom_args to None, run_after=None
[2024-11-26T11:26:21.883+0000] {logging_mixin.py:190} INFO - [2024-11-26T11:26:21.883+0000] {dag.py:4180} INFO - Setting next_dagrun for example_xcom_args_with_operators to None, run_after=None
[2024-11-26T11:26:21.905+0000] {processor.py:208} INFO - Processing /home/airflow/.local/lib/python3.12/site-packages/airflow/example_dags/example_xcomargs.py took 0.082 seconds
[2024-11-26T11:26:53.139+0000] {processor.py:186} INFO - Started process (PID=238) to work on /home/airflow/.local/lib/python3.12/site-packages/airflow/example_dags/example_xcomargs.py
[2024-11-26T11:26:53.146+0000] {processor.py:914} INFO - Processing file /home/airflow/.local/lib/python3.12/site-packages/airflow/example_dags/example_xcomargs.py for tasks to queue
[2024-11-26T11:26:53.150+0000] {logging_mixin.py:190} INFO - [2024-11-26T11:26:53.149+0000] {dagbag.py:588} INFO - Filling up the DagBag from /home/airflow/.local/lib/python3.12/site-packages/airflow/example_dags/example_xcomargs.py
[2024-11-26T11:26:53.160+0000] {processor.py:925} INFO - DAG(s) 'example_xcom_args_with_operators', 'example_xcom_args' retrieved from /home/airflow/.local/lib/python3.12/site-packages/airflow/example_dags/example_xcomargs.py
[2024-11-26T11:26:53.185+0000] {logging_mixin.py:190} INFO - [2024-11-26T11:26:53.185+0000] {dag.py:3239} INFO - Sync 2 DAGs
[2024-11-26T11:26:53.206+0000] {logging_mixin.py:190} INFO - [2024-11-26T11:26:53.206+0000] {dag.py:4180} INFO - Setting next_dagrun for example_xcom_args to None, run_after=None
[2024-11-26T11:26:53.210+0000] {logging_mixin.py:190} INFO - [2024-11-26T11:26:53.210+0000] {dag.py:4180} INFO - Setting next_dagrun for example_xcom_args_with_operators to None, run_after=None
[2024-11-26T11:26:53.233+0000] {processor.py:208} INFO - Processing /home/airflow/.local/lib/python3.12/site-packages/airflow/example_dags/example_xcomargs.py took 0.097 seconds
[2024-11-26T11:27:23.853+0000] {processor.py:186} INFO - Started process (PID=300) to work on /home/airflow/.local/lib/python3.12/site-packages/airflow/example_dags/example_xcomargs.py
[2024-11-26T11:27:23.853+0000] {processor.py:914} INFO - Processing file /home/airflow/.local/lib/python3.12/site-packages/airflow/example_dags/example_xcomargs.py for tasks to queue
[2024-11-26T11:27:23.856+0000] {logging_mixin.py:190} INFO - [2024-11-26T11:27:23.856+0000] {dagbag.py:588} INFO - Filling up the DagBag from /home/airflow/.local/lib/python3.12/site-packages/airflow/example_dags/example_xcomargs.py
[2024-11-26T11:27:23.863+0000] {processor.py:925} INFO - DAG(s) 'example_xcom_args', 'example_xcom_args_with_operators' retrieved from /home/airflow/.local/lib/python3.12/site-packages/airflow/example_dags/example_xcomargs.py
[2024-11-26T11:27:23.886+0000] {logging_mixin.py:190} INFO - [2024-11-26T11:27:23.885+0000] {dag.py:3239} INFO - Sync 2 DAGs
[2024-11-26T11:27:23.896+0000] {logging_mixin.py:190} INFO - [2024-11-26T11:27:23.896+0000] {dag.py:4180} INFO - Setting next_dagrun for example_xcom_args to None, run_after=None
[2024-11-26T11:27:23.899+0000] {logging_mixin.py:190} INFO - [2024-11-26T11:27:23.899+0000] {dag.py:4180} INFO - Setting next_dagrun for example_xcom_args_with_operators to None, run_after=None
[2024-11-26T11:27:23.911+0000] {processor.py:208} INFO - Processing /home/airflow/.local/lib/python3.12/site-packages/airflow/example_dags/example_xcomargs.py took 0.063 seconds
[2024-11-26T11:27:55.360+0000] {processor.py:186} INFO - Started process (PID=363) to work on /home/airflow/.local/lib/python3.12/site-packages/airflow/example_dags/example_xcomargs.py
[2024-11-26T11:27:55.361+0000] {processor.py:914} INFO - Processing file /home/airflow/.local/lib/python3.12/site-packages/airflow/example_dags/example_xcomargs.py for tasks to queue
[2024-11-26T11:27:55.363+0000] {logging_mixin.py:190} INFO - [2024-11-26T11:27:55.363+0000] {dagbag.py:588} INFO - Filling up the DagBag from /home/airflow/.local/lib/python3.12/site-packages/airflow/example_dags/example_xcomargs.py
[2024-11-26T11:27:55.372+0000] {processor.py:925} INFO - DAG(s) 'example_xcom_args', 'example_xcom_args_with_operators' retrieved from /home/airflow/.local/lib/python3.12/site-packages/airflow/example_dags/example_xcomargs.py
[2024-11-26T11:27:55.395+0000] {logging_mixin.py:190} INFO - [2024-11-26T11:27:55.394+0000] {dag.py:3239} INFO - Sync 2 DAGs
[2024-11-26T11:27:55.406+0000] {logging_mixin.py:190} INFO - [2024-11-26T11:27:55.406+0000] {dag.py:4180} INFO - Setting next_dagrun for example_xcom_args to None, run_after=None
[2024-11-26T11:27:55.409+0000] {logging_mixin.py:190} INFO - [2024-11-26T11:27:55.409+0000] {dag.py:4180} INFO - Setting next_dagrun for example_xcom_args_with_operators to None, run_after=None
[2024-11-26T11:27:55.421+0000] {processor.py:208} INFO - Processing /home/airflow/.local/lib/python3.12/site-packages/airflow/example_dags/example_xcomargs.py took 0.065 seconds
[2024-11-26T11:28:26.676+0000] {processor.py:186} INFO - Started process (PID=426) to work on /home/airflow/.local/lib/python3.12/site-packages/airflow/example_dags/example_xcomargs.py
[2024-11-26T11:28:26.677+0000] {processor.py:914} INFO - Processing file /home/airflow/.local/lib/python3.12/site-packages/airflow/example_dags/example_xcomargs.py for tasks to queue
[2024-11-26T11:28:26.679+0000] {logging_mixin.py:190} INFO - [2024-11-26T11:28:26.679+0000] {dagbag.py:588} INFO - Filling up the DagBag from /home/airflow/.local/lib/python3.12/site-packages/airflow/example_dags/example_xcomargs.py
[2024-11-26T11:28:26.687+0000] {processor.py:925} INFO - DAG(s) 'example_xcom_args', 'example_xcom_args_with_operators' retrieved from /home/airflow/.local/lib/python3.12/site-packages/airflow/example_dags/example_xcomargs.py
[2024-11-26T11:28:26.703+0000] {logging_mixin.py:190} INFO - [2024-11-26T11:28:26.703+0000] {dag.py:3239} INFO - Sync 2 DAGs
[2024-11-26T11:28:26.714+0000] {logging_mixin.py:190} INFO - [2024-11-26T11:28:26.714+0000] {dag.py:4180} INFO - Setting next_dagrun for example_xcom_args to None, run_after=None
[2024-11-26T11:28:26.719+0000] {logging_mixin.py:190} INFO - [2024-11-26T11:28:26.718+0000] {dag.py:4180} INFO - Setting next_dagrun for example_xcom_args_with_operators to None, run_after=None
[2024-11-26T11:28:26.731+0000] {processor.py:208} INFO - Processing /home/airflow/.local/lib/python3.12/site-packages/airflow/example_dags/example_xcomargs.py took 0.059 seconds
[2024-11-26T11:28:57.496+0000] {processor.py:186} INFO - Started process (PID=488) to work on /home/airflow/.local/lib/python3.12/site-packages/airflow/example_dags/example_xcomargs.py
[2024-11-26T11:28:57.497+0000] {processor.py:914} INFO - Processing file /home/airflow/.local/lib/python3.12/site-packages/airflow/example_dags/example_xcomargs.py for tasks to queue
[2024-11-26T11:28:57.499+0000] {logging_mixin.py:190} INFO - [2024-11-26T11:28:57.499+0000] {dagbag.py:588} INFO - Filling up the DagBag from /home/airflow/.local/lib/python3.12/site-packages/airflow/example_dags/example_xcomargs.py
[2024-11-26T11:28:57.508+0000] {processor.py:925} INFO - DAG(s) 'example_xcom_args', 'example_xcom_args_with_operators' retrieved from /home/airflow/.local/lib/python3.12/site-packages/airflow/example_dags/example_xcomargs.py
[2024-11-26T11:28:57.538+0000] {logging_mixin.py:190} INFO - [2024-11-26T11:28:57.537+0000] {dag.py:3239} INFO - Sync 2 DAGs
[2024-11-26T11:28:57.549+0000] {logging_mixin.py:190} INFO - [2024-11-26T11:28:57.549+0000] {dag.py:4180} INFO - Setting next_dagrun for example_xcom_args to None, run_after=None
[2024-11-26T11:28:57.552+0000] {logging_mixin.py:190} INFO - [2024-11-26T11:28:57.552+0000] {dag.py:4180} INFO - Setting next_dagrun for example_xcom_args_with_operators to None, run_after=None
[2024-11-26T11:28:57.568+0000] {processor.py:208} INFO - Processing /home/airflow/.local/lib/python3.12/site-packages/airflow/example_dags/example_xcomargs.py took 0.076 seconds
[2024-11-26T11:31:24.343+0000] {processor.py:186} INFO - Started process (PID=118) to work on /home/airflow/.local/lib/python3.12/site-packages/airflow/example_dags/example_xcomargs.py
[2024-11-26T11:31:24.344+0000] {processor.py:914} INFO - Processing file /home/airflow/.local/lib/python3.12/site-packages/airflow/example_dags/example_xcomargs.py for tasks to queue
[2024-11-26T11:31:24.346+0000] {logging_mixin.py:190} INFO - [2024-11-26T11:31:24.346+0000] {dagbag.py:588} INFO - Filling up the DagBag from /home/airflow/.local/lib/python3.12/site-packages/airflow/example_dags/example_xcomargs.py
[2024-11-26T11:31:24.358+0000] {processor.py:925} INFO - DAG(s) 'example_xcom_args', 'example_xcom_args_with_operators' retrieved from /home/airflow/.local/lib/python3.12/site-packages/airflow/example_dags/example_xcomargs.py
[2024-11-26T11:31:24.378+0000] {logging_mixin.py:190} INFO - [2024-11-26T11:31:24.378+0000] {dag.py:3239} INFO - Sync 2 DAGs
[2024-11-26T11:31:24.391+0000] {logging_mixin.py:190} INFO - [2024-11-26T11:31:24.391+0000] {dag.py:4180} INFO - Setting next_dagrun for example_xcom_args to None, run_after=None
[2024-11-26T11:31:24.394+0000] {logging_mixin.py:190} INFO - [2024-11-26T11:31:24.394+0000] {dag.py:4180} INFO - Setting next_dagrun for example_xcom_args_with_operators to None, run_after=None
[2024-11-26T11:31:24.409+0000] {processor.py:208} INFO - Processing /home/airflow/.local/lib/python3.12/site-packages/airflow/example_dags/example_xcomargs.py took 0.070 seconds
[2024-11-26T11:31:55.111+0000] {processor.py:186} INFO - Started process (PID=181) to work on /home/airflow/.local/lib/python3.12/site-packages/airflow/example_dags/example_xcomargs.py
[2024-11-26T11:31:55.112+0000] {processor.py:914} INFO - Processing file /home/airflow/.local/lib/python3.12/site-packages/airflow/example_dags/example_xcomargs.py for tasks to queue
[2024-11-26T11:31:55.114+0000] {logging_mixin.py:190} INFO - [2024-11-26T11:31:55.114+0000] {dagbag.py:588} INFO - Filling up the DagBag from /home/airflow/.local/lib/python3.12/site-packages/airflow/example_dags/example_xcomargs.py
[2024-11-26T11:31:55.123+0000] {processor.py:925} INFO - DAG(s) 'example_xcom_args_with_operators', 'example_xcom_args' retrieved from /home/airflow/.local/lib/python3.12/site-packages/airflow/example_dags/example_xcomargs.py
[2024-11-26T11:31:55.143+0000] {logging_mixin.py:190} INFO - [2024-11-26T11:31:55.143+0000] {dag.py:3239} INFO - Sync 2 DAGs
[2024-11-26T11:31:55.155+0000] {logging_mixin.py:190} INFO - [2024-11-26T11:31:55.155+0000] {dag.py:4180} INFO - Setting next_dagrun for example_xcom_args to None, run_after=None
[2024-11-26T11:31:55.158+0000] {logging_mixin.py:190} INFO - [2024-11-26T11:31:55.158+0000] {dag.py:4180} INFO - Setting next_dagrun for example_xcom_args_with_operators to None, run_after=None
[2024-11-26T11:31:55.174+0000] {processor.py:208} INFO - Processing /home/airflow/.local/lib/python3.12/site-packages/airflow/example_dags/example_xcomargs.py took 0.068 seconds
[2024-11-26T11:32:25.861+0000] {processor.py:186} INFO - Started process (PID=243) to work on /home/airflow/.local/lib/python3.12/site-packages/airflow/example_dags/example_xcomargs.py
[2024-11-26T11:32:25.862+0000] {processor.py:914} INFO - Processing file /home/airflow/.local/lib/python3.12/site-packages/airflow/example_dags/example_xcomargs.py for tasks to queue
[2024-11-26T11:32:25.865+0000] {logging_mixin.py:190} INFO - [2024-11-26T11:32:25.865+0000] {dagbag.py:588} INFO - Filling up the DagBag from /home/airflow/.local/lib/python3.12/site-packages/airflow/example_dags/example_xcomargs.py
[2024-11-26T11:32:25.875+0000] {processor.py:925} INFO - DAG(s) 'example_xcom_args', 'example_xcom_args_with_operators' retrieved from /home/airflow/.local/lib/python3.12/site-packages/airflow/example_dags/example_xcomargs.py
[2024-11-26T11:32:25.895+0000] {logging_mixin.py:190} INFO - [2024-11-26T11:32:25.895+0000] {dag.py:3239} INFO - Sync 2 DAGs
[2024-11-26T11:32:25.908+0000] {logging_mixin.py:190} INFO - [2024-11-26T11:32:25.908+0000] {dag.py:4180} INFO - Setting next_dagrun for example_xcom_args to None, run_after=None
[2024-11-26T11:32:25.913+0000] {logging_mixin.py:190} INFO - [2024-11-26T11:32:25.913+0000] {dag.py:4180} INFO - Setting next_dagrun for example_xcom_args_with_operators to None, run_after=None
[2024-11-26T11:32:25.927+0000] {processor.py:208} INFO - Processing /home/airflow/.local/lib/python3.12/site-packages/airflow/example_dags/example_xcomargs.py took 0.070 seconds
[2024-11-26T11:32:57.332+0000] {processor.py:186} INFO - Started process (PID=307) to work on /home/airflow/.local/lib/python3.12/site-packages/airflow/example_dags/example_xcomargs.py
[2024-11-26T11:32:57.333+0000] {processor.py:914} INFO - Processing file /home/airflow/.local/lib/python3.12/site-packages/airflow/example_dags/example_xcomargs.py for tasks to queue
[2024-11-26T11:32:57.335+0000] {logging_mixin.py:190} INFO - [2024-11-26T11:32:57.335+0000] {dagbag.py:588} INFO - Filling up the DagBag from /home/airflow/.local/lib/python3.12/site-packages/airflow/example_dags/example_xcomargs.py
[2024-11-26T11:32:57.343+0000] {processor.py:925} INFO - DAG(s) 'example_xcom_args_with_operators', 'example_xcom_args' retrieved from /home/airflow/.local/lib/python3.12/site-packages/airflow/example_dags/example_xcomargs.py
[2024-11-26T11:32:57.360+0000] {logging_mixin.py:190} INFO - [2024-11-26T11:32:57.360+0000] {dag.py:3239} INFO - Sync 2 DAGs
[2024-11-26T11:32:57.372+0000] {logging_mixin.py:190} INFO - [2024-11-26T11:32:57.372+0000] {dag.py:4180} INFO - Setting next_dagrun for example_xcom_args to None, run_after=None
[2024-11-26T11:32:57.376+0000] {logging_mixin.py:190} INFO - [2024-11-26T11:32:57.375+0000] {dag.py:4180} INFO - Setting next_dagrun for example_xcom_args_with_operators to None, run_after=None
[2024-11-26T11:32:57.389+0000] {processor.py:208} INFO - Processing /home/airflow/.local/lib/python3.12/site-packages/airflow/example_dags/example_xcomargs.py took 0.061 seconds
[2024-11-26T11:33:28.110+0000] {processor.py:186} INFO - Started process (PID=370) to work on /home/airflow/.local/lib/python3.12/site-packages/airflow/example_dags/example_xcomargs.py
[2024-11-26T11:33:28.111+0000] {processor.py:914} INFO - Processing file /home/airflow/.local/lib/python3.12/site-packages/airflow/example_dags/example_xcomargs.py for tasks to queue
[2024-11-26T11:33:28.113+0000] {logging_mixin.py:190} INFO - [2024-11-26T11:33:28.113+0000] {dagbag.py:588} INFO - Filling up the DagBag from /home/airflow/.local/lib/python3.12/site-packages/airflow/example_dags/example_xcomargs.py
[2024-11-26T11:33:28.121+0000] {processor.py:925} INFO - DAG(s) 'example_xcom_args', 'example_xcom_args_with_operators' retrieved from /home/airflow/.local/lib/python3.12/site-packages/airflow/example_dags/example_xcomargs.py
[2024-11-26T11:33:28.139+0000] {logging_mixin.py:190} INFO - [2024-11-26T11:33:28.139+0000] {dag.py:3239} INFO - Sync 2 DAGs
[2024-11-26T11:33:28.150+0000] {logging_mixin.py:190} INFO - [2024-11-26T11:33:28.150+0000] {dag.py:4180} INFO - Setting next_dagrun for example_xcom_args to None, run_after=None
[2024-11-26T11:33:28.155+0000] {logging_mixin.py:190} INFO - [2024-11-26T11:33:28.154+0000] {dag.py:4180} INFO - Setting next_dagrun for example_xcom_args_with_operators to None, run_after=None
[2024-11-26T11:33:28.170+0000] {processor.py:208} INFO - Processing /home/airflow/.local/lib/python3.12/site-packages/airflow/example_dags/example_xcomargs.py took 0.064 seconds
[2024-11-26T11:33:58.691+0000] {processor.py:186} INFO - Started process (PID=432) to work on /home/airflow/.local/lib/python3.12/site-packages/airflow/example_dags/example_xcomargs.py
[2024-11-26T11:33:58.694+0000] {processor.py:914} INFO - Processing file /home/airflow/.local/lib/python3.12/site-packages/airflow/example_dags/example_xcomargs.py for tasks to queue
[2024-11-26T11:33:58.697+0000] {logging_mixin.py:190} INFO - [2024-11-26T11:33:58.697+0000] {dagbag.py:588} INFO - Filling up the DagBag from /home/airflow/.local/lib/python3.12/site-packages/airflow/example_dags/example_xcomargs.py
[2024-11-26T11:33:58.706+0000] {processor.py:925} INFO - DAG(s) 'example_xcom_args', 'example_xcom_args_with_operators' retrieved from /home/airflow/.local/lib/python3.12/site-packages/airflow/example_dags/example_xcomargs.py
[2024-11-26T11:33:58.725+0000] {logging_mixin.py:190} INFO - [2024-11-26T11:33:58.725+0000] {dag.py:3239} INFO - Sync 2 DAGs
[2024-11-26T11:33:58.738+0000] {logging_mixin.py:190} INFO - [2024-11-26T11:33:58.738+0000] {dag.py:4180} INFO - Setting next_dagrun for example_xcom_args to None, run_after=None
[2024-11-26T11:33:58.742+0000] {logging_mixin.py:190} INFO - [2024-11-26T11:33:58.742+0000] {dag.py:4180} INFO - Setting next_dagrun for example_xcom_args_with_operators to None, run_after=None
[2024-11-26T11:33:58.758+0000] {processor.py:208} INFO - Processing /home/airflow/.local/lib/python3.12/site-packages/airflow/example_dags/example_xcomargs.py took 0.072 seconds
[2024-11-26T11:34:29.304+0000] {processor.py:186} INFO - Started process (PID=495) to work on /home/airflow/.local/lib/python3.12/site-packages/airflow/example_dags/example_xcomargs.py
[2024-11-26T11:34:29.305+0000] {processor.py:914} INFO - Processing file /home/airflow/.local/lib/python3.12/site-packages/airflow/example_dags/example_xcomargs.py for tasks to queue
[2024-11-26T11:34:29.308+0000] {logging_mixin.py:190} INFO - [2024-11-26T11:34:29.307+0000] {dagbag.py:588} INFO - Filling up the DagBag from /home/airflow/.local/lib/python3.12/site-packages/airflow/example_dags/example_xcomargs.py
[2024-11-26T11:34:29.316+0000] {processor.py:925} INFO - DAG(s) 'example_xcom_args', 'example_xcom_args_with_operators' retrieved from /home/airflow/.local/lib/python3.12/site-packages/airflow/example_dags/example_xcomargs.py
[2024-11-26T11:34:29.333+0000] {logging_mixin.py:190} INFO - [2024-11-26T11:34:29.333+0000] {dag.py:3239} INFO - Sync 2 DAGs
[2024-11-26T11:34:29.343+0000] {logging_mixin.py:190} INFO - [2024-11-26T11:34:29.343+0000] {dag.py:4180} INFO - Setting next_dagrun for example_xcom_args to None, run_after=None
[2024-11-26T11:34:29.346+0000] {logging_mixin.py:190} INFO - [2024-11-26T11:34:29.346+0000] {dag.py:4180} INFO - Setting next_dagrun for example_xcom_args_with_operators to None, run_after=None
[2024-11-26T11:34:29.359+0000] {processor.py:208} INFO - Processing /home/airflow/.local/lib/python3.12/site-packages/airflow/example_dags/example_xcomargs.py took 0.059 seconds
[2024-11-26T11:39:51.722+0000] {processor.py:186} INFO - Started process (PID=553) to work on /home/airflow/.local/lib/python3.12/site-packages/airflow/example_dags/example_xcomargs.py
[2024-11-26T11:39:51.723+0000] {processor.py:914} INFO - Processing file /home/airflow/.local/lib/python3.12/site-packages/airflow/example_dags/example_xcomargs.py for tasks to queue
[2024-11-26T11:39:51.727+0000] {logging_mixin.py:190} INFO - [2024-11-26T11:39:51.726+0000] {dagbag.py:588} INFO - Filling up the DagBag from /home/airflow/.local/lib/python3.12/site-packages/airflow/example_dags/example_xcomargs.py
[2024-11-26T11:39:51.736+0000] {processor.py:925} INFO - DAG(s) 'example_xcom_args', 'example_xcom_args_with_operators' retrieved from /home/airflow/.local/lib/python3.12/site-packages/airflow/example_dags/example_xcomargs.py
[2024-11-26T11:39:51.756+0000] {logging_mixin.py:190} INFO - [2024-11-26T11:39:51.755+0000] {dag.py:3239} INFO - Sync 2 DAGs
[2024-11-26T11:39:51.768+0000] {logging_mixin.py:190} INFO - [2024-11-26T11:39:51.768+0000] {dag.py:4180} INFO - Setting next_dagrun for example_xcom_args to None, run_after=None
[2024-11-26T11:39:51.771+0000] {logging_mixin.py:190} INFO - [2024-11-26T11:39:51.771+0000] {dag.py:4180} INFO - Setting next_dagrun for example_xcom_args_with_operators to None, run_after=None
[2024-11-26T11:39:51.785+0000] {processor.py:208} INFO - Processing /home/airflow/.local/lib/python3.12/site-packages/airflow/example_dags/example_xcomargs.py took 0.068 seconds
[2024-11-26T11:40:22.769+0000] {processor.py:186} INFO - Started process (PID=616) to work on /home/airflow/.local/lib/python3.12/site-packages/airflow/example_dags/example_xcomargs.py
[2024-11-26T11:40:22.770+0000] {processor.py:914} INFO - Processing file /home/airflow/.local/lib/python3.12/site-packages/airflow/example_dags/example_xcomargs.py for tasks to queue
[2024-11-26T11:40:22.772+0000] {logging_mixin.py:190} INFO - [2024-11-26T11:40:22.772+0000] {dagbag.py:588} INFO - Filling up the DagBag from /home/airflow/.local/lib/python3.12/site-packages/airflow/example_dags/example_xcomargs.py
[2024-11-26T11:40:22.782+0000] {processor.py:925} INFO - DAG(s) 'example_xcom_args', 'example_xcom_args_with_operators' retrieved from /home/airflow/.local/lib/python3.12/site-packages/airflow/example_dags/example_xcomargs.py
[2024-11-26T11:40:22.807+0000] {logging_mixin.py:190} INFO - [2024-11-26T11:40:22.807+0000] {dag.py:3239} INFO - Sync 2 DAGs
[2024-11-26T11:40:22.820+0000] {logging_mixin.py:190} INFO - [2024-11-26T11:40:22.820+0000] {dag.py:4180} INFO - Setting next_dagrun for example_xcom_args to None, run_after=None
[2024-11-26T11:40:22.824+0000] {logging_mixin.py:190} INFO - [2024-11-26T11:40:22.824+0000] {dag.py:4180} INFO - Setting next_dagrun for example_xcom_args_with_operators to None, run_after=None
[2024-11-26T11:40:22.849+0000] {processor.py:208} INFO - Processing /home/airflow/.local/lib/python3.12/site-packages/airflow/example_dags/example_xcomargs.py took 0.084 seconds
