[2024-11-26T11:25:47.423+0000] {processor.py:186} INFO - Started process (PID=76) to work on /home/airflow/.local/lib/python3.12/site-packages/airflow/example_dags/example_dag_decorator.py
[2024-11-26T11:25:47.424+0000] {processor.py:914} INFO - Processing file /home/airflow/.local/lib/python3.12/site-packages/airflow/example_dags/example_dag_decorator.py for tasks to queue
[2024-11-26T11:25:47.430+0000] {logging_mixin.py:190} INFO - [2024-11-26T11:25:47.429+0000] {dagbag.py:588} INFO - Filling up the DagBag from /home/airflow/.local/lib/python3.12/site-packages/airflow/example_dags/example_dag_decorator.py
[2024-11-26T11:25:47.445+0000] {processor.py:925} INFO - DAG(s) 'example_dag_decorator' retrieved from /home/airflow/.local/lib/python3.12/site-packages/airflow/example_dags/example_dag_decorator.py
[2024-11-26T11:25:47.588+0000] {logging_mixin.py:190} INFO - [2024-11-26T11:25:47.588+0000] {dag.py:3239} INFO - Sync 1 DAGs
[2024-11-26T11:25:47.601+0000] {logging_mixin.py:190} INFO - [2024-11-26T11:25:47.601+0000] {dag.py:4180} INFO - Setting next_dagrun for example_dag_decorator to None, run_after=None
[2024-11-26T11:25:47.628+0000] {processor.py:208} INFO - Processing /home/airflow/.local/lib/python3.12/site-packages/airflow/example_dags/example_dag_decorator.py took 0.213 seconds
[2024-11-26T11:26:17.684+0000] {processor.py:186} INFO - Started process (PID=139) to work on /home/airflow/.local/lib/python3.12/site-packages/airflow/example_dags/example_dag_decorator.py
[2024-11-26T11:26:17.685+0000] {processor.py:914} INFO - Processing file /home/airflow/.local/lib/python3.12/site-packages/airflow/example_dags/example_dag_decorator.py for tasks to queue
[2024-11-26T11:26:17.687+0000] {logging_mixin.py:190} INFO - [2024-11-26T11:26:17.687+0000] {dagbag.py:588} INFO - Filling up the DagBag from /home/airflow/.local/lib/python3.12/site-packages/airflow/example_dags/example_dag_decorator.py
[2024-11-26T11:26:17.699+0000] {processor.py:925} INFO - DAG(s) 'example_dag_decorator' retrieved from /home/airflow/.local/lib/python3.12/site-packages/airflow/example_dags/example_dag_decorator.py
[2024-11-26T11:26:17.791+0000] {logging_mixin.py:190} INFO - [2024-11-26T11:26:17.791+0000] {dag.py:3239} INFO - Sync 1 DAGs
[2024-11-26T11:26:17.803+0000] {logging_mixin.py:190} INFO - [2024-11-26T11:26:17.803+0000] {dag.py:4180} INFO - Setting next_dagrun for example_dag_decorator to None, run_after=None
[2024-11-26T11:26:17.831+0000] {processor.py:208} INFO - Processing /home/airflow/.local/lib/python3.12/site-packages/airflow/example_dags/example_dag_decorator.py took 0.154 seconds
[2024-11-26T11:26:48.649+0000] {processor.py:186} INFO - Started process (PID=202) to work on /home/airflow/.local/lib/python3.12/site-packages/airflow/example_dags/example_dag_decorator.py
[2024-11-26T11:26:48.650+0000] {processor.py:914} INFO - Processing file /home/airflow/.local/lib/python3.12/site-packages/airflow/example_dags/example_dag_decorator.py for tasks to queue
[2024-11-26T11:26:48.652+0000] {logging_mixin.py:190} INFO - [2024-11-26T11:26:48.652+0000] {dagbag.py:588} INFO - Filling up the DagBag from /home/airflow/.local/lib/python3.12/site-packages/airflow/example_dags/example_dag_decorator.py
[2024-11-26T11:26:48.662+0000] {processor.py:925} INFO - DAG(s) 'example_dag_decorator' retrieved from /home/airflow/.local/lib/python3.12/site-packages/airflow/example_dags/example_dag_decorator.py
[2024-11-26T11:26:48.742+0000] {logging_mixin.py:190} INFO - [2024-11-26T11:26:48.741+0000] {dag.py:3239} INFO - Sync 1 DAGs
[2024-11-26T11:26:48.750+0000] {logging_mixin.py:190} INFO - [2024-11-26T11:26:48.750+0000] {dag.py:4180} INFO - Setting next_dagrun for example_dag_decorator to None, run_after=None
[2024-11-26T11:26:48.767+0000] {processor.py:208} INFO - Processing /home/airflow/.local/lib/python3.12/site-packages/airflow/example_dags/example_dag_decorator.py took 0.122 seconds
[2024-11-26T11:27:18.843+0000] {processor.py:186} INFO - Started process (PID=265) to work on /home/airflow/.local/lib/python3.12/site-packages/airflow/example_dags/example_dag_decorator.py
[2024-11-26T11:27:18.844+0000] {processor.py:914} INFO - Processing file /home/airflow/.local/lib/python3.12/site-packages/airflow/example_dags/example_dag_decorator.py for tasks to queue
[2024-11-26T11:27:18.846+0000] {logging_mixin.py:190} INFO - [2024-11-26T11:27:18.846+0000] {dagbag.py:588} INFO - Filling up the DagBag from /home/airflow/.local/lib/python3.12/site-packages/airflow/example_dags/example_dag_decorator.py
[2024-11-26T11:27:18.854+0000] {processor.py:925} INFO - DAG(s) 'example_dag_decorator' retrieved from /home/airflow/.local/lib/python3.12/site-packages/airflow/example_dags/example_dag_decorator.py
[2024-11-26T11:27:18.938+0000] {logging_mixin.py:190} INFO - [2024-11-26T11:27:18.938+0000] {dag.py:3239} INFO - Sync 1 DAGs
[2024-11-26T11:27:18.948+0000] {logging_mixin.py:190} INFO - [2024-11-26T11:27:18.948+0000] {dag.py:4180} INFO - Setting next_dagrun for example_dag_decorator to None, run_after=None
[2024-11-26T11:27:18.967+0000] {processor.py:208} INFO - Processing /home/airflow/.local/lib/python3.12/site-packages/airflow/example_dags/example_dag_decorator.py took 0.128 seconds
[2024-11-26T11:27:49.618+0000] {processor.py:186} INFO - Started process (PID=328) to work on /home/airflow/.local/lib/python3.12/site-packages/airflow/example_dags/example_dag_decorator.py
[2024-11-26T11:27:49.619+0000] {processor.py:914} INFO - Processing file /home/airflow/.local/lib/python3.12/site-packages/airflow/example_dags/example_dag_decorator.py for tasks to queue
[2024-11-26T11:27:49.622+0000] {logging_mixin.py:190} INFO - [2024-11-26T11:27:49.621+0000] {dagbag.py:588} INFO - Filling up the DagBag from /home/airflow/.local/lib/python3.12/site-packages/airflow/example_dags/example_dag_decorator.py
[2024-11-26T11:27:49.632+0000] {processor.py:925} INFO - DAG(s) 'example_dag_decorator' retrieved from /home/airflow/.local/lib/python3.12/site-packages/airflow/example_dags/example_dag_decorator.py
[2024-11-26T11:27:49.717+0000] {logging_mixin.py:190} INFO - [2024-11-26T11:27:49.717+0000] {dag.py:3239} INFO - Sync 1 DAGs
[2024-11-26T11:27:49.727+0000] {logging_mixin.py:190} INFO - [2024-11-26T11:27:49.727+0000] {dag.py:4180} INFO - Setting next_dagrun for example_dag_decorator to None, run_after=None
[2024-11-26T11:27:49.743+0000] {processor.py:208} INFO - Processing /home/airflow/.local/lib/python3.12/site-packages/airflow/example_dags/example_dag_decorator.py took 0.129 seconds
[2024-11-26T11:28:20.451+0000] {processor.py:186} INFO - Started process (PID=390) to work on /home/airflow/.local/lib/python3.12/site-packages/airflow/example_dags/example_dag_decorator.py
[2024-11-26T11:28:20.454+0000] {processor.py:914} INFO - Processing file /home/airflow/.local/lib/python3.12/site-packages/airflow/example_dags/example_dag_decorator.py for tasks to queue
[2024-11-26T11:28:20.457+0000] {logging_mixin.py:190} INFO - [2024-11-26T11:28:20.457+0000] {dagbag.py:588} INFO - Filling up the DagBag from /home/airflow/.local/lib/python3.12/site-packages/airflow/example_dags/example_dag_decorator.py
[2024-11-26T11:28:20.468+0000] {processor.py:925} INFO - DAG(s) 'example_dag_decorator' retrieved from /home/airflow/.local/lib/python3.12/site-packages/airflow/example_dags/example_dag_decorator.py
[2024-11-26T11:28:20.560+0000] {logging_mixin.py:190} INFO - [2024-11-26T11:28:20.559+0000] {dag.py:3239} INFO - Sync 1 DAGs
[2024-11-26T11:28:20.577+0000] {logging_mixin.py:190} INFO - [2024-11-26T11:28:20.577+0000] {dag.py:4180} INFO - Setting next_dagrun for example_dag_decorator to None, run_after=None
[2024-11-26T11:28:20.598+0000] {processor.py:208} INFO - Processing /home/airflow/.local/lib/python3.12/site-packages/airflow/example_dags/example_dag_decorator.py took 0.151 seconds
[2024-11-26T11:28:50.685+0000] {processor.py:186} INFO - Started process (PID=453) to work on /home/airflow/.local/lib/python3.12/site-packages/airflow/example_dags/example_dag_decorator.py
[2024-11-26T11:28:50.686+0000] {processor.py:914} INFO - Processing file /home/airflow/.local/lib/python3.12/site-packages/airflow/example_dags/example_dag_decorator.py for tasks to queue
[2024-11-26T11:28:50.688+0000] {logging_mixin.py:190} INFO - [2024-11-26T11:28:50.687+0000] {dagbag.py:588} INFO - Filling up the DagBag from /home/airflow/.local/lib/python3.12/site-packages/airflow/example_dags/example_dag_decorator.py
[2024-11-26T11:28:50.701+0000] {processor.py:925} INFO - DAG(s) 'example_dag_decorator' retrieved from /home/airflow/.local/lib/python3.12/site-packages/airflow/example_dags/example_dag_decorator.py
[2024-11-26T11:28:50.793+0000] {logging_mixin.py:190} INFO - [2024-11-26T11:28:50.793+0000] {dag.py:3239} INFO - Sync 1 DAGs
[2024-11-26T11:28:50.813+0000] {logging_mixin.py:190} INFO - [2024-11-26T11:28:50.813+0000] {dag.py:4180} INFO - Setting next_dagrun for example_dag_decorator to None, run_after=None
[2024-11-26T11:28:50.831+0000] {processor.py:208} INFO - Processing /home/airflow/.local/lib/python3.12/site-packages/airflow/example_dags/example_dag_decorator.py took 0.150 seconds
[2024-11-26T11:31:20.291+0000] {processor.py:186} INFO - Started process (PID=76) to work on /home/airflow/.local/lib/python3.12/site-packages/airflow/example_dags/example_dag_decorator.py
[2024-11-26T11:31:20.292+0000] {processor.py:914} INFO - Processing file /home/airflow/.local/lib/python3.12/site-packages/airflow/example_dags/example_dag_decorator.py for tasks to queue
[2024-11-26T11:31:20.294+0000] {logging_mixin.py:190} INFO - [2024-11-26T11:31:20.294+0000] {dagbag.py:588} INFO - Filling up the DagBag from /home/airflow/.local/lib/python3.12/site-packages/airflow/example_dags/example_dag_decorator.py
[2024-11-26T11:31:20.303+0000] {processor.py:925} INFO - DAG(s) 'example_dag_decorator' retrieved from /home/airflow/.local/lib/python3.12/site-packages/airflow/example_dags/example_dag_decorator.py
[2024-11-26T11:31:20.395+0000] {logging_mixin.py:190} INFO - [2024-11-26T11:31:20.394+0000] {dag.py:3239} INFO - Sync 1 DAGs
[2024-11-26T11:31:20.404+0000] {logging_mixin.py:190} INFO - [2024-11-26T11:31:20.404+0000] {dag.py:4180} INFO - Setting next_dagrun for example_dag_decorator to None, run_after=None
[2024-11-26T11:31:20.421+0000] {processor.py:208} INFO - Processing /home/airflow/.local/lib/python3.12/site-packages/airflow/example_dags/example_dag_decorator.py took 0.134 seconds
[2024-11-26T11:31:50.921+0000] {processor.py:186} INFO - Started process (PID=139) to work on /home/airflow/.local/lib/python3.12/site-packages/airflow/example_dags/example_dag_decorator.py
[2024-11-26T11:31:50.922+0000] {processor.py:914} INFO - Processing file /home/airflow/.local/lib/python3.12/site-packages/airflow/example_dags/example_dag_decorator.py for tasks to queue
[2024-11-26T11:31:50.925+0000] {logging_mixin.py:190} INFO - [2024-11-26T11:31:50.924+0000] {dagbag.py:588} INFO - Filling up the DagBag from /home/airflow/.local/lib/python3.12/site-packages/airflow/example_dags/example_dag_decorator.py
[2024-11-26T11:31:50.934+0000] {processor.py:925} INFO - DAG(s) 'example_dag_decorator' retrieved from /home/airflow/.local/lib/python3.12/site-packages/airflow/example_dags/example_dag_decorator.py
[2024-11-26T11:31:51.047+0000] {logging_mixin.py:190} INFO - [2024-11-26T11:31:51.046+0000] {dag.py:3239} INFO - Sync 1 DAGs
[2024-11-26T11:31:51.057+0000] {logging_mixin.py:190} INFO - [2024-11-26T11:31:51.057+0000] {dag.py:4180} INFO - Setting next_dagrun for example_dag_decorator to None, run_after=None
[2024-11-26T11:31:51.086+0000] {processor.py:208} INFO - Processing /home/airflow/.local/lib/python3.12/site-packages/airflow/example_dags/example_dag_decorator.py took 0.169 seconds
[2024-11-26T11:32:21.475+0000] {processor.py:186} INFO - Started process (PID=202) to work on /home/airflow/.local/lib/python3.12/site-packages/airflow/example_dags/example_dag_decorator.py
[2024-11-26T11:32:21.476+0000] {processor.py:914} INFO - Processing file /home/airflow/.local/lib/python3.12/site-packages/airflow/example_dags/example_dag_decorator.py for tasks to queue
[2024-11-26T11:32:21.478+0000] {logging_mixin.py:190} INFO - [2024-11-26T11:32:21.478+0000] {dagbag.py:588} INFO - Filling up the DagBag from /home/airflow/.local/lib/python3.12/site-packages/airflow/example_dags/example_dag_decorator.py
[2024-11-26T11:32:21.489+0000] {processor.py:925} INFO - DAG(s) 'example_dag_decorator' retrieved from /home/airflow/.local/lib/python3.12/site-packages/airflow/example_dags/example_dag_decorator.py
[2024-11-26T11:32:21.573+0000] {logging_mixin.py:190} INFO - [2024-11-26T11:32:21.573+0000] {dag.py:3239} INFO - Sync 1 DAGs
[2024-11-26T11:32:21.584+0000] {logging_mixin.py:190} INFO - [2024-11-26T11:32:21.584+0000] {dag.py:4180} INFO - Setting next_dagrun for example_dag_decorator to None, run_after=None
[2024-11-26T11:32:21.605+0000] {processor.py:208} INFO - Processing /home/airflow/.local/lib/python3.12/site-packages/airflow/example_dags/example_dag_decorator.py took 0.135 seconds
[2024-11-26T11:32:52.083+0000] {processor.py:186} INFO - Started process (PID=265) to work on /home/airflow/.local/lib/python3.12/site-packages/airflow/example_dags/example_dag_decorator.py
[2024-11-26T11:32:52.086+0000] {processor.py:914} INFO - Processing file /home/airflow/.local/lib/python3.12/site-packages/airflow/example_dags/example_dag_decorator.py for tasks to queue
[2024-11-26T11:32:52.089+0000] {logging_mixin.py:190} INFO - [2024-11-26T11:32:52.089+0000] {dagbag.py:588} INFO - Filling up the DagBag from /home/airflow/.local/lib/python3.12/site-packages/airflow/example_dags/example_dag_decorator.py
[2024-11-26T11:32:52.099+0000] {processor.py:925} INFO - DAG(s) 'example_dag_decorator' retrieved from /home/airflow/.local/lib/python3.12/site-packages/airflow/example_dags/example_dag_decorator.py
[2024-11-26T11:32:52.186+0000] {logging_mixin.py:190} INFO - [2024-11-26T11:32:52.186+0000] {dag.py:3239} INFO - Sync 1 DAGs
[2024-11-26T11:32:52.195+0000] {logging_mixin.py:190} INFO - [2024-11-26T11:32:52.195+0000] {dag.py:4180} INFO - Setting next_dagrun for example_dag_decorator to None, run_after=None
[2024-11-26T11:32:52.218+0000] {processor.py:208} INFO - Processing /home/airflow/.local/lib/python3.12/site-packages/airflow/example_dags/example_dag_decorator.py took 0.140 seconds
[2024-11-26T11:33:22.349+0000] {processor.py:186} INFO - Started process (PID=328) to work on /home/airflow/.local/lib/python3.12/site-packages/airflow/example_dags/example_dag_decorator.py
[2024-11-26T11:33:22.408+0000] {processor.py:914} INFO - Processing file /home/airflow/.local/lib/python3.12/site-packages/airflow/example_dags/example_dag_decorator.py for tasks to queue
[2024-11-26T11:33:22.444+0000] {logging_mixin.py:190} INFO - [2024-11-26T11:33:22.443+0000] {dagbag.py:588} INFO - Filling up the DagBag from /home/airflow/.local/lib/python3.12/site-packages/airflow/example_dags/example_dag_decorator.py
[2024-11-26T11:33:22.473+0000] {processor.py:925} INFO - DAG(s) 'example_dag_decorator' retrieved from /home/airflow/.local/lib/python3.12/site-packages/airflow/example_dags/example_dag_decorator.py
[2024-11-26T11:33:22.588+0000] {logging_mixin.py:190} INFO - [2024-11-26T11:33:22.588+0000] {dag.py:3239} INFO - Sync 1 DAGs
[2024-11-26T11:33:22.607+0000] {logging_mixin.py:190} INFO - [2024-11-26T11:33:22.607+0000] {dag.py:4180} INFO - Setting next_dagrun for example_dag_decorator to None, run_after=None
[2024-11-26T11:33:22.636+0000] {processor.py:208} INFO - Processing /home/airflow/.local/lib/python3.12/site-packages/airflow/example_dags/example_dag_decorator.py took 0.296 seconds
[2024-11-26T11:33:53.301+0000] {processor.py:186} INFO - Started process (PID=397) to work on /home/airflow/.local/lib/python3.12/site-packages/airflow/example_dags/example_dag_decorator.py
[2024-11-26T11:33:53.302+0000] {processor.py:914} INFO - Processing file /home/airflow/.local/lib/python3.12/site-packages/airflow/example_dags/example_dag_decorator.py for tasks to queue
[2024-11-26T11:33:53.304+0000] {logging_mixin.py:190} INFO - [2024-11-26T11:33:53.304+0000] {dagbag.py:588} INFO - Filling up the DagBag from /home/airflow/.local/lib/python3.12/site-packages/airflow/example_dags/example_dag_decorator.py
[2024-11-26T11:33:53.313+0000] {processor.py:925} INFO - DAG(s) 'example_dag_decorator' retrieved from /home/airflow/.local/lib/python3.12/site-packages/airflow/example_dags/example_dag_decorator.py
[2024-11-26T11:33:53.395+0000] {logging_mixin.py:190} INFO - [2024-11-26T11:33:53.394+0000] {dag.py:3239} INFO - Sync 1 DAGs
[2024-11-26T11:33:53.410+0000] {logging_mixin.py:190} INFO - [2024-11-26T11:33:53.410+0000] {dag.py:4180} INFO - Setting next_dagrun for example_dag_decorator to None, run_after=None
[2024-11-26T11:33:53.429+0000] {processor.py:208} INFO - Processing /home/airflow/.local/lib/python3.12/site-packages/airflow/example_dags/example_dag_decorator.py took 0.133 seconds
[2024-11-26T11:34:23.537+0000] {processor.py:186} INFO - Started process (PID=460) to work on /home/airflow/.local/lib/python3.12/site-packages/airflow/example_dags/example_dag_decorator.py
[2024-11-26T11:34:23.538+0000] {processor.py:914} INFO - Processing file /home/airflow/.local/lib/python3.12/site-packages/airflow/example_dags/example_dag_decorator.py for tasks to queue
[2024-11-26T11:34:23.540+0000] {logging_mixin.py:190} INFO - [2024-11-26T11:34:23.540+0000] {dagbag.py:588} INFO - Filling up the DagBag from /home/airflow/.local/lib/python3.12/site-packages/airflow/example_dags/example_dag_decorator.py
[2024-11-26T11:34:23.550+0000] {processor.py:925} INFO - DAG(s) 'example_dag_decorator' retrieved from /home/airflow/.local/lib/python3.12/site-packages/airflow/example_dags/example_dag_decorator.py
[2024-11-26T11:34:23.634+0000] {logging_mixin.py:190} INFO - [2024-11-26T11:34:23.634+0000] {dag.py:3239} INFO - Sync 1 DAGs
[2024-11-26T11:34:23.777+0000] {logging_mixin.py:190} INFO - [2024-11-26T11:34:23.776+0000] {dag.py:4180} INFO - Setting next_dagrun for example_dag_decorator to None, run_after=None
[2024-11-26T11:34:23.814+0000] {processor.py:208} INFO - Processing /home/airflow/.local/lib/python3.12/site-packages/airflow/example_dags/example_dag_decorator.py took 0.283 seconds
[2024-11-26T11:39:48.658+0000] {processor.py:186} INFO - Started process (PID=517) to work on /home/airflow/.local/lib/python3.12/site-packages/airflow/example_dags/example_dag_decorator.py
[2024-11-26T11:39:48.659+0000] {processor.py:914} INFO - Processing file /home/airflow/.local/lib/python3.12/site-packages/airflow/example_dags/example_dag_decorator.py for tasks to queue
[2024-11-26T11:39:48.661+0000] {logging_mixin.py:190} INFO - [2024-11-26T11:39:48.661+0000] {dagbag.py:588} INFO - Filling up the DagBag from /home/airflow/.local/lib/python3.12/site-packages/airflow/example_dags/example_dag_decorator.py
[2024-11-26T11:39:48.674+0000] {processor.py:925} INFO - DAG(s) 'example_dag_decorator' retrieved from /home/airflow/.local/lib/python3.12/site-packages/airflow/example_dags/example_dag_decorator.py
[2024-11-26T11:39:48.761+0000] {logging_mixin.py:190} INFO - [2024-11-26T11:39:48.761+0000] {dag.py:3239} INFO - Sync 1 DAGs
[2024-11-26T11:39:48.770+0000] {logging_mixin.py:190} INFO - [2024-11-26T11:39:48.769+0000] {dag.py:4180} INFO - Setting next_dagrun for example_dag_decorator to None, run_after=None
[2024-11-26T11:39:48.783+0000] {processor.py:208} INFO - Processing /home/airflow/.local/lib/python3.12/site-packages/airflow/example_dags/example_dag_decorator.py took 0.130 seconds
[2024-11-26T11:40:18.874+0000] {processor.py:186} INFO - Started process (PID=580) to work on /home/airflow/.local/lib/python3.12/site-packages/airflow/example_dags/example_dag_decorator.py
[2024-11-26T11:40:18.876+0000] {processor.py:914} INFO - Processing file /home/airflow/.local/lib/python3.12/site-packages/airflow/example_dags/example_dag_decorator.py for tasks to queue
[2024-11-26T11:40:18.879+0000] {logging_mixin.py:190} INFO - [2024-11-26T11:40:18.879+0000] {dagbag.py:588} INFO - Filling up the DagBag from /home/airflow/.local/lib/python3.12/site-packages/airflow/example_dags/example_dag_decorator.py
[2024-11-26T11:40:18.893+0000] {processor.py:925} INFO - DAG(s) 'example_dag_decorator' retrieved from /home/airflow/.local/lib/python3.12/site-packages/airflow/example_dags/example_dag_decorator.py
[2024-11-26T11:40:18.974+0000] {logging_mixin.py:190} INFO - [2024-11-26T11:40:18.974+0000] {dag.py:3239} INFO - Sync 1 DAGs
[2024-11-26T11:40:18.985+0000] {logging_mixin.py:190} INFO - [2024-11-26T11:40:18.985+0000] {dag.py:4180} INFO - Setting next_dagrun for example_dag_decorator to None, run_after=None
[2024-11-26T11:40:19.000+0000] {processor.py:208} INFO - Processing /home/airflow/.local/lib/python3.12/site-packages/airflow/example_dags/example_dag_decorator.py took 0.133 seconds
