[2024-11-26T11:25:47.829+0000] {processor.py:186} INFO - Started process (PID=80) to work on /home/airflow/.local/lib/python3.12/site-packages/airflow/example_dags/example_branch_labels.py
[2024-11-26T11:25:47.830+0000] {processor.py:914} INFO - Processing file /home/airflow/.local/lib/python3.12/site-packages/airflow/example_dags/example_branch_labels.py for tasks to queue
[2024-11-26T11:25:47.834+0000] {logging_mixin.py:190} INFO - [2024-11-26T11:25:47.833+0000] {dagbag.py:588} INFO - Filling up the DagBag from /home/airflow/.local/lib/python3.12/site-packages/airflow/example_dags/example_branch_labels.py
[2024-11-26T11:25:47.844+0000] {processor.py:925} INFO - DAG(s) 'example_branch_labels' retrieved from /home/airflow/.local/lib/python3.12/site-packages/airflow/example_dags/example_branch_labels.py
[2024-11-26T11:25:47.867+0000] {logging_mixin.py:190} INFO - [2024-11-26T11:25:47.866+0000] {dag.py:3239} INFO - Sync 1 DAGs
[2024-11-26T11:25:47.893+0000] {logging_mixin.py:190} INFO - [2024-11-26T11:25:47.893+0000] {dag.py:4180} INFO - Setting next_dagrun for example_branch_labels to 2024-11-25 00:00:00+00:00, run_after=2024-11-26 00:00:00+00:00
[2024-11-26T11:25:47.917+0000] {processor.py:208} INFO - Processing /home/airflow/.local/lib/python3.12/site-packages/airflow/example_dags/example_branch_labels.py took 0.097 seconds
[2024-11-26T11:26:18.020+0000] {processor.py:186} INFO - Started process (PID=142) to work on /home/airflow/.local/lib/python3.12/site-packages/airflow/example_dags/example_branch_labels.py
[2024-11-26T11:26:18.021+0000] {processor.py:914} INFO - Processing file /home/airflow/.local/lib/python3.12/site-packages/airflow/example_dags/example_branch_labels.py for tasks to queue
[2024-11-26T11:26:18.023+0000] {logging_mixin.py:190} INFO - [2024-11-26T11:26:18.023+0000] {dagbag.py:588} INFO - Filling up the DagBag from /home/airflow/.local/lib/python3.12/site-packages/airflow/example_dags/example_branch_labels.py
[2024-11-26T11:26:18.031+0000] {processor.py:925} INFO - DAG(s) 'example_branch_labels' retrieved from /home/airflow/.local/lib/python3.12/site-packages/airflow/example_dags/example_branch_labels.py
[2024-11-26T11:26:18.050+0000] {logging_mixin.py:190} INFO - [2024-11-26T11:26:18.049+0000] {dag.py:3239} INFO - Sync 1 DAGs
[2024-11-26T11:26:18.070+0000] {logging_mixin.py:190} INFO - [2024-11-26T11:26:18.070+0000] {dag.py:4180} INFO - Setting next_dagrun for example_branch_labels to 2024-11-25 00:00:00+00:00, run_after=2024-11-26 00:00:00+00:00
[2024-11-26T11:26:18.091+0000] {processor.py:208} INFO - Processing /home/airflow/.local/lib/python3.12/site-packages/airflow/example_dags/example_branch_labels.py took 0.076 seconds
[2024-11-26T11:26:48.844+0000] {processor.py:186} INFO - Started process (PID=206) to work on /home/airflow/.local/lib/python3.12/site-packages/airflow/example_dags/example_branch_labels.py
[2024-11-26T11:26:48.845+0000] {processor.py:914} INFO - Processing file /home/airflow/.local/lib/python3.12/site-packages/airflow/example_dags/example_branch_labels.py for tasks to queue
[2024-11-26T11:26:48.848+0000] {logging_mixin.py:190} INFO - [2024-11-26T11:26:48.847+0000] {dagbag.py:588} INFO - Filling up the DagBag from /home/airflow/.local/lib/python3.12/site-packages/airflow/example_dags/example_branch_labels.py
[2024-11-26T11:26:48.859+0000] {processor.py:925} INFO - DAG(s) 'example_branch_labels' retrieved from /home/airflow/.local/lib/python3.12/site-packages/airflow/example_dags/example_branch_labels.py
[2024-11-26T11:26:48.879+0000] {logging_mixin.py:190} INFO - [2024-11-26T11:26:48.879+0000] {dag.py:3239} INFO - Sync 1 DAGs
[2024-11-26T11:26:48.895+0000] {logging_mixin.py:190} INFO - [2024-11-26T11:26:48.895+0000] {dag.py:4180} INFO - Setting next_dagrun for example_branch_labels to 2024-11-25 00:00:00+00:00, run_after=2024-11-26 00:00:00+00:00
[2024-11-26T11:26:48.912+0000] {processor.py:208} INFO - Processing /home/airflow/.local/lib/python3.12/site-packages/airflow/example_dags/example_branch_labels.py took 0.073 seconds
[2024-11-26T11:27:19.011+0000] {processor.py:186} INFO - Started process (PID=268) to work on /home/airflow/.local/lib/python3.12/site-packages/airflow/example_dags/example_branch_labels.py
[2024-11-26T11:27:19.012+0000] {processor.py:914} INFO - Processing file /home/airflow/.local/lib/python3.12/site-packages/airflow/example_dags/example_branch_labels.py for tasks to queue
[2024-11-26T11:27:19.018+0000] {logging_mixin.py:190} INFO - [2024-11-26T11:27:19.018+0000] {dagbag.py:588} INFO - Filling up the DagBag from /home/airflow/.local/lib/python3.12/site-packages/airflow/example_dags/example_branch_labels.py
[2024-11-26T11:27:19.025+0000] {processor.py:925} INFO - DAG(s) 'example_branch_labels' retrieved from /home/airflow/.local/lib/python3.12/site-packages/airflow/example_dags/example_branch_labels.py
[2024-11-26T11:27:19.039+0000] {logging_mixin.py:190} INFO - [2024-11-26T11:27:19.039+0000] {dag.py:3239} INFO - Sync 1 DAGs
[2024-11-26T11:27:19.055+0000] {logging_mixin.py:190} INFO - [2024-11-26T11:27:19.055+0000] {dag.py:4180} INFO - Setting next_dagrun for example_branch_labels to 2024-11-25 00:00:00+00:00, run_after=2024-11-26 00:00:00+00:00
[2024-11-26T11:27:19.067+0000] {processor.py:208} INFO - Processing /home/airflow/.local/lib/python3.12/site-packages/airflow/example_dags/example_branch_labels.py took 0.063 seconds
[2024-11-26T11:27:49.773+0000] {processor.py:186} INFO - Started process (PID=331) to work on /home/airflow/.local/lib/python3.12/site-packages/airflow/example_dags/example_branch_labels.py
[2024-11-26T11:27:49.774+0000] {processor.py:914} INFO - Processing file /home/airflow/.local/lib/python3.12/site-packages/airflow/example_dags/example_branch_labels.py for tasks to queue
[2024-11-26T11:27:49.776+0000] {logging_mixin.py:190} INFO - [2024-11-26T11:27:49.776+0000] {dagbag.py:588} INFO - Filling up the DagBag from /home/airflow/.local/lib/python3.12/site-packages/airflow/example_dags/example_branch_labels.py
[2024-11-26T11:27:49.786+0000] {processor.py:925} INFO - DAG(s) 'example_branch_labels' retrieved from /home/airflow/.local/lib/python3.12/site-packages/airflow/example_dags/example_branch_labels.py
[2024-11-26T11:27:49.804+0000] {logging_mixin.py:190} INFO - [2024-11-26T11:27:49.804+0000] {dag.py:3239} INFO - Sync 1 DAGs
[2024-11-26T11:27:49.827+0000] {logging_mixin.py:190} INFO - [2024-11-26T11:27:49.827+0000] {dag.py:4180} INFO - Setting next_dagrun for example_branch_labels to 2024-11-25 00:00:00+00:00, run_after=2024-11-26 00:00:00+00:00
[2024-11-26T11:27:49.841+0000] {processor.py:208} INFO - Processing /home/airflow/.local/lib/python3.12/site-packages/airflow/example_dags/example_branch_labels.py took 0.072 seconds
[2024-11-26T11:28:20.785+0000] {processor.py:186} INFO - Started process (PID=394) to work on /home/airflow/.local/lib/python3.12/site-packages/airflow/example_dags/example_branch_labels.py
[2024-11-26T11:28:20.786+0000] {processor.py:914} INFO - Processing file /home/airflow/.local/lib/python3.12/site-packages/airflow/example_dags/example_branch_labels.py for tasks to queue
[2024-11-26T11:28:20.787+0000] {logging_mixin.py:190} INFO - [2024-11-26T11:28:20.787+0000] {dagbag.py:588} INFO - Filling up the DagBag from /home/airflow/.local/lib/python3.12/site-packages/airflow/example_dags/example_branch_labels.py
[2024-11-26T11:28:20.794+0000] {processor.py:925} INFO - DAG(s) 'example_branch_labels' retrieved from /home/airflow/.local/lib/python3.12/site-packages/airflow/example_dags/example_branch_labels.py
[2024-11-26T11:28:20.809+0000] {logging_mixin.py:190} INFO - [2024-11-26T11:28:20.809+0000] {dag.py:3239} INFO - Sync 1 DAGs
[2024-11-26T11:28:20.838+0000] {logging_mixin.py:190} INFO - [2024-11-26T11:28:20.838+0000] {dag.py:4180} INFO - Setting next_dagrun for example_branch_labels to 2024-11-25 00:00:00+00:00, run_after=2024-11-26 00:00:00+00:00
[2024-11-26T11:28:20.852+0000] {processor.py:208} INFO - Processing /home/airflow/.local/lib/python3.12/site-packages/airflow/example_dags/example_branch_labels.py took 0.072 seconds
[2024-11-26T11:28:50.955+0000] {processor.py:186} INFO - Started process (PID=457) to work on /home/airflow/.local/lib/python3.12/site-packages/airflow/example_dags/example_branch_labels.py
[2024-11-26T11:28:50.956+0000] {processor.py:914} INFO - Processing file /home/airflow/.local/lib/python3.12/site-packages/airflow/example_dags/example_branch_labels.py for tasks to queue
[2024-11-26T11:28:50.958+0000] {logging_mixin.py:190} INFO - [2024-11-26T11:28:50.958+0000] {dagbag.py:588} INFO - Filling up the DagBag from /home/airflow/.local/lib/python3.12/site-packages/airflow/example_dags/example_branch_labels.py
[2024-11-26T11:28:50.966+0000] {processor.py:925} INFO - DAG(s) 'example_branch_labels' retrieved from /home/airflow/.local/lib/python3.12/site-packages/airflow/example_dags/example_branch_labels.py
[2024-11-26T11:28:50.980+0000] {logging_mixin.py:190} INFO - [2024-11-26T11:28:50.979+0000] {dag.py:3239} INFO - Sync 1 DAGs
[2024-11-26T11:28:50.997+0000] {logging_mixin.py:190} INFO - [2024-11-26T11:28:50.997+0000] {dag.py:4180} INFO - Setting next_dagrun for example_branch_labels to 2024-11-25 00:00:00+00:00, run_after=2024-11-26 00:00:00+00:00
[2024-11-26T11:28:51.026+0000] {processor.py:208} INFO - Processing /home/airflow/.local/lib/python3.12/site-packages/airflow/example_dags/example_branch_labels.py took 0.074 seconds
[2024-11-26T11:31:20.746+0000] {processor.py:186} INFO - Started process (PID=80) to work on /home/airflow/.local/lib/python3.12/site-packages/airflow/example_dags/example_branch_labels.py
[2024-11-26T11:31:20.754+0000] {processor.py:914} INFO - Processing file /home/airflow/.local/lib/python3.12/site-packages/airflow/example_dags/example_branch_labels.py for tasks to queue
[2024-11-26T11:31:20.761+0000] {logging_mixin.py:190} INFO - [2024-11-26T11:31:20.761+0000] {dagbag.py:588} INFO - Filling up the DagBag from /home/airflow/.local/lib/python3.12/site-packages/airflow/example_dags/example_branch_labels.py
[2024-11-26T11:31:20.774+0000] {processor.py:925} INFO - DAG(s) 'example_branch_labels' retrieved from /home/airflow/.local/lib/python3.12/site-packages/airflow/example_dags/example_branch_labels.py
[2024-11-26T11:31:20.798+0000] {logging_mixin.py:190} INFO - [2024-11-26T11:31:20.798+0000] {dag.py:3239} INFO - Sync 1 DAGs
[2024-11-26T11:31:20.821+0000] {logging_mixin.py:190} INFO - [2024-11-26T11:31:20.821+0000] {dag.py:4180} INFO - Setting next_dagrun for example_branch_labels to 2024-11-25 00:00:00+00:00, run_after=2024-11-26 00:00:00+00:00
[2024-11-26T11:31:20.845+0000] {processor.py:208} INFO - Processing /home/airflow/.local/lib/python3.12/site-packages/airflow/example_dags/example_branch_labels.py took 0.107 seconds
[2024-11-26T11:31:51.358+0000] {processor.py:186} INFO - Started process (PID=143) to work on /home/airflow/.local/lib/python3.12/site-packages/airflow/example_dags/example_branch_labels.py
[2024-11-26T11:31:51.359+0000] {processor.py:914} INFO - Processing file /home/airflow/.local/lib/python3.12/site-packages/airflow/example_dags/example_branch_labels.py for tasks to queue
[2024-11-26T11:31:51.362+0000] {logging_mixin.py:190} INFO - [2024-11-26T11:31:51.362+0000] {dagbag.py:588} INFO - Filling up the DagBag from /home/airflow/.local/lib/python3.12/site-packages/airflow/example_dags/example_branch_labels.py
[2024-11-26T11:31:51.370+0000] {processor.py:925} INFO - DAG(s) 'example_branch_labels' retrieved from /home/airflow/.local/lib/python3.12/site-packages/airflow/example_dags/example_branch_labels.py
[2024-11-26T11:31:51.387+0000] {logging_mixin.py:190} INFO - [2024-11-26T11:31:51.386+0000] {dag.py:3239} INFO - Sync 1 DAGs
[2024-11-26T11:31:51.406+0000] {logging_mixin.py:190} INFO - [2024-11-26T11:31:51.406+0000] {dag.py:4180} INFO - Setting next_dagrun for example_branch_labels to 2024-11-25 00:00:00+00:00, run_after=2024-11-26 00:00:00+00:00
[2024-11-26T11:31:51.423+0000] {processor.py:208} INFO - Processing /home/airflow/.local/lib/python3.12/site-packages/airflow/example_dags/example_branch_labels.py took 0.072 seconds
[2024-11-26T11:32:21.980+0000] {processor.py:186} INFO - Started process (PID=207) to work on /home/airflow/.local/lib/python3.12/site-packages/airflow/example_dags/example_branch_labels.py
[2024-11-26T11:32:21.981+0000] {processor.py:914} INFO - Processing file /home/airflow/.local/lib/python3.12/site-packages/airflow/example_dags/example_branch_labels.py for tasks to queue
[2024-11-26T11:32:21.983+0000] {logging_mixin.py:190} INFO - [2024-11-26T11:32:21.983+0000] {dagbag.py:588} INFO - Filling up the DagBag from /home/airflow/.local/lib/python3.12/site-packages/airflow/example_dags/example_branch_labels.py
[2024-11-26T11:32:21.991+0000] {processor.py:925} INFO - DAG(s) 'example_branch_labels' retrieved from /home/airflow/.local/lib/python3.12/site-packages/airflow/example_dags/example_branch_labels.py
[2024-11-26T11:32:22.009+0000] {logging_mixin.py:190} INFO - [2024-11-26T11:32:22.008+0000] {dag.py:3239} INFO - Sync 1 DAGs
[2024-11-26T11:32:22.026+0000] {logging_mixin.py:190} INFO - [2024-11-26T11:32:22.026+0000] {dag.py:4180} INFO - Setting next_dagrun for example_branch_labels to 2024-11-25 00:00:00+00:00, run_after=2024-11-26 00:00:00+00:00
[2024-11-26T11:32:22.040+0000] {processor.py:208} INFO - Processing /home/airflow/.local/lib/python3.12/site-packages/airflow/example_dags/example_branch_labels.py took 0.064 seconds
[2024-11-26T11:32:52.522+0000] {processor.py:186} INFO - Started process (PID=275) to work on /home/airflow/.local/lib/python3.12/site-packages/airflow/example_dags/example_branch_labels.py
[2024-11-26T11:32:52.523+0000] {processor.py:914} INFO - Processing file /home/airflow/.local/lib/python3.12/site-packages/airflow/example_dags/example_branch_labels.py for tasks to queue
[2024-11-26T11:32:52.525+0000] {logging_mixin.py:190} INFO - [2024-11-26T11:32:52.525+0000] {dagbag.py:588} INFO - Filling up the DagBag from /home/airflow/.local/lib/python3.12/site-packages/airflow/example_dags/example_branch_labels.py
[2024-11-26T11:32:52.533+0000] {processor.py:925} INFO - DAG(s) 'example_branch_labels' retrieved from /home/airflow/.local/lib/python3.12/site-packages/airflow/example_dags/example_branch_labels.py
[2024-11-26T11:32:52.552+0000] {logging_mixin.py:190} INFO - [2024-11-26T11:32:52.552+0000] {dag.py:3239} INFO - Sync 1 DAGs
[2024-11-26T11:32:52.577+0000] {logging_mixin.py:190} INFO - [2024-11-26T11:32:52.577+0000] {dag.py:4180} INFO - Setting next_dagrun for example_branch_labels to 2024-11-25 00:00:00+00:00, run_after=2024-11-26 00:00:00+00:00
[2024-11-26T11:32:52.599+0000] {processor.py:208} INFO - Processing /home/airflow/.local/lib/python3.12/site-packages/airflow/example_dags/example_branch_labels.py took 0.081 seconds
[2024-11-26T11:33:22.930+0000] {processor.py:186} INFO - Started process (PID=338) to work on /home/airflow/.local/lib/python3.12/site-packages/airflow/example_dags/example_branch_labels.py
[2024-11-26T11:33:22.931+0000] {processor.py:914} INFO - Processing file /home/airflow/.local/lib/python3.12/site-packages/airflow/example_dags/example_branch_labels.py for tasks to queue
[2024-11-26T11:33:22.933+0000] {logging_mixin.py:190} INFO - [2024-11-26T11:33:22.933+0000] {dagbag.py:588} INFO - Filling up the DagBag from /home/airflow/.local/lib/python3.12/site-packages/airflow/example_dags/example_branch_labels.py
[2024-11-26T11:33:22.943+0000] {processor.py:925} INFO - DAG(s) 'example_branch_labels' retrieved from /home/airflow/.local/lib/python3.12/site-packages/airflow/example_dags/example_branch_labels.py
[2024-11-26T11:33:22.965+0000] {logging_mixin.py:190} INFO - [2024-11-26T11:33:22.965+0000] {dag.py:3239} INFO - Sync 1 DAGs
[2024-11-26T11:33:22.983+0000] {logging_mixin.py:190} INFO - [2024-11-26T11:33:22.983+0000] {dag.py:4180} INFO - Setting next_dagrun for example_branch_labels to 2024-11-25 00:00:00+00:00, run_after=2024-11-26 00:00:00+00:00
[2024-11-26T11:33:23.003+0000] {processor.py:208} INFO - Processing /home/airflow/.local/lib/python3.12/site-packages/airflow/example_dags/example_branch_labels.py took 0.077 seconds
[2024-11-26T11:33:53.962+0000] {processor.py:186} INFO - Started process (PID=401) to work on /home/airflow/.local/lib/python3.12/site-packages/airflow/example_dags/example_branch_labels.py
[2024-11-26T11:33:53.964+0000] {processor.py:914} INFO - Processing file /home/airflow/.local/lib/python3.12/site-packages/airflow/example_dags/example_branch_labels.py for tasks to queue
[2024-11-26T11:33:53.968+0000] {logging_mixin.py:190} INFO - [2024-11-26T11:33:53.968+0000] {dagbag.py:588} INFO - Filling up the DagBag from /home/airflow/.local/lib/python3.12/site-packages/airflow/example_dags/example_branch_labels.py
[2024-11-26T11:33:53.979+0000] {processor.py:925} INFO - DAG(s) 'example_branch_labels' retrieved from /home/airflow/.local/lib/python3.12/site-packages/airflow/example_dags/example_branch_labels.py
[2024-11-26T11:33:54.007+0000] {logging_mixin.py:190} INFO - [2024-11-26T11:33:54.007+0000] {dag.py:3239} INFO - Sync 1 DAGs
[2024-11-26T11:33:54.025+0000] {logging_mixin.py:190} INFO - [2024-11-26T11:33:54.025+0000] {dag.py:4180} INFO - Setting next_dagrun for example_branch_labels to 2024-11-25 00:00:00+00:00, run_after=2024-11-26 00:00:00+00:00
[2024-11-26T11:33:54.041+0000] {processor.py:208} INFO - Processing /home/airflow/.local/lib/python3.12/site-packages/airflow/example_dags/example_branch_labels.py took 0.088 seconds
[2024-11-26T11:34:24.215+0000] {processor.py:186} INFO - Started process (PID=464) to work on /home/airflow/.local/lib/python3.12/site-packages/airflow/example_dags/example_branch_labels.py
[2024-11-26T11:34:24.216+0000] {processor.py:914} INFO - Processing file /home/airflow/.local/lib/python3.12/site-packages/airflow/example_dags/example_branch_labels.py for tasks to queue
[2024-11-26T11:34:24.217+0000] {logging_mixin.py:190} INFO - [2024-11-26T11:34:24.217+0000] {dagbag.py:588} INFO - Filling up the DagBag from /home/airflow/.local/lib/python3.12/site-packages/airflow/example_dags/example_branch_labels.py
[2024-11-26T11:34:24.227+0000] {processor.py:925} INFO - DAG(s) 'example_branch_labels' retrieved from /home/airflow/.local/lib/python3.12/site-packages/airflow/example_dags/example_branch_labels.py
[2024-11-26T11:34:24.244+0000] {logging_mixin.py:190} INFO - [2024-11-26T11:34:24.244+0000] {dag.py:3239} INFO - Sync 1 DAGs
[2024-11-26T11:34:24.261+0000] {logging_mixin.py:190} INFO - [2024-11-26T11:34:24.261+0000] {dag.py:4180} INFO - Setting next_dagrun for example_branch_labels to 2024-11-25 00:00:00+00:00, run_after=2024-11-26 00:00:00+00:00
[2024-11-26T11:34:24.279+0000] {processor.py:208} INFO - Processing /home/airflow/.local/lib/python3.12/site-packages/airflow/example_dags/example_branch_labels.py took 0.069 seconds
[2024-11-26T11:39:48.943+0000] {processor.py:186} INFO - Started process (PID=521) to work on /home/airflow/.local/lib/python3.12/site-packages/airflow/example_dags/example_branch_labels.py
[2024-11-26T11:39:48.944+0000] {processor.py:914} INFO - Processing file /home/airflow/.local/lib/python3.12/site-packages/airflow/example_dags/example_branch_labels.py for tasks to queue
[2024-11-26T11:39:48.948+0000] {logging_mixin.py:190} INFO - [2024-11-26T11:39:48.948+0000] {dagbag.py:588} INFO - Filling up the DagBag from /home/airflow/.local/lib/python3.12/site-packages/airflow/example_dags/example_branch_labels.py
[2024-11-26T11:39:48.959+0000] {processor.py:925} INFO - DAG(s) 'example_branch_labels' retrieved from /home/airflow/.local/lib/python3.12/site-packages/airflow/example_dags/example_branch_labels.py
[2024-11-26T11:39:48.993+0000] {logging_mixin.py:190} INFO - [2024-11-26T11:39:48.993+0000] {dag.py:3239} INFO - Sync 1 DAGs
[2024-11-26T11:39:49.017+0000] {logging_mixin.py:190} INFO - [2024-11-26T11:39:49.017+0000] {dag.py:4180} INFO - Setting next_dagrun for example_branch_labels to 2024-11-25 00:00:00+00:00, run_after=2024-11-26 00:00:00+00:00
[2024-11-26T11:39:49.035+0000] {processor.py:208} INFO - Processing /home/airflow/.local/lib/python3.12/site-packages/airflow/example_dags/example_branch_labels.py took 0.097 seconds
[2024-11-26T11:40:19.081+0000] {processor.py:186} INFO - Started process (PID=584) to work on /home/airflow/.local/lib/python3.12/site-packages/airflow/example_dags/example_branch_labels.py
[2024-11-26T11:40:19.082+0000] {processor.py:914} INFO - Processing file /home/airflow/.local/lib/python3.12/site-packages/airflow/example_dags/example_branch_labels.py for tasks to queue
[2024-11-26T11:40:19.085+0000] {logging_mixin.py:190} INFO - [2024-11-26T11:40:19.085+0000] {dagbag.py:588} INFO - Filling up the DagBag from /home/airflow/.local/lib/python3.12/site-packages/airflow/example_dags/example_branch_labels.py
[2024-11-26T11:40:19.093+0000] {processor.py:925} INFO - DAG(s) 'example_branch_labels' retrieved from /home/airflow/.local/lib/python3.12/site-packages/airflow/example_dags/example_branch_labels.py
[2024-11-26T11:40:19.109+0000] {logging_mixin.py:190} INFO - [2024-11-26T11:40:19.109+0000] {dag.py:3239} INFO - Sync 1 DAGs
[2024-11-26T11:40:19.127+0000] {logging_mixin.py:190} INFO - [2024-11-26T11:40:19.127+0000] {dag.py:4180} INFO - Setting next_dagrun for example_branch_labels to 2024-11-25 00:00:00+00:00, run_after=2024-11-26 00:00:00+00:00
[2024-11-26T11:40:19.139+0000] {processor.py:208} INFO - Processing /home/airflow/.local/lib/python3.12/site-packages/airflow/example_dags/example_branch_labels.py took 0.063 seconds
