[2024-11-26T11:25:47.676+0000] {processor.py:186} INFO - Started process (PID=78) to work on /home/airflow/.local/lib/python3.12/site-packages/airflow/example_dags/tutorial_taskflow_api.py
[2024-11-26T11:25:47.677+0000] {processor.py:914} INFO - Processing file /home/airflow/.local/lib/python3.12/site-packages/airflow/example_dags/tutorial_taskflow_api.py for tasks to queue
[2024-11-26T11:25:47.679+0000] {logging_mixin.py:190} INFO - [2024-11-26T11:25:47.679+0000] {dagbag.py:588} INFO - Filling up the DagBag from /home/airflow/.local/lib/python3.12/site-packages/airflow/example_dags/tutorial_taskflow_api.py
[2024-11-26T11:25:47.688+0000] {processor.py:925} INFO - DAG(s) 'tutorial_taskflow_api' retrieved from /home/airflow/.local/lib/python3.12/site-packages/airflow/example_dags/tutorial_taskflow_api.py
[2024-11-26T11:25:47.709+0000] {logging_mixin.py:190} INFO - [2024-11-26T11:25:47.708+0000] {dag.py:3239} INFO - Sync 1 DAGs
[2024-11-26T11:25:47.724+0000] {logging_mixin.py:190} INFO - [2024-11-26T11:25:47.724+0000] {dag.py:4180} INFO - Setting next_dagrun for tutorial_taskflow_api to None, run_after=None
[2024-11-26T11:25:47.746+0000] {processor.py:208} INFO - Processing /home/airflow/.local/lib/python3.12/site-packages/airflow/example_dags/tutorial_taskflow_api.py took 0.077 seconds
[2024-11-26T11:26:17.864+0000] {processor.py:186} INFO - Started process (PID=141) to work on /home/airflow/.local/lib/python3.12/site-packages/airflow/example_dags/tutorial_taskflow_api.py
[2024-11-26T11:26:17.866+0000] {processor.py:914} INFO - Processing file /home/airflow/.local/lib/python3.12/site-packages/airflow/example_dags/tutorial_taskflow_api.py for tasks to queue
[2024-11-26T11:26:17.869+0000] {logging_mixin.py:190} INFO - [2024-11-26T11:26:17.869+0000] {dagbag.py:588} INFO - Filling up the DagBag from /home/airflow/.local/lib/python3.12/site-packages/airflow/example_dags/tutorial_taskflow_api.py
[2024-11-26T11:26:17.879+0000] {processor.py:925} INFO - DAG(s) 'tutorial_taskflow_api' retrieved from /home/airflow/.local/lib/python3.12/site-packages/airflow/example_dags/tutorial_taskflow_api.py
[2024-11-26T11:26:17.902+0000] {logging_mixin.py:190} INFO - [2024-11-26T11:26:17.902+0000] {dag.py:3239} INFO - Sync 1 DAGs
[2024-11-26T11:26:17.915+0000] {logging_mixin.py:190} INFO - [2024-11-26T11:26:17.915+0000] {dag.py:4180} INFO - Setting next_dagrun for tutorial_taskflow_api to None, run_after=None
[2024-11-26T11:26:17.936+0000] {processor.py:208} INFO - Processing /home/airflow/.local/lib/python3.12/site-packages/airflow/example_dags/tutorial_taskflow_api.py took 0.077 seconds
[2024-11-26T11:26:48.745+0000] {processor.py:186} INFO - Started process (PID=204) to work on /home/airflow/.local/lib/python3.12/site-packages/airflow/example_dags/tutorial_taskflow_api.py
[2024-11-26T11:26:48.746+0000] {processor.py:914} INFO - Processing file /home/airflow/.local/lib/python3.12/site-packages/airflow/example_dags/tutorial_taskflow_api.py for tasks to queue
[2024-11-26T11:26:48.749+0000] {logging_mixin.py:190} INFO - [2024-11-26T11:26:48.748+0000] {dagbag.py:588} INFO - Filling up the DagBag from /home/airflow/.local/lib/python3.12/site-packages/airflow/example_dags/tutorial_taskflow_api.py
[2024-11-26T11:26:48.758+0000] {processor.py:925} INFO - DAG(s) 'tutorial_taskflow_api' retrieved from /home/airflow/.local/lib/python3.12/site-packages/airflow/example_dags/tutorial_taskflow_api.py
[2024-11-26T11:26:48.775+0000] {logging_mixin.py:190} INFO - [2024-11-26T11:26:48.775+0000] {dag.py:3239} INFO - Sync 1 DAGs
[2024-11-26T11:26:48.787+0000] {logging_mixin.py:190} INFO - [2024-11-26T11:26:48.786+0000] {dag.py:4180} INFO - Setting next_dagrun for tutorial_taskflow_api to None, run_after=None
[2024-11-26T11:26:48.802+0000] {processor.py:208} INFO - Processing /home/airflow/.local/lib/python3.12/site-packages/airflow/example_dags/tutorial_taskflow_api.py took 0.061 seconds
[2024-11-26T11:27:18.843+0000] {processor.py:186} INFO - Started process (PID=266) to work on /home/airflow/.local/lib/python3.12/site-packages/airflow/example_dags/tutorial_taskflow_api.py
[2024-11-26T11:27:18.844+0000] {processor.py:914} INFO - Processing file /home/airflow/.local/lib/python3.12/site-packages/airflow/example_dags/tutorial_taskflow_api.py for tasks to queue
[2024-11-26T11:27:18.846+0000] {logging_mixin.py:190} INFO - [2024-11-26T11:27:18.846+0000] {dagbag.py:588} INFO - Filling up the DagBag from /home/airflow/.local/lib/python3.12/site-packages/airflow/example_dags/tutorial_taskflow_api.py
[2024-11-26T11:27:18.852+0000] {processor.py:925} INFO - DAG(s) 'tutorial_taskflow_api' retrieved from /home/airflow/.local/lib/python3.12/site-packages/airflow/example_dags/tutorial_taskflow_api.py
[2024-11-26T11:27:18.868+0000] {logging_mixin.py:190} INFO - [2024-11-26T11:27:18.868+0000] {dag.py:3239} INFO - Sync 1 DAGs
[2024-11-26T11:27:18.880+0000] {logging_mixin.py:190} INFO - [2024-11-26T11:27:18.880+0000] {dag.py:4180} INFO - Setting next_dagrun for tutorial_taskflow_api to None, run_after=None
[2024-11-26T11:27:18.899+0000] {processor.py:208} INFO - Processing /home/airflow/.local/lib/python3.12/site-packages/airflow/example_dags/tutorial_taskflow_api.py took 0.060 seconds
[2024-11-26T11:27:49.636+0000] {processor.py:186} INFO - Started process (PID=329) to work on /home/airflow/.local/lib/python3.12/site-packages/airflow/example_dags/tutorial_taskflow_api.py
[2024-11-26T11:27:49.637+0000] {processor.py:914} INFO - Processing file /home/airflow/.local/lib/python3.12/site-packages/airflow/example_dags/tutorial_taskflow_api.py for tasks to queue
[2024-11-26T11:27:49.642+0000] {logging_mixin.py:190} INFO - [2024-11-26T11:27:49.642+0000] {dagbag.py:588} INFO - Filling up the DagBag from /home/airflow/.local/lib/python3.12/site-packages/airflow/example_dags/tutorial_taskflow_api.py
[2024-11-26T11:27:49.649+0000] {processor.py:925} INFO - DAG(s) 'tutorial_taskflow_api' retrieved from /home/airflow/.local/lib/python3.12/site-packages/airflow/example_dags/tutorial_taskflow_api.py
[2024-11-26T11:27:49.666+0000] {logging_mixin.py:190} INFO - [2024-11-26T11:27:49.666+0000] {dag.py:3239} INFO - Sync 1 DAGs
[2024-11-26T11:27:49.679+0000] {logging_mixin.py:190} INFO - [2024-11-26T11:27:49.678+0000] {dag.py:4180} INFO - Setting next_dagrun for tutorial_taskflow_api to None, run_after=None
[2024-11-26T11:27:49.695+0000] {processor.py:208} INFO - Processing /home/airflow/.local/lib/python3.12/site-packages/airflow/example_dags/tutorial_taskflow_api.py took 0.064 seconds
[2024-11-26T11:28:20.649+0000] {processor.py:186} INFO - Started process (PID=392) to work on /home/airflow/.local/lib/python3.12/site-packages/airflow/example_dags/tutorial_taskflow_api.py
[2024-11-26T11:28:20.678+0000] {processor.py:914} INFO - Processing file /home/airflow/.local/lib/python3.12/site-packages/airflow/example_dags/tutorial_taskflow_api.py for tasks to queue
[2024-11-26T11:28:20.682+0000] {logging_mixin.py:190} INFO - [2024-11-26T11:28:20.681+0000] {dagbag.py:588} INFO - Filling up the DagBag from /home/airflow/.local/lib/python3.12/site-packages/airflow/example_dags/tutorial_taskflow_api.py
[2024-11-26T11:28:20.693+0000] {processor.py:925} INFO - DAG(s) 'tutorial_taskflow_api' retrieved from /home/airflow/.local/lib/python3.12/site-packages/airflow/example_dags/tutorial_taskflow_api.py
[2024-11-26T11:28:20.720+0000] {logging_mixin.py:190} INFO - [2024-11-26T11:28:20.720+0000] {dag.py:3239} INFO - Sync 1 DAGs
[2024-11-26T11:28:20.733+0000] {logging_mixin.py:190} INFO - [2024-11-26T11:28:20.732+0000] {dag.py:4180} INFO - Setting next_dagrun for tutorial_taskflow_api to None, run_after=None
[2024-11-26T11:28:20.747+0000] {processor.py:208} INFO - Processing /home/airflow/.local/lib/python3.12/site-packages/airflow/example_dags/tutorial_taskflow_api.py took 0.103 seconds
[2024-11-26T11:28:50.872+0000] {processor.py:186} INFO - Started process (PID=455) to work on /home/airflow/.local/lib/python3.12/site-packages/airflow/example_dags/tutorial_taskflow_api.py
[2024-11-26T11:28:50.873+0000] {processor.py:914} INFO - Processing file /home/airflow/.local/lib/python3.12/site-packages/airflow/example_dags/tutorial_taskflow_api.py for tasks to queue
[2024-11-26T11:28:50.875+0000] {logging_mixin.py:190} INFO - [2024-11-26T11:28:50.875+0000] {dagbag.py:588} INFO - Filling up the DagBag from /home/airflow/.local/lib/python3.12/site-packages/airflow/example_dags/tutorial_taskflow_api.py
[2024-11-26T11:28:50.881+0000] {processor.py:925} INFO - DAG(s) 'tutorial_taskflow_api' retrieved from /home/airflow/.local/lib/python3.12/site-packages/airflow/example_dags/tutorial_taskflow_api.py
[2024-11-26T11:28:50.896+0000] {logging_mixin.py:190} INFO - [2024-11-26T11:28:50.895+0000] {dag.py:3239} INFO - Sync 1 DAGs
[2024-11-26T11:28:50.908+0000] {logging_mixin.py:190} INFO - [2024-11-26T11:28:50.908+0000] {dag.py:4180} INFO - Setting next_dagrun for tutorial_taskflow_api to None, run_after=None
[2024-11-26T11:28:50.921+0000] {processor.py:208} INFO - Processing /home/airflow/.local/lib/python3.12/site-packages/airflow/example_dags/tutorial_taskflow_api.py took 0.054 seconds
[2024-11-26T11:31:20.468+0000] {processor.py:186} INFO - Started process (PID=78) to work on /home/airflow/.local/lib/python3.12/site-packages/airflow/example_dags/tutorial_taskflow_api.py
[2024-11-26T11:31:20.469+0000] {processor.py:914} INFO - Processing file /home/airflow/.local/lib/python3.12/site-packages/airflow/example_dags/tutorial_taskflow_api.py for tasks to queue
[2024-11-26T11:31:20.471+0000] {logging_mixin.py:190} INFO - [2024-11-26T11:31:20.471+0000] {dagbag.py:588} INFO - Filling up the DagBag from /home/airflow/.local/lib/python3.12/site-packages/airflow/example_dags/tutorial_taskflow_api.py
[2024-11-26T11:31:20.477+0000] {processor.py:925} INFO - DAG(s) 'tutorial_taskflow_api' retrieved from /home/airflow/.local/lib/python3.12/site-packages/airflow/example_dags/tutorial_taskflow_api.py
[2024-11-26T11:31:20.501+0000] {logging_mixin.py:190} INFO - [2024-11-26T11:31:20.500+0000] {dag.py:3239} INFO - Sync 1 DAGs
[2024-11-26T11:31:20.512+0000] {logging_mixin.py:190} INFO - [2024-11-26T11:31:20.512+0000] {dag.py:4180} INFO - Setting next_dagrun for tutorial_taskflow_api to None, run_after=None
[2024-11-26T11:31:20.531+0000] {processor.py:208} INFO - Processing /home/airflow/.local/lib/python3.12/site-packages/airflow/example_dags/tutorial_taskflow_api.py took 0.067 seconds
[2024-11-26T11:31:51.135+0000] {processor.py:186} INFO - Started process (PID=141) to work on /home/airflow/.local/lib/python3.12/site-packages/airflow/example_dags/tutorial_taskflow_api.py
[2024-11-26T11:31:51.136+0000] {processor.py:914} INFO - Processing file /home/airflow/.local/lib/python3.12/site-packages/airflow/example_dags/tutorial_taskflow_api.py for tasks to queue
[2024-11-26T11:31:51.138+0000] {logging_mixin.py:190} INFO - [2024-11-26T11:31:51.138+0000] {dagbag.py:588} INFO - Filling up the DagBag from /home/airflow/.local/lib/python3.12/site-packages/airflow/example_dags/tutorial_taskflow_api.py
[2024-11-26T11:31:51.146+0000] {processor.py:925} INFO - DAG(s) 'tutorial_taskflow_api' retrieved from /home/airflow/.local/lib/python3.12/site-packages/airflow/example_dags/tutorial_taskflow_api.py
[2024-11-26T11:31:51.162+0000] {logging_mixin.py:190} INFO - [2024-11-26T11:31:51.162+0000] {dag.py:3239} INFO - Sync 1 DAGs
[2024-11-26T11:31:51.173+0000] {logging_mixin.py:190} INFO - [2024-11-26T11:31:51.173+0000] {dag.py:4180} INFO - Setting next_dagrun for tutorial_taskflow_api to None, run_after=None
[2024-11-26T11:31:51.187+0000] {processor.py:208} INFO - Processing /home/airflow/.local/lib/python3.12/site-packages/airflow/example_dags/tutorial_taskflow_api.py took 0.057 seconds
[2024-11-26T11:32:21.647+0000] {processor.py:186} INFO - Started process (PID=204) to work on /home/airflow/.local/lib/python3.12/site-packages/airflow/example_dags/tutorial_taskflow_api.py
[2024-11-26T11:32:21.648+0000] {processor.py:914} INFO - Processing file /home/airflow/.local/lib/python3.12/site-packages/airflow/example_dags/tutorial_taskflow_api.py for tasks to queue
[2024-11-26T11:32:21.650+0000] {logging_mixin.py:190} INFO - [2024-11-26T11:32:21.650+0000] {dagbag.py:588} INFO - Filling up the DagBag from /home/airflow/.local/lib/python3.12/site-packages/airflow/example_dags/tutorial_taskflow_api.py
[2024-11-26T11:32:21.656+0000] {processor.py:925} INFO - DAG(s) 'tutorial_taskflow_api' retrieved from /home/airflow/.local/lib/python3.12/site-packages/airflow/example_dags/tutorial_taskflow_api.py
[2024-11-26T11:32:21.672+0000] {logging_mixin.py:190} INFO - [2024-11-26T11:32:21.671+0000] {dag.py:3239} INFO - Sync 1 DAGs
[2024-11-26T11:32:21.682+0000] {logging_mixin.py:190} INFO - [2024-11-26T11:32:21.682+0000] {dag.py:4180} INFO - Setting next_dagrun for tutorial_taskflow_api to None, run_after=None
[2024-11-26T11:32:21.696+0000] {processor.py:208} INFO - Processing /home/airflow/.local/lib/python3.12/site-packages/airflow/example_dags/tutorial_taskflow_api.py took 0.054 seconds
[2024-11-26T11:32:52.308+0000] {processor.py:186} INFO - Started process (PID=267) to work on /home/airflow/.local/lib/python3.12/site-packages/airflow/example_dags/tutorial_taskflow_api.py
[2024-11-26T11:32:52.309+0000] {processor.py:914} INFO - Processing file /home/airflow/.local/lib/python3.12/site-packages/airflow/example_dags/tutorial_taskflow_api.py for tasks to queue
[2024-11-26T11:32:52.311+0000] {logging_mixin.py:190} INFO - [2024-11-26T11:32:52.311+0000] {dagbag.py:588} INFO - Filling up the DagBag from /home/airflow/.local/lib/python3.12/site-packages/airflow/example_dags/tutorial_taskflow_api.py
[2024-11-26T11:32:52.323+0000] {processor.py:925} INFO - DAG(s) 'tutorial_taskflow_api' retrieved from /home/airflow/.local/lib/python3.12/site-packages/airflow/example_dags/tutorial_taskflow_api.py
[2024-11-26T11:32:52.365+0000] {logging_mixin.py:190} INFO - [2024-11-26T11:32:52.365+0000] {dag.py:3239} INFO - Sync 1 DAGs
[2024-11-26T11:32:52.379+0000] {logging_mixin.py:190} INFO - [2024-11-26T11:32:52.379+0000] {dag.py:4180} INFO - Setting next_dagrun for tutorial_taskflow_api to None, run_after=None
[2024-11-26T11:32:52.407+0000] {processor.py:208} INFO - Processing /home/airflow/.local/lib/python3.12/site-packages/airflow/example_dags/tutorial_taskflow_api.py took 0.104 seconds
[2024-11-26T11:33:22.794+0000] {processor.py:186} INFO - Started process (PID=336) to work on /home/airflow/.local/lib/python3.12/site-packages/airflow/example_dags/tutorial_taskflow_api.py
[2024-11-26T11:33:22.795+0000] {processor.py:914} INFO - Processing file /home/airflow/.local/lib/python3.12/site-packages/airflow/example_dags/tutorial_taskflow_api.py for tasks to queue
[2024-11-26T11:33:22.797+0000] {logging_mixin.py:190} INFO - [2024-11-26T11:33:22.797+0000] {dagbag.py:588} INFO - Filling up the DagBag from /home/airflow/.local/lib/python3.12/site-packages/airflow/example_dags/tutorial_taskflow_api.py
[2024-11-26T11:33:22.805+0000] {processor.py:925} INFO - DAG(s) 'tutorial_taskflow_api' retrieved from /home/airflow/.local/lib/python3.12/site-packages/airflow/example_dags/tutorial_taskflow_api.py
[2024-11-26T11:33:22.819+0000] {logging_mixin.py:190} INFO - [2024-11-26T11:33:22.819+0000] {dag.py:3239} INFO - Sync 1 DAGs
[2024-11-26T11:33:22.835+0000] {logging_mixin.py:190} INFO - [2024-11-26T11:33:22.835+0000] {dag.py:4180} INFO - Setting next_dagrun for tutorial_taskflow_api to None, run_after=None
[2024-11-26T11:33:22.851+0000] {processor.py:208} INFO - Processing /home/airflow/.local/lib/python3.12/site-packages/airflow/example_dags/tutorial_taskflow_api.py took 0.062 seconds
[2024-11-26T11:33:53.492+0000] {processor.py:186} INFO - Started process (PID=399) to work on /home/airflow/.local/lib/python3.12/site-packages/airflow/example_dags/tutorial_taskflow_api.py
[2024-11-26T11:33:53.503+0000] {processor.py:914} INFO - Processing file /home/airflow/.local/lib/python3.12/site-packages/airflow/example_dags/tutorial_taskflow_api.py for tasks to queue
[2024-11-26T11:33:53.507+0000] {logging_mixin.py:190} INFO - [2024-11-26T11:33:53.506+0000] {dagbag.py:588} INFO - Filling up the DagBag from /home/airflow/.local/lib/python3.12/site-packages/airflow/example_dags/tutorial_taskflow_api.py
[2024-11-26T11:33:53.513+0000] {processor.py:925} INFO - DAG(s) 'tutorial_taskflow_api' retrieved from /home/airflow/.local/lib/python3.12/site-packages/airflow/example_dags/tutorial_taskflow_api.py
[2024-11-26T11:33:53.529+0000] {logging_mixin.py:190} INFO - [2024-11-26T11:33:53.529+0000] {dag.py:3239} INFO - Sync 1 DAGs
[2024-11-26T11:33:53.542+0000] {logging_mixin.py:190} INFO - [2024-11-26T11:33:53.542+0000] {dag.py:4180} INFO - Setting next_dagrun for tutorial_taskflow_api to None, run_after=None
[2024-11-26T11:33:53.580+0000] {processor.py:208} INFO - Processing /home/airflow/.local/lib/python3.12/site-packages/airflow/example_dags/tutorial_taskflow_api.py took 0.093 seconds
[2024-11-26T11:34:24.093+0000] {processor.py:186} INFO - Started process (PID=462) to work on /home/airflow/.local/lib/python3.12/site-packages/airflow/example_dags/tutorial_taskflow_api.py
[2024-11-26T11:34:24.094+0000] {processor.py:914} INFO - Processing file /home/airflow/.local/lib/python3.12/site-packages/airflow/example_dags/tutorial_taskflow_api.py for tasks to queue
[2024-11-26T11:34:24.096+0000] {logging_mixin.py:190} INFO - [2024-11-26T11:34:24.096+0000] {dagbag.py:588} INFO - Filling up the DagBag from /home/airflow/.local/lib/python3.12/site-packages/airflow/example_dags/tutorial_taskflow_api.py
[2024-11-26T11:34:24.102+0000] {processor.py:925} INFO - DAG(s) 'tutorial_taskflow_api' retrieved from /home/airflow/.local/lib/python3.12/site-packages/airflow/example_dags/tutorial_taskflow_api.py
[2024-11-26T11:34:24.122+0000] {logging_mixin.py:190} INFO - [2024-11-26T11:34:24.122+0000] {dag.py:3239} INFO - Sync 1 DAGs
[2024-11-26T11:34:24.136+0000] {logging_mixin.py:190} INFO - [2024-11-26T11:34:24.136+0000] {dag.py:4180} INFO - Setting next_dagrun for tutorial_taskflow_api to None, run_after=None
[2024-11-26T11:34:24.158+0000] {processor.py:208} INFO - Processing /home/airflow/.local/lib/python3.12/site-packages/airflow/example_dags/tutorial_taskflow_api.py took 0.070 seconds
[2024-11-26T11:39:48.816+0000] {processor.py:186} INFO - Started process (PID=519) to work on /home/airflow/.local/lib/python3.12/site-packages/airflow/example_dags/tutorial_taskflow_api.py
[2024-11-26T11:39:48.821+0000] {processor.py:914} INFO - Processing file /home/airflow/.local/lib/python3.12/site-packages/airflow/example_dags/tutorial_taskflow_api.py for tasks to queue
[2024-11-26T11:39:48.823+0000] {logging_mixin.py:190} INFO - [2024-11-26T11:39:48.823+0000] {dagbag.py:588} INFO - Filling up the DagBag from /home/airflow/.local/lib/python3.12/site-packages/airflow/example_dags/tutorial_taskflow_api.py
[2024-11-26T11:39:48.829+0000] {processor.py:925} INFO - DAG(s) 'tutorial_taskflow_api' retrieved from /home/airflow/.local/lib/python3.12/site-packages/airflow/example_dags/tutorial_taskflow_api.py
[2024-11-26T11:39:48.845+0000] {logging_mixin.py:190} INFO - [2024-11-26T11:39:48.844+0000] {dag.py:3239} INFO - Sync 1 DAGs
[2024-11-26T11:39:48.861+0000] {logging_mixin.py:190} INFO - [2024-11-26T11:39:48.861+0000] {dag.py:4180} INFO - Setting next_dagrun for tutorial_taskflow_api to None, run_after=None
[2024-11-26T11:39:48.880+0000] {processor.py:208} INFO - Processing /home/airflow/.local/lib/python3.12/site-packages/airflow/example_dags/tutorial_taskflow_api.py took 0.069 seconds
[2024-11-26T11:40:18.991+0000] {processor.py:186} INFO - Started process (PID=582) to work on /home/airflow/.local/lib/python3.12/site-packages/airflow/example_dags/tutorial_taskflow_api.py
[2024-11-26T11:40:18.992+0000] {processor.py:914} INFO - Processing file /home/airflow/.local/lib/python3.12/site-packages/airflow/example_dags/tutorial_taskflow_api.py for tasks to queue
[2024-11-26T11:40:18.994+0000] {logging_mixin.py:190} INFO - [2024-11-26T11:40:18.994+0000] {dagbag.py:588} INFO - Filling up the DagBag from /home/airflow/.local/lib/python3.12/site-packages/airflow/example_dags/tutorial_taskflow_api.py
[2024-11-26T11:40:19.001+0000] {processor.py:925} INFO - DAG(s) 'tutorial_taskflow_api' retrieved from /home/airflow/.local/lib/python3.12/site-packages/airflow/example_dags/tutorial_taskflow_api.py
[2024-11-26T11:40:19.019+0000] {logging_mixin.py:190} INFO - [2024-11-26T11:40:19.019+0000] {dag.py:3239} INFO - Sync 1 DAGs
[2024-11-26T11:40:19.033+0000] {logging_mixin.py:190} INFO - [2024-11-26T11:40:19.032+0000] {dag.py:4180} INFO - Setting next_dagrun for tutorial_taskflow_api to None, run_after=None
[2024-11-26T11:40:19.051+0000] {processor.py:208} INFO - Processing /home/airflow/.local/lib/python3.12/site-packages/airflow/example_dags/tutorial_taskflow_api.py took 0.065 seconds
