[2024-11-26T11:25:49.493+0000] {processor.py:186} INFO - Started process (PID=98) to work on /home/airflow/.local/lib/python3.12/site-packages/airflow/example_dags/tutorial.py
[2024-11-26T11:25:49.494+0000] {processor.py:914} INFO - Processing file /home/airflow/.local/lib/python3.12/site-packages/airflow/example_dags/tutorial.py for tasks to queue
[2024-11-26T11:25:49.496+0000] {logging_mixin.py:190} INFO - [2024-11-26T11:25:49.496+0000] {dagbag.py:588} INFO - Filling up the DagBag from /home/airflow/.local/lib/python3.12/site-packages/airflow/example_dags/tutorial.py
[2024-11-26T11:25:49.503+0000] {processor.py:925} INFO - DAG(s) 'tutorial' retrieved from /home/airflow/.local/lib/python3.12/site-packages/airflow/example_dags/tutorial.py
[2024-11-26T11:25:49.519+0000] {logging_mixin.py:190} INFO - [2024-11-26T11:25:49.519+0000] {dag.py:3239} INFO - Sync 1 DAGs
[2024-11-26T11:25:49.538+0000] {logging_mixin.py:190} INFO - [2024-11-26T11:25:49.538+0000] {dag.py:4180} INFO - Setting next_dagrun for tutorial to 2024-11-25 00:00:00+00:00, run_after=2024-11-26 00:00:00+00:00
[2024-11-26T11:25:49.555+0000] {processor.py:208} INFO - Processing /home/airflow/.local/lib/python3.12/site-packages/airflow/example_dags/tutorial.py took 0.066 seconds
[2024-11-26T11:26:20.406+0000] {processor.py:186} INFO - Started process (PID=161) to work on /home/airflow/.local/lib/python3.12/site-packages/airflow/example_dags/tutorial.py
[2024-11-26T11:26:20.407+0000] {processor.py:914} INFO - Processing file /home/airflow/.local/lib/python3.12/site-packages/airflow/example_dags/tutorial.py for tasks to queue
[2024-11-26T11:26:20.409+0000] {logging_mixin.py:190} INFO - [2024-11-26T11:26:20.409+0000] {dagbag.py:588} INFO - Filling up the DagBag from /home/airflow/.local/lib/python3.12/site-packages/airflow/example_dags/tutorial.py
[2024-11-26T11:26:20.417+0000] {processor.py:925} INFO - DAG(s) 'tutorial' retrieved from /home/airflow/.local/lib/python3.12/site-packages/airflow/example_dags/tutorial.py
[2024-11-26T11:26:20.435+0000] {logging_mixin.py:190} INFO - [2024-11-26T11:26:20.435+0000] {dag.py:3239} INFO - Sync 1 DAGs
[2024-11-26T11:26:20.456+0000] {logging_mixin.py:190} INFO - [2024-11-26T11:26:20.456+0000] {dag.py:4180} INFO - Setting next_dagrun for tutorial to 2024-11-25 00:00:00+00:00, run_after=2024-11-26 00:00:00+00:00
[2024-11-26T11:26:20.472+0000] {processor.py:208} INFO - Processing /home/airflow/.local/lib/python3.12/site-packages/airflow/example_dags/tutorial.py took 0.071 seconds
[2024-11-26T11:26:50.871+0000] {processor.py:186} INFO - Started process (PID=223) to work on /home/airflow/.local/lib/python3.12/site-packages/airflow/example_dags/tutorial.py
[2024-11-26T11:26:50.872+0000] {processor.py:914} INFO - Processing file /home/airflow/.local/lib/python3.12/site-packages/airflow/example_dags/tutorial.py for tasks to queue
[2024-11-26T11:26:50.877+0000] {logging_mixin.py:190} INFO - [2024-11-26T11:26:50.877+0000] {dagbag.py:588} INFO - Filling up the DagBag from /home/airflow/.local/lib/python3.12/site-packages/airflow/example_dags/tutorial.py
[2024-11-26T11:26:50.884+0000] {processor.py:925} INFO - DAG(s) 'tutorial' retrieved from /home/airflow/.local/lib/python3.12/site-packages/airflow/example_dags/tutorial.py
[2024-11-26T11:26:50.918+0000] {logging_mixin.py:190} INFO - [2024-11-26T11:26:50.917+0000] {dag.py:3239} INFO - Sync 1 DAGs
[2024-11-26T11:26:50.955+0000] {logging_mixin.py:190} INFO - [2024-11-26T11:26:50.955+0000] {dag.py:4180} INFO - Setting next_dagrun for tutorial to 2024-11-25 00:00:00+00:00, run_after=2024-11-26 00:00:00+00:00
[2024-11-26T11:26:50.985+0000] {processor.py:208} INFO - Processing /home/airflow/.local/lib/python3.12/site-packages/airflow/example_dags/tutorial.py took 0.120 seconds
[2024-11-26T11:27:21.327+0000] {processor.py:186} INFO - Started process (PID=285) to work on /home/airflow/.local/lib/python3.12/site-packages/airflow/example_dags/tutorial.py
[2024-11-26T11:27:21.328+0000] {processor.py:914} INFO - Processing file /home/airflow/.local/lib/python3.12/site-packages/airflow/example_dags/tutorial.py for tasks to queue
[2024-11-26T11:27:21.331+0000] {logging_mixin.py:190} INFO - [2024-11-26T11:27:21.331+0000] {dagbag.py:588} INFO - Filling up the DagBag from /home/airflow/.local/lib/python3.12/site-packages/airflow/example_dags/tutorial.py
[2024-11-26T11:27:21.338+0000] {processor.py:925} INFO - DAG(s) 'tutorial' retrieved from /home/airflow/.local/lib/python3.12/site-packages/airflow/example_dags/tutorial.py
[2024-11-26T11:27:21.361+0000] {logging_mixin.py:190} INFO - [2024-11-26T11:27:21.361+0000] {dag.py:3239} INFO - Sync 1 DAGs
[2024-11-26T11:27:21.381+0000] {logging_mixin.py:190} INFO - [2024-11-26T11:27:21.381+0000] {dag.py:4180} INFO - Setting next_dagrun for tutorial to 2024-11-25 00:00:00+00:00, run_after=2024-11-26 00:00:00+00:00
[2024-11-26T11:27:21.417+0000] {processor.py:208} INFO - Processing /home/airflow/.local/lib/python3.12/site-packages/airflow/example_dags/tutorial.py took 0.096 seconds
[2024-11-26T11:27:51.678+0000] {processor.py:186} INFO - Started process (PID=348) to work on /home/airflow/.local/lib/python3.12/site-packages/airflow/example_dags/tutorial.py
[2024-11-26T11:27:51.679+0000] {processor.py:914} INFO - Processing file /home/airflow/.local/lib/python3.12/site-packages/airflow/example_dags/tutorial.py for tasks to queue
[2024-11-26T11:27:51.682+0000] {logging_mixin.py:190} INFO - [2024-11-26T11:27:51.682+0000] {dagbag.py:588} INFO - Filling up the DagBag from /home/airflow/.local/lib/python3.12/site-packages/airflow/example_dags/tutorial.py
[2024-11-26T11:27:51.691+0000] {processor.py:925} INFO - DAG(s) 'tutorial' retrieved from /home/airflow/.local/lib/python3.12/site-packages/airflow/example_dags/tutorial.py
[2024-11-26T11:27:51.712+0000] {logging_mixin.py:190} INFO - [2024-11-26T11:27:51.712+0000] {dag.py:3239} INFO - Sync 1 DAGs
[2024-11-26T11:27:51.730+0000] {logging_mixin.py:190} INFO - [2024-11-26T11:27:51.730+0000] {dag.py:4180} INFO - Setting next_dagrun for tutorial to 2024-11-25 00:00:00+00:00, run_after=2024-11-26 00:00:00+00:00
[2024-11-26T11:27:51.745+0000] {processor.py:208} INFO - Processing /home/airflow/.local/lib/python3.12/site-packages/airflow/example_dags/tutorial.py took 0.072 seconds
[2024-11-26T11:28:21.905+0000] {processor.py:186} INFO - Started process (PID=411) to work on /home/airflow/.local/lib/python3.12/site-packages/airflow/example_dags/tutorial.py
[2024-11-26T11:28:21.906+0000] {processor.py:914} INFO - Processing file /home/airflow/.local/lib/python3.12/site-packages/airflow/example_dags/tutorial.py for tasks to queue
[2024-11-26T11:28:21.908+0000] {logging_mixin.py:190} INFO - [2024-11-26T11:28:21.908+0000] {dagbag.py:588} INFO - Filling up the DagBag from /home/airflow/.local/lib/python3.12/site-packages/airflow/example_dags/tutorial.py
[2024-11-26T11:28:21.917+0000] {processor.py:925} INFO - DAG(s) 'tutorial' retrieved from /home/airflow/.local/lib/python3.12/site-packages/airflow/example_dags/tutorial.py
[2024-11-26T11:28:21.936+0000] {logging_mixin.py:190} INFO - [2024-11-26T11:28:21.936+0000] {dag.py:3239} INFO - Sync 1 DAGs
[2024-11-26T11:28:21.957+0000] {logging_mixin.py:190} INFO - [2024-11-26T11:28:21.957+0000] {dag.py:4180} INFO - Setting next_dagrun for tutorial to 2024-11-25 00:00:00+00:00, run_after=2024-11-26 00:00:00+00:00
[2024-11-26T11:28:21.973+0000] {processor.py:208} INFO - Processing /home/airflow/.local/lib/python3.12/site-packages/airflow/example_dags/tutorial.py took 0.072 seconds
[2024-11-26T11:28:53.046+0000] {processor.py:186} INFO - Started process (PID=474) to work on /home/airflow/.local/lib/python3.12/site-packages/airflow/example_dags/tutorial.py
[2024-11-26T11:28:53.047+0000] {processor.py:914} INFO - Processing file /home/airflow/.local/lib/python3.12/site-packages/airflow/example_dags/tutorial.py for tasks to queue
[2024-11-26T11:28:53.049+0000] {logging_mixin.py:190} INFO - [2024-11-26T11:28:53.049+0000] {dagbag.py:588} INFO - Filling up the DagBag from /home/airflow/.local/lib/python3.12/site-packages/airflow/example_dags/tutorial.py
[2024-11-26T11:28:53.058+0000] {processor.py:925} INFO - DAG(s) 'tutorial' retrieved from /home/airflow/.local/lib/python3.12/site-packages/airflow/example_dags/tutorial.py
[2024-11-26T11:28:53.074+0000] {logging_mixin.py:190} INFO - [2024-11-26T11:28:53.074+0000] {dag.py:3239} INFO - Sync 1 DAGs
[2024-11-26T11:28:53.095+0000] {logging_mixin.py:190} INFO - [2024-11-26T11:28:53.095+0000] {dag.py:4180} INFO - Setting next_dagrun for tutorial to 2024-11-25 00:00:00+00:00, run_after=2024-11-26 00:00:00+00:00
[2024-11-26T11:28:53.117+0000] {processor.py:208} INFO - Processing /home/airflow/.local/lib/python3.12/site-packages/airflow/example_dags/tutorial.py took 0.076 seconds
[2024-11-26T11:31:22.218+0000] {processor.py:186} INFO - Started process (PID=98) to work on /home/airflow/.local/lib/python3.12/site-packages/airflow/example_dags/tutorial.py
[2024-11-26T11:31:22.223+0000] {processor.py:914} INFO - Processing file /home/airflow/.local/lib/python3.12/site-packages/airflow/example_dags/tutorial.py for tasks to queue
[2024-11-26T11:31:22.226+0000] {logging_mixin.py:190} INFO - [2024-11-26T11:31:22.226+0000] {dagbag.py:588} INFO - Filling up the DagBag from /home/airflow/.local/lib/python3.12/site-packages/airflow/example_dags/tutorial.py
[2024-11-26T11:31:22.236+0000] {processor.py:925} INFO - DAG(s) 'tutorial' retrieved from /home/airflow/.local/lib/python3.12/site-packages/airflow/example_dags/tutorial.py
[2024-11-26T11:31:22.257+0000] {logging_mixin.py:190} INFO - [2024-11-26T11:31:22.257+0000] {dag.py:3239} INFO - Sync 1 DAGs
[2024-11-26T11:31:22.289+0000] {logging_mixin.py:190} INFO - [2024-11-26T11:31:22.289+0000] {dag.py:4180} INFO - Setting next_dagrun for tutorial to 2024-11-25 00:00:00+00:00, run_after=2024-11-26 00:00:00+00:00
[2024-11-26T11:31:22.316+0000] {processor.py:208} INFO - Processing /home/airflow/.local/lib/python3.12/site-packages/airflow/example_dags/tutorial.py took 0.109 seconds
[2024-11-26T11:31:52.381+0000] {processor.py:186} INFO - Started process (PID=166) to work on /home/airflow/.local/lib/python3.12/site-packages/airflow/example_dags/tutorial.py
[2024-11-26T11:31:52.382+0000] {processor.py:914} INFO - Processing file /home/airflow/.local/lib/python3.12/site-packages/airflow/example_dags/tutorial.py for tasks to queue
[2024-11-26T11:31:52.384+0000] {logging_mixin.py:190} INFO - [2024-11-26T11:31:52.384+0000] {dagbag.py:588} INFO - Filling up the DagBag from /home/airflow/.local/lib/python3.12/site-packages/airflow/example_dags/tutorial.py
[2024-11-26T11:31:52.390+0000] {processor.py:925} INFO - DAG(s) 'tutorial' retrieved from /home/airflow/.local/lib/python3.12/site-packages/airflow/example_dags/tutorial.py
[2024-11-26T11:31:52.406+0000] {logging_mixin.py:190} INFO - [2024-11-26T11:31:52.406+0000] {dag.py:3239} INFO - Sync 1 DAGs
[2024-11-26T11:31:52.428+0000] {logging_mixin.py:190} INFO - [2024-11-26T11:31:52.428+0000] {dag.py:4180} INFO - Setting next_dagrun for tutorial to 2024-11-25 00:00:00+00:00, run_after=2024-11-26 00:00:00+00:00
[2024-11-26T11:31:52.446+0000] {processor.py:208} INFO - Processing /home/airflow/.local/lib/python3.12/site-packages/airflow/example_dags/tutorial.py took 0.069 seconds
[2024-11-26T11:32:23.109+0000] {processor.py:186} INFO - Started process (PID=229) to work on /home/airflow/.local/lib/python3.12/site-packages/airflow/example_dags/tutorial.py
[2024-11-26T11:32:23.110+0000] {processor.py:914} INFO - Processing file /home/airflow/.local/lib/python3.12/site-packages/airflow/example_dags/tutorial.py for tasks to queue
[2024-11-26T11:32:23.112+0000] {logging_mixin.py:190} INFO - [2024-11-26T11:32:23.112+0000] {dagbag.py:588} INFO - Filling up the DagBag from /home/airflow/.local/lib/python3.12/site-packages/airflow/example_dags/tutorial.py
[2024-11-26T11:32:23.119+0000] {processor.py:925} INFO - DAG(s) 'tutorial' retrieved from /home/airflow/.local/lib/python3.12/site-packages/airflow/example_dags/tutorial.py
[2024-11-26T11:32:23.137+0000] {logging_mixin.py:190} INFO - [2024-11-26T11:32:23.136+0000] {dag.py:3239} INFO - Sync 1 DAGs
[2024-11-26T11:32:23.163+0000] {logging_mixin.py:190} INFO - [2024-11-26T11:32:23.163+0000] {dag.py:4180} INFO - Setting next_dagrun for tutorial to 2024-11-25 00:00:00+00:00, run_after=2024-11-26 00:00:00+00:00
[2024-11-26T11:32:23.188+0000] {processor.py:208} INFO - Processing /home/airflow/.local/lib/python3.12/site-packages/airflow/example_dags/tutorial.py took 0.083 seconds
[2024-11-26T11:32:53.534+0000] {processor.py:186} INFO - Started process (PID=292) to work on /home/airflow/.local/lib/python3.12/site-packages/airflow/example_dags/tutorial.py
[2024-11-26T11:32:53.537+0000] {processor.py:914} INFO - Processing file /home/airflow/.local/lib/python3.12/site-packages/airflow/example_dags/tutorial.py for tasks to queue
[2024-11-26T11:32:53.542+0000] {logging_mixin.py:190} INFO - [2024-11-26T11:32:53.542+0000] {dagbag.py:588} INFO - Filling up the DagBag from /home/airflow/.local/lib/python3.12/site-packages/airflow/example_dags/tutorial.py
[2024-11-26T11:32:53.549+0000] {processor.py:925} INFO - DAG(s) 'tutorial' retrieved from /home/airflow/.local/lib/python3.12/site-packages/airflow/example_dags/tutorial.py
[2024-11-26T11:32:53.564+0000] {logging_mixin.py:190} INFO - [2024-11-26T11:32:53.564+0000] {dag.py:3239} INFO - Sync 1 DAGs
[2024-11-26T11:32:53.583+0000] {logging_mixin.py:190} INFO - [2024-11-26T11:32:53.583+0000] {dag.py:4180} INFO - Setting next_dagrun for tutorial to 2024-11-25 00:00:00+00:00, run_after=2024-11-26 00:00:00+00:00
[2024-11-26T11:32:53.598+0000] {processor.py:208} INFO - Processing /home/airflow/.local/lib/python3.12/site-packages/airflow/example_dags/tutorial.py took 0.068 seconds
[2024-11-26T11:33:24.154+0000] {processor.py:186} INFO - Started process (PID=355) to work on /home/airflow/.local/lib/python3.12/site-packages/airflow/example_dags/tutorial.py
[2024-11-26T11:33:24.155+0000] {processor.py:914} INFO - Processing file /home/airflow/.local/lib/python3.12/site-packages/airflow/example_dags/tutorial.py for tasks to queue
[2024-11-26T11:33:24.158+0000] {logging_mixin.py:190} INFO - [2024-11-26T11:33:24.158+0000] {dagbag.py:588} INFO - Filling up the DagBag from /home/airflow/.local/lib/python3.12/site-packages/airflow/example_dags/tutorial.py
[2024-11-26T11:33:24.164+0000] {processor.py:925} INFO - DAG(s) 'tutorial' retrieved from /home/airflow/.local/lib/python3.12/site-packages/airflow/example_dags/tutorial.py
[2024-11-26T11:33:24.181+0000] {logging_mixin.py:190} INFO - [2024-11-26T11:33:24.181+0000] {dag.py:3239} INFO - Sync 1 DAGs
[2024-11-26T11:33:24.198+0000] {logging_mixin.py:190} INFO - [2024-11-26T11:33:24.198+0000] {dag.py:4180} INFO - Setting next_dagrun for tutorial to 2024-11-25 00:00:00+00:00, run_after=2024-11-26 00:00:00+00:00
[2024-11-26T11:33:24.211+0000] {processor.py:208} INFO - Processing /home/airflow/.local/lib/python3.12/site-packages/airflow/example_dags/tutorial.py took 0.062 seconds
[2024-11-26T11:33:55.977+0000] {processor.py:186} INFO - Started process (PID=418) to work on /home/airflow/.local/lib/python3.12/site-packages/airflow/example_dags/tutorial.py
[2024-11-26T11:33:55.979+0000] {processor.py:914} INFO - Processing file /home/airflow/.local/lib/python3.12/site-packages/airflow/example_dags/tutorial.py for tasks to queue
[2024-11-26T11:33:55.981+0000] {logging_mixin.py:190} INFO - [2024-11-26T11:33:55.981+0000] {dagbag.py:588} INFO - Filling up the DagBag from /home/airflow/.local/lib/python3.12/site-packages/airflow/example_dags/tutorial.py
[2024-11-26T11:33:55.991+0000] {processor.py:925} INFO - DAG(s) 'tutorial' retrieved from /home/airflow/.local/lib/python3.12/site-packages/airflow/example_dags/tutorial.py
[2024-11-26T11:33:56.009+0000] {logging_mixin.py:190} INFO - [2024-11-26T11:33:56.009+0000] {dag.py:3239} INFO - Sync 1 DAGs
[2024-11-26T11:33:56.027+0000] {logging_mixin.py:190} INFO - [2024-11-26T11:33:56.027+0000] {dag.py:4180} INFO - Setting next_dagrun for tutorial to 2024-11-25 00:00:00+00:00, run_after=2024-11-26 00:00:00+00:00
[2024-11-26T11:33:56.049+0000] {processor.py:208} INFO - Processing /home/airflow/.local/lib/python3.12/site-packages/airflow/example_dags/tutorial.py took 0.078 seconds
[2024-11-26T11:34:26.479+0000] {processor.py:186} INFO - Started process (PID=481) to work on /home/airflow/.local/lib/python3.12/site-packages/airflow/example_dags/tutorial.py
[2024-11-26T11:34:26.480+0000] {processor.py:914} INFO - Processing file /home/airflow/.local/lib/python3.12/site-packages/airflow/example_dags/tutorial.py for tasks to queue
[2024-11-26T11:34:26.483+0000] {logging_mixin.py:190} INFO - [2024-11-26T11:34:26.482+0000] {dagbag.py:588} INFO - Filling up the DagBag from /home/airflow/.local/lib/python3.12/site-packages/airflow/example_dags/tutorial.py
[2024-11-26T11:34:26.489+0000] {processor.py:925} INFO - DAG(s) 'tutorial' retrieved from /home/airflow/.local/lib/python3.12/site-packages/airflow/example_dags/tutorial.py
[2024-11-26T11:34:26.505+0000] {logging_mixin.py:190} INFO - [2024-11-26T11:34:26.505+0000] {dag.py:3239} INFO - Sync 1 DAGs
[2024-11-26T11:34:26.526+0000] {logging_mixin.py:190} INFO - [2024-11-26T11:34:26.526+0000] {dag.py:4180} INFO - Setting next_dagrun for tutorial to 2024-11-25 00:00:00+00:00, run_after=2024-11-26 00:00:00+00:00
[2024-11-26T11:34:26.549+0000] {processor.py:208} INFO - Processing /home/airflow/.local/lib/python3.12/site-packages/airflow/example_dags/tutorial.py took 0.075 seconds
[2024-11-26T11:39:50.393+0000] {processor.py:186} INFO - Started process (PID=539) to work on /home/airflow/.local/lib/python3.12/site-packages/airflow/example_dags/tutorial.py
[2024-11-26T11:39:50.394+0000] {processor.py:914} INFO - Processing file /home/airflow/.local/lib/python3.12/site-packages/airflow/example_dags/tutorial.py for tasks to queue
[2024-11-26T11:39:50.396+0000] {logging_mixin.py:190} INFO - [2024-11-26T11:39:50.396+0000] {dagbag.py:588} INFO - Filling up the DagBag from /home/airflow/.local/lib/python3.12/site-packages/airflow/example_dags/tutorial.py
[2024-11-26T11:39:50.403+0000] {processor.py:925} INFO - DAG(s) 'tutorial' retrieved from /home/airflow/.local/lib/python3.12/site-packages/airflow/example_dags/tutorial.py
[2024-11-26T11:39:50.419+0000] {logging_mixin.py:190} INFO - [2024-11-26T11:39:50.419+0000] {dag.py:3239} INFO - Sync 1 DAGs
[2024-11-26T11:39:50.437+0000] {logging_mixin.py:190} INFO - [2024-11-26T11:39:50.436+0000] {dag.py:4180} INFO - Setting next_dagrun for tutorial to 2024-11-25 00:00:00+00:00, run_after=2024-11-26 00:00:00+00:00
[2024-11-26T11:39:50.450+0000] {processor.py:208} INFO - Processing /home/airflow/.local/lib/python3.12/site-packages/airflow/example_dags/tutorial.py took 0.063 seconds
[2024-11-26T11:40:20.715+0000] {processor.py:186} INFO - Started process (PID=602) to work on /home/airflow/.local/lib/python3.12/site-packages/airflow/example_dags/tutorial.py
[2024-11-26T11:40:20.718+0000] {processor.py:914} INFO - Processing file /home/airflow/.local/lib/python3.12/site-packages/airflow/example_dags/tutorial.py for tasks to queue
[2024-11-26T11:40:20.724+0000] {logging_mixin.py:190} INFO - [2024-11-26T11:40:20.723+0000] {dagbag.py:588} INFO - Filling up the DagBag from /home/airflow/.local/lib/python3.12/site-packages/airflow/example_dags/tutorial.py
[2024-11-26T11:40:20.732+0000] {processor.py:925} INFO - DAG(s) 'tutorial' retrieved from /home/airflow/.local/lib/python3.12/site-packages/airflow/example_dags/tutorial.py
[2024-11-26T11:40:20.753+0000] {logging_mixin.py:190} INFO - [2024-11-26T11:40:20.753+0000] {dag.py:3239} INFO - Sync 1 DAGs
[2024-11-26T11:40:20.772+0000] {logging_mixin.py:190} INFO - [2024-11-26T11:40:20.771+0000] {dag.py:4180} INFO - Setting next_dagrun for tutorial to 2024-11-25 00:00:00+00:00, run_after=2024-11-26 00:00:00+00:00
[2024-11-26T11:40:20.795+0000] {processor.py:208} INFO - Processing /home/airflow/.local/lib/python3.12/site-packages/airflow/example_dags/tutorial.py took 0.085 seconds
