[2024-11-26T11:25:48.384+0000] {processor.py:186} INFO - Started process (PID=87) to work on /home/airflow/.local/lib/python3.12/site-packages/airflow/example_dags/tutorial_objectstorage.py
[2024-11-26T11:25:48.386+0000] {processor.py:914} INFO - Processing file /home/airflow/.local/lib/python3.12/site-packages/airflow/example_dags/tutorial_objectstorage.py for tasks to queue
[2024-11-26T11:25:48.389+0000] {logging_mixin.py:190} INFO - [2024-11-26T11:25:48.389+0000] {dagbag.py:588} INFO - Filling up the DagBag from /home/airflow/.local/lib/python3.12/site-packages/airflow/example_dags/tutorial_objectstorage.py
[2024-11-26T11:25:48.399+0000] {processor.py:925} INFO - DAG(s) 'tutorial_objectstorage' retrieved from /home/airflow/.local/lib/python3.12/site-packages/airflow/example_dags/tutorial_objectstorage.py
[2024-11-26T11:25:48.416+0000] {logging_mixin.py:190} INFO - [2024-11-26T11:25:48.416+0000] {dag.py:3239} INFO - Sync 1 DAGs
[2024-11-26T11:25:48.428+0000] {logging_mixin.py:190} INFO - [2024-11-26T11:25:48.428+0000] {dag.py:4180} INFO - Setting next_dagrun for tutorial_objectstorage to None, run_after=None
[2024-11-26T11:25:48.449+0000] {processor.py:208} INFO - Processing /home/airflow/.local/lib/python3.12/site-packages/airflow/example_dags/tutorial_objectstorage.py took 0.070 seconds
[2024-11-26T11:26:18.738+0000] {processor.py:186} INFO - Started process (PID=150) to work on /home/airflow/.local/lib/python3.12/site-packages/airflow/example_dags/tutorial_objectstorage.py
[2024-11-26T11:26:18.739+0000] {processor.py:914} INFO - Processing file /home/airflow/.local/lib/python3.12/site-packages/airflow/example_dags/tutorial_objectstorage.py for tasks to queue
[2024-11-26T11:26:18.741+0000] {logging_mixin.py:190} INFO - [2024-11-26T11:26:18.740+0000] {dagbag.py:588} INFO - Filling up the DagBag from /home/airflow/.local/lib/python3.12/site-packages/airflow/example_dags/tutorial_objectstorage.py
[2024-11-26T11:26:18.752+0000] {processor.py:925} INFO - DAG(s) 'tutorial_objectstorage' retrieved from /home/airflow/.local/lib/python3.12/site-packages/airflow/example_dags/tutorial_objectstorage.py
[2024-11-26T11:26:18.767+0000] {logging_mixin.py:190} INFO - [2024-11-26T11:26:18.767+0000] {dag.py:3239} INFO - Sync 1 DAGs
[2024-11-26T11:26:18.778+0000] {logging_mixin.py:190} INFO - [2024-11-26T11:26:18.778+0000] {dag.py:4180} INFO - Setting next_dagrun for tutorial_objectstorage to None, run_after=None
[2024-11-26T11:26:18.798+0000] {processor.py:208} INFO - Processing /home/airflow/.local/lib/python3.12/site-packages/airflow/example_dags/tutorial_objectstorage.py took 0.065 seconds
[2024-11-26T11:26:49.210+0000] {processor.py:186} INFO - Started process (PID=213) to work on /home/airflow/.local/lib/python3.12/site-packages/airflow/example_dags/tutorial_objectstorage.py
[2024-11-26T11:26:49.211+0000] {processor.py:914} INFO - Processing file /home/airflow/.local/lib/python3.12/site-packages/airflow/example_dags/tutorial_objectstorage.py for tasks to queue
[2024-11-26T11:26:49.212+0000] {logging_mixin.py:190} INFO - [2024-11-26T11:26:49.212+0000] {dagbag.py:588} INFO - Filling up the DagBag from /home/airflow/.local/lib/python3.12/site-packages/airflow/example_dags/tutorial_objectstorage.py
[2024-11-26T11:26:49.222+0000] {processor.py:925} INFO - DAG(s) 'tutorial_objectstorage' retrieved from /home/airflow/.local/lib/python3.12/site-packages/airflow/example_dags/tutorial_objectstorage.py
[2024-11-26T11:26:49.251+0000] {logging_mixin.py:190} INFO - [2024-11-26T11:26:49.250+0000] {dag.py:3239} INFO - Sync 1 DAGs
[2024-11-26T11:26:49.266+0000] {logging_mixin.py:190} INFO - [2024-11-26T11:26:49.265+0000] {dag.py:4180} INFO - Setting next_dagrun for tutorial_objectstorage to None, run_after=None
[2024-11-26T11:26:49.286+0000] {processor.py:208} INFO - Processing /home/airflow/.local/lib/python3.12/site-packages/airflow/example_dags/tutorial_objectstorage.py took 0.080 seconds
[2024-11-26T11:27:19.640+0000] {processor.py:186} INFO - Started process (PID=275) to work on /home/airflow/.local/lib/python3.12/site-packages/airflow/example_dags/tutorial_objectstorage.py
[2024-11-26T11:27:19.641+0000] {processor.py:914} INFO - Processing file /home/airflow/.local/lib/python3.12/site-packages/airflow/example_dags/tutorial_objectstorage.py for tasks to queue
[2024-11-26T11:27:19.643+0000] {logging_mixin.py:190} INFO - [2024-11-26T11:27:19.643+0000] {dagbag.py:588} INFO - Filling up the DagBag from /home/airflow/.local/lib/python3.12/site-packages/airflow/example_dags/tutorial_objectstorage.py
[2024-11-26T11:27:19.657+0000] {processor.py:925} INFO - DAG(s) 'tutorial_objectstorage' retrieved from /home/airflow/.local/lib/python3.12/site-packages/airflow/example_dags/tutorial_objectstorage.py
[2024-11-26T11:27:19.682+0000] {logging_mixin.py:190} INFO - [2024-11-26T11:27:19.682+0000] {dag.py:3239} INFO - Sync 1 DAGs
[2024-11-26T11:27:19.695+0000] {logging_mixin.py:190} INFO - [2024-11-26T11:27:19.695+0000] {dag.py:4180} INFO - Setting next_dagrun for tutorial_objectstorage to None, run_after=None
[2024-11-26T11:27:19.710+0000] {processor.py:208} INFO - Processing /home/airflow/.local/lib/python3.12/site-packages/airflow/example_dags/tutorial_objectstorage.py took 0.075 seconds
[2024-11-26T11:27:50.127+0000] {processor.py:186} INFO - Started process (PID=338) to work on /home/airflow/.local/lib/python3.12/site-packages/airflow/example_dags/tutorial_objectstorage.py
[2024-11-26T11:27:50.129+0000] {processor.py:914} INFO - Processing file /home/airflow/.local/lib/python3.12/site-packages/airflow/example_dags/tutorial_objectstorage.py for tasks to queue
[2024-11-26T11:27:50.131+0000] {logging_mixin.py:190} INFO - [2024-11-26T11:27:50.130+0000] {dagbag.py:588} INFO - Filling up the DagBag from /home/airflow/.local/lib/python3.12/site-packages/airflow/example_dags/tutorial_objectstorage.py
[2024-11-26T11:27:50.140+0000] {processor.py:925} INFO - DAG(s) 'tutorial_objectstorage' retrieved from /home/airflow/.local/lib/python3.12/site-packages/airflow/example_dags/tutorial_objectstorage.py
[2024-11-26T11:27:50.157+0000] {logging_mixin.py:190} INFO - [2024-11-26T11:27:50.156+0000] {dag.py:3239} INFO - Sync 1 DAGs
[2024-11-26T11:27:50.169+0000] {logging_mixin.py:190} INFO - [2024-11-26T11:27:50.168+0000] {dag.py:4180} INFO - Setting next_dagrun for tutorial_objectstorage to None, run_after=None
[2024-11-26T11:27:50.183+0000] {processor.py:208} INFO - Processing /home/airflow/.local/lib/python3.12/site-packages/airflow/example_dags/tutorial_objectstorage.py took 0.060 seconds
[2024-11-26T11:28:21.192+0000] {processor.py:186} INFO - Started process (PID=401) to work on /home/airflow/.local/lib/python3.12/site-packages/airflow/example_dags/tutorial_objectstorage.py
[2024-11-26T11:28:21.194+0000] {processor.py:914} INFO - Processing file /home/airflow/.local/lib/python3.12/site-packages/airflow/example_dags/tutorial_objectstorage.py for tasks to queue
[2024-11-26T11:28:21.197+0000] {logging_mixin.py:190} INFO - [2024-11-26T11:28:21.197+0000] {dagbag.py:588} INFO - Filling up the DagBag from /home/airflow/.local/lib/python3.12/site-packages/airflow/example_dags/tutorial_objectstorage.py
[2024-11-26T11:28:21.209+0000] {processor.py:925} INFO - DAG(s) 'tutorial_objectstorage' retrieved from /home/airflow/.local/lib/python3.12/site-packages/airflow/example_dags/tutorial_objectstorage.py
[2024-11-26T11:28:21.226+0000] {logging_mixin.py:190} INFO - [2024-11-26T11:28:21.226+0000] {dag.py:3239} INFO - Sync 1 DAGs
[2024-11-26T11:28:21.244+0000] {logging_mixin.py:190} INFO - [2024-11-26T11:28:21.244+0000] {dag.py:4180} INFO - Setting next_dagrun for tutorial_objectstorage to None, run_after=None
[2024-11-26T11:28:21.277+0000] {processor.py:208} INFO - Processing /home/airflow/.local/lib/python3.12/site-packages/airflow/example_dags/tutorial_objectstorage.py took 0.091 seconds
[2024-11-26T11:28:51.356+0000] {processor.py:186} INFO - Started process (PID=464) to work on /home/airflow/.local/lib/python3.12/site-packages/airflow/example_dags/tutorial_objectstorage.py
[2024-11-26T11:28:51.357+0000] {processor.py:914} INFO - Processing file /home/airflow/.local/lib/python3.12/site-packages/airflow/example_dags/tutorial_objectstorage.py for tasks to queue
[2024-11-26T11:28:51.359+0000] {logging_mixin.py:190} INFO - [2024-11-26T11:28:51.358+0000] {dagbag.py:588} INFO - Filling up the DagBag from /home/airflow/.local/lib/python3.12/site-packages/airflow/example_dags/tutorial_objectstorage.py
[2024-11-26T11:28:51.367+0000] {processor.py:925} INFO - DAG(s) 'tutorial_objectstorage' retrieved from /home/airflow/.local/lib/python3.12/site-packages/airflow/example_dags/tutorial_objectstorage.py
[2024-11-26T11:28:51.381+0000] {logging_mixin.py:190} INFO - [2024-11-26T11:28:51.381+0000] {dag.py:3239} INFO - Sync 1 DAGs
[2024-11-26T11:28:51.392+0000] {logging_mixin.py:190} INFO - [2024-11-26T11:28:51.391+0000] {dag.py:4180} INFO - Setting next_dagrun for tutorial_objectstorage to None, run_after=None
[2024-11-26T11:28:51.404+0000] {processor.py:208} INFO - Processing /home/airflow/.local/lib/python3.12/site-packages/airflow/example_dags/tutorial_objectstorage.py took 0.053 seconds
[2024-11-26T11:31:21.191+0000] {processor.py:186} INFO - Started process (PID=87) to work on /home/airflow/.local/lib/python3.12/site-packages/airflow/example_dags/tutorial_objectstorage.py
[2024-11-26T11:31:21.192+0000] {processor.py:914} INFO - Processing file /home/airflow/.local/lib/python3.12/site-packages/airflow/example_dags/tutorial_objectstorage.py for tasks to queue
[2024-11-26T11:31:21.194+0000] {logging_mixin.py:190} INFO - [2024-11-26T11:31:21.194+0000] {dagbag.py:588} INFO - Filling up the DagBag from /home/airflow/.local/lib/python3.12/site-packages/airflow/example_dags/tutorial_objectstorage.py
[2024-11-26T11:31:21.201+0000] {processor.py:925} INFO - DAG(s) 'tutorial_objectstorage' retrieved from /home/airflow/.local/lib/python3.12/site-packages/airflow/example_dags/tutorial_objectstorage.py
[2024-11-26T11:31:21.215+0000] {logging_mixin.py:190} INFO - [2024-11-26T11:31:21.215+0000] {dag.py:3239} INFO - Sync 1 DAGs
[2024-11-26T11:31:21.228+0000] {logging_mixin.py:190} INFO - [2024-11-26T11:31:21.228+0000] {dag.py:4180} INFO - Setting next_dagrun for tutorial_objectstorage to None, run_after=None
[2024-11-26T11:31:21.243+0000] {processor.py:208} INFO - Processing /home/airflow/.local/lib/python3.12/site-packages/airflow/example_dags/tutorial_objectstorage.py took 0.056 seconds
[2024-11-26T11:31:51.774+0000] {processor.py:186} INFO - Started process (PID=150) to work on /home/airflow/.local/lib/python3.12/site-packages/airflow/example_dags/tutorial_objectstorage.py
[2024-11-26T11:31:51.775+0000] {processor.py:914} INFO - Processing file /home/airflow/.local/lib/python3.12/site-packages/airflow/example_dags/tutorial_objectstorage.py for tasks to queue
[2024-11-26T11:31:51.777+0000] {logging_mixin.py:190} INFO - [2024-11-26T11:31:51.777+0000] {dagbag.py:588} INFO - Filling up the DagBag from /home/airflow/.local/lib/python3.12/site-packages/airflow/example_dags/tutorial_objectstorage.py
[2024-11-26T11:31:51.784+0000] {processor.py:925} INFO - DAG(s) 'tutorial_objectstorage' retrieved from /home/airflow/.local/lib/python3.12/site-packages/airflow/example_dags/tutorial_objectstorage.py
[2024-11-26T11:31:51.799+0000] {logging_mixin.py:190} INFO - [2024-11-26T11:31:51.799+0000] {dag.py:3239} INFO - Sync 1 DAGs
[2024-11-26T11:31:51.819+0000] {logging_mixin.py:190} INFO - [2024-11-26T11:31:51.819+0000] {dag.py:4180} INFO - Setting next_dagrun for tutorial_objectstorage to None, run_after=None
[2024-11-26T11:31:51.868+0000] {processor.py:208} INFO - Processing /home/airflow/.local/lib/python3.12/site-packages/airflow/example_dags/tutorial_objectstorage.py took 0.097 seconds
[2024-11-26T11:32:22.397+0000] {processor.py:186} INFO - Started process (PID=219) to work on /home/airflow/.local/lib/python3.12/site-packages/airflow/example_dags/tutorial_objectstorage.py
[2024-11-26T11:32:22.398+0000] {processor.py:914} INFO - Processing file /home/airflow/.local/lib/python3.12/site-packages/airflow/example_dags/tutorial_objectstorage.py for tasks to queue
[2024-11-26T11:32:22.399+0000] {logging_mixin.py:190} INFO - [2024-11-26T11:32:22.399+0000] {dagbag.py:588} INFO - Filling up the DagBag from /home/airflow/.local/lib/python3.12/site-packages/airflow/example_dags/tutorial_objectstorage.py
[2024-11-26T11:32:22.406+0000] {processor.py:925} INFO - DAG(s) 'tutorial_objectstorage' retrieved from /home/airflow/.local/lib/python3.12/site-packages/airflow/example_dags/tutorial_objectstorage.py
[2024-11-26T11:32:22.422+0000] {logging_mixin.py:190} INFO - [2024-11-26T11:32:22.422+0000] {dag.py:3239} INFO - Sync 1 DAGs
[2024-11-26T11:32:22.434+0000] {logging_mixin.py:190} INFO - [2024-11-26T11:32:22.434+0000] {dag.py:4180} INFO - Setting next_dagrun for tutorial_objectstorage to None, run_after=None
[2024-11-26T11:32:22.447+0000] {processor.py:208} INFO - Processing /home/airflow/.local/lib/python3.12/site-packages/airflow/example_dags/tutorial_objectstorage.py took 0.055 seconds
[2024-11-26T11:32:53.049+0000] {processor.py:186} INFO - Started process (PID=282) to work on /home/airflow/.local/lib/python3.12/site-packages/airflow/example_dags/tutorial_objectstorage.py
[2024-11-26T11:32:53.050+0000] {processor.py:914} INFO - Processing file /home/airflow/.local/lib/python3.12/site-packages/airflow/example_dags/tutorial_objectstorage.py for tasks to queue
[2024-11-26T11:32:53.052+0000] {logging_mixin.py:190} INFO - [2024-11-26T11:32:53.051+0000] {dagbag.py:588} INFO - Filling up the DagBag from /home/airflow/.local/lib/python3.12/site-packages/airflow/example_dags/tutorial_objectstorage.py
[2024-11-26T11:32:53.059+0000] {processor.py:925} INFO - DAG(s) 'tutorial_objectstorage' retrieved from /home/airflow/.local/lib/python3.12/site-packages/airflow/example_dags/tutorial_objectstorage.py
[2024-11-26T11:32:53.075+0000] {logging_mixin.py:190} INFO - [2024-11-26T11:32:53.074+0000] {dag.py:3239} INFO - Sync 1 DAGs
[2024-11-26T11:32:53.086+0000] {logging_mixin.py:190} INFO - [2024-11-26T11:32:53.086+0000] {dag.py:4180} INFO - Setting next_dagrun for tutorial_objectstorage to None, run_after=None
[2024-11-26T11:32:53.099+0000] {processor.py:208} INFO - Processing /home/airflow/.local/lib/python3.12/site-packages/airflow/example_dags/tutorial_objectstorage.py took 0.055 seconds
[2024-11-26T11:33:23.382+0000] {processor.py:186} INFO - Started process (PID=345) to work on /home/airflow/.local/lib/python3.12/site-packages/airflow/example_dags/tutorial_objectstorage.py
[2024-11-26T11:33:23.384+0000] {processor.py:914} INFO - Processing file /home/airflow/.local/lib/python3.12/site-packages/airflow/example_dags/tutorial_objectstorage.py for tasks to queue
[2024-11-26T11:33:23.386+0000] {logging_mixin.py:190} INFO - [2024-11-26T11:33:23.386+0000] {dagbag.py:588} INFO - Filling up the DagBag from /home/airflow/.local/lib/python3.12/site-packages/airflow/example_dags/tutorial_objectstorage.py
[2024-11-26T11:33:23.394+0000] {processor.py:925} INFO - DAG(s) 'tutorial_objectstorage' retrieved from /home/airflow/.local/lib/python3.12/site-packages/airflow/example_dags/tutorial_objectstorage.py
[2024-11-26T11:33:23.411+0000] {logging_mixin.py:190} INFO - [2024-11-26T11:33:23.411+0000] {dag.py:3239} INFO - Sync 1 DAGs
[2024-11-26T11:33:23.424+0000] {logging_mixin.py:190} INFO - [2024-11-26T11:33:23.424+0000] {dag.py:4180} INFO - Setting next_dagrun for tutorial_objectstorage to None, run_after=None
[2024-11-26T11:33:23.461+0000] {processor.py:208} INFO - Processing /home/airflow/.local/lib/python3.12/site-packages/airflow/example_dags/tutorial_objectstorage.py took 0.083 seconds
[2024-11-26T11:33:54.934+0000] {processor.py:186} INFO - Started process (PID=408) to work on /home/airflow/.local/lib/python3.12/site-packages/airflow/example_dags/tutorial_objectstorage.py
[2024-11-26T11:33:54.936+0000] {processor.py:914} INFO - Processing file /home/airflow/.local/lib/python3.12/site-packages/airflow/example_dags/tutorial_objectstorage.py for tasks to queue
[2024-11-26T11:33:54.942+0000] {logging_mixin.py:190} INFO - [2024-11-26T11:33:54.942+0000] {dagbag.py:588} INFO - Filling up the DagBag from /home/airflow/.local/lib/python3.12/site-packages/airflow/example_dags/tutorial_objectstorage.py
[2024-11-26T11:33:54.974+0000] {processor.py:925} INFO - DAG(s) 'tutorial_objectstorage' retrieved from /home/airflow/.local/lib/python3.12/site-packages/airflow/example_dags/tutorial_objectstorage.py
[2024-11-26T11:33:54.994+0000] {logging_mixin.py:190} INFO - [2024-11-26T11:33:54.994+0000] {dag.py:3239} INFO - Sync 1 DAGs
[2024-11-26T11:33:55.007+0000] {logging_mixin.py:190} INFO - [2024-11-26T11:33:55.007+0000] {dag.py:4180} INFO - Setting next_dagrun for tutorial_objectstorage to None, run_after=None
[2024-11-26T11:33:55.022+0000] {processor.py:208} INFO - Processing /home/airflow/.local/lib/python3.12/site-packages/airflow/example_dags/tutorial_objectstorage.py took 0.093 seconds
[2024-11-26T11:34:25.728+0000] {processor.py:186} INFO - Started process (PID=471) to work on /home/airflow/.local/lib/python3.12/site-packages/airflow/example_dags/tutorial_objectstorage.py
[2024-11-26T11:34:25.729+0000] {processor.py:914} INFO - Processing file /home/airflow/.local/lib/python3.12/site-packages/airflow/example_dags/tutorial_objectstorage.py for tasks to queue
[2024-11-26T11:34:25.730+0000] {logging_mixin.py:190} INFO - [2024-11-26T11:34:25.730+0000] {dagbag.py:588} INFO - Filling up the DagBag from /home/airflow/.local/lib/python3.12/site-packages/airflow/example_dags/tutorial_objectstorage.py
[2024-11-26T11:34:25.737+0000] {processor.py:925} INFO - DAG(s) 'tutorial_objectstorage' retrieved from /home/airflow/.local/lib/python3.12/site-packages/airflow/example_dags/tutorial_objectstorage.py
[2024-11-26T11:34:25.751+0000] {logging_mixin.py:190} INFO - [2024-11-26T11:34:25.751+0000] {dag.py:3239} INFO - Sync 1 DAGs
[2024-11-26T11:34:25.765+0000] {logging_mixin.py:190} INFO - [2024-11-26T11:34:25.764+0000] {dag.py:4180} INFO - Setting next_dagrun for tutorial_objectstorage to None, run_after=None
[2024-11-26T11:34:25.781+0000] {processor.py:208} INFO - Processing /home/airflow/.local/lib/python3.12/site-packages/airflow/example_dags/tutorial_objectstorage.py took 0.058 seconds
[2024-11-26T11:39:49.445+0000] {processor.py:186} INFO - Started process (PID=528) to work on /home/airflow/.local/lib/python3.12/site-packages/airflow/example_dags/tutorial_objectstorage.py
[2024-11-26T11:39:49.446+0000] {processor.py:914} INFO - Processing file /home/airflow/.local/lib/python3.12/site-packages/airflow/example_dags/tutorial_objectstorage.py for tasks to queue
[2024-11-26T11:39:49.447+0000] {logging_mixin.py:190} INFO - [2024-11-26T11:39:49.447+0000] {dagbag.py:588} INFO - Filling up the DagBag from /home/airflow/.local/lib/python3.12/site-packages/airflow/example_dags/tutorial_objectstorage.py
[2024-11-26T11:39:49.455+0000] {processor.py:925} INFO - DAG(s) 'tutorial_objectstorage' retrieved from /home/airflow/.local/lib/python3.12/site-packages/airflow/example_dags/tutorial_objectstorage.py
[2024-11-26T11:39:49.470+0000] {logging_mixin.py:190} INFO - [2024-11-26T11:39:49.470+0000] {dag.py:3239} INFO - Sync 1 DAGs
[2024-11-26T11:39:49.486+0000] {logging_mixin.py:190} INFO - [2024-11-26T11:39:49.486+0000] {dag.py:4180} INFO - Setting next_dagrun for tutorial_objectstorage to None, run_after=None
[2024-11-26T11:39:49.501+0000] {processor.py:208} INFO - Processing /home/airflow/.local/lib/python3.12/site-packages/airflow/example_dags/tutorial_objectstorage.py took 0.062 seconds
[2024-11-26T11:40:19.574+0000] {processor.py:186} INFO - Started process (PID=591) to work on /home/airflow/.local/lib/python3.12/site-packages/airflow/example_dags/tutorial_objectstorage.py
[2024-11-26T11:40:19.576+0000] {processor.py:914} INFO - Processing file /home/airflow/.local/lib/python3.12/site-packages/airflow/example_dags/tutorial_objectstorage.py for tasks to queue
[2024-11-26T11:40:19.579+0000] {logging_mixin.py:190} INFO - [2024-11-26T11:40:19.579+0000] {dagbag.py:588} INFO - Filling up the DagBag from /home/airflow/.local/lib/python3.12/site-packages/airflow/example_dags/tutorial_objectstorage.py
[2024-11-26T11:40:19.586+0000] {processor.py:925} INFO - DAG(s) 'tutorial_objectstorage' retrieved from /home/airflow/.local/lib/python3.12/site-packages/airflow/example_dags/tutorial_objectstorage.py
[2024-11-26T11:40:19.610+0000] {logging_mixin.py:190} INFO - [2024-11-26T11:40:19.609+0000] {dag.py:3239} INFO - Sync 1 DAGs
[2024-11-26T11:40:19.628+0000] {logging_mixin.py:190} INFO - [2024-11-26T11:40:19.628+0000] {dag.py:4180} INFO - Setting next_dagrun for tutorial_objectstorage to None, run_after=None
[2024-11-26T11:40:19.679+0000] {processor.py:208} INFO - Processing /home/airflow/.local/lib/python3.12/site-packages/airflow/example_dags/tutorial_objectstorage.py took 0.110 seconds
