[2024-12-04T11:33:09.387+0000] {local_task_job_runner.py:123} INFO - ::group::Pre task execution logs
[2024-12-04T11:33:09.403+0000] {taskinstance.py:2613} INFO - Dependencies all met for dep_context=non-requeueable deps ti=<TaskInstance: fetch_and_store_amazon_books.fetch_book_data manual__2024-12-04T11:33:06.732748+00:00 [queued]>
[2024-12-04T11:33:09.413+0000] {taskinstance.py:2613} INFO - Dependencies all met for dep_context=requeueable deps ti=<TaskInstance: fetch_and_store_amazon_books.fetch_book_data manual__2024-12-04T11:33:06.732748+00:00 [queued]>
[2024-12-04T11:33:09.415+0000] {taskinstance.py:2866} INFO - Starting attempt 1 of 2
[2024-12-04T11:33:09.431+0000] {taskinstance.py:2889} INFO - Executing <Task(PythonOperator): fetch_book_data> on 2024-12-04 11:33:06.732748+00:00
[2024-12-04T11:33:09.439+0000] {warnings.py:112} WARNING - /home/***/.local/lib/python3.12/site-packages/***/task/task_runner/standard_task_runner.py:70: DeprecationWarning: This process (pid=130) is multi-threaded, use of fork() may lead to deadlocks in the child.
  pid = os.fork()

[2024-12-04T11:33:09.441+0000] {standard_task_runner.py:72} INFO - Started process 132 to run task
[2024-12-04T11:33:09.441+0000] {standard_task_runner.py:104} INFO - Running: ['***', 'tasks', 'run', 'fetch_and_store_amazon_books', 'fetch_book_data', 'manual__2024-12-04T11:33:06.732748+00:00', '--job-id', '52', '--raw', '--subdir', 'DAGS_FOLDER/dag.py', '--cfg-path', '/tmp/tmpn0equ36v']
[2024-12-04T11:33:09.442+0000] {standard_task_runner.py:105} INFO - Job 52: Subtask fetch_book_data
[2024-12-04T11:33:09.484+0000] {task_command.py:467} INFO - Running <TaskInstance: fetch_and_store_amazon_books.fetch_book_data manual__2024-12-04T11:33:06.732748+00:00 [running]> on host 83967b2f303f
[2024-12-04T11:33:09.555+0000] {taskinstance.py:3132} INFO - Exporting env vars: AIRFLOW_CTX_DAG_OWNER='***' AIRFLOW_CTX_DAG_ID='fetch_and_store_amazon_books' AIRFLOW_CTX_TASK_ID='fetch_book_data' AIRFLOW_CTX_EXECUTION_DATE='2024-12-04T11:33:06.732748+00:00' AIRFLOW_CTX_TRY_NUMBER='1' AIRFLOW_CTX_DAG_RUN_ID='manual__2024-12-04T11:33:06.732748+00:00'
[2024-12-04T11:33:09.556+0000] {logging_mixin.py:190} INFO - Task instance is in running state
[2024-12-04T11:33:09.557+0000] {logging_mixin.py:190} INFO -  Previous state of the Task instance: queued
[2024-12-04T11:33:09.557+0000] {logging_mixin.py:190} INFO - Current task name:fetch_book_data state:running start_date:2024-12-04 11:33:09.403886+00:00
[2024-12-04T11:33:09.557+0000] {logging_mixin.py:190} INFO - Dag name:fetch_and_store_amazon_books and current dag run status:running
[2024-12-04T11:33:09.557+0000] {taskinstance.py:731} INFO - ::endgroup::
[2024-12-04T11:33:19.550+0000] {python.py:240} INFO - Done. Returned value was: None
[2024-12-04T11:33:19.561+0000] {taskinstance.py:340} INFO - ::group::Post task execution logs
[2024-12-04T11:33:19.562+0000] {taskinstance.py:352} INFO - Marking task as SUCCESS. dag_id=fetch_and_store_amazon_books, task_id=fetch_book_data, run_id=manual__2024-12-04T11:33:06.732748+00:00, execution_date=20241204T113306, start_date=20241204T113309, end_date=20241204T113319
[2024-12-04T11:33:19.575+0000] {logging_mixin.py:190} INFO - Task instance in success state
[2024-12-04T11:33:19.576+0000] {logging_mixin.py:190} INFO -  Previous state of the Task instance: running
[2024-12-04T11:33:19.576+0000] {logging_mixin.py:190} INFO - Dag name:fetch_and_store_amazon_books queued_at:2024-12-04 11:33:06.744717+00:00
[2024-12-04T11:33:19.577+0000] {logging_mixin.py:190} INFO - Task hostname:83967b2f303f operator:PythonOperator
[2024-12-04T11:33:19.634+0000] {local_task_job_runner.py:266} INFO - Task exited with return code 0
[2024-12-04T11:33:19.659+0000] {taskinstance.py:3895} INFO - 1 downstream tasks scheduled from follow-on schedule check
[2024-12-04T11:33:19.661+0000] {local_task_job_runner.py:245} INFO - ::endgroup::
